<?xml version="1.0" encoding="UTF-8"?>
<testsuites name="Smoke_TF_Customer" time="175" tests="10" failures="1" errors="0">
   <testsuite name="Smoke_TF_Customer" tests="10" failures="1" errors="0" time="175" timestamp="2018-11-12 12:00:47" hostname="Junaid.Tariq - Junaid.instepinc.com" id="Test Suites/Smoke_TF_Customer">
      <properties>
         <property name="deviceName" value=""/>
         <property name="devicePlatform" value=""/>
         <property name="logFolder" value="D:\\Katalon\\Projects\\Trade_Funds\\TF_Regression\\Reports\\Smoke_TF_Customer\\20181112_120046"/>
         <property name="logFiles" value="D:\\Katalon\\Projects\\Trade_Funds\\TF_Regression\\Reports\\Smoke_TF_Customer\\20181112_120046\\execution0.log"/>
         <property name="attachments" value="D:\\Katalon\\Projects\\Trade_Funds\\TF_Regression\\Reports\\Smoke_TF_Customer\\20181112_120046\\1542006110896.png"/>
         <property name="hostName" value="Junaid.Tariq - Junaid.instepinc.com"/>
         <property name="os" value="Windows 7 64bit"/>
         <property name="katalonVersion" value="5.8.6.1"/>
         <property name="browser" value="Chrome 70.0.3538.77"/>
         <property name="hostAddress" value="200.199.80.62"/>
         <property name="sessionId" value="90d7281174ae8ae2f45941023636b589"/>
         <property name="seleniumVersion" value="3.7.1"/>
         <property name="proxyInformation" value="ProxyInformation{proxyOption=NO_PROXY, proxyServerType=HTTP, password=, proxyServerAddress=, proxyServerPort=0}"/>
         <property name="platform" value="Windows 7"/>
      </properties>
      <testcase name="Test Cases/General_Login_Logout/Login" classname="Test Cases/General_Login_Logout/Login" status="PASSED">
         <system-out><![CDATA[2018-11-12 12:00:47 - [TEST_CASE][PASSED] - Test Cases/General_Login_Logout/Login: Test Cases/General_Login_Logout/Login

2018-11-12 12:00:47 - [TEST_STEP][PASSED] - tradeFunds.TF_Regression.LoginTFCustomer: tradeFunds.TF_Regression.LoginTFCustomer is PASSED

2018-11-12 12:00:50 - [MESSAGE][PASSED] - Browser is opened with url: ''

2018-11-12 12:00:50 - [MESSAGE][PASSED] - Wait for page load successfully

2018-11-12 12:00:51 - [MESSAGE][PASSED] - Current window maximized

2018-11-12 12:00:59 - [MESSAGE][PASSED] - Navigate to 'https://52.6.78.242:7008/e360/com.informatica.tools.mdm.web.auth/login' successfully

2018-11-12 12:00:59 - [MESSAGE][PASSED] - Text 'junaid_sm' is set on object 'Object Repository/Page_ Login/Txt_Username'

2018-11-12 12:01:00 - [MESSAGE][PASSED] - Text 'str0ng_2' is set on object 'Object Repository/Page_ Login/Txt_Password'

2018-11-12 12:01:00 - [MESSAGE][PASSED] - Object: 'Object Repository/Page_ Login/Btn_Login' is clicked on

2018-11-12 12:01:00 - [MESSAGE][PASSED] - Wait for page load successfully

2018-11-12 12:01:07 - [MESSAGE][PASSED] - Object: 'Object Repository/Page_ Login/Project_Selection/div_Trade Funds Customer' is clicked on

2018-11-12 12:01:08 - [MESSAGE][PASSED] - Delayed 1 second(s)

2018-11-12 12:01:08 - [MESSAGE][PASSED] - tradeFunds.TF_Regression.LoginTFCustomer is PASSED]]></system-out>
         <system-err><![CDATA[]]></system-err>
      </testcase>
      <testcase name="Test Cases/Regression_TF_Customer/TC_1_Create_Banner" classname="Test Cases/Regression_TF_Customer/TC_1_Create_Banner" status="FAILED">
         <failure type="FAILED" message="(Stack trace: com.kms.katalon.core.exception.StepFailedException: Unable to click on object 'Object Repository/TF_Customer_Create/Click_Save_Button/btn_Save' (Root cause: org.openqa.selenium.WebDriverException: unknown error: Element &lt;td class=&quot;middle&quot;>...&lt;/td> is not clickable at point (1497, 52). Other element would receive the click: &lt;div class=&quot;blockUI blockOverlay&quot; style=&quot;z-index: 1000; border: none; margin: 0px; padding: 0px; width: 100%; height: 100%; top: 0px; left: 0px; background-color: transparent; opacity: 0.561749; cursor: default; position: fixed;&quot;>&lt;/div>
  (Session info: chrome=70.0.3538.77)
  (Driver info: chromedriver=2.43.600210 (68dcf5eebde37173d4027fa8635e332711d2874a),platform=Windows NT 6.1.7601 SP1 x86_64) (WARNING: The server did not provide any stacktrace information)
Command duration or timeout: 0 milliseconds
Build info: version: '3.7.1', revision: '8a0099a', time: '2017-11-06T21:07:36.161Z'
System info: host: 'JUNAID', ip: '200.199.80.62', os.name: 'Windows 7', os.arch: 'amd64', os.version: '6.1', java.version: '1.8.0_181'
Driver info: com.kms.katalon.selenium.driver.CChromeDriver
Capabilities {acceptInsecureCerts: false, acceptSslCerts: false, applicationCacheEnabled: false, browserConnectionEnabled: false, browserName: chrome, chrome: {chromedriverVersion: 2.43.600210 (68dcf5eebde371..., userDataDir: C:\Users\JUNAID~1.TAR\AppDa...}, cssSelectorsEnabled: true, databaseEnabled: false, goog:chromeOptions: {debuggerAddress: localhost:61749}, handlesAlerts: true, hasTouchScreen: false, javascriptEnabled: true, locationContextEnabled: true, mobileEmulationEnabled: false, nativeEvents: true, networkConnectionEnabled: false, pageLoadStrategy: normal, platform: XP, platformName: XP, rotatable: false, setWindowRect: true, takesHeapSnapshot: true, takesScreenshot: true, unexpectedAlertBehaviour: , unhandledPromptBehavior: , version: 70.0.3538.77, webStorageEnabled: true}
Session ID: 90d7281174ae8ae2f45941023636b589)
	at com.kms.katalon.core.keyword.internal.KeywordMain.stepFailed(KeywordMain.groovy:36)
	at com.kms.katalon.core.webui.keyword.internal.WebUIKeywordMain.stepFailed(WebUIKeywordMain.groovy:65)
	at com.kms.katalon.core.webui.keyword.internal.WebUIKeywordMain.runKeyword(WebUIKeywordMain.groovy:27)
	at com.kms.katalon.core.webui.keyword.builtin.ClickKeyword.click(ClickKeyword.groovy:86)
	at com.kms.katalon.core.webui.keyword.builtin.ClickKeyword.execute(ClickKeyword.groovy:67)
	at com.kms.katalon.core.keyword.internal.KeywordExecutor.executeKeywordForPlatform(KeywordExecutor.groovy:53)
	at com.kms.katalon.core.webui.keyword.WebUiBuiltInKeywords.click(WebUiBuiltInKeywords.groovy:616)
	at com.kms.katalon.core.webui.keyword.WebUiBuiltInKeywords$click$4.call(Unknown Source)
	at org.codehaus.groovy.runtime.callsite.CallSiteArray.defaultCall(CallSiteArray.java:48)
	at org.codehaus.groovy.runtime.callsite.AbstractCallSite.call(AbstractCallSite.java:113)
	at org.codehaus.groovy.runtime.callsite.AbstractCallSite.call(AbstractCallSite.java:125)
	at Script1540912045214.run(Script1540912045214.groovy:60)
	at com.kms.katalon.core.main.ScriptEngine.run(ScriptEngine.java:183)
	at com.kms.katalon.core.main.ScriptEngine.runScriptAsRawText(ScriptEngine.java:108)
	at com.kms.katalon.core.main.TestCaseExecutor.runScript(TestCaseExecutor.java:294)
	at com.kms.katalon.core.main.TestCaseExecutor.doExecute(TestCaseExecutor.java:285)
	at com.kms.katalon.core.main.TestCaseExecutor.processExecutionPhase(TestCaseExecutor.java:264)
	at com.kms.katalon.core.main.TestCaseExecutor.accessMainPhase(TestCaseExecutor.java:256)
	at com.kms.katalon.core.main.TestCaseExecutor.execute(TestCaseExecutor.java:200)
	at com.kms.katalon.core.main.TestSuiteExecutor.accessTestCaseMainPhase(TestSuiteExecutor.java:129)
	at com.kms.katalon.core.main.TestSuiteExecutor.accessTestSuiteMainPhase(TestSuiteExecutor.java:112)
	at com.kms.katalon.core.main.TestSuiteExecutor.execute(TestSuiteExecutor.java:81)
	at com.kms.katalon.core.main.TestCaseMain.startTestSuite(TestCaseMain.java:142)
	at com.kms.katalon.core.main.TestCaseMain$startTestSuite$0.call(Unknown Source)
	at org.codehaus.groovy.runtime.callsite.CallSiteArray.defaultCall(CallSiteArray.java:48)
	at org.codehaus.groovy.runtime.callsite.AbstractCallSite.call(AbstractCallSite.java:113)
	at org.codehaus.groovy.runtime.callsite.AbstractCallSite.call(AbstractCallSite.java:141)
	at TempTestSuite1542006046199.run(TempTestSuite1542006046199.groovy:36)
	at groovy.lang.GroovyShell.runScriptOrMainOrTestOrRunnable(GroovyShell.java:263)
	at groovy.lang.GroovyShell.run(GroovyShell.java:518)
	at groovy.lang.GroovyShell.run(GroovyShell.java:507)
	at groovy.ui.GroovyMain.processOnce(GroovyMain.java:653)
	at groovy.ui.GroovyMain.run(GroovyMain.java:384)
	at groovy.ui.GroovyMain.process(GroovyMain.java:370)
	at groovy.ui.GroovyMain.processArgs(GroovyMain.java:129)
	at groovy.ui.GroovyMain.main(GroovyMain.java:109)
	at sun.reflect.NativeMethodAccessorImpl.invoke0(Native Method)
	at sun.reflect.NativeMethodAccessorImpl.invoke(NativeMethodAccessorImpl.java:62)
	at sun.reflect.DelegatingMethodAccessorImpl.invoke(DelegatingMethodAccessorImpl.java:43)
	at java.lang.reflect.Method.invoke(Method.java:498)
	at org.codehaus.groovy.tools.GroovyStarter.rootLoader(GroovyStarter.java:109)
	at org.codehaus.groovy.tools.GroovyStarter.main(GroovyStarter.java:131)
)"/>
         <system-out><![CDATA[2018-11-12 12:01:08 - [TEST_CASE][FAILED] - Test Cases/Regression_TF_Customer/TC_1_Create_Banner: Test Cases/Regression_TF_Customer/TC_1_Create_Banner FAILED because (of) (Stack trace: com.kms.katalon.core.exception.StepFailedException: Unable to click on object 'Object Repository/TF_Customer_Create/Click_Save_Button/btn_Save' (Root cause: org.openqa.selenium.WebDriverException: unknown error: Element <td class="middle">...</td> is not clickable at point (1497, 52). Other element would receive the click: <div class="blockUI blockOverlay" style="z-index: 1000; border: none; margin: 0px; padding: 0px; width: 100%; height: 100%; top: 0px; left: 0px; background-color: transparent; opacity: 0.561749; cursor: default; position: fixed;"></div>
  (Session info: chrome=70.0.3538.77)
  (Driver info: chromedriver=2.43.600210 (68dcf5eebde37173d4027fa8635e332711d2874a),platform=Windows NT 6.1.7601 SP1 x86_64) (WARNING: The server did not provide any stacktrace information)
Command duration or timeout: 0 milliseconds
Build info: version: '3.7.1', revision: '8a0099a', time: '2017-11-06T21:07:36.161Z'
System info: host: 'JUNAID', ip: '200.199.80.62', os.name: 'Windows 7', os.arch: 'amd64', os.version: '6.1', java.version: '1.8.0_181'
Driver info: com.kms.katalon.selenium.driver.CChromeDriver
Capabilities {acceptInsecureCerts: false, acceptSslCerts: false, applicationCacheEnabled: false, browserConnectionEnabled: false, browserName: chrome, chrome: {chromedriverVersion: 2.43.600210 (68dcf5eebde371..., userDataDir: C:\Users\JUNAID~1.TAR\AppDa...}, cssSelectorsEnabled: true, databaseEnabled: false, goog:chromeOptions: {debuggerAddress: localhost:61749}, handlesAlerts: true, hasTouchScreen: false, javascriptEnabled: true, locationContextEnabled: true, mobileEmulationEnabled: false, nativeEvents: true, networkConnectionEnabled: false, pageLoadStrategy: normal, platform: XP, platformName: XP, rotatable: false, setWindowRect: true, takesHeapSnapshot: true, takesScreenshot: true, unexpectedAlertBehaviour: , unhandledPromptBehavior: , version: 70.0.3538.77, webStorageEnabled: true}
Session ID: 90d7281174ae8ae2f45941023636b589)
	at com.kms.katalon.core.keyword.internal.KeywordMain.stepFailed(KeywordMain.groovy:36)
	at com.kms.katalon.core.webui.keyword.internal.WebUIKeywordMain.stepFailed(WebUIKeywordMain.groovy:65)
	at com.kms.katalon.core.webui.keyword.internal.WebUIKeywordMain.runKeyword(WebUIKeywordMain.groovy:27)
	at com.kms.katalon.core.webui.keyword.builtin.ClickKeyword.click(ClickKeyword.groovy:86)
	at com.kms.katalon.core.webui.keyword.builtin.ClickKeyword.execute(ClickKeyword.groovy:67)
	at com.kms.katalon.core.keyword.internal.KeywordExecutor.executeKeywordForPlatform(KeywordExecutor.groovy:53)
	at com.kms.katalon.core.webui.keyword.WebUiBuiltInKeywords.click(WebUiBuiltInKeywords.groovy:616)
	at com.kms.katalon.core.webui.keyword.WebUiBuiltInKeywords$click$4.call(Unknown Source)
	at org.codehaus.groovy.runtime.callsite.CallSiteArray.defaultCall(CallSiteArray.java:48)
	at org.codehaus.groovy.runtime.callsite.AbstractCallSite.call(AbstractCallSite.java:113)
	at org.codehaus.groovy.runtime.callsite.AbstractCallSite.call(AbstractCallSite.java:125)
	at Script1540912045214.run(Script1540912045214.groovy:60)
	at com.kms.katalon.core.main.ScriptEngine.run(ScriptEngine.java:183)
	at com.kms.katalon.core.main.ScriptEngine.runScriptAsRawText(ScriptEngine.java:108)
	at com.kms.katalon.core.main.TestCaseExecutor.runScript(TestCaseExecutor.java:294)
	at com.kms.katalon.core.main.TestCaseExecutor.doExecute(TestCaseExecutor.java:285)
	at com.kms.katalon.core.main.TestCaseExecutor.processExecutionPhase(TestCaseExecutor.java:264)
	at com.kms.katalon.core.main.TestCaseExecutor.accessMainPhase(TestCaseExecutor.java:256)
	at com.kms.katalon.core.main.TestCaseExecutor.execute(TestCaseExecutor.java:200)
	at com.kms.katalon.core.main.TestSuiteExecutor.accessTestCaseMainPhase(TestSuiteExecutor.java:129)
	at com.kms.katalon.core.main.TestSuiteExecutor.accessTestSuiteMainPhase(TestSuiteExecutor.java:112)
	at com.kms.katalon.core.main.TestSuiteExecutor.execute(TestSuiteExecutor.java:81)
	at com.kms.katalon.core.main.TestCaseMain.startTestSuite(TestCaseMain.java:142)
	at com.kms.katalon.core.main.TestCaseMain$startTestSuite$0.call(Unknown Source)
	at org.codehaus.groovy.runtime.callsite.CallSiteArray.defaultCall(CallSiteArray.java:48)
	at org.codehaus.groovy.runtime.callsite.AbstractCallSite.call(AbstractCallSite.java:113)
	at org.codehaus.groovy.runtime.callsite.AbstractCallSite.call(AbstractCallSite.java:141)
	at TempTestSuite1542006046199.run(TempTestSuite1542006046199.groovy:36)
	at groovy.lang.GroovyShell.runScriptOrMainOrTestOrRunnable(GroovyShell.java:263)
	at groovy.lang.GroovyShell.run(GroovyShell.java:518)
	at groovy.lang.GroovyShell.run(GroovyShell.java:507)
	at groovy.ui.GroovyMain.processOnce(GroovyMain.java:653)
	at groovy.ui.GroovyMain.run(GroovyMain.java:384)
	at groovy.ui.GroovyMain.process(GroovyMain.java:370)
	at groovy.ui.GroovyMain.processArgs(GroovyMain.java:129)
	at groovy.ui.GroovyMain.main(GroovyMain.java:109)
	at sun.reflect.NativeMethodAccessorImpl.invoke0(Native Method)
	at sun.reflect.NativeMethodAccessorImpl.invoke(NativeMethodAccessorImpl.java:62)
	at sun.reflect.DelegatingMethodAccessorImpl.invoke(DelegatingMethodAccessorImpl.java:43)
	at java.lang.reflect.Method.invoke(Method.java:498)
	at org.codehaus.groovy.tools.GroovyStarter.rootLoader(GroovyStarter.java:109)
	at org.codehaus.groovy.tools.GroovyStarter.main(GroovyStarter.java:131)
)

2018-11-12 12:01:08 - [TEST_STEP][PASSED] - waitForPageLoad: Wait for page load successfully

2018-11-12 12:01:08 - [MESSAGE][PASSED] - Wait for page load successfully

2018-11-12 12:01:08 - [TEST_STEP][PASSED] - mouseOver: Object: 'Object Repository/TF_Customer_Create/Menu_Navigation_To_Open_All_Pages/0_Menu_Create_In_Data_View' is hovered

2018-11-12 12:01:09 - [MESSAGE][PASSED] - Object: 'Object Repository/TF_Customer_Create/Menu_Navigation_To_Open_All_Pages/0_Menu_Create_In_Data_View' is hovered

2018-11-12 12:01:09 - [TEST_STEP][PASSED] - waitForPageLoad: Wait for page load successfully

2018-11-12 12:01:09 - [MESSAGE][PASSED] - Wait for page load successfully

2018-11-12 12:01:09 - [TEST_STEP][PASSED] - mouseOver: Object: 'Object Repository/TF_Customer_Create/Menu_Navigation_To_Open_All_Pages/1_Menu_Create_Master_Data' is hovered

2018-11-12 12:01:11 - [MESSAGE][PASSED] - Object: 'Object Repository/TF_Customer_Create/Menu_Navigation_To_Open_All_Pages/1_Menu_Create_Master_Data' is hovered

2018-11-12 12:01:11 - [TEST_STEP][PASSED] - waitForPageLoad: Wait for page load successfully

2018-11-12 12:01:11 - [MESSAGE][PASSED] - Wait for page load successfully

2018-11-12 12:01:11 - [TEST_STEP][PASSED] - click: Object: 'Object Repository/TF_Customer_Create/1_Menu_Banner' is clicked on

2018-11-12 12:01:16 - [MESSAGE][PASSED] - Object: 'Object Repository/TF_Customer_Create/1_Menu_Banner' is clicked on

2018-11-12 12:01:16 - [TEST_STEP][PASSED] - waitForPageLoad: Wait for page load successfully

2018-11-12 12:01:16 - [MESSAGE][PASSED] - Wait for page load successfully

2018-11-12 12:01:16 - [TEST_STEP][NOT_RUN] - click: NOT_RUN: click

2018-11-12 12:01:16 - [MESSAGE][NOT_RUN] - NOT_RUN: click

2018-11-12 12:01:16 - [TEST_STEP][NOT_RUN] - delay: NOT_RUN: delay

2018-11-12 12:01:16 - [MESSAGE][NOT_RUN] - NOT_RUN: delay

2018-11-12 12:01:16 - [TEST_STEP][NOT_RUN] - click: NOT_RUN: click

2018-11-12 12:01:16 - [MESSAGE][NOT_RUN] - NOT_RUN: click

2018-11-12 12:01:16 - [TEST_STEP][NOT_RUN] - delay: NOT_RUN: delay

2018-11-12 12:01:16 - [MESSAGE][NOT_RUN] - NOT_RUN: delay

2018-11-12 12:01:16 - [TEST_STEP][NOT_RUN] - click: NOT_RUN: click

2018-11-12 12:01:16 - [MESSAGE][NOT_RUN] - NOT_RUN: click

2018-11-12 12:01:16 - [TEST_STEP][PASSED] - delay: Delayed 2 second(s)

2018-11-12 12:01:18 - [MESSAGE][PASSED] - Delayed 2 second(s)

2018-11-12 12:01:18 - [TEST_STEP][PASSED] - setText: Text 'Banner_Test_55' is set on object 'Object Repository/TF_Customer_Create/Create_Objects_And_Save/1_Create_Banner/Input_Banner_Name/input_Banner_Nm'

2018-11-12 12:01:28 - [MESSAGE][PASSED] - Text 'Banner_Test_55' is set on object 'Object Repository/TF_Customer_Create/Create_Objects_And_Save/1_Create_Banner/Input_Banner_Name/input_Banner_Nm'

2018-11-12 12:01:28 - [TEST_STEP][PASSED] - delay: Delayed 2 second(s)

2018-11-12 12:01:30 - [MESSAGE][PASSED] - Delayed 2 second(s)

2018-11-12 12:01:30 - [TEST_STEP][NOT_RUN] - click: NOT_RUN: click

2018-11-12 12:01:30 - [MESSAGE][NOT_RUN] - NOT_RUN: click

2018-11-12 12:01:30 - [TEST_STEP][PASSED] - click: Object: 'Object Repository/TF_Customer_Create/Click_Apply_Button/td_Apply' is clicked on

2018-11-12 12:01:30 - [MESSAGE][PASSED] - Object: 'Object Repository/TF_Customer_Create/Click_Apply_Button/td_Apply' is clicked on

2018-11-12 12:01:30 - [TEST_STEP][PASSED] - delay: Delayed 2 second(s)

2018-11-12 12:01:32 - [MESSAGE][PASSED] - Delayed 2 second(s)

2018-11-12 12:01:32 - [TEST_STEP][FAILED] - click: Unable to click on object 'Object Repository/TF_Customer_Create/Click_Save_Button/btn_Save' (Root cause: org.openqa.selenium.WebDriverException: unknown error: Element <td class="middle">...</td> is not clickable at point (1497, 52). Other element would receive the click: <div class="blockUI blockOverlay" style="z-index: 1000; border: none; margin: 0px; padding: 0px; width: 100%; height: 100%; top: 0px; left: 0px; background-color: transparent; opacity: 0.561749; cursor: default; position: fixed;"></div>
  (Session info: chrome=70.0.3538.77)
  (Driver info: chromedriver=2.43.600210 (68dcf5eebde37173d4027fa8635e332711d2874a),platform=Windows NT 6.1.7601 SP1 x86_64) (WARNING: The server did not provide any stacktrace information)
Command duration or timeout: 0 milliseconds
Build info: version: '3.7.1', revision: '8a0099a', time: '2017-11-06T21:07:36.161Z'
System info: host: 'JUNAID', ip: '200.199.80.62', os.name: 'Windows 7', os.arch: 'amd64', os.version: '6.1', java.version: '1.8.0_181'
Driver info: com.kms.katalon.selenium.driver.CChromeDriver
Capabilities {acceptInsecureCerts: false, acceptSslCerts: false, applicationCacheEnabled: false, browserConnectionEnabled: false, browserName: chrome, chrome: {chromedriverVersion: 2.43.600210 (68dcf5eebde371..., userDataDir: C:\Users\JUNAID~1.TAR\AppDa...}, cssSelectorsEnabled: true, databaseEnabled: false, goog:chromeOptions: {debuggerAddress: localhost:61749}, handlesAlerts: true, hasTouchScreen: false, javascriptEnabled: true, locationContextEnabled: true, mobileEmulationEnabled: false, nativeEvents: true, networkConnectionEnabled: false, pageLoadStrategy: normal, platform: XP, platformName: XP, rotatable: false, setWindowRect: true, takesHeapSnapshot: true, takesScreenshot: true, unexpectedAlertBehaviour: , unhandledPromptBehavior: , version: 70.0.3538.77, webStorageEnabled: true}
Session ID: 90d7281174ae8ae2f45941023636b589)

2018-11-12 12:01:51 - [MESSAGE][FAILED] - Unable to click on object 'Object Repository/TF_Customer_Create/Click_Save_Button/btn_Save' (Root cause: org.openqa.selenium.WebDriverException: unknown error: Element <td class="middle">...</td> is not clickable at point (1497, 52). Other element would receive the click: <div class="blockUI blockOverlay" style="z-index: 1000; border: none; margin: 0px; padding: 0px; width: 100%; height: 100%; top: 0px; left: 0px; background-color: transparent; opacity: 0.561749; cursor: default; position: fixed;"></div>
  (Session info: chrome=70.0.3538.77)
  (Driver info: chromedriver=2.43.600210 (68dcf5eebde37173d4027fa8635e332711d2874a),platform=Windows NT 6.1.7601 SP1 x86_64) (WARNING: The server did not provide any stacktrace information)
Command duration or timeout: 0 milliseconds
Build info: version: '3.7.1', revision: '8a0099a', time: '2017-11-06T21:07:36.161Z'
System info: host: 'JUNAID', ip: '200.199.80.62', os.name: 'Windows 7', os.arch: 'amd64', os.version: '6.1', java.version: '1.8.0_181'
Driver info: com.kms.katalon.selenium.driver.CChromeDriver
Capabilities {acceptInsecureCerts: false, acceptSslCerts: false, applicationCacheEnabled: false, browserConnectionEnabled: false, browserName: chrome, chrome: {chromedriverVersion: 2.43.600210 (68dcf5eebde371..., userDataDir: C:\Users\JUNAID~1.TAR\AppDa...}, cssSelectorsEnabled: true, databaseEnabled: false, goog:chromeOptions: {debuggerAddress: localhost:61749}, handlesAlerts: true, hasTouchScreen: false, javascriptEnabled: true, locationContextEnabled: true, mobileEmulationEnabled: false, nativeEvents: true, networkConnectionEnabled: false, pageLoadStrategy: normal, platform: XP, platformName: XP, rotatable: false, setWindowRect: true, takesHeapSnapshot: true, takesScreenshot: true, unexpectedAlertBehaviour: , unhandledPromptBehavior: , version: 70.0.3538.77, webStorageEnabled: true}
Session ID: 90d7281174ae8ae2f45941023636b589)
[[ATTACHMENT|D:\\Katalon\\Projects\\Trade_Funds\\TF_Regression\\Reports\\Smoke_TF_Customer\\20181112_120046\\1542006110896.png]]]]></system-out>
         <system-err><![CDATA[2018-11-12 12:01:08 - [TEST_CASE][FAILED] - Test Cases/Regression_TF_Customer/TC_1_Create_Banner: Test Cases/Regression_TF_Customer/TC_1_Create_Banner FAILED because (of) (Stack trace: com.kms.katalon.core.exception.StepFailedException: Unable to click on object 'Object Repository/TF_Customer_Create/Click_Save_Button/btn_Save' (Root cause: org.openqa.selenium.WebDriverException: unknown error: Element <td class="middle">...</td> is not clickable at point (1497, 52). Other element would receive the click: <div class="blockUI blockOverlay" style="z-index: 1000; border: none; margin: 0px; padding: 0px; width: 100%; height: 100%; top: 0px; left: 0px; background-color: transparent; opacity: 0.561749; cursor: default; position: fixed;"></div>
  (Session info: chrome=70.0.3538.77)
  (Driver info: chromedriver=2.43.600210 (68dcf5eebde37173d4027fa8635e332711d2874a),platform=Windows NT 6.1.7601 SP1 x86_64) (WARNING: The server did not provide any stacktrace information)
Command duration or timeout: 0 milliseconds
Build info: version: '3.7.1', revision: '8a0099a', time: '2017-11-06T21:07:36.161Z'
System info: host: 'JUNAID', ip: '200.199.80.62', os.name: 'Windows 7', os.arch: 'amd64', os.version: '6.1', java.version: '1.8.0_181'
Driver info: com.kms.katalon.selenium.driver.CChromeDriver
Capabilities {acceptInsecureCerts: false, acceptSslCerts: false, applicationCacheEnabled: false, browserConnectionEnabled: false, browserName: chrome, chrome: {chromedriverVersion: 2.43.600210 (68dcf5eebde371..., userDataDir: C:\Users\JUNAID~1.TAR\AppDa...}, cssSelectorsEnabled: true, databaseEnabled: false, goog:chromeOptions: {debuggerAddress: localhost:61749}, handlesAlerts: true, hasTouchScreen: false, javascriptEnabled: true, locationContextEnabled: true, mobileEmulationEnabled: false, nativeEvents: true, networkConnectionEnabled: false, pageLoadStrategy: normal, platform: XP, platformName: XP, rotatable: false, setWindowRect: true, takesHeapSnapshot: true, takesScreenshot: true, unexpectedAlertBehaviour: , unhandledPromptBehavior: , version: 70.0.3538.77, webStorageEnabled: true}
Session ID: 90d7281174ae8ae2f45941023636b589)
	at com.kms.katalon.core.keyword.internal.KeywordMain.stepFailed(KeywordMain.groovy:36)
	at com.kms.katalon.core.webui.keyword.internal.WebUIKeywordMain.stepFailed(WebUIKeywordMain.groovy:65)
	at com.kms.katalon.core.webui.keyword.internal.WebUIKeywordMain.runKeyword(WebUIKeywordMain.groovy:27)
	at com.kms.katalon.core.webui.keyword.builtin.ClickKeyword.click(ClickKeyword.groovy:86)
	at com.kms.katalon.core.webui.keyword.builtin.ClickKeyword.execute(ClickKeyword.groovy:67)
	at com.kms.katalon.core.keyword.internal.KeywordExecutor.executeKeywordForPlatform(KeywordExecutor.groovy:53)
	at com.kms.katalon.core.webui.keyword.WebUiBuiltInKeywords.click(WebUiBuiltInKeywords.groovy:616)
	at com.kms.katalon.core.webui.keyword.WebUiBuiltInKeywords$click$4.call(Unknown Source)
	at org.codehaus.groovy.runtime.callsite.CallSiteArray.defaultCall(CallSiteArray.java:48)
	at org.codehaus.groovy.runtime.callsite.AbstractCallSite.call(AbstractCallSite.java:113)
	at org.codehaus.groovy.runtime.callsite.AbstractCallSite.call(AbstractCallSite.java:125)
	at Script1540912045214.run(Script1540912045214.groovy:60)
	at com.kms.katalon.core.main.ScriptEngine.run(ScriptEngine.java:183)
	at com.kms.katalon.core.main.ScriptEngine.runScriptAsRawText(ScriptEngine.java:108)
	at com.kms.katalon.core.main.TestCaseExecutor.runScript(TestCaseExecutor.java:294)
	at com.kms.katalon.core.main.TestCaseExecutor.doExecute(TestCaseExecutor.java:285)
	at com.kms.katalon.core.main.TestCaseExecutor.processExecutionPhase(TestCaseExecutor.java:264)
	at com.kms.katalon.core.main.TestCaseExecutor.accessMainPhase(TestCaseExecutor.java:256)
	at com.kms.katalon.core.main.TestCaseExecutor.execute(TestCaseExecutor.java:200)
	at com.kms.katalon.core.main.TestSuiteExecutor.accessTestCaseMainPhase(TestSuiteExecutor.java:129)
	at com.kms.katalon.core.main.TestSuiteExecutor.accessTestSuiteMainPhase(TestSuiteExecutor.java:112)
	at com.kms.katalon.core.main.TestSuiteExecutor.execute(TestSuiteExecutor.java:81)
	at com.kms.katalon.core.main.TestCaseMain.startTestSuite(TestCaseMain.java:142)
	at com.kms.katalon.core.main.TestCaseMain$startTestSuite$0.call(Unknown Source)
	at org.codehaus.groovy.runtime.callsite.CallSiteArray.defaultCall(CallSiteArray.java:48)
	at org.codehaus.groovy.runtime.callsite.AbstractCallSite.call(AbstractCallSite.java:113)
	at org.codehaus.groovy.runtime.callsite.AbstractCallSite.call(AbstractCallSite.java:141)
	at TempTestSuite1542006046199.run(TempTestSuite1542006046199.groovy:36)
	at groovy.lang.GroovyShell.runScriptOrMainOrTestOrRunnable(GroovyShell.java:263)
	at groovy.lang.GroovyShell.run(GroovyShell.java:518)
	at groovy.lang.GroovyShell.run(GroovyShell.java:507)
	at groovy.ui.GroovyMain.processOnce(GroovyMain.java:653)
	at groovy.ui.GroovyMain.run(GroovyMain.java:384)
	at groovy.ui.GroovyMain.process(GroovyMain.java:370)
	at groovy.ui.GroovyMain.processArgs(GroovyMain.java:129)
	at groovy.ui.GroovyMain.main(GroovyMain.java:109)
	at sun.reflect.NativeMethodAccessorImpl.invoke0(Native Method)
	at sun.reflect.NativeMethodAccessorImpl.invoke(NativeMethodAccessorImpl.java:62)
	at sun.reflect.DelegatingMethodAccessorImpl.invoke(DelegatingMethodAccessorImpl.java:43)
	at java.lang.reflect.Method.invoke(Method.java:498)
	at org.codehaus.groovy.tools.GroovyStarter.rootLoader(GroovyStarter.java:109)
	at org.codehaus.groovy.tools.GroovyStarter.main(GroovyStarter.java:131)
)]]></system-err>
      </testcase>
      <testcase name="Test Cases/Regression_TF_Customer/TC_1_Create_Banner" classname="Test Cases/Regression_TF_Customer/TC_1_Create_Banner" status="PASSED">
         <system-out><![CDATA[2018-11-12 12:01:51 - [TEST_CASE][PASSED] - Test Cases/Regression_TF_Customer/TC_1_Create_Banner: Test Cases/Regression_TF_Customer/TC_1_Create_Banner

2018-11-12 12:01:51 - [TEST_STEP][PASSED] - waitForPageLoad: Wait for page load successfully

2018-11-12 12:01:51 - [MESSAGE][PASSED] - Wait for page load successfully

2018-11-12 12:01:51 - [TEST_STEP][PASSED] - mouseOver: Object: 'Object Repository/TF_Customer_Create/Menu_Navigation_To_Open_All_Pages/0_Menu_Create_In_Data_View' is hovered

2018-11-12 12:01:51 - [MESSAGE][PASSED] - Object: 'Object Repository/TF_Customer_Create/Menu_Navigation_To_Open_All_Pages/0_Menu_Create_In_Data_View' is hovered

2018-11-12 12:01:51 - [TEST_STEP][PASSED] - waitForPageLoad: Wait for page load successfully

2018-11-12 12:01:51 - [MESSAGE][PASSED] - Wait for page load successfully

2018-11-12 12:01:51 - [TEST_STEP][PASSED] - mouseOver: Object: 'Object Repository/TF_Customer_Create/Menu_Navigation_To_Open_All_Pages/1_Menu_Create_Master_Data' is hovered

2018-11-12 12:01:51 - [MESSAGE][PASSED] - Object: 'Object Repository/TF_Customer_Create/Menu_Navigation_To_Open_All_Pages/1_Menu_Create_Master_Data' is hovered

2018-11-12 12:01:51 - [TEST_STEP][PASSED] - waitForPageLoad: Wait for page load successfully

2018-11-12 12:01:51 - [MESSAGE][PASSED] - Wait for page load successfully

2018-11-12 12:01:51 - [TEST_STEP][PASSED] - click: Object: 'Object Repository/TF_Customer_Create/1_Menu_Banner' is clicked on

2018-11-12 12:01:52 - [MESSAGE][PASSED] - Object: 'Object Repository/TF_Customer_Create/1_Menu_Banner' is clicked on

2018-11-12 12:01:52 - [TEST_STEP][PASSED] - waitForPageLoad: Wait for page load successfully

2018-11-12 12:01:52 - [MESSAGE][PASSED] - Wait for page load successfully

2018-11-12 12:01:52 - [TEST_STEP][NOT_RUN] - click: NOT_RUN: click

2018-11-12 12:01:52 - [MESSAGE][NOT_RUN] - NOT_RUN: click

2018-11-12 12:01:52 - [TEST_STEP][NOT_RUN] - delay: NOT_RUN: delay

2018-11-12 12:01:52 - [MESSAGE][NOT_RUN] - NOT_RUN: delay

2018-11-12 12:01:52 - [TEST_STEP][NOT_RUN] - click: NOT_RUN: click

2018-11-12 12:01:52 - [MESSAGE][NOT_RUN] - NOT_RUN: click

2018-11-12 12:01:52 - [TEST_STEP][NOT_RUN] - delay: NOT_RUN: delay

2018-11-12 12:01:52 - [MESSAGE][NOT_RUN] - NOT_RUN: delay

2018-11-12 12:01:52 - [TEST_STEP][NOT_RUN] - click: NOT_RUN: click

2018-11-12 12:01:52 - [MESSAGE][NOT_RUN] - NOT_RUN: click

2018-11-12 12:01:52 - [TEST_STEP][PASSED] - delay: Delayed 2 second(s)

2018-11-12 12:01:54 - [MESSAGE][PASSED] - Delayed 2 second(s)

2018-11-12 12:01:54 - [TEST_STEP][PASSED] - setText: Text 'Banner_Test_56' is set on object 'Object Repository/TF_Customer_Create/Create_Objects_And_Save/1_Create_Banner/Input_Banner_Name/input_Banner_Nm'

2018-11-12 12:01:54 - [MESSAGE][PASSED] - Text 'Banner_Test_56' is set on object 'Object Repository/TF_Customer_Create/Create_Objects_And_Save/1_Create_Banner/Input_Banner_Name/input_Banner_Nm'

2018-11-12 12:01:54 - [TEST_STEP][PASSED] - delay: Delayed 2 second(s)

2018-11-12 12:01:56 - [MESSAGE][PASSED] - Delayed 2 second(s)

2018-11-12 12:01:56 - [TEST_STEP][NOT_RUN] - click: NOT_RUN: click

2018-11-12 12:01:56 - [MESSAGE][NOT_RUN] - NOT_RUN: click

2018-11-12 12:01:56 - [TEST_STEP][PASSED] - click: Object: 'Object Repository/TF_Customer_Create/Click_Apply_Button/td_Apply' is clicked on

2018-11-12 12:01:56 - [MESSAGE][PASSED] - Object: 'Object Repository/TF_Customer_Create/Click_Apply_Button/td_Apply' is clicked on

2018-11-12 12:01:56 - [TEST_STEP][PASSED] - delay: Delayed 2 second(s)

2018-11-12 12:01:58 - [MESSAGE][PASSED] - Delayed 2 second(s)

2018-11-12 12:01:58 - [TEST_STEP][PASSED] - click: Object: 'Object Repository/TF_Customer_Create/Click_Save_Button/btn_Save' is clicked on

2018-11-12 12:01:58 - [MESSAGE][PASSED] - Object: 'Object Repository/TF_Customer_Create/Click_Save_Button/btn_Save' is clicked on

2018-11-12 12:01:58 - [TEST_STEP][PASSED] - delay: Delayed 2 second(s)

2018-11-12 12:02:00 - [MESSAGE][PASSED] - Delayed 2 second(s)

2018-11-12 12:02:00 - [TEST_STEP][NOT_RUN] - verifyElementPresent: NOT_RUN: verifyElementPresent

2018-11-12 12:02:00 - [MESSAGE][NOT_RUN] - NOT_RUN: verifyElementPresent

2018-11-12 12:02:00 - [TEST_STEP][PASSED] - verifyElementText: Actual text and expected text of test object 'Object Repository/TF_Customer_Create/Verify_Success_Message/Success_Message' are matched.

2018-11-12 12:02:03 - [MESSAGE][PASSED] - Actual text and expected text of test object 'Object Repository/TF_Customer_Create/Verify_Success_Message/Success_Message' are matched.

2018-11-12 12:02:03 - [TEST_STEP][NOT_RUN] - verifyTextPresent: NOT_RUN: verifyTextPresent

2018-11-12 12:02:03 - [MESSAGE][NOT_RUN] - NOT_RUN: verifyTextPresent

2018-11-12 12:02:03 - [TEST_STEP][NOT_RUN] - Statement - text = com.kms.katalon.core.webui.keyword.WebUiBuiltInKeywords.getText(com.kms.katalon.core.testobject.ObjectRepository.findTestObject(TF_Customer_Create/Verify_Success_Message/Success_Message)): NOT_RUN: Statement - text = com.kms.katalon.core.webui.keyword.WebUiBuiltInKeywords.getText(com.kms.katalon.core.testobject.ObjectRepository.findTestObject(TF_Customer_Create/Verify_Success_Message/Success_Message))

2018-11-12 12:02:03 - [MESSAGE][NOT_RUN] - NOT_RUN: Statement - text = com.kms.katalon.core.webui.keyword.WebUiBuiltInKeywords.getText(com.kms.katalon.core.testobject.ObjectRepository.findTestObject(TF_Customer_Create/Verify_Success_Message/Success_Message))

2018-11-12 12:02:03 - [TEST_STEP][NOT_RUN] - Statement - If (text.contains("Record has been saved successfully.", CONTINUE_ON_FAILURE)): NOT_RUN: Statement - If (text.contains("Record has been saved successfully.", CONTINUE_ON_FAILURE))

2018-11-12 12:02:03 - [MESSAGE][NOT_RUN] - NOT_RUN: Statement - If (text.contains("Record has been saved successfully.", CONTINUE_ON_FAILURE))

2018-11-12 12:02:03 - [TEST_STEP][PASSED] - click: Object: 'Object Repository/TF_Customer_Create/Create_Objects_And_Save/1_Create_Banner/span_Data_Tab' is clicked on

2018-11-12 12:02:04 - [MESSAGE][PASSED] - Object: 'Object Repository/TF_Customer_Create/Create_Objects_And_Save/1_Create_Banner/span_Data_Tab' is clicked on

2018-11-12 12:02:04 - [TEST_STEP][PASSED] - delay: Delayed 1 second(s)

2018-11-12 12:02:05 - [MESSAGE][PASSED] - Delayed 1 second(s)

2018-11-12 12:02:05 - [TEST_STEP][PASSED] - click: Object: 'Object Repository/TF_Customer_Create/Click_Close_Button/btn_Close' is clicked on

2018-11-12 12:02:05 - [MESSAGE][PASSED] - Object: 'Object Repository/TF_Customer_Create/Click_Close_Button/btn_Close' is clicked on

2018-11-12 12:02:05 - [TEST_STEP][PASSED] - delay: Delayed 1 second(s)

2018-11-12 12:02:06 - [MESSAGE][PASSED] - Delayed 1 second(s)

2018-11-12 12:02:06 - [TEST_STEP][NOT_RUN] - Statement - row_MTCH = CustomKeywords.tradeFunds.TF_Regression.verifyBanner(ora_connt, ora_usr, ora_psswrd, ora_schema): NOT_RUN: Statement - row_MTCH = CustomKeywords.tradeFunds.TF_Regression.verifyBanner(ora_connt, ora_usr, ora_psswrd, ora_schema)

2018-11-12 12:02:06 - [MESSAGE][NOT_RUN] - NOT_RUN: Statement - row_MTCH = CustomKeywords.tradeFunds.TF_Regression.verifyBanner(ora_connt, ora_usr, ora_psswrd, ora_schema)

2018-11-12 12:02:06 - [TEST_STEP][NOT_RUN] - Statement - println("MTCH_Banner_Name"): NOT_RUN: Statement - println("MTCH_Banner_Name")

2018-11-12 12:02:06 - [MESSAGE][NOT_RUN] - NOT_RUN: Statement - println("MTCH_Banner_Name")

2018-11-12 12:02:06 - [TEST_STEP][NOT_RUN] - verifyEqual: NOT_RUN: verifyEqual

2018-11-12 12:02:06 - [MESSAGE][NOT_RUN] - NOT_RUN: verifyEqual]]></system-out>
         <system-err><![CDATA[]]></system-err>
      </testcase>
      <testcase name="Test Cases/Regression_TF_Customer/TC_1_Create_Banner" classname="Test Cases/Regression_TF_Customer/TC_1_Create_Banner" status="PASSED">
         <system-out><![CDATA[2018-11-12 12:02:06 - [TEST_CASE][PASSED] - Test Cases/Regression_TF_Customer/TC_1_Create_Banner: Test Cases/Regression_TF_Customer/TC_1_Create_Banner

2018-11-12 12:02:06 - [TEST_STEP][PASSED] - waitForPageLoad: Wait for page load successfully

2018-11-12 12:02:06 - [MESSAGE][PASSED] - Wait for page load successfully

2018-11-12 12:02:06 - [TEST_STEP][PASSED] - mouseOver: Object: 'Object Repository/TF_Customer_Create/Menu_Navigation_To_Open_All_Pages/0_Menu_Create_In_Data_View' is hovered

2018-11-12 12:02:06 - [MESSAGE][PASSED] - Object: 'Object Repository/TF_Customer_Create/Menu_Navigation_To_Open_All_Pages/0_Menu_Create_In_Data_View' is hovered

2018-11-12 12:02:06 - [TEST_STEP][PASSED] - waitForPageLoad: Wait for page load successfully

2018-11-12 12:02:06 - [MESSAGE][PASSED] - Wait for page load successfully

2018-11-12 12:02:06 - [TEST_STEP][PASSED] - mouseOver: Object: 'Object Repository/TF_Customer_Create/Menu_Navigation_To_Open_All_Pages/1_Menu_Create_Master_Data' is hovered

2018-11-12 12:02:06 - [MESSAGE][PASSED] - Object: 'Object Repository/TF_Customer_Create/Menu_Navigation_To_Open_All_Pages/1_Menu_Create_Master_Data' is hovered

2018-11-12 12:02:06 - [TEST_STEP][PASSED] - waitForPageLoad: Wait for page load successfully

2018-11-12 12:02:06 - [MESSAGE][PASSED] - Wait for page load successfully

2018-11-12 12:02:06 - [TEST_STEP][PASSED] - click: Object: 'Object Repository/TF_Customer_Create/1_Menu_Banner' is clicked on

2018-11-12 12:02:06 - [MESSAGE][PASSED] - Object: 'Object Repository/TF_Customer_Create/1_Menu_Banner' is clicked on

2018-11-12 12:02:06 - [TEST_STEP][PASSED] - waitForPageLoad: Wait for page load successfully

2018-11-12 12:02:06 - [MESSAGE][PASSED] - Wait for page load successfully

2018-11-12 12:02:06 - [TEST_STEP][NOT_RUN] - click: NOT_RUN: click

2018-11-12 12:02:06 - [MESSAGE][NOT_RUN] - NOT_RUN: click

2018-11-12 12:02:06 - [TEST_STEP][NOT_RUN] - delay: NOT_RUN: delay

2018-11-12 12:02:06 - [MESSAGE][NOT_RUN] - NOT_RUN: delay

2018-11-12 12:02:06 - [TEST_STEP][NOT_RUN] - click: NOT_RUN: click

2018-11-12 12:02:06 - [MESSAGE][NOT_RUN] - NOT_RUN: click

2018-11-12 12:02:06 - [TEST_STEP][NOT_RUN] - delay: NOT_RUN: delay

2018-11-12 12:02:06 - [MESSAGE][NOT_RUN] - NOT_RUN: delay

2018-11-12 12:02:06 - [TEST_STEP][NOT_RUN] - click: NOT_RUN: click

2018-11-12 12:02:06 - [MESSAGE][NOT_RUN] - NOT_RUN: click

2018-11-12 12:02:06 - [TEST_STEP][PASSED] - delay: Delayed 2 second(s)

2018-11-12 12:02:08 - [MESSAGE][PASSED] - Delayed 2 second(s)

2018-11-12 12:02:08 - [TEST_STEP][PASSED] - setText: Text 'Banner_Test_57' is set on object 'Object Repository/TF_Customer_Create/Create_Objects_And_Save/1_Create_Banner/Input_Banner_Name/input_Banner_Nm'

2018-11-12 12:02:09 - [MESSAGE][PASSED] - Text 'Banner_Test_57' is set on object 'Object Repository/TF_Customer_Create/Create_Objects_And_Save/1_Create_Banner/Input_Banner_Name/input_Banner_Nm'

2018-11-12 12:02:09 - [TEST_STEP][PASSED] - delay: Delayed 2 second(s)

2018-11-12 12:02:11 - [MESSAGE][PASSED] - Delayed 2 second(s)

2018-11-12 12:02:11 - [TEST_STEP][NOT_RUN] - click: NOT_RUN: click

2018-11-12 12:02:11 - [MESSAGE][NOT_RUN] - NOT_RUN: click

2018-11-12 12:02:11 - [TEST_STEP][PASSED] - click: Object: 'Object Repository/TF_Customer_Create/Click_Apply_Button/td_Apply' is clicked on

2018-11-12 12:02:11 - [MESSAGE][PASSED] - Object: 'Object Repository/TF_Customer_Create/Click_Apply_Button/td_Apply' is clicked on

2018-11-12 12:02:11 - [TEST_STEP][PASSED] - delay: Delayed 2 second(s)

2018-11-12 12:02:13 - [MESSAGE][PASSED] - Delayed 2 second(s)

2018-11-12 12:02:13 - [TEST_STEP][PASSED] - click: Object: 'Object Repository/TF_Customer_Create/Click_Save_Button/btn_Save' is clicked on

2018-11-12 12:02:13 - [MESSAGE][PASSED] - Object: 'Object Repository/TF_Customer_Create/Click_Save_Button/btn_Save' is clicked on

2018-11-12 12:02:13 - [TEST_STEP][PASSED] - delay: Delayed 2 second(s)

2018-11-12 12:02:15 - [MESSAGE][PASSED] - Delayed 2 second(s)

2018-11-12 12:02:15 - [TEST_STEP][NOT_RUN] - verifyElementPresent: NOT_RUN: verifyElementPresent

2018-11-12 12:02:15 - [MESSAGE][NOT_RUN] - NOT_RUN: verifyElementPresent

2018-11-12 12:02:15 - [TEST_STEP][PASSED] - verifyElementText: Actual text and expected text of test object 'Object Repository/TF_Customer_Create/Verify_Success_Message/Success_Message' are matched.

2018-11-12 12:02:16 - [MESSAGE][PASSED] - Actual text and expected text of test object 'Object Repository/TF_Customer_Create/Verify_Success_Message/Success_Message' are matched.

2018-11-12 12:02:16 - [TEST_STEP][NOT_RUN] - verifyTextPresent: NOT_RUN: verifyTextPresent

2018-11-12 12:02:16 - [MESSAGE][NOT_RUN] - NOT_RUN: verifyTextPresent

2018-11-12 12:02:16 - [TEST_STEP][NOT_RUN] - Statement - text = com.kms.katalon.core.webui.keyword.WebUiBuiltInKeywords.getText(com.kms.katalon.core.testobject.ObjectRepository.findTestObject(TF_Customer_Create/Verify_Success_Message/Success_Message)): NOT_RUN: Statement - text = com.kms.katalon.core.webui.keyword.WebUiBuiltInKeywords.getText(com.kms.katalon.core.testobject.ObjectRepository.findTestObject(TF_Customer_Create/Verify_Success_Message/Success_Message))

2018-11-12 12:02:16 - [MESSAGE][NOT_RUN] - NOT_RUN: Statement - text = com.kms.katalon.core.webui.keyword.WebUiBuiltInKeywords.getText(com.kms.katalon.core.testobject.ObjectRepository.findTestObject(TF_Customer_Create/Verify_Success_Message/Success_Message))

2018-11-12 12:02:16 - [TEST_STEP][NOT_RUN] - Statement - If (text.contains("Record has been saved successfully.", CONTINUE_ON_FAILURE)): NOT_RUN: Statement - If (text.contains("Record has been saved successfully.", CONTINUE_ON_FAILURE))

2018-11-12 12:02:16 - [MESSAGE][NOT_RUN] - NOT_RUN: Statement - If (text.contains("Record has been saved successfully.", CONTINUE_ON_FAILURE))

2018-11-12 12:02:16 - [TEST_STEP][PASSED] - click: Object: 'Object Repository/TF_Customer_Create/Create_Objects_And_Save/1_Create_Banner/span_Data_Tab' is clicked on

2018-11-12 12:02:16 - [MESSAGE][PASSED] - Object: 'Object Repository/TF_Customer_Create/Create_Objects_And_Save/1_Create_Banner/span_Data_Tab' is clicked on

2018-11-12 12:02:16 - [TEST_STEP][PASSED] - delay: Delayed 1 second(s)

2018-11-12 12:02:17 - [MESSAGE][PASSED] - Delayed 1 second(s)

2018-11-12 12:02:17 - [TEST_STEP][PASSED] - click: Object: 'Object Repository/TF_Customer_Create/Click_Close_Button/btn_Close' is clicked on

2018-11-12 12:02:17 - [MESSAGE][PASSED] - Object: 'Object Repository/TF_Customer_Create/Click_Close_Button/btn_Close' is clicked on

2018-11-12 12:02:17 - [TEST_STEP][PASSED] - delay: Delayed 1 second(s)

2018-11-12 12:02:18 - [MESSAGE][PASSED] - Delayed 1 second(s)

2018-11-12 12:02:18 - [TEST_STEP][NOT_RUN] - Statement - row_MTCH = CustomKeywords.tradeFunds.TF_Regression.verifyBanner(ora_connt, ora_usr, ora_psswrd, ora_schema): NOT_RUN: Statement - row_MTCH = CustomKeywords.tradeFunds.TF_Regression.verifyBanner(ora_connt, ora_usr, ora_psswrd, ora_schema)

2018-11-12 12:02:18 - [MESSAGE][NOT_RUN] - NOT_RUN: Statement - row_MTCH = CustomKeywords.tradeFunds.TF_Regression.verifyBanner(ora_connt, ora_usr, ora_psswrd, ora_schema)

2018-11-12 12:02:18 - [TEST_STEP][NOT_RUN] - Statement - println("MTCH_Banner_Name"): NOT_RUN: Statement - println("MTCH_Banner_Name")

2018-11-12 12:02:18 - [MESSAGE][NOT_RUN] - NOT_RUN: Statement - println("MTCH_Banner_Name")

2018-11-12 12:02:18 - [TEST_STEP][NOT_RUN] - verifyEqual: NOT_RUN: verifyEqual

2018-11-12 12:02:18 - [MESSAGE][NOT_RUN] - NOT_RUN: verifyEqual]]></system-out>
         <system-err><![CDATA[]]></system-err>
      </testcase>
      <testcase name="Test Cases/Regression_TF_Customer/TC_1_Create_Banner" classname="Test Cases/Regression_TF_Customer/TC_1_Create_Banner" status="PASSED">
         <system-out><![CDATA[2018-11-12 12:02:18 - [TEST_CASE][PASSED] - Test Cases/Regression_TF_Customer/TC_1_Create_Banner: Test Cases/Regression_TF_Customer/TC_1_Create_Banner

2018-11-12 12:02:18 - [TEST_STEP][PASSED] - waitForPageLoad: Wait for page load successfully

2018-11-12 12:02:18 - [MESSAGE][PASSED] - Wait for page load successfully

2018-11-12 12:02:18 - [TEST_STEP][PASSED] - mouseOver: Object: 'Object Repository/TF_Customer_Create/Menu_Navigation_To_Open_All_Pages/0_Menu_Create_In_Data_View' is hovered

2018-11-12 12:02:18 - [MESSAGE][PASSED] - Object: 'Object Repository/TF_Customer_Create/Menu_Navigation_To_Open_All_Pages/0_Menu_Create_In_Data_View' is hovered

2018-11-12 12:02:18 - [TEST_STEP][PASSED] - waitForPageLoad: Wait for page load successfully

2018-11-12 12:02:18 - [MESSAGE][PASSED] - Wait for page load successfully

2018-11-12 12:02:18 - [TEST_STEP][PASSED] - mouseOver: Object: 'Object Repository/TF_Customer_Create/Menu_Navigation_To_Open_All_Pages/1_Menu_Create_Master_Data' is hovered

2018-11-12 12:02:18 - [MESSAGE][PASSED] - Object: 'Object Repository/TF_Customer_Create/Menu_Navigation_To_Open_All_Pages/1_Menu_Create_Master_Data' is hovered

2018-11-12 12:02:18 - [TEST_STEP][PASSED] - waitForPageLoad: Wait for page load successfully

2018-11-12 12:02:18 - [MESSAGE][PASSED] - Wait for page load successfully

2018-11-12 12:02:18 - [TEST_STEP][PASSED] - click: Object: 'Object Repository/TF_Customer_Create/1_Menu_Banner' is clicked on

2018-11-12 12:02:18 - [MESSAGE][PASSED] - Object: 'Object Repository/TF_Customer_Create/1_Menu_Banner' is clicked on

2018-11-12 12:02:18 - [TEST_STEP][PASSED] - waitForPageLoad: Wait for page load successfully

2018-11-12 12:02:18 - [MESSAGE][PASSED] - Wait for page load successfully

2018-11-12 12:02:18 - [TEST_STEP][NOT_RUN] - click: NOT_RUN: click

2018-11-12 12:02:18 - [MESSAGE][NOT_RUN] - NOT_RUN: click

2018-11-12 12:02:18 - [TEST_STEP][NOT_RUN] - delay: NOT_RUN: delay

2018-11-12 12:02:18 - [MESSAGE][NOT_RUN] - NOT_RUN: delay

2018-11-12 12:02:18 - [TEST_STEP][NOT_RUN] - click: NOT_RUN: click

2018-11-12 12:02:18 - [MESSAGE][NOT_RUN] - NOT_RUN: click

2018-11-12 12:02:18 - [TEST_STEP][NOT_RUN] - delay: NOT_RUN: delay

2018-11-12 12:02:18 - [MESSAGE][NOT_RUN] - NOT_RUN: delay

2018-11-12 12:02:18 - [TEST_STEP][NOT_RUN] - click: NOT_RUN: click

2018-11-12 12:02:18 - [MESSAGE][NOT_RUN] - NOT_RUN: click

2018-11-12 12:02:18 - [TEST_STEP][PASSED] - delay: Delayed 2 second(s)

2018-11-12 12:02:20 - [MESSAGE][PASSED] - Delayed 2 second(s)

2018-11-12 12:02:20 - [TEST_STEP][PASSED] - setText: Text 'Banner_Test_58' is set on object 'Object Repository/TF_Customer_Create/Create_Objects_And_Save/1_Create_Banner/Input_Banner_Name/input_Banner_Nm'

2018-11-12 12:02:21 - [MESSAGE][PASSED] - Text 'Banner_Test_58' is set on object 'Object Repository/TF_Customer_Create/Create_Objects_And_Save/1_Create_Banner/Input_Banner_Name/input_Banner_Nm'

2018-11-12 12:02:21 - [TEST_STEP][PASSED] - delay: Delayed 2 second(s)

2018-11-12 12:02:23 - [MESSAGE][PASSED] - Delayed 2 second(s)

2018-11-12 12:02:23 - [TEST_STEP][NOT_RUN] - click: NOT_RUN: click

2018-11-12 12:02:23 - [MESSAGE][NOT_RUN] - NOT_RUN: click

2018-11-12 12:02:23 - [TEST_STEP][PASSED] - click: Object: 'Object Repository/TF_Customer_Create/Click_Apply_Button/td_Apply' is clicked on

2018-11-12 12:02:23 - [MESSAGE][PASSED] - Object: 'Object Repository/TF_Customer_Create/Click_Apply_Button/td_Apply' is clicked on

2018-11-12 12:02:23 - [TEST_STEP][PASSED] - delay: Delayed 2 second(s)

2018-11-12 12:02:25 - [MESSAGE][PASSED] - Delayed 2 second(s)

2018-11-12 12:02:25 - [TEST_STEP][PASSED] - click: Object: 'Object Repository/TF_Customer_Create/Click_Save_Button/btn_Save' is clicked on

2018-11-12 12:02:25 - [MESSAGE][PASSED] - Object: 'Object Repository/TF_Customer_Create/Click_Save_Button/btn_Save' is clicked on

2018-11-12 12:02:25 - [TEST_STEP][PASSED] - delay: Delayed 2 second(s)

2018-11-12 12:02:27 - [MESSAGE][PASSED] - Delayed 2 second(s)

2018-11-12 12:02:27 - [TEST_STEP][NOT_RUN] - verifyElementPresent: NOT_RUN: verifyElementPresent

2018-11-12 12:02:27 - [MESSAGE][NOT_RUN] - NOT_RUN: verifyElementPresent

2018-11-12 12:02:27 - [TEST_STEP][PASSED] - verifyElementText: Actual text and expected text of test object 'Object Repository/TF_Customer_Create/Verify_Success_Message/Success_Message' are matched.

2018-11-12 12:02:27 - [MESSAGE][PASSED] - Actual text and expected text of test object 'Object Repository/TF_Customer_Create/Verify_Success_Message/Success_Message' are matched.

2018-11-12 12:02:27 - [TEST_STEP][NOT_RUN] - verifyTextPresent: NOT_RUN: verifyTextPresent

2018-11-12 12:02:27 - [MESSAGE][NOT_RUN] - NOT_RUN: verifyTextPresent

2018-11-12 12:02:27 - [TEST_STEP][NOT_RUN] - Statement - text = com.kms.katalon.core.webui.keyword.WebUiBuiltInKeywords.getText(com.kms.katalon.core.testobject.ObjectRepository.findTestObject(TF_Customer_Create/Verify_Success_Message/Success_Message)): NOT_RUN: Statement - text = com.kms.katalon.core.webui.keyword.WebUiBuiltInKeywords.getText(com.kms.katalon.core.testobject.ObjectRepository.findTestObject(TF_Customer_Create/Verify_Success_Message/Success_Message))

2018-11-12 12:02:27 - [MESSAGE][NOT_RUN] - NOT_RUN: Statement - text = com.kms.katalon.core.webui.keyword.WebUiBuiltInKeywords.getText(com.kms.katalon.core.testobject.ObjectRepository.findTestObject(TF_Customer_Create/Verify_Success_Message/Success_Message))

2018-11-12 12:02:27 - [TEST_STEP][NOT_RUN] - Statement - If (text.contains("Record has been saved successfully.", CONTINUE_ON_FAILURE)): NOT_RUN: Statement - If (text.contains("Record has been saved successfully.", CONTINUE_ON_FAILURE))

2018-11-12 12:02:27 - [MESSAGE][NOT_RUN] - NOT_RUN: Statement - If (text.contains("Record has been saved successfully.", CONTINUE_ON_FAILURE))

2018-11-12 12:02:27 - [TEST_STEP][PASSED] - click: Object: 'Object Repository/TF_Customer_Create/Create_Objects_And_Save/1_Create_Banner/span_Data_Tab' is clicked on

2018-11-12 12:02:28 - [MESSAGE][PASSED] - Object: 'Object Repository/TF_Customer_Create/Create_Objects_And_Save/1_Create_Banner/span_Data_Tab' is clicked on

2018-11-12 12:02:28 - [TEST_STEP][PASSED] - delay: Delayed 1 second(s)

2018-11-12 12:02:29 - [MESSAGE][PASSED] - Delayed 1 second(s)

2018-11-12 12:02:29 - [TEST_STEP][PASSED] - click: Object: 'Object Repository/TF_Customer_Create/Click_Close_Button/btn_Close' is clicked on

2018-11-12 12:02:29 - [MESSAGE][PASSED] - Object: 'Object Repository/TF_Customer_Create/Click_Close_Button/btn_Close' is clicked on

2018-11-12 12:02:29 - [TEST_STEP][PASSED] - delay: Delayed 1 second(s)

2018-11-12 12:02:30 - [MESSAGE][PASSED] - Delayed 1 second(s)

2018-11-12 12:02:30 - [TEST_STEP][NOT_RUN] - Statement - row_MTCH = CustomKeywords.tradeFunds.TF_Regression.verifyBanner(ora_connt, ora_usr, ora_psswrd, ora_schema): NOT_RUN: Statement - row_MTCH = CustomKeywords.tradeFunds.TF_Regression.verifyBanner(ora_connt, ora_usr, ora_psswrd, ora_schema)

2018-11-12 12:02:30 - [MESSAGE][NOT_RUN] - NOT_RUN: Statement - row_MTCH = CustomKeywords.tradeFunds.TF_Regression.verifyBanner(ora_connt, ora_usr, ora_psswrd, ora_schema)

2018-11-12 12:02:30 - [TEST_STEP][NOT_RUN] - Statement - println("MTCH_Banner_Name"): NOT_RUN: Statement - println("MTCH_Banner_Name")

2018-11-12 12:02:30 - [MESSAGE][NOT_RUN] - NOT_RUN: Statement - println("MTCH_Banner_Name")

2018-11-12 12:02:30 - [TEST_STEP][NOT_RUN] - verifyEqual: NOT_RUN: verifyEqual

2018-11-12 12:02:30 - [MESSAGE][NOT_RUN] - NOT_RUN: verifyEqual]]></system-out>
         <system-err><![CDATA[]]></system-err>
      </testcase>
      <testcase name="Test Cases/Regression_TF_Customer/TC_1_Create_Banner" classname="Test Cases/Regression_TF_Customer/TC_1_Create_Banner" status="PASSED">
         <system-out><![CDATA[2018-11-12 12:02:30 - [TEST_CASE][PASSED] - Test Cases/Regression_TF_Customer/TC_1_Create_Banner: Test Cases/Regression_TF_Customer/TC_1_Create_Banner

2018-11-12 12:02:30 - [TEST_STEP][PASSED] - waitForPageLoad: Wait for page load successfully

2018-11-12 12:02:30 - [MESSAGE][PASSED] - Wait for page load successfully

2018-11-12 12:02:30 - [TEST_STEP][PASSED] - mouseOver: Object: 'Object Repository/TF_Customer_Create/Menu_Navigation_To_Open_All_Pages/0_Menu_Create_In_Data_View' is hovered

2018-11-12 12:02:30 - [MESSAGE][PASSED] - Object: 'Object Repository/TF_Customer_Create/Menu_Navigation_To_Open_All_Pages/0_Menu_Create_In_Data_View' is hovered

2018-11-12 12:02:30 - [TEST_STEP][PASSED] - waitForPageLoad: Wait for page load successfully

2018-11-12 12:02:30 - [MESSAGE][PASSED] - Wait for page load successfully

2018-11-12 12:02:30 - [TEST_STEP][PASSED] - mouseOver: Object: 'Object Repository/TF_Customer_Create/Menu_Navigation_To_Open_All_Pages/1_Menu_Create_Master_Data' is hovered

2018-11-12 12:02:30 - [MESSAGE][PASSED] - Object: 'Object Repository/TF_Customer_Create/Menu_Navigation_To_Open_All_Pages/1_Menu_Create_Master_Data' is hovered

2018-11-12 12:02:30 - [TEST_STEP][PASSED] - waitForPageLoad: Wait for page load successfully

2018-11-12 12:02:30 - [MESSAGE][PASSED] - Wait for page load successfully

2018-11-12 12:02:30 - [TEST_STEP][PASSED] - click: Object: 'Object Repository/TF_Customer_Create/1_Menu_Banner' is clicked on

2018-11-12 12:02:30 - [MESSAGE][PASSED] - Object: 'Object Repository/TF_Customer_Create/1_Menu_Banner' is clicked on

2018-11-12 12:02:30 - [TEST_STEP][PASSED] - waitForPageLoad: Wait for page load successfully

2018-11-12 12:02:30 - [MESSAGE][PASSED] - Wait for page load successfully

2018-11-12 12:02:30 - [TEST_STEP][NOT_RUN] - click: NOT_RUN: click

2018-11-12 12:02:30 - [MESSAGE][NOT_RUN] - NOT_RUN: click

2018-11-12 12:02:30 - [TEST_STEP][NOT_RUN] - delay: NOT_RUN: delay

2018-11-12 12:02:30 - [MESSAGE][NOT_RUN] - NOT_RUN: delay

2018-11-12 12:02:30 - [TEST_STEP][NOT_RUN] - click: NOT_RUN: click

2018-11-12 12:02:30 - [MESSAGE][NOT_RUN] - NOT_RUN: click

2018-11-12 12:02:30 - [TEST_STEP][NOT_RUN] - delay: NOT_RUN: delay

2018-11-12 12:02:30 - [MESSAGE][NOT_RUN] - NOT_RUN: delay

2018-11-12 12:02:30 - [TEST_STEP][NOT_RUN] - click: NOT_RUN: click

2018-11-12 12:02:30 - [MESSAGE][NOT_RUN] - NOT_RUN: click

2018-11-12 12:02:30 - [TEST_STEP][PASSED] - delay: Delayed 2 second(s)

2018-11-12 12:02:32 - [MESSAGE][PASSED] - Delayed 2 second(s)

2018-11-12 12:02:32 - [TEST_STEP][PASSED] - setText: Text 'Banner_Test_59' is set on object 'Object Repository/TF_Customer_Create/Create_Objects_And_Save/1_Create_Banner/Input_Banner_Name/input_Banner_Nm'

2018-11-12 12:02:33 - [MESSAGE][PASSED] - Text 'Banner_Test_59' is set on object 'Object Repository/TF_Customer_Create/Create_Objects_And_Save/1_Create_Banner/Input_Banner_Name/input_Banner_Nm'

2018-11-12 12:02:33 - [TEST_STEP][PASSED] - delay: Delayed 2 second(s)

2018-11-12 12:02:35 - [MESSAGE][PASSED] - Delayed 2 second(s)

2018-11-12 12:02:35 - [TEST_STEP][NOT_RUN] - click: NOT_RUN: click

2018-11-12 12:02:35 - [MESSAGE][NOT_RUN] - NOT_RUN: click

2018-11-12 12:02:35 - [TEST_STEP][PASSED] - click: Object: 'Object Repository/TF_Customer_Create/Click_Apply_Button/td_Apply' is clicked on

2018-11-12 12:02:35 - [MESSAGE][PASSED] - Object: 'Object Repository/TF_Customer_Create/Click_Apply_Button/td_Apply' is clicked on

2018-11-12 12:02:35 - [TEST_STEP][PASSED] - delay: Delayed 2 second(s)

2018-11-12 12:02:37 - [MESSAGE][PASSED] - Delayed 2 second(s)

2018-11-12 12:02:37 - [TEST_STEP][PASSED] - click: Object: 'Object Repository/TF_Customer_Create/Click_Save_Button/btn_Save' is clicked on

2018-11-12 12:02:37 - [MESSAGE][PASSED] - Object: 'Object Repository/TF_Customer_Create/Click_Save_Button/btn_Save' is clicked on

2018-11-12 12:02:37 - [TEST_STEP][PASSED] - delay: Delayed 2 second(s)

2018-11-12 12:02:39 - [MESSAGE][PASSED] - Delayed 2 second(s)

2018-11-12 12:02:39 - [TEST_STEP][NOT_RUN] - verifyElementPresent: NOT_RUN: verifyElementPresent

2018-11-12 12:02:39 - [MESSAGE][NOT_RUN] - NOT_RUN: verifyElementPresent

2018-11-12 12:02:39 - [TEST_STEP][PASSED] - verifyElementText: Actual text and expected text of test object 'Object Repository/TF_Customer_Create/Verify_Success_Message/Success_Message' are matched.

2018-11-12 12:02:40 - [MESSAGE][PASSED] - Actual text and expected text of test object 'Object Repository/TF_Customer_Create/Verify_Success_Message/Success_Message' are matched.

2018-11-12 12:02:40 - [TEST_STEP][NOT_RUN] - verifyTextPresent: NOT_RUN: verifyTextPresent

2018-11-12 12:02:40 - [MESSAGE][NOT_RUN] - NOT_RUN: verifyTextPresent

2018-11-12 12:02:40 - [TEST_STEP][NOT_RUN] - Statement - text = com.kms.katalon.core.webui.keyword.WebUiBuiltInKeywords.getText(com.kms.katalon.core.testobject.ObjectRepository.findTestObject(TF_Customer_Create/Verify_Success_Message/Success_Message)): NOT_RUN: Statement - text = com.kms.katalon.core.webui.keyword.WebUiBuiltInKeywords.getText(com.kms.katalon.core.testobject.ObjectRepository.findTestObject(TF_Customer_Create/Verify_Success_Message/Success_Message))

2018-11-12 12:02:40 - [MESSAGE][NOT_RUN] - NOT_RUN: Statement - text = com.kms.katalon.core.webui.keyword.WebUiBuiltInKeywords.getText(com.kms.katalon.core.testobject.ObjectRepository.findTestObject(TF_Customer_Create/Verify_Success_Message/Success_Message))

2018-11-12 12:02:40 - [TEST_STEP][NOT_RUN] - Statement - If (text.contains("Record has been saved successfully.", CONTINUE_ON_FAILURE)): NOT_RUN: Statement - If (text.contains("Record has been saved successfully.", CONTINUE_ON_FAILURE))

2018-11-12 12:02:40 - [MESSAGE][NOT_RUN] - NOT_RUN: Statement - If (text.contains("Record has been saved successfully.", CONTINUE_ON_FAILURE))

2018-11-12 12:02:40 - [TEST_STEP][PASSED] - click: Object: 'Object Repository/TF_Customer_Create/Create_Objects_And_Save/1_Create_Banner/span_Data_Tab' is clicked on

2018-11-12 12:02:40 - [MESSAGE][PASSED] - Object: 'Object Repository/TF_Customer_Create/Create_Objects_And_Save/1_Create_Banner/span_Data_Tab' is clicked on

2018-11-12 12:02:40 - [TEST_STEP][PASSED] - delay: Delayed 1 second(s)

2018-11-12 12:02:41 - [MESSAGE][PASSED] - Delayed 1 second(s)

2018-11-12 12:02:41 - [TEST_STEP][PASSED] - click: Object: 'Object Repository/TF_Customer_Create/Click_Close_Button/btn_Close' is clicked on

2018-11-12 12:02:41 - [MESSAGE][PASSED] - Object: 'Object Repository/TF_Customer_Create/Click_Close_Button/btn_Close' is clicked on

2018-11-12 12:02:41 - [TEST_STEP][PASSED] - delay: Delayed 1 second(s)

2018-11-12 12:02:42 - [MESSAGE][PASSED] - Delayed 1 second(s)

2018-11-12 12:02:42 - [TEST_STEP][NOT_RUN] - Statement - row_MTCH = CustomKeywords.tradeFunds.TF_Regression.verifyBanner(ora_connt, ora_usr, ora_psswrd, ora_schema): NOT_RUN: Statement - row_MTCH = CustomKeywords.tradeFunds.TF_Regression.verifyBanner(ora_connt, ora_usr, ora_psswrd, ora_schema)

2018-11-12 12:02:42 - [MESSAGE][NOT_RUN] - NOT_RUN: Statement - row_MTCH = CustomKeywords.tradeFunds.TF_Regression.verifyBanner(ora_connt, ora_usr, ora_psswrd, ora_schema)

2018-11-12 12:02:42 - [TEST_STEP][NOT_RUN] - Statement - println("MTCH_Banner_Name"): NOT_RUN: Statement - println("MTCH_Banner_Name")

2018-11-12 12:02:42 - [MESSAGE][NOT_RUN] - NOT_RUN: Statement - println("MTCH_Banner_Name")

2018-11-12 12:02:42 - [TEST_STEP][NOT_RUN] - verifyEqual: NOT_RUN: verifyEqual

2018-11-12 12:02:42 - [MESSAGE][NOT_RUN] - NOT_RUN: verifyEqual]]></system-out>
         <system-err><![CDATA[]]></system-err>
      </testcase>
      <testcase name="Test Cases/Regression_TF_Customer/TC_1_Create_Banner" classname="Test Cases/Regression_TF_Customer/TC_1_Create_Banner" status="PASSED">
         <system-out><![CDATA[2018-11-12 12:02:42 - [TEST_CASE][PASSED] - Test Cases/Regression_TF_Customer/TC_1_Create_Banner: Test Cases/Regression_TF_Customer/TC_1_Create_Banner

2018-11-12 12:02:42 - [TEST_STEP][PASSED] - waitForPageLoad: Wait for page load successfully

2018-11-12 12:02:42 - [MESSAGE][PASSED] - Wait for page load successfully

2018-11-12 12:02:42 - [TEST_STEP][PASSED] - mouseOver: Object: 'Object Repository/TF_Customer_Create/Menu_Navigation_To_Open_All_Pages/0_Menu_Create_In_Data_View' is hovered

2018-11-12 12:02:42 - [MESSAGE][PASSED] - Object: 'Object Repository/TF_Customer_Create/Menu_Navigation_To_Open_All_Pages/0_Menu_Create_In_Data_View' is hovered

2018-11-12 12:02:42 - [TEST_STEP][PASSED] - waitForPageLoad: Wait for page load successfully

2018-11-12 12:02:42 - [MESSAGE][PASSED] - Wait for page load successfully

2018-11-12 12:02:42 - [TEST_STEP][PASSED] - mouseOver: Object: 'Object Repository/TF_Customer_Create/Menu_Navigation_To_Open_All_Pages/1_Menu_Create_Master_Data' is hovered

2018-11-12 12:02:42 - [MESSAGE][PASSED] - Object: 'Object Repository/TF_Customer_Create/Menu_Navigation_To_Open_All_Pages/1_Menu_Create_Master_Data' is hovered

2018-11-12 12:02:42 - [TEST_STEP][PASSED] - waitForPageLoad: Wait for page load successfully

2018-11-12 12:02:42 - [MESSAGE][PASSED] - Wait for page load successfully

2018-11-12 12:02:42 - [TEST_STEP][PASSED] - click: Object: 'Object Repository/TF_Customer_Create/1_Menu_Banner' is clicked on

2018-11-12 12:02:43 - [MESSAGE][PASSED] - Object: 'Object Repository/TF_Customer_Create/1_Menu_Banner' is clicked on

2018-11-12 12:02:43 - [TEST_STEP][PASSED] - waitForPageLoad: Wait for page load successfully

2018-11-12 12:02:43 - [MESSAGE][PASSED] - Wait for page load successfully

2018-11-12 12:02:43 - [TEST_STEP][NOT_RUN] - click: NOT_RUN: click

2018-11-12 12:02:43 - [MESSAGE][NOT_RUN] - NOT_RUN: click

2018-11-12 12:02:43 - [TEST_STEP][NOT_RUN] - delay: NOT_RUN: delay

2018-11-12 12:02:43 - [MESSAGE][NOT_RUN] - NOT_RUN: delay

2018-11-12 12:02:43 - [TEST_STEP][NOT_RUN] - click: NOT_RUN: click

2018-11-12 12:02:43 - [MESSAGE][NOT_RUN] - NOT_RUN: click

2018-11-12 12:02:43 - [TEST_STEP][NOT_RUN] - delay: NOT_RUN: delay

2018-11-12 12:02:43 - [MESSAGE][NOT_RUN] - NOT_RUN: delay

2018-11-12 12:02:43 - [TEST_STEP][NOT_RUN] - click: NOT_RUN: click

2018-11-12 12:02:43 - [MESSAGE][NOT_RUN] - NOT_RUN: click

2018-11-12 12:02:43 - [TEST_STEP][PASSED] - delay: Delayed 2 second(s)

2018-11-12 12:02:45 - [MESSAGE][PASSED] - Delayed 2 second(s)

2018-11-12 12:02:45 - [TEST_STEP][PASSED] - setText: Text 'Banner_Test_60' is set on object 'Object Repository/TF_Customer_Create/Create_Objects_And_Save/1_Create_Banner/Input_Banner_Name/input_Banner_Nm'

2018-11-12 12:02:45 - [MESSAGE][PASSED] - Text 'Banner_Test_60' is set on object 'Object Repository/TF_Customer_Create/Create_Objects_And_Save/1_Create_Banner/Input_Banner_Name/input_Banner_Nm'

2018-11-12 12:02:45 - [TEST_STEP][PASSED] - delay: Delayed 2 second(s)

2018-11-12 12:02:47 - [MESSAGE][PASSED] - Delayed 2 second(s)

2018-11-12 12:02:47 - [TEST_STEP][NOT_RUN] - click: NOT_RUN: click

2018-11-12 12:02:47 - [MESSAGE][NOT_RUN] - NOT_RUN: click

2018-11-12 12:02:47 - [TEST_STEP][PASSED] - click: Object: 'Object Repository/TF_Customer_Create/Click_Apply_Button/td_Apply' is clicked on

2018-11-12 12:02:47 - [MESSAGE][PASSED] - Object: 'Object Repository/TF_Customer_Create/Click_Apply_Button/td_Apply' is clicked on

2018-11-12 12:02:47 - [TEST_STEP][PASSED] - delay: Delayed 2 second(s)

2018-11-12 12:02:49 - [MESSAGE][PASSED] - Delayed 2 second(s)

2018-11-12 12:02:49 - [TEST_STEP][PASSED] - click: Object: 'Object Repository/TF_Customer_Create/Click_Save_Button/btn_Save' is clicked on

2018-11-12 12:02:49 - [MESSAGE][PASSED] - Object: 'Object Repository/TF_Customer_Create/Click_Save_Button/btn_Save' is clicked on

2018-11-12 12:02:49 - [TEST_STEP][PASSED] - delay: Delayed 2 second(s)

2018-11-12 12:02:51 - [MESSAGE][PASSED] - Delayed 2 second(s)

2018-11-12 12:02:51 - [TEST_STEP][NOT_RUN] - verifyElementPresent: NOT_RUN: verifyElementPresent

2018-11-12 12:02:51 - [MESSAGE][NOT_RUN] - NOT_RUN: verifyElementPresent

2018-11-12 12:02:51 - [TEST_STEP][PASSED] - verifyElementText: Actual text and expected text of test object 'Object Repository/TF_Customer_Create/Verify_Success_Message/Success_Message' are matched.

2018-11-12 12:02:52 - [MESSAGE][PASSED] - Actual text and expected text of test object 'Object Repository/TF_Customer_Create/Verify_Success_Message/Success_Message' are matched.

2018-11-12 12:02:52 - [TEST_STEP][NOT_RUN] - verifyTextPresent: NOT_RUN: verifyTextPresent

2018-11-12 12:02:52 - [MESSAGE][NOT_RUN] - NOT_RUN: verifyTextPresent

2018-11-12 12:02:52 - [TEST_STEP][NOT_RUN] - Statement - text = com.kms.katalon.core.webui.keyword.WebUiBuiltInKeywords.getText(com.kms.katalon.core.testobject.ObjectRepository.findTestObject(TF_Customer_Create/Verify_Success_Message/Success_Message)): NOT_RUN: Statement - text = com.kms.katalon.core.webui.keyword.WebUiBuiltInKeywords.getText(com.kms.katalon.core.testobject.ObjectRepository.findTestObject(TF_Customer_Create/Verify_Success_Message/Success_Message))

2018-11-12 12:02:52 - [MESSAGE][NOT_RUN] - NOT_RUN: Statement - text = com.kms.katalon.core.webui.keyword.WebUiBuiltInKeywords.getText(com.kms.katalon.core.testobject.ObjectRepository.findTestObject(TF_Customer_Create/Verify_Success_Message/Success_Message))

2018-11-12 12:02:52 - [TEST_STEP][NOT_RUN] - Statement - If (text.contains("Record has been saved successfully.", CONTINUE_ON_FAILURE)): NOT_RUN: Statement - If (text.contains("Record has been saved successfully.", CONTINUE_ON_FAILURE))

2018-11-12 12:02:52 - [MESSAGE][NOT_RUN] - NOT_RUN: Statement - If (text.contains("Record has been saved successfully.", CONTINUE_ON_FAILURE))

2018-11-12 12:02:52 - [TEST_STEP][PASSED] - click: Object: 'Object Repository/TF_Customer_Create/Create_Objects_And_Save/1_Create_Banner/span_Data_Tab' is clicked on

2018-11-12 12:02:52 - [MESSAGE][PASSED] - Object: 'Object Repository/TF_Customer_Create/Create_Objects_And_Save/1_Create_Banner/span_Data_Tab' is clicked on

2018-11-12 12:02:52 - [TEST_STEP][PASSED] - delay: Delayed 1 second(s)

2018-11-12 12:02:53 - [MESSAGE][PASSED] - Delayed 1 second(s)

2018-11-12 12:02:53 - [TEST_STEP][PASSED] - click: Object: 'Object Repository/TF_Customer_Create/Click_Close_Button/btn_Close' is clicked on

2018-11-12 12:02:53 - [MESSAGE][PASSED] - Object: 'Object Repository/TF_Customer_Create/Click_Close_Button/btn_Close' is clicked on

2018-11-12 12:02:53 - [TEST_STEP][PASSED] - delay: Delayed 1 second(s)

2018-11-12 12:02:54 - [MESSAGE][PASSED] - Delayed 1 second(s)

2018-11-12 12:02:54 - [TEST_STEP][NOT_RUN] - Statement - row_MTCH = CustomKeywords.tradeFunds.TF_Regression.verifyBanner(ora_connt, ora_usr, ora_psswrd, ora_schema): NOT_RUN: Statement - row_MTCH = CustomKeywords.tradeFunds.TF_Regression.verifyBanner(ora_connt, ora_usr, ora_psswrd, ora_schema)

2018-11-12 12:02:54 - [MESSAGE][NOT_RUN] - NOT_RUN: Statement - row_MTCH = CustomKeywords.tradeFunds.TF_Regression.verifyBanner(ora_connt, ora_usr, ora_psswrd, ora_schema)

2018-11-12 12:02:54 - [TEST_STEP][NOT_RUN] - Statement - println("MTCH_Banner_Name"): NOT_RUN: Statement - println("MTCH_Banner_Name")

2018-11-12 12:02:54 - [MESSAGE][NOT_RUN] - NOT_RUN: Statement - println("MTCH_Banner_Name")

2018-11-12 12:02:54 - [TEST_STEP][NOT_RUN] - verifyEqual: NOT_RUN: verifyEqual

2018-11-12 12:02:54 - [MESSAGE][NOT_RUN] - NOT_RUN: verifyEqual]]></system-out>
         <system-err><![CDATA[]]></system-err>
      </testcase>
      <testcase name="Test Cases/Regression_TF_Customer/TC_1_Create_Banner" classname="Test Cases/Regression_TF_Customer/TC_1_Create_Banner" status="PASSED">
         <system-out><![CDATA[2018-11-12 12:02:54 - [TEST_CASE][PASSED] - Test Cases/Regression_TF_Customer/TC_1_Create_Banner: Test Cases/Regression_TF_Customer/TC_1_Create_Banner

2018-11-12 12:02:54 - [TEST_STEP][PASSED] - waitForPageLoad: Wait for page load successfully

2018-11-12 12:02:54 - [MESSAGE][PASSED] - Wait for page load successfully

2018-11-12 12:02:54 - [TEST_STEP][PASSED] - mouseOver: Object: 'Object Repository/TF_Customer_Create/Menu_Navigation_To_Open_All_Pages/0_Menu_Create_In_Data_View' is hovered

2018-11-12 12:02:54 - [MESSAGE][PASSED] - Object: 'Object Repository/TF_Customer_Create/Menu_Navigation_To_Open_All_Pages/0_Menu_Create_In_Data_View' is hovered

2018-11-12 12:02:54 - [TEST_STEP][PASSED] - waitForPageLoad: Wait for page load successfully

2018-11-12 12:02:54 - [MESSAGE][PASSED] - Wait for page load successfully

2018-11-12 12:02:54 - [TEST_STEP][PASSED] - mouseOver: Object: 'Object Repository/TF_Customer_Create/Menu_Navigation_To_Open_All_Pages/1_Menu_Create_Master_Data' is hovered

2018-11-12 12:02:54 - [MESSAGE][PASSED] - Object: 'Object Repository/TF_Customer_Create/Menu_Navigation_To_Open_All_Pages/1_Menu_Create_Master_Data' is hovered

2018-11-12 12:02:54 - [TEST_STEP][PASSED] - waitForPageLoad: Wait for page load successfully

2018-11-12 12:02:54 - [MESSAGE][PASSED] - Wait for page load successfully

2018-11-12 12:02:54 - [TEST_STEP][PASSED] - click: Object: 'Object Repository/TF_Customer_Create/1_Menu_Banner' is clicked on

2018-11-12 12:02:55 - [MESSAGE][PASSED] - Object: 'Object Repository/TF_Customer_Create/1_Menu_Banner' is clicked on

2018-11-12 12:02:55 - [TEST_STEP][PASSED] - waitForPageLoad: Wait for page load successfully

2018-11-12 12:02:55 - [MESSAGE][PASSED] - Wait for page load successfully

2018-11-12 12:02:55 - [TEST_STEP][NOT_RUN] - click: NOT_RUN: click

2018-11-12 12:02:55 - [MESSAGE][NOT_RUN] - NOT_RUN: click

2018-11-12 12:02:55 - [TEST_STEP][NOT_RUN] - delay: NOT_RUN: delay

2018-11-12 12:02:55 - [MESSAGE][NOT_RUN] - NOT_RUN: delay

2018-11-12 12:02:55 - [TEST_STEP][NOT_RUN] - click: NOT_RUN: click

2018-11-12 12:02:55 - [MESSAGE][NOT_RUN] - NOT_RUN: click

2018-11-12 12:02:55 - [TEST_STEP][NOT_RUN] - delay: NOT_RUN: delay

2018-11-12 12:02:55 - [MESSAGE][NOT_RUN] - NOT_RUN: delay

2018-11-12 12:02:55 - [TEST_STEP][NOT_RUN] - click: NOT_RUN: click

2018-11-12 12:02:55 - [MESSAGE][NOT_RUN] - NOT_RUN: click

2018-11-12 12:02:55 - [TEST_STEP][PASSED] - delay: Delayed 2 second(s)

2018-11-12 12:02:57 - [MESSAGE][PASSED] - Delayed 2 second(s)

2018-11-12 12:02:57 - [TEST_STEP][PASSED] - setText: Text 'Banner_Test_61' is set on object 'Object Repository/TF_Customer_Create/Create_Objects_And_Save/1_Create_Banner/Input_Banner_Name/input_Banner_Nm'

2018-11-12 12:02:57 - [MESSAGE][PASSED] - Text 'Banner_Test_61' is set on object 'Object Repository/TF_Customer_Create/Create_Objects_And_Save/1_Create_Banner/Input_Banner_Name/input_Banner_Nm'

2018-11-12 12:02:57 - [TEST_STEP][PASSED] - delay: Delayed 2 second(s)

2018-11-12 12:02:59 - [MESSAGE][PASSED] - Delayed 2 second(s)

2018-11-12 12:02:59 - [TEST_STEP][NOT_RUN] - click: NOT_RUN: click

2018-11-12 12:02:59 - [MESSAGE][NOT_RUN] - NOT_RUN: click

2018-11-12 12:02:59 - [TEST_STEP][PASSED] - click: Object: 'Object Repository/TF_Customer_Create/Click_Apply_Button/td_Apply' is clicked on

2018-11-12 12:02:59 - [MESSAGE][PASSED] - Object: 'Object Repository/TF_Customer_Create/Click_Apply_Button/td_Apply' is clicked on

2018-11-12 12:02:59 - [TEST_STEP][PASSED] - delay: Delayed 2 second(s)

2018-11-12 12:03:01 - [MESSAGE][PASSED] - Delayed 2 second(s)

2018-11-12 12:03:01 - [TEST_STEP][PASSED] - click: Object: 'Object Repository/TF_Customer_Create/Click_Save_Button/btn_Save' is clicked on

2018-11-12 12:03:01 - [MESSAGE][PASSED] - Object: 'Object Repository/TF_Customer_Create/Click_Save_Button/btn_Save' is clicked on

2018-11-12 12:03:01 - [TEST_STEP][PASSED] - delay: Delayed 2 second(s)

2018-11-12 12:03:03 - [MESSAGE][PASSED] - Delayed 2 second(s)

2018-11-12 12:03:03 - [TEST_STEP][NOT_RUN] - verifyElementPresent: NOT_RUN: verifyElementPresent

2018-11-12 12:03:03 - [MESSAGE][NOT_RUN] - NOT_RUN: verifyElementPresent

2018-11-12 12:03:03 - [TEST_STEP][PASSED] - verifyElementText: Actual text and expected text of test object 'Object Repository/TF_Customer_Create/Verify_Success_Message/Success_Message' are matched.

2018-11-12 12:03:04 - [MESSAGE][PASSED] - Actual text and expected text of test object 'Object Repository/TF_Customer_Create/Verify_Success_Message/Success_Message' are matched.

2018-11-12 12:03:04 - [TEST_STEP][NOT_RUN] - verifyTextPresent: NOT_RUN: verifyTextPresent

2018-11-12 12:03:04 - [MESSAGE][NOT_RUN] - NOT_RUN: verifyTextPresent

2018-11-12 12:03:04 - [TEST_STEP][NOT_RUN] - Statement - text = com.kms.katalon.core.webui.keyword.WebUiBuiltInKeywords.getText(com.kms.katalon.core.testobject.ObjectRepository.findTestObject(TF_Customer_Create/Verify_Success_Message/Success_Message)): NOT_RUN: Statement - text = com.kms.katalon.core.webui.keyword.WebUiBuiltInKeywords.getText(com.kms.katalon.core.testobject.ObjectRepository.findTestObject(TF_Customer_Create/Verify_Success_Message/Success_Message))

2018-11-12 12:03:04 - [MESSAGE][NOT_RUN] - NOT_RUN: Statement - text = com.kms.katalon.core.webui.keyword.WebUiBuiltInKeywords.getText(com.kms.katalon.core.testobject.ObjectRepository.findTestObject(TF_Customer_Create/Verify_Success_Message/Success_Message))

2018-11-12 12:03:04 - [TEST_STEP][NOT_RUN] - Statement - If (text.contains("Record has been saved successfully.", CONTINUE_ON_FAILURE)): NOT_RUN: Statement - If (text.contains("Record has been saved successfully.", CONTINUE_ON_FAILURE))

2018-11-12 12:03:04 - [MESSAGE][NOT_RUN] - NOT_RUN: Statement - If (text.contains("Record has been saved successfully.", CONTINUE_ON_FAILURE))

2018-11-12 12:03:04 - [TEST_STEP][PASSED] - click: Object: 'Object Repository/TF_Customer_Create/Create_Objects_And_Save/1_Create_Banner/span_Data_Tab' is clicked on

2018-11-12 12:03:04 - [MESSAGE][PASSED] - Object: 'Object Repository/TF_Customer_Create/Create_Objects_And_Save/1_Create_Banner/span_Data_Tab' is clicked on

2018-11-12 12:03:04 - [TEST_STEP][PASSED] - delay: Delayed 1 second(s)

2018-11-12 12:03:05 - [MESSAGE][PASSED] - Delayed 1 second(s)

2018-11-12 12:03:05 - [TEST_STEP][PASSED] - click: Object: 'Object Repository/TF_Customer_Create/Click_Close_Button/btn_Close' is clicked on

2018-11-12 12:03:05 - [MESSAGE][PASSED] - Object: 'Object Repository/TF_Customer_Create/Click_Close_Button/btn_Close' is clicked on

2018-11-12 12:03:05 - [TEST_STEP][PASSED] - delay: Delayed 1 second(s)

2018-11-12 12:03:06 - [MESSAGE][PASSED] - Delayed 1 second(s)

2018-11-12 12:03:06 - [TEST_STEP][NOT_RUN] - Statement - row_MTCH = CustomKeywords.tradeFunds.TF_Regression.verifyBanner(ora_connt, ora_usr, ora_psswrd, ora_schema): NOT_RUN: Statement - row_MTCH = CustomKeywords.tradeFunds.TF_Regression.verifyBanner(ora_connt, ora_usr, ora_psswrd, ora_schema)

2018-11-12 12:03:06 - [MESSAGE][NOT_RUN] - NOT_RUN: Statement - row_MTCH = CustomKeywords.tradeFunds.TF_Regression.verifyBanner(ora_connt, ora_usr, ora_psswrd, ora_schema)

2018-11-12 12:03:06 - [TEST_STEP][NOT_RUN] - Statement - println("MTCH_Banner_Name"): NOT_RUN: Statement - println("MTCH_Banner_Name")

2018-11-12 12:03:06 - [MESSAGE][NOT_RUN] - NOT_RUN: Statement - println("MTCH_Banner_Name")

2018-11-12 12:03:06 - [TEST_STEP][NOT_RUN] - verifyEqual: NOT_RUN: verifyEqual

2018-11-12 12:03:06 - [MESSAGE][NOT_RUN] - NOT_RUN: verifyEqual]]></system-out>
         <system-err><![CDATA[]]></system-err>
      </testcase>
      <testcase name="Test Cases/Regression_TF_Customer/TC_1_Create_Banner" classname="Test Cases/Regression_TF_Customer/TC_1_Create_Banner" status="PASSED">
         <system-out><![CDATA[2018-11-12 12:03:06 - [TEST_CASE][PASSED] - Test Cases/Regression_TF_Customer/TC_1_Create_Banner: Test Cases/Regression_TF_Customer/TC_1_Create_Banner

2018-11-12 12:03:06 - [TEST_STEP][PASSED] - waitForPageLoad: Wait for page load successfully

2018-11-12 12:03:06 - [MESSAGE][PASSED] - Wait for page load successfully

2018-11-12 12:03:06 - [TEST_STEP][PASSED] - mouseOver: Object: 'Object Repository/TF_Customer_Create/Menu_Navigation_To_Open_All_Pages/0_Menu_Create_In_Data_View' is hovered

2018-11-12 12:03:06 - [MESSAGE][PASSED] - Object: 'Object Repository/TF_Customer_Create/Menu_Navigation_To_Open_All_Pages/0_Menu_Create_In_Data_View' is hovered

2018-11-12 12:03:06 - [TEST_STEP][PASSED] - waitForPageLoad: Wait for page load successfully

2018-11-12 12:03:06 - [MESSAGE][PASSED] - Wait for page load successfully

2018-11-12 12:03:06 - [TEST_STEP][PASSED] - mouseOver: Object: 'Object Repository/TF_Customer_Create/Menu_Navigation_To_Open_All_Pages/1_Menu_Create_Master_Data' is hovered

2018-11-12 12:03:06 - [MESSAGE][PASSED] - Object: 'Object Repository/TF_Customer_Create/Menu_Navigation_To_Open_All_Pages/1_Menu_Create_Master_Data' is hovered

2018-11-12 12:03:06 - [TEST_STEP][PASSED] - waitForPageLoad: Wait for page load successfully

2018-11-12 12:03:06 - [MESSAGE][PASSED] - Wait for page load successfully

2018-11-12 12:03:06 - [TEST_STEP][PASSED] - click: Object: 'Object Repository/TF_Customer_Create/1_Menu_Banner' is clicked on

2018-11-12 12:03:07 - [MESSAGE][PASSED] - Object: 'Object Repository/TF_Customer_Create/1_Menu_Banner' is clicked on

2018-11-12 12:03:07 - [TEST_STEP][PASSED] - waitForPageLoad: Wait for page load successfully

2018-11-12 12:03:07 - [MESSAGE][PASSED] - Wait for page load successfully

2018-11-12 12:03:07 - [TEST_STEP][NOT_RUN] - click: NOT_RUN: click

2018-11-12 12:03:07 - [MESSAGE][NOT_RUN] - NOT_RUN: click

2018-11-12 12:03:07 - [TEST_STEP][NOT_RUN] - delay: NOT_RUN: delay

2018-11-12 12:03:07 - [MESSAGE][NOT_RUN] - NOT_RUN: delay

2018-11-12 12:03:07 - [TEST_STEP][NOT_RUN] - click: NOT_RUN: click

2018-11-12 12:03:07 - [MESSAGE][NOT_RUN] - NOT_RUN: click

2018-11-12 12:03:07 - [TEST_STEP][NOT_RUN] - delay: NOT_RUN: delay

2018-11-12 12:03:07 - [MESSAGE][NOT_RUN] - NOT_RUN: delay

2018-11-12 12:03:07 - [TEST_STEP][NOT_RUN] - click: NOT_RUN: click

2018-11-12 12:03:07 - [MESSAGE][NOT_RUN] - NOT_RUN: click

2018-11-12 12:03:07 - [TEST_STEP][PASSED] - delay: Delayed 2 second(s)

2018-11-12 12:03:09 - [MESSAGE][PASSED] - Delayed 2 second(s)

2018-11-12 12:03:09 - [TEST_STEP][PASSED] - setText: Text 'Banner_Test_62' is set on object 'Object Repository/TF_Customer_Create/Create_Objects_And_Save/1_Create_Banner/Input_Banner_Name/input_Banner_Nm'

2018-11-12 12:03:09 - [MESSAGE][PASSED] - Text 'Banner_Test_62' is set on object 'Object Repository/TF_Customer_Create/Create_Objects_And_Save/1_Create_Banner/Input_Banner_Name/input_Banner_Nm'

2018-11-12 12:03:09 - [TEST_STEP][PASSED] - delay: Delayed 2 second(s)

2018-11-12 12:03:11 - [MESSAGE][PASSED] - Delayed 2 second(s)

2018-11-12 12:03:11 - [TEST_STEP][NOT_RUN] - click: NOT_RUN: click

2018-11-12 12:03:11 - [MESSAGE][NOT_RUN] - NOT_RUN: click

2018-11-12 12:03:11 - [TEST_STEP][PASSED] - click: Object: 'Object Repository/TF_Customer_Create/Click_Apply_Button/td_Apply' is clicked on

2018-11-12 12:03:11 - [MESSAGE][PASSED] - Object: 'Object Repository/TF_Customer_Create/Click_Apply_Button/td_Apply' is clicked on

2018-11-12 12:03:11 - [TEST_STEP][PASSED] - delay: Delayed 2 second(s)

2018-11-12 12:03:13 - [MESSAGE][PASSED] - Delayed 2 second(s)

2018-11-12 12:03:13 - [TEST_STEP][PASSED] - click: Object: 'Object Repository/TF_Customer_Create/Click_Save_Button/btn_Save' is clicked on

2018-11-12 12:03:13 - [MESSAGE][PASSED] - Object: 'Object Repository/TF_Customer_Create/Click_Save_Button/btn_Save' is clicked on

2018-11-12 12:03:13 - [TEST_STEP][PASSED] - delay: Delayed 2 second(s)

2018-11-12 12:03:15 - [MESSAGE][PASSED] - Delayed 2 second(s)

2018-11-12 12:03:15 - [TEST_STEP][NOT_RUN] - verifyElementPresent: NOT_RUN: verifyElementPresent

2018-11-12 12:03:15 - [MESSAGE][NOT_RUN] - NOT_RUN: verifyElementPresent

2018-11-12 12:03:15 - [TEST_STEP][PASSED] - verifyElementText: Actual text and expected text of test object 'Object Repository/TF_Customer_Create/Verify_Success_Message/Success_Message' are matched.

2018-11-12 12:03:16 - [MESSAGE][PASSED] - Actual text and expected text of test object 'Object Repository/TF_Customer_Create/Verify_Success_Message/Success_Message' are matched.

2018-11-12 12:03:16 - [TEST_STEP][NOT_RUN] - verifyTextPresent: NOT_RUN: verifyTextPresent

2018-11-12 12:03:16 - [MESSAGE][NOT_RUN] - NOT_RUN: verifyTextPresent

2018-11-12 12:03:16 - [TEST_STEP][NOT_RUN] - Statement - text = com.kms.katalon.core.webui.keyword.WebUiBuiltInKeywords.getText(com.kms.katalon.core.testobject.ObjectRepository.findTestObject(TF_Customer_Create/Verify_Success_Message/Success_Message)): NOT_RUN: Statement - text = com.kms.katalon.core.webui.keyword.WebUiBuiltInKeywords.getText(com.kms.katalon.core.testobject.ObjectRepository.findTestObject(TF_Customer_Create/Verify_Success_Message/Success_Message))

2018-11-12 12:03:16 - [MESSAGE][NOT_RUN] - NOT_RUN: Statement - text = com.kms.katalon.core.webui.keyword.WebUiBuiltInKeywords.getText(com.kms.katalon.core.testobject.ObjectRepository.findTestObject(TF_Customer_Create/Verify_Success_Message/Success_Message))

2018-11-12 12:03:16 - [TEST_STEP][NOT_RUN] - Statement - If (text.contains("Record has been saved successfully.", CONTINUE_ON_FAILURE)): NOT_RUN: Statement - If (text.contains("Record has been saved successfully.", CONTINUE_ON_FAILURE))

2018-11-12 12:03:16 - [MESSAGE][NOT_RUN] - NOT_RUN: Statement - If (text.contains("Record has been saved successfully.", CONTINUE_ON_FAILURE))

2018-11-12 12:03:16 - [TEST_STEP][PASSED] - click: Object: 'Object Repository/TF_Customer_Create/Create_Objects_And_Save/1_Create_Banner/span_Data_Tab' is clicked on

2018-11-12 12:03:16 - [MESSAGE][PASSED] - Object: 'Object Repository/TF_Customer_Create/Create_Objects_And_Save/1_Create_Banner/span_Data_Tab' is clicked on

2018-11-12 12:03:16 - [TEST_STEP][PASSED] - delay: Delayed 1 second(s)

2018-11-12 12:03:17 - [MESSAGE][PASSED] - Delayed 1 second(s)

2018-11-12 12:03:17 - [TEST_STEP][PASSED] - click: Object: 'Object Repository/TF_Customer_Create/Click_Close_Button/btn_Close' is clicked on

2018-11-12 12:03:17 - [MESSAGE][PASSED] - Object: 'Object Repository/TF_Customer_Create/Click_Close_Button/btn_Close' is clicked on

2018-11-12 12:03:17 - [TEST_STEP][PASSED] - delay: Delayed 1 second(s)

2018-11-12 12:03:18 - [MESSAGE][PASSED] - Delayed 1 second(s)

2018-11-12 12:03:18 - [TEST_STEP][NOT_RUN] - Statement - row_MTCH = CustomKeywords.tradeFunds.TF_Regression.verifyBanner(ora_connt, ora_usr, ora_psswrd, ora_schema): NOT_RUN: Statement - row_MTCH = CustomKeywords.tradeFunds.TF_Regression.verifyBanner(ora_connt, ora_usr, ora_psswrd, ora_schema)

2018-11-12 12:03:18 - [MESSAGE][NOT_RUN] - NOT_RUN: Statement - row_MTCH = CustomKeywords.tradeFunds.TF_Regression.verifyBanner(ora_connt, ora_usr, ora_psswrd, ora_schema)

2018-11-12 12:03:18 - [TEST_STEP][NOT_RUN] - Statement - println("MTCH_Banner_Name"): NOT_RUN: Statement - println("MTCH_Banner_Name")

2018-11-12 12:03:18 - [MESSAGE][NOT_RUN] - NOT_RUN: Statement - println("MTCH_Banner_Name")

2018-11-12 12:03:18 - [TEST_STEP][NOT_RUN] - verifyEqual: NOT_RUN: verifyEqual

2018-11-12 12:03:18 - [MESSAGE][NOT_RUN] - NOT_RUN: verifyEqual]]></system-out>
         <system-err><![CDATA[]]></system-err>
      </testcase>
      <testcase name="Test Cases/Regression_TF_Customer/TC_1_Create_Banner" classname="Test Cases/Regression_TF_Customer/TC_1_Create_Banner" status="PASSED">
         <system-out><![CDATA[2018-11-12 12:03:18 - [TEST_CASE][PASSED] - Test Cases/Regression_TF_Customer/TC_1_Create_Banner: Test Cases/Regression_TF_Customer/TC_1_Create_Banner

2018-11-12 12:03:18 - [TEST_STEP][PASSED] - waitForPageLoad: Wait for page load successfully

2018-11-12 12:03:18 - [MESSAGE][PASSED] - Wait for page load successfully

2018-11-12 12:03:18 - [TEST_STEP][PASSED] - mouseOver: Object: 'Object Repository/TF_Customer_Create/Menu_Navigation_To_Open_All_Pages/0_Menu_Create_In_Data_View' is hovered

2018-11-12 12:03:18 - [MESSAGE][PASSED] - Object: 'Object Repository/TF_Customer_Create/Menu_Navigation_To_Open_All_Pages/0_Menu_Create_In_Data_View' is hovered

2018-11-12 12:03:18 - [TEST_STEP][PASSED] - waitForPageLoad: Wait for page load successfully

2018-11-12 12:03:18 - [MESSAGE][PASSED] - Wait for page load successfully

2018-11-12 12:03:18 - [TEST_STEP][PASSED] - mouseOver: Object: 'Object Repository/TF_Customer_Create/Menu_Navigation_To_Open_All_Pages/1_Menu_Create_Master_Data' is hovered

2018-11-12 12:03:18 - [MESSAGE][PASSED] - Object: 'Object Repository/TF_Customer_Create/Menu_Navigation_To_Open_All_Pages/1_Menu_Create_Master_Data' is hovered

2018-11-12 12:03:18 - [TEST_STEP][PASSED] - waitForPageLoad: Wait for page load successfully

2018-11-12 12:03:18 - [MESSAGE][PASSED] - Wait for page load successfully

2018-11-12 12:03:18 - [TEST_STEP][PASSED] - click: Object: 'Object Repository/TF_Customer_Create/1_Menu_Banner' is clicked on

2018-11-12 12:03:19 - [MESSAGE][PASSED] - Object: 'Object Repository/TF_Customer_Create/1_Menu_Banner' is clicked on

2018-11-12 12:03:19 - [TEST_STEP][PASSED] - waitForPageLoad: Wait for page load successfully

2018-11-12 12:03:19 - [MESSAGE][PASSED] - Wait for page load successfully

2018-11-12 12:03:19 - [TEST_STEP][NOT_RUN] - click: NOT_RUN: click

2018-11-12 12:03:19 - [MESSAGE][NOT_RUN] - NOT_RUN: click

2018-11-12 12:03:19 - [TEST_STEP][NOT_RUN] - delay: NOT_RUN: delay

2018-11-12 12:03:19 - [MESSAGE][NOT_RUN] - NOT_RUN: delay

2018-11-12 12:03:19 - [TEST_STEP][NOT_RUN] - click: NOT_RUN: click

2018-11-12 12:03:19 - [MESSAGE][NOT_RUN] - NOT_RUN: click

2018-11-12 12:03:19 - [TEST_STEP][NOT_RUN] - delay: NOT_RUN: delay

2018-11-12 12:03:19 - [MESSAGE][NOT_RUN] - NOT_RUN: delay

2018-11-12 12:03:19 - [TEST_STEP][NOT_RUN] - click: NOT_RUN: click

2018-11-12 12:03:19 - [MESSAGE][NOT_RUN] - NOT_RUN: click

2018-11-12 12:03:19 - [TEST_STEP][PASSED] - delay: Delayed 2 second(s)

2018-11-12 12:03:21 - [MESSAGE][PASSED] - Delayed 2 second(s)

2018-11-12 12:03:21 - [TEST_STEP][PASSED] - setText: Text 'Banner_Test_63' is set on object 'Object Repository/TF_Customer_Create/Create_Objects_And_Save/1_Create_Banner/Input_Banner_Name/input_Banner_Nm'

2018-11-12 12:03:21 - [MESSAGE][PASSED] - Text 'Banner_Test_63' is set on object 'Object Repository/TF_Customer_Create/Create_Objects_And_Save/1_Create_Banner/Input_Banner_Name/input_Banner_Nm'

2018-11-12 12:03:21 - [TEST_STEP][PASSED] - delay: Delayed 2 second(s)

2018-11-12 12:03:23 - [MESSAGE][PASSED] - Delayed 2 second(s)

2018-11-12 12:03:23 - [TEST_STEP][NOT_RUN] - click: NOT_RUN: click

2018-11-12 12:03:23 - [MESSAGE][NOT_RUN] - NOT_RUN: click

2018-11-12 12:03:23 - [TEST_STEP][PASSED] - click: Object: 'Object Repository/TF_Customer_Create/Click_Apply_Button/td_Apply' is clicked on

2018-11-12 12:03:23 - [MESSAGE][PASSED] - Object: 'Object Repository/TF_Customer_Create/Click_Apply_Button/td_Apply' is clicked on

2018-11-12 12:03:23 - [TEST_STEP][PASSED] - delay: Delayed 2 second(s)

2018-11-12 12:03:25 - [MESSAGE][PASSED] - Delayed 2 second(s)

2018-11-12 12:03:25 - [TEST_STEP][PASSED] - click: Object: 'Object Repository/TF_Customer_Create/Click_Save_Button/btn_Save' is clicked on

2018-11-12 12:03:25 - [MESSAGE][PASSED] - Object: 'Object Repository/TF_Customer_Create/Click_Save_Button/btn_Save' is clicked on

2018-11-12 12:03:25 - [TEST_STEP][PASSED] - delay: Delayed 2 second(s)

2018-11-12 12:03:27 - [MESSAGE][PASSED] - Delayed 2 second(s)

2018-11-12 12:03:27 - [TEST_STEP][NOT_RUN] - verifyElementPresent: NOT_RUN: verifyElementPresent

2018-11-12 12:03:27 - [MESSAGE][NOT_RUN] - NOT_RUN: verifyElementPresent

2018-11-12 12:03:27 - [TEST_STEP][PASSED] - verifyElementText: Actual text and expected text of test object 'Object Repository/TF_Customer_Create/Verify_Success_Message/Success_Message' are matched.

2018-11-12 12:03:28 - [MESSAGE][PASSED] - Actual text and expected text of test object 'Object Repository/TF_Customer_Create/Verify_Success_Message/Success_Message' are matched.

2018-11-12 12:03:28 - [TEST_STEP][NOT_RUN] - verifyTextPresent: NOT_RUN: verifyTextPresent

2018-11-12 12:03:28 - [MESSAGE][NOT_RUN] - NOT_RUN: verifyTextPresent

2018-11-12 12:03:28 - [TEST_STEP][NOT_RUN] - Statement - text = com.kms.katalon.core.webui.keyword.WebUiBuiltInKeywords.getText(com.kms.katalon.core.testobject.ObjectRepository.findTestObject(TF_Customer_Create/Verify_Success_Message/Success_Message)): NOT_RUN: Statement - text = com.kms.katalon.core.webui.keyword.WebUiBuiltInKeywords.getText(com.kms.katalon.core.testobject.ObjectRepository.findTestObject(TF_Customer_Create/Verify_Success_Message/Success_Message))

2018-11-12 12:03:28 - [MESSAGE][NOT_RUN] - NOT_RUN: Statement - text = com.kms.katalon.core.webui.keyword.WebUiBuiltInKeywords.getText(com.kms.katalon.core.testobject.ObjectRepository.findTestObject(TF_Customer_Create/Verify_Success_Message/Success_Message))

2018-11-12 12:03:28 - [TEST_STEP][NOT_RUN] - Statement - If (text.contains("Record has been saved successfully.", CONTINUE_ON_FAILURE)): NOT_RUN: Statement - If (text.contains("Record has been saved successfully.", CONTINUE_ON_FAILURE))

2018-11-12 12:03:28 - [MESSAGE][NOT_RUN] - NOT_RUN: Statement - If (text.contains("Record has been saved successfully.", CONTINUE_ON_FAILURE))

2018-11-12 12:03:28 - [TEST_STEP][PASSED] - click: Object: 'Object Repository/TF_Customer_Create/Create_Objects_And_Save/1_Create_Banner/span_Data_Tab' is clicked on

2018-11-12 12:03:28 - [MESSAGE][PASSED] - Object: 'Object Repository/TF_Customer_Create/Create_Objects_And_Save/1_Create_Banner/span_Data_Tab' is clicked on

2018-11-12 12:03:28 - [TEST_STEP][PASSED] - delay: Delayed 1 second(s)

2018-11-12 12:03:29 - [MESSAGE][PASSED] - Delayed 1 second(s)

2018-11-12 12:03:29 - [TEST_STEP][PASSED] - click: Object: 'Object Repository/TF_Customer_Create/Click_Close_Button/btn_Close' is clicked on

2018-11-12 12:03:29 - [MESSAGE][PASSED] - Object: 'Object Repository/TF_Customer_Create/Click_Close_Button/btn_Close' is clicked on

2018-11-12 12:03:29 - [TEST_STEP][PASSED] - delay: Delayed 1 second(s)

2018-11-12 12:03:30 - [MESSAGE][PASSED] - Delayed 1 second(s)

2018-11-12 12:03:30 - [TEST_STEP][NOT_RUN] - Statement - row_MTCH = CustomKeywords.tradeFunds.TF_Regression.verifyBanner(ora_connt, ora_usr, ora_psswrd, ora_schema): NOT_RUN: Statement - row_MTCH = CustomKeywords.tradeFunds.TF_Regression.verifyBanner(ora_connt, ora_usr, ora_psswrd, ora_schema)

2018-11-12 12:03:30 - [MESSAGE][NOT_RUN] - NOT_RUN: Statement - row_MTCH = CustomKeywords.tradeFunds.TF_Regression.verifyBanner(ora_connt, ora_usr, ora_psswrd, ora_schema)

2018-11-12 12:03:30 - [TEST_STEP][NOT_RUN] - Statement - println("MTCH_Banner_Name"): NOT_RUN: Statement - println("MTCH_Banner_Name")

2018-11-12 12:03:30 - [MESSAGE][NOT_RUN] - NOT_RUN: Statement - println("MTCH_Banner_Name")

2018-11-12 12:03:30 - [TEST_STEP][NOT_RUN] - verifyEqual: NOT_RUN: verifyEqual

2018-11-12 12:03:30 - [MESSAGE][NOT_RUN] - NOT_RUN: verifyEqual]]></system-out>
         <system-err><![CDATA[]]></system-err>
      </testcase>
      <testcase name="Test Cases/Regression_TF_Customer/TC_1_Create_Banner" classname="Test Cases/Regression_TF_Customer/TC_1_Create_Banner" status="PASSED">
         <system-out><![CDATA[2018-11-12 12:03:30 - [TEST_CASE][PASSED] - Test Cases/Regression_TF_Customer/TC_1_Create_Banner: Test Cases/Regression_TF_Customer/TC_1_Create_Banner

2018-11-12 12:03:30 - [TEST_STEP][PASSED] - waitForPageLoad: Wait for page load successfully

2018-11-12 12:03:30 - [MESSAGE][PASSED] - Wait for page load successfully

2018-11-12 12:03:30 - [TEST_STEP][PASSED] - mouseOver: Object: 'Object Repository/TF_Customer_Create/Menu_Navigation_To_Open_All_Pages/0_Menu_Create_In_Data_View' is hovered

2018-11-12 12:03:30 - [MESSAGE][PASSED] - Object: 'Object Repository/TF_Customer_Create/Menu_Navigation_To_Open_All_Pages/0_Menu_Create_In_Data_View' is hovered

2018-11-12 12:03:30 - [TEST_STEP][PASSED] - waitForPageLoad: Wait for page load successfully

2018-11-12 12:03:30 - [MESSAGE][PASSED] - Wait for page load successfully

2018-11-12 12:03:30 - [TEST_STEP][PASSED] - mouseOver: Object: 'Object Repository/TF_Customer_Create/Menu_Navigation_To_Open_All_Pages/1_Menu_Create_Master_Data' is hovered

2018-11-12 12:03:30 - [MESSAGE][PASSED] - Object: 'Object Repository/TF_Customer_Create/Menu_Navigation_To_Open_All_Pages/1_Menu_Create_Master_Data' is hovered

2018-11-12 12:03:30 - [TEST_STEP][PASSED] - waitForPageLoad: Wait for page load successfully

2018-11-12 12:03:30 - [MESSAGE][PASSED] - Wait for page load successfully

2018-11-12 12:03:30 - [TEST_STEP][PASSED] - click: Object: 'Object Repository/TF_Customer_Create/1_Menu_Banner' is clicked on

2018-11-12 12:03:31 - [MESSAGE][PASSED] - Object: 'Object Repository/TF_Customer_Create/1_Menu_Banner' is clicked on

2018-11-12 12:03:31 - [TEST_STEP][PASSED] - waitForPageLoad: Wait for page load successfully

2018-11-12 12:03:31 - [MESSAGE][PASSED] - Wait for page load successfully

2018-11-12 12:03:31 - [TEST_STEP][NOT_RUN] - click: NOT_RUN: click

2018-11-12 12:03:31 - [MESSAGE][NOT_RUN] - NOT_RUN: click

2018-11-12 12:03:31 - [TEST_STEP][NOT_RUN] - delay: NOT_RUN: delay

2018-11-12 12:03:31 - [MESSAGE][NOT_RUN] - NOT_RUN: delay

2018-11-12 12:03:31 - [TEST_STEP][NOT_RUN] - click: NOT_RUN: click

2018-11-12 12:03:31 - [MESSAGE][NOT_RUN] - NOT_RUN: click

2018-11-12 12:03:31 - [TEST_STEP][NOT_RUN] - delay: NOT_RUN: delay

2018-11-12 12:03:31 - [MESSAGE][NOT_RUN] - NOT_RUN: delay

2018-11-12 12:03:31 - [TEST_STEP][NOT_RUN] - click: NOT_RUN: click

2018-11-12 12:03:31 - [MESSAGE][NOT_RUN] - NOT_RUN: click

2018-11-12 12:03:31 - [TEST_STEP][PASSED] - delay: Delayed 2 second(s)

2018-11-12 12:03:33 - [MESSAGE][PASSED] - Delayed 2 second(s)

2018-11-12 12:03:33 - [TEST_STEP][PASSED] - setText: Text 'Banner_Test_64' is set on object 'Object Repository/TF_Customer_Create/Create_Objects_And_Save/1_Create_Banner/Input_Banner_Name/input_Banner_Nm'

2018-11-12 12:03:33 - [MESSAGE][PASSED] - Text 'Banner_Test_64' is set on object 'Object Repository/TF_Customer_Create/Create_Objects_And_Save/1_Create_Banner/Input_Banner_Name/input_Banner_Nm'

2018-11-12 12:03:33 - [TEST_STEP][PASSED] - delay: Delayed 2 second(s)

2018-11-12 12:03:35 - [MESSAGE][PASSED] - Delayed 2 second(s)

2018-11-12 12:03:35 - [TEST_STEP][NOT_RUN] - click: NOT_RUN: click

2018-11-12 12:03:35 - [MESSAGE][NOT_RUN] - NOT_RUN: click

2018-11-12 12:03:35 - [TEST_STEP][PASSED] - click: Object: 'Object Repository/TF_Customer_Create/Click_Apply_Button/td_Apply' is clicked on

2018-11-12 12:03:35 - [MESSAGE][PASSED] - Object: 'Object Repository/TF_Customer_Create/Click_Apply_Button/td_Apply' is clicked on

2018-11-12 12:03:35 - [TEST_STEP][PASSED] - delay: Delayed 2 second(s)

2018-11-12 12:03:37 - [MESSAGE][PASSED] - Delayed 2 second(s)

2018-11-12 12:03:37 - [TEST_STEP][PASSED] - click: Object: 'Object Repository/TF_Customer_Create/Click_Save_Button/btn_Save' is clicked on

2018-11-12 12:03:37 - [MESSAGE][PASSED] - Object: 'Object Repository/TF_Customer_Create/Click_Save_Button/btn_Save' is clicked on

2018-11-12 12:03:37 - [TEST_STEP][PASSED] - delay: Delayed 2 second(s)

2018-11-12 12:03:39 - [MESSAGE][PASSED] - Delayed 2 second(s)

2018-11-12 12:03:39 - [TEST_STEP][NOT_RUN] - verifyElementPresent: NOT_RUN: verifyElementPresent

2018-11-12 12:03:39 - [MESSAGE][NOT_RUN] - NOT_RUN: verifyElementPresent

2018-11-12 12:03:39 - [TEST_STEP][PASSED] - verifyElementText: Actual text and expected text of test object 'Object Repository/TF_Customer_Create/Verify_Success_Message/Success_Message' are matched.

2018-11-12 12:03:40 - [MESSAGE][PASSED] - Actual text and expected text of test object 'Object Repository/TF_Customer_Create/Verify_Success_Message/Success_Message' are matched.

2018-11-12 12:03:40 - [TEST_STEP][NOT_RUN] - verifyTextPresent: NOT_RUN: verifyTextPresent

2018-11-12 12:03:40 - [MESSAGE][NOT_RUN] - NOT_RUN: verifyTextPresent

2018-11-12 12:03:40 - [TEST_STEP][NOT_RUN] - Statement - text = com.kms.katalon.core.webui.keyword.WebUiBuiltInKeywords.getText(com.kms.katalon.core.testobject.ObjectRepository.findTestObject(TF_Customer_Create/Verify_Success_Message/Success_Message)): NOT_RUN: Statement - text = com.kms.katalon.core.webui.keyword.WebUiBuiltInKeywords.getText(com.kms.katalon.core.testobject.ObjectRepository.findTestObject(TF_Customer_Create/Verify_Success_Message/Success_Message))

2018-11-12 12:03:40 - [MESSAGE][NOT_RUN] - NOT_RUN: Statement - text = com.kms.katalon.core.webui.keyword.WebUiBuiltInKeywords.getText(com.kms.katalon.core.testobject.ObjectRepository.findTestObject(TF_Customer_Create/Verify_Success_Message/Success_Message))

2018-11-12 12:03:40 - [TEST_STEP][NOT_RUN] - Statement - If (text.contains("Record has been saved successfully.", CONTINUE_ON_FAILURE)): NOT_RUN: Statement - If (text.contains("Record has been saved successfully.", CONTINUE_ON_FAILURE))

2018-11-12 12:03:40 - [MESSAGE][NOT_RUN] - NOT_RUN: Statement - If (text.contains("Record has been saved successfully.", CONTINUE_ON_FAILURE))

2018-11-12 12:03:40 - [TEST_STEP][PASSED] - click: Object: 'Object Repository/TF_Customer_Create/Create_Objects_And_Save/1_Create_Banner/span_Data_Tab' is clicked on

2018-11-12 12:03:40 - [MESSAGE][PASSED] - Object: 'Object Repository/TF_Customer_Create/Create_Objects_And_Save/1_Create_Banner/span_Data_Tab' is clicked on

2018-11-12 12:03:40 - [TEST_STEP][PASSED] - delay: Delayed 1 second(s)

2018-11-12 12:03:41 - [MESSAGE][PASSED] - Delayed 1 second(s)

2018-11-12 12:03:41 - [TEST_STEP][PASSED] - click: Object: 'Object Repository/TF_Customer_Create/Click_Close_Button/btn_Close' is clicked on

2018-11-12 12:03:41 - [MESSAGE][PASSED] - Object: 'Object Repository/TF_Customer_Create/Click_Close_Button/btn_Close' is clicked on

2018-11-12 12:03:41 - [TEST_STEP][PASSED] - delay: Delayed 1 second(s)

2018-11-12 12:03:42 - [MESSAGE][PASSED] - Delayed 1 second(s)

2018-11-12 12:03:42 - [TEST_STEP][NOT_RUN] - Statement - row_MTCH = CustomKeywords.tradeFunds.TF_Regression.verifyBanner(ora_connt, ora_usr, ora_psswrd, ora_schema): NOT_RUN: Statement - row_MTCH = CustomKeywords.tradeFunds.TF_Regression.verifyBanner(ora_connt, ora_usr, ora_psswrd, ora_schema)

2018-11-12 12:03:42 - [MESSAGE][NOT_RUN] - NOT_RUN: Statement - row_MTCH = CustomKeywords.tradeFunds.TF_Regression.verifyBanner(ora_connt, ora_usr, ora_psswrd, ora_schema)

2018-11-12 12:03:42 - [TEST_STEP][NOT_RUN] - Statement - println("MTCH_Banner_Name"): NOT_RUN: Statement - println("MTCH_Banner_Name")

2018-11-12 12:03:42 - [MESSAGE][NOT_RUN] - NOT_RUN: Statement - println("MTCH_Banner_Name")

2018-11-12 12:03:42 - [TEST_STEP][NOT_RUN] - verifyEqual: NOT_RUN: verifyEqual

2018-11-12 12:03:42 - [MESSAGE][NOT_RUN] - NOT_RUN: verifyEqual]]></system-out>
         <system-err><![CDATA[]]></system-err>
      </testcase>
      <system-out><![CDATA[2018-11-12 12:00:47 - [TEST_SUITE][FAILED] - Smoke_TF_Customer: Test Cases/Regression_TF_Customer/TC_1_Create_Banner FAILED because (of) (Stack trace: com.kms.katalon.core.exception.StepFailedException: Unable to click on object 'Object Repository/TF_Customer_Create/Click_Save_Button/btn_Save' (Root cause: org.openqa.selenium.WebDriverException: unknown error: Element <td class="middle">...</td> is not clickable at point (1497, 52). Other element would receive the click: <div class="blockUI blockOverlay" style="z-index: 1000; border: none; margin: 0px; padding: 0px; width: 100%; height: 100%; top: 0px; left: 0px; background-color: transparent; opacity: 0.561749; cursor: default; position: fixed;"></div>
  (Session info: chrome=70.0.3538.77)
  (Driver info: chromedriver=2.43.600210 (68dcf5eebde37173d4027fa8635e332711d2874a),platform=Windows NT 6.1.7601 SP1 x86_64) (WARNING: The server did not provide any stacktrace information)
Command duration or timeout: 0 milliseconds
Build info: version: '3.7.1', revision: '8a0099a', time: '2017-11-06T21:07:36.161Z'
System info: host: 'JUNAID', ip: '200.199.80.62', os.name: 'Windows 7', os.arch: 'amd64', os.version: '6.1', java.version: '1.8.0_181'
Driver info: com.kms.katalon.selenium.driver.CChromeDriver
Capabilities {acceptInsecureCerts: false, acceptSslCerts: false, applicationCacheEnabled: false, browserConnectionEnabled: false, browserName: chrome, chrome: {chromedriverVersion: 2.43.600210 (68dcf5eebde371..., userDataDir: C:\Users\JUNAID~1.TAR\AppDa...}, cssSelectorsEnabled: true, databaseEnabled: false, goog:chromeOptions: {debuggerAddress: localhost:61749}, handlesAlerts: true, hasTouchScreen: false, javascriptEnabled: true, locationContextEnabled: true, mobileEmulationEnabled: false, nativeEvents: true, networkConnectionEnabled: false, pageLoadStrategy: normal, platform: XP, platformName: XP, rotatable: false, setWindowRect: true, takesHeapSnapshot: true, takesScreenshot: true, unexpectedAlertBehaviour: , unhandledPromptBehavior: , version: 70.0.3538.77, webStorageEnabled: true}
Session ID: 90d7281174ae8ae2f45941023636b589)
	at com.kms.katalon.core.keyword.internal.KeywordMain.stepFailed(KeywordMain.groovy:36)
	at com.kms.katalon.core.webui.keyword.internal.WebUIKeywordMain.stepFailed(WebUIKeywordMain.groovy:65)
	at com.kms.katalon.core.webui.keyword.internal.WebUIKeywordMain.runKeyword(WebUIKeywordMain.groovy:27)
	at com.kms.katalon.core.webui.keyword.builtin.ClickKeyword.click(ClickKeyword.groovy:86)
	at com.kms.katalon.core.webui.keyword.builtin.ClickKeyword.execute(ClickKeyword.groovy:67)
	at com.kms.katalon.core.keyword.internal.KeywordExecutor.executeKeywordForPlatform(KeywordExecutor.groovy:53)
	at com.kms.katalon.core.webui.keyword.WebUiBuiltInKeywords.click(WebUiBuiltInKeywords.groovy:616)
	at com.kms.katalon.core.webui.keyword.WebUiBuiltInKeywords$click$4.call(Unknown Source)
	at org.codehaus.groovy.runtime.callsite.CallSiteArray.defaultCall(CallSiteArray.java:48)
	at org.codehaus.groovy.runtime.callsite.AbstractCallSite.call(AbstractCallSite.java:113)
	at org.codehaus.groovy.runtime.callsite.AbstractCallSite.call(AbstractCallSite.java:125)
	at Script1540912045214.run(Script1540912045214.groovy:60)
	at com.kms.katalon.core.main.ScriptEngine.run(ScriptEngine.java:183)
	at com.kms.katalon.core.main.ScriptEngine.runScriptAsRawText(ScriptEngine.java:108)
	at com.kms.katalon.core.main.TestCaseExecutor.runScript(TestCaseExecutor.java:294)
	at com.kms.katalon.core.main.TestCaseExecutor.doExecute(TestCaseExecutor.java:285)
	at com.kms.katalon.core.main.TestCaseExecutor.processExecutionPhase(TestCaseExecutor.java:264)
	at com.kms.katalon.core.main.TestCaseExecutor.accessMainPhase(TestCaseExecutor.java:256)
	at com.kms.katalon.core.main.TestCaseExecutor.execute(TestCaseExecutor.java:200)
	at com.kms.katalon.core.main.TestSuiteExecutor.accessTestCaseMainPhase(TestSuiteExecutor.java:129)
	at com.kms.katalon.core.main.TestSuiteExecutor.accessTestSuiteMainPhase(TestSuiteExecutor.java:112)
	at com.kms.katalon.core.main.TestSuiteExecutor.execute(TestSuiteExecutor.java:81)
	at com.kms.katalon.core.main.TestCaseMain.startTestSuite(TestCaseMain.java:142)
	at com.kms.katalon.core.main.TestCaseMain$startTestSuite$0.call(Unknown Source)
	at org.codehaus.groovy.runtime.callsite.CallSiteArray.defaultCall(CallSiteArray.java:48)
	at org.codehaus.groovy.runtime.callsite.AbstractCallSite.call(AbstractCallSite.java:113)
	at org.codehaus.groovy.runtime.callsite.AbstractCallSite.call(AbstractCallSite.java:141)
	at TempTestSuite1542006046199.run(TempTestSuite1542006046199.groovy:36)
	at groovy.lang.GroovyShell.runScriptOrMainOrTestOrRunnable(GroovyShell.java:263)
	at groovy.lang.GroovyShell.run(GroovyShell.java:518)
	at groovy.lang.GroovyShell.run(GroovyShell.java:507)
	at groovy.ui.GroovyMain.processOnce(GroovyMain.java:653)
	at groovy.ui.GroovyMain.run(GroovyMain.java:384)
	at groovy.ui.GroovyMain.process(GroovyMain.java:370)
	at groovy.ui.GroovyMain.processArgs(GroovyMain.java:129)
	at groovy.ui.GroovyMain.main(GroovyMain.java:109)
	at sun.reflect.NativeMethodAccessorImpl.invoke0(Native Method)
	at sun.reflect.NativeMethodAccessorImpl.invoke(NativeMethodAccessorImpl.java:62)
	at sun.reflect.DelegatingMethodAccessorImpl.invoke(DelegatingMethodAccessorImpl.java:43)
	at java.lang.reflect.Method.invoke(Method.java:498)
	at org.codehaus.groovy.tools.GroovyStarter.rootLoader(GroovyStarter.java:109)
	at org.codehaus.groovy.tools.GroovyStarter.main(GroovyStarter.java:131)
)]]></system-out>
      <system-err><![CDATA[2018-11-12 12:00:47 - [TEST_SUITE][FAILED] - Smoke_TF_Customer: Test Cases/Regression_TF_Customer/TC_1_Create_Banner FAILED because (of) (Stack trace: com.kms.katalon.core.exception.StepFailedException: Unable to click on object 'Object Repository/TF_Customer_Create/Click_Save_Button/btn_Save' (Root cause: org.openqa.selenium.WebDriverException: unknown error: Element <td class="middle">...</td> is not clickable at point (1497, 52). Other element would receive the click: <div class="blockUI blockOverlay" style="z-index: 1000; border: none; margin: 0px; padding: 0px; width: 100%; height: 100%; top: 0px; left: 0px; background-color: transparent; opacity: 0.561749; cursor: default; position: fixed;"></div>
  (Session info: chrome=70.0.3538.77)
  (Driver info: chromedriver=2.43.600210 (68dcf5eebde37173d4027fa8635e332711d2874a),platform=Windows NT 6.1.7601 SP1 x86_64) (WARNING: The server did not provide any stacktrace information)
Command duration or timeout: 0 milliseconds
Build info: version: '3.7.1', revision: '8a0099a', time: '2017-11-06T21:07:36.161Z'
System info: host: 'JUNAID', ip: '200.199.80.62', os.name: 'Windows 7', os.arch: 'amd64', os.version: '6.1', java.version: '1.8.0_181'
Driver info: com.kms.katalon.selenium.driver.CChromeDriver
Capabilities {acceptInsecureCerts: false, acceptSslCerts: false, applicationCacheEnabled: false, browserConnectionEnabled: false, browserName: chrome, chrome: {chromedriverVersion: 2.43.600210 (68dcf5eebde371..., userDataDir: C:\Users\JUNAID~1.TAR\AppDa...}, cssSelectorsEnabled: true, databaseEnabled: false, goog:chromeOptions: {debuggerAddress: localhost:61749}, handlesAlerts: true, hasTouchScreen: false, javascriptEnabled: true, locationContextEnabled: true, mobileEmulationEnabled: false, nativeEvents: true, networkConnectionEnabled: false, pageLoadStrategy: normal, platform: XP, platformName: XP, rotatable: false, setWindowRect: true, takesHeapSnapshot: true, takesScreenshot: true, unexpectedAlertBehaviour: , unhandledPromptBehavior: , version: 70.0.3538.77, webStorageEnabled: true}
Session ID: 90d7281174ae8ae2f45941023636b589)
	at com.kms.katalon.core.keyword.internal.KeywordMain.stepFailed(KeywordMain.groovy:36)
	at com.kms.katalon.core.webui.keyword.internal.WebUIKeywordMain.stepFailed(WebUIKeywordMain.groovy:65)
	at com.kms.katalon.core.webui.keyword.internal.WebUIKeywordMain.runKeyword(WebUIKeywordMain.groovy:27)
	at com.kms.katalon.core.webui.keyword.builtin.ClickKeyword.click(ClickKeyword.groovy:86)
	at com.kms.katalon.core.webui.keyword.builtin.ClickKeyword.execute(ClickKeyword.groovy:67)
	at com.kms.katalon.core.keyword.internal.KeywordExecutor.executeKeywordForPlatform(KeywordExecutor.groovy:53)
	at com.kms.katalon.core.webui.keyword.WebUiBuiltInKeywords.click(WebUiBuiltInKeywords.groovy:616)
	at com.kms.katalon.core.webui.keyword.WebUiBuiltInKeywords$click$4.call(Unknown Source)
	at org.codehaus.groovy.runtime.callsite.CallSiteArray.defaultCall(CallSiteArray.java:48)
	at org.codehaus.groovy.runtime.callsite.AbstractCallSite.call(AbstractCallSite.java:113)
	at org.codehaus.groovy.runtime.callsite.AbstractCallSite.call(AbstractCallSite.java:125)
	at Script1540912045214.run(Script1540912045214.groovy:60)
	at com.kms.katalon.core.main.ScriptEngine.run(ScriptEngine.java:183)
	at com.kms.katalon.core.main.ScriptEngine.runScriptAsRawText(ScriptEngine.java:108)
	at com.kms.katalon.core.main.TestCaseExecutor.runScript(TestCaseExecutor.java:294)
	at com.kms.katalon.core.main.TestCaseExecutor.doExecute(TestCaseExecutor.java:285)
	at com.kms.katalon.core.main.TestCaseExecutor.processExecutionPhase(TestCaseExecutor.java:264)
	at com.kms.katalon.core.main.TestCaseExecutor.accessMainPhase(TestCaseExecutor.java:256)
	at com.kms.katalon.core.main.TestCaseExecutor.execute(TestCaseExecutor.java:200)
	at com.kms.katalon.core.main.TestSuiteExecutor.accessTestCaseMainPhase(TestSuiteExecutor.java:129)
	at com.kms.katalon.core.main.TestSuiteExecutor.accessTestSuiteMainPhase(TestSuiteExecutor.java:112)
	at com.kms.katalon.core.main.TestSuiteExecutor.execute(TestSuiteExecutor.java:81)
	at com.kms.katalon.core.main.TestCaseMain.startTestSuite(TestCaseMain.java:142)
	at com.kms.katalon.core.main.TestCaseMain$startTestSuite$0.call(Unknown Source)
	at org.codehaus.groovy.runtime.callsite.CallSiteArray.defaultCall(CallSiteArray.java:48)
	at org.codehaus.groovy.runtime.callsite.AbstractCallSite.call(AbstractCallSite.java:113)
	at org.codehaus.groovy.runtime.callsite.AbstractCallSite.call(AbstractCallSite.java:141)
	at TempTestSuite1542006046199.run(TempTestSuite1542006046199.groovy:36)
	at groovy.lang.GroovyShell.runScriptOrMainOrTestOrRunnable(GroovyShell.java:263)
	at groovy.lang.GroovyShell.run(GroovyShell.java:518)
	at groovy.lang.GroovyShell.run(GroovyShell.java:507)
	at groovy.ui.GroovyMain.processOnce(GroovyMain.java:653)
	at groovy.ui.GroovyMain.run(GroovyMain.java:384)
	at groovy.ui.GroovyMain.process(GroovyMain.java:370)
	at groovy.ui.GroovyMain.processArgs(GroovyMain.java:129)
	at groovy.ui.GroovyMain.main(GroovyMain.java:109)
	at sun.reflect.NativeMethodAccessorImpl.invoke0(Native Method)
	at sun.reflect.NativeMethodAccessorImpl.invoke(NativeMethodAccessorImpl.java:62)
	at sun.reflect.DelegatingMethodAccessorImpl.invoke(DelegatingMethodAccessorImpl.java:43)
	at java.lang.reflect.Method.invoke(Method.java:498)
	at org.codehaus.groovy.tools.GroovyStarter.rootLoader(GroovyStarter.java:109)
	at org.codehaus.groovy.tools.GroovyStarter.main(GroovyStarter.java:131)
)]]></system-err>
   </testsuite>
</testsuites>
