{"devicePlatform":"","logFolder":"D:\\Katalon\\Projects\\TF-Customer\\TF-Customer\\Reports\\Smoke_TF_Customer\\20180517_095119","runData":{"hostName":"Junaid.Tariq - Junaid.instepinc.com","os":"Windows 7 64bit","katalonVersion":"5.4.0.1","browser":"Chrome 66.0.3359.139","hostAddress":"200.199.80.62","sessionId":"523db4ec0fb8f7b1bcc21fea3ca03f15","seleniumVersion":"3.7.1","proxyInformation":"ProxyInformation{proxyOption\u003dNO_PROXY, proxyServerType\u003dHTTP, password\u003d, proxyServerAddress\u003d, proxyServerPort\u003d0}","platform":"Windows 7"},"type":"TEST_SUITE","name":"Smoke_TF_Customer","id":"Test Suites/Smoke_TF_Customer","source":"","message":"Test Cases/Smoke_TF_Customer/TC_1_Open_Banner FAILED because (of) Unable to click on object \u0027Object Repository/TF_Customer_Smoke_OpenPage/0_Menu_Create_In_Data_View\u0027 (Root cause: org.openqa.selenium.WebDriverException: unknown error: Element \u003ctd class\u003d\"rootVoice {menu: \u0027infaMenu1_0\u0027} infaMenuItem disabled\" tabindex\u003d\"0\" menu\u003d\"infaMenu1_0\" style\u003d\"white-space: nowrap; max-width: 500px;\"\u003e...\u003c/td\u003e is not clickable at point (210, 22). Other element would receive the click: \u003cdiv class\u003d\"blockUI blockOverlay\" style\u003d\"z-index: 1000; border: none; margin: 0px; padding: 0px; width: 100%; height: 100%; top: 0px; left: 0px; background-color: rgb(255, 255, 255); opacity: 0.6; cursor: wait; position: fixed;\"\u003e\u003c/div\u003e\n  (Session info: chrome\u003d66.0.3359.139)\n  (Driver info: chromedriver\u003d2.35.528161 (5b82f2d2aae0ca24b877009200ced9065a772e73),platform\u003dWindows NT 6.1.7601 SP1 x86_64) (WARNING: The server did not provide any stacktrace information)\nCommand duration or timeout: 0 milliseconds\nBuild info: version: \u00273.7.1\u0027, revision: \u00278a0099a\u0027, time: \u00272017-11-06T21:07:36.161Z\u0027\nSystem info: host: \u0027JUNAID\u0027, ip: \u0027200.199.80.62\u0027, os.name: \u0027Windows 7\u0027, os.arch: \u0027amd64\u0027, os.version: \u00276.1\u0027, java.version: \u00271.8.0_102\u0027\nDriver info: com.kms.katalon.selenium.driver.CChromeDriver\nCapabilities {acceptInsecureCerts: false, acceptSslCerts: false, applicationCacheEnabled: false, browserConnectionEnabled: false, browserName: chrome, chrome: {chromedriverVersion: 2.35.528161 (5b82f2d2aae0ca..., userDataDir: C:\\Users\\JUNAID~1.TAR\\AppDa...}, cssSelectorsEnabled: true, databaseEnabled: false, handlesAlerts: true, hasTouchScreen: false, javascriptEnabled: true, locationContextEnabled: true, mobileEmulationEnabled: false, nativeEvents: true, networkConnectionEnabled: false, pageLoadStrategy: normal, platform: XP, platformName: XP, rotatable: false, setWindowRect: true, takesHeapSnapshot: true, takesScreenshot: true, unexpectedAlertBehaviour: , unhandledPromptBehavior: , version: 66.0.3359.139, webStorageEnabled: true}\nSession ID: 523db4ec0fb8f7b1bcc21fea3ca03f15)","description":"","startTime":1526532680793,"endTime":1526532730836,"childRecords":[{"isOptional":false,"type":"TEST_CASE","name":"Test Cases/General_Login_Logout/TC_1_Login","id":"Test Cases/General_Login_Logout/TC_1_Login","source":"D:\\\\Katalon\\\\Projects\\\\TF-Customer\\\\TF-Customer\\\\Test Cases\\\\General_Login_Logout\\\\TC_1_Login.tc","message":"Test Cases/General_Login_Logout/TC_1_Login","description":"","startTime":1526532681010,"endTime":1526532729735,"childRecords":[{"testStatus":{"stackTrace":"","statusValue":"INFO"},"type":"MESSAGE","name":"","message":"Evaluating variables for test case","startTime":1526532681029,"endTime":0,"childRecords":[],"interuppted":false},{"testStatus":{"stackTrace":"","statusValue":"INFO"},"type":"MESSAGE","name":"","message":"Variable \u0027Username\u0027 is set to junaid_sm as default","startTime":1526532681053,"endTime":0,"childRecords":[],"interuppted":false},{"testStatus":{"stackTrace":"","statusValue":"INFO"},"type":"MESSAGE","name":"","message":"Variable \u0027Password\u0027 is set to str0ng_2 as default","startTime":1526532681060,"endTime":0,"childRecords":[],"interuppted":false},{"index":1,"isIgnoredIfFailed":false,"type":"TEST_STEP","name":"openBrowser","message":"Browser is opened with url: \u0027https://52.6.78.242:7008/e360/com.informatica.tools.mdm.web.auth/login\u0027","description":"","startTime":1526532681247,"endTime":1526532703929,"childRecords":[{"testStatus":{"stackTrace":"","statusValue":"PASSED"},"type":"MESSAGE","name":"","message":"Browser is opened with url: \u0027https://52.6.78.242:7008/e360/com.informatica.tools.mdm.web.auth/login\u0027","startTime":1526532703926,"endTime":0,"childRecords":[],"interuppted":false}],"interuppted":false},{"index":2,"isIgnoredIfFailed":false,"type":"TEST_STEP","name":"waitForPageLoad","message":"Wait for page load successfully","description":"","startTime":1526532703931,"endTime":1526532704013,"childRecords":[{"testStatus":{"stackTrace":"","statusValue":"PASSED"},"type":"MESSAGE","name":"","message":"Wait for page load successfully","startTime":1526532704011,"endTime":0,"childRecords":[],"interuppted":false}],"interuppted":false},{"index":3,"isIgnoredIfFailed":false,"type":"TEST_STEP","name":"maximizeWindow","message":"Current window maximized","description":"","startTime":1526532704013,"endTime":1526532705158,"childRecords":[{"testStatus":{"stackTrace":"","statusValue":"PASSED"},"type":"MESSAGE","name":"","message":"Current window maximized","startTime":1526532705157,"endTime":0,"childRecords":[],"interuppted":false}],"interuppted":false},{"index":4,"isIgnoredIfFailed":false,"type":"TEST_STEP","name":"waitForElementClickable","message":"Object \u0027Object Repository/Page_ Login/Btn_Login\u0027 is clickable","description":"","startTime":1526532705158,"endTime":1526532705252,"childRecords":[{"testStatus":{"stackTrace":"","statusValue":"PASSED"},"type":"MESSAGE","name":"","message":"Object \u0027Object Repository/Page_ Login/Btn_Login\u0027 is clickable","startTime":1526532705251,"endTime":0,"childRecords":[],"interuppted":false}],"interuppted":false},{"index":5,"isIgnoredIfFailed":false,"type":"TEST_STEP","name":"setText","message":"Text \u0027junaid_sm\u0027 is set on object \u0027Object Repository/Page_ Login/Txt_Username\u0027","description":"","startTime":1526532705252,"endTime":1526532705394,"childRecords":[{"testStatus":{"stackTrace":"","statusValue":"PASSED"},"type":"MESSAGE","name":"","message":"Text \u0027junaid_sm\u0027 is set on object \u0027Object Repository/Page_ Login/Txt_Username\u0027","startTime":1526532705394,"endTime":0,"childRecords":[],"interuppted":false}],"interuppted":false},{"index":6,"isIgnoredIfFailed":false,"type":"TEST_STEP","name":"setText","message":"Text \u0027str0ng_2\u0027 is set on object \u0027Object Repository/Page_ Login/Txt_Password\u0027","description":"","startTime":1526532705395,"endTime":1526532705490,"childRecords":[{"testStatus":{"stackTrace":"","statusValue":"PASSED"},"type":"MESSAGE","name":"","message":"Text \u0027str0ng_2\u0027 is set on object \u0027Object Repository/Page_ Login/Txt_Password\u0027","startTime":1526532705490,"endTime":0,"childRecords":[],"interuppted":false}],"interuppted":false},{"index":7,"isIgnoredIfFailed":false,"type":"TEST_STEP","name":"click","message":"Object: \u0027Object Repository/Page_ Login/Btn_Login\u0027 is clicked on","description":"","startTime":1526532705490,"endTime":1526532705552,"childRecords":[{"testStatus":{"stackTrace":"","statusValue":"PASSED"},"type":"MESSAGE","name":"","message":"Object: \u0027Object Repository/Page_ Login/Btn_Login\u0027 is clicked on","startTime":1526532705551,"endTime":0,"childRecords":[],"interuppted":false}],"interuppted":false},{"index":8,"isIgnoredIfFailed":false,"type":"TEST_STEP","name":"waitForPageLoad","message":"Wait for page load successfully","description":"","startTime":1526532705552,"endTime":1526532705558,"childRecords":[{"testStatus":{"stackTrace":"","statusValue":"PASSED"},"type":"MESSAGE","name":"","message":"Wait for page load successfully","startTime":1526532705557,"endTime":0,"childRecords":[],"interuppted":false}],"interuppted":false},{"index":9,"isIgnoredIfFailed":false,"type":"TEST_STEP","name":"click","message":"Object: \u0027Object Repository/Page_ Login/Project_Selection/div_Trade Funds Customer\u0027 is clicked on","description":"","startTime":1526532705558,"endTime":1526532727694,"childRecords":[{"testStatus":{"stackTrace":"","statusValue":"PASSED"},"type":"MESSAGE","name":"","message":"Object: \u0027Object Repository/Page_ Login/Project_Selection/div_Trade Funds Customer\u0027 is clicked on","startTime":1526532727694,"endTime":0,"childRecords":[],"interuppted":false}],"interuppted":false},{"index":10,"isIgnoredIfFailed":false,"type":"TEST_STEP","name":"delay","message":"Delayed 2 second(s)","description":"","startTime":1526532727695,"endTime":1526532729734,"childRecords":[{"testStatus":{"stackTrace":"","statusValue":"PASSED"},"type":"MESSAGE","name":"","message":"Delayed 2 second(s)","startTime":1526532729734,"endTime":0,"childRecords":[],"interuppted":false}],"interuppted":false},{"testStatus":{"stackTrace":"","statusValue":"PASSED"},"type":"MESSAGE","name":"","message":"Test Cases/General_Login_Logout/TC_1_Login","startTime":1526532729734,"endTime":0,"childRecords":[],"interuppted":false}],"interuppted":false},{"isOptional":false,"type":"TEST_CASE","name":"Test Cases/Smoke_TF_Customer/TC_1_Open_Banner","id":"Test Cases/Smoke_TF_Customer/TC_1_Open_Banner","source":"D:\\\\Katalon\\\\Projects\\\\TF-Customer\\\\TF-Customer\\\\Test Cases\\\\Smoke_TF_Customer\\\\TC_1_Open_Banner.tc","message":"Test Cases/Smoke_TF_Customer/TC_1_Open_Banner FAILED because (of) Unable to click on object \u0027Object Repository/TF_Customer_Smoke_OpenPage/0_Menu_Create_In_Data_View\u0027 (Root cause: org.openqa.selenium.WebDriverException: unknown error: Element \u003ctd class\u003d\"rootVoice {menu: \u0027infaMenu1_0\u0027} infaMenuItem disabled\" tabindex\u003d\"0\" menu\u003d\"infaMenu1_0\" style\u003d\"white-space: nowrap; max-width: 500px;\"\u003e...\u003c/td\u003e is not clickable at point (210, 22). Other element would receive the click: \u003cdiv class\u003d\"blockUI blockOverlay\" style\u003d\"z-index: 1000; border: none; margin: 0px; padding: 0px; width: 100%; height: 100%; top: 0px; left: 0px; background-color: rgb(255, 255, 255); opacity: 0.6; cursor: wait; position: fixed;\"\u003e\u003c/div\u003e\n  (Session info: chrome\u003d66.0.3359.139)\n  (Driver info: chromedriver\u003d2.35.528161 (5b82f2d2aae0ca24b877009200ced9065a772e73),platform\u003dWindows NT 6.1.7601 SP1 x86_64) (WARNING: The server did not provide any stacktrace information)\nCommand duration or timeout: 0 milliseconds\nBuild info: version: \u00273.7.1\u0027, revision: \u00278a0099a\u0027, time: \u00272017-11-06T21:07:36.161Z\u0027\nSystem info: host: \u0027JUNAID\u0027, ip: \u0027200.199.80.62\u0027, os.name: \u0027Windows 7\u0027, os.arch: \u0027amd64\u0027, os.version: \u00276.1\u0027, java.version: \u00271.8.0_102\u0027\nDriver info: com.kms.katalon.selenium.driver.CChromeDriver\nCapabilities {acceptInsecureCerts: false, acceptSslCerts: false, applicationCacheEnabled: false, browserConnectionEnabled: false, browserName: chrome, chrome: {chromedriverVersion: 2.35.528161 (5b82f2d2aae0ca..., userDataDir: C:\\Users\\JUNAID~1.TAR\\AppDa...}, cssSelectorsEnabled: true, databaseEnabled: false, handlesAlerts: true, hasTouchScreen: false, javascriptEnabled: true, locationContextEnabled: true, mobileEmulationEnabled: false, nativeEvents: true, networkConnectionEnabled: false, pageLoadStrategy: normal, platform: XP, platformName: XP, rotatable: false, setWindowRect: true, takesHeapSnapshot: true, takesScreenshot: true, unexpectedAlertBehaviour: , unhandledPromptBehavior: , version: 66.0.3359.139, webStorageEnabled: true}\nSession ID: 523db4ec0fb8f7b1bcc21fea3ca03f15)","description":"","startTime":1526532729736,"endTime":1526532730195,"childRecords":[{"testStatus":{"stackTrace":"","statusValue":"INFO"},"type":"MESSAGE","name":"","message":"Evaluating variables for test case","startTime":1526532729741,"endTime":0,"childRecords":[],"interuppted":false},{"index":1,"isIgnoredIfFailed":false,"type":"TEST_STEP","name":"waitForPageLoad","message":"Wait for page load successfully","description":"","startTime":1526532729815,"endTime":1526532729824,"childRecords":[{"testStatus":{"stackTrace":"","statusValue":"PASSED"},"type":"MESSAGE","name":"","message":"Wait for page load successfully","startTime":1526532729823,"endTime":0,"childRecords":[],"interuppted":false}],"interuppted":false},{"attachment":"1526532729896.png","index":2,"isIgnoredIfFailed":false,"type":"TEST_STEP","name":"click","message":"Unable to click on object \u0027Object Repository/TF_Customer_Smoke_OpenPage/0_Menu_Create_In_Data_View\u0027 (Root cause: org.openqa.selenium.WebDriverException: unknown error: Element \u003ctd class\u003d\"rootVoice {menu: \u0027infaMenu1_0\u0027} infaMenuItem disabled\" tabindex\u003d\"0\" menu\u003d\"infaMenu1_0\" style\u003d\"white-space: nowrap; max-width: 500px;\"\u003e...\u003c/td\u003e is not clickable at point (210, 22). Other element would receive the click: \u003cdiv class\u003d\"blockUI blockOverlay\" style\u003d\"z-index: 1000; border: none; margin: 0px; padding: 0px; width: 100%; height: 100%; top: 0px; left: 0px; background-color: rgb(255, 255, 255); opacity: 0.6; cursor: wait; position: fixed;\"\u003e\u003c/div\u003e\n  (Session info: chrome\u003d66.0.3359.139)\n  (Driver info: chromedriver\u003d2.35.528161 (5b82f2d2aae0ca24b877009200ced9065a772e73),platform\u003dWindows NT 6.1.7601 SP1 x86_64) (WARNING: The server did not provide any stacktrace information)\nCommand duration or timeout: 0 milliseconds\nBuild info: version: \u00273.7.1\u0027, revision: \u00278a0099a\u0027, time: \u00272017-11-06T21:07:36.161Z\u0027\nSystem info: host: \u0027JUNAID\u0027, ip: \u0027200.199.80.62\u0027, os.name: \u0027Windows 7\u0027, os.arch: \u0027amd64\u0027, os.version: \u00276.1\u0027, java.version: \u00271.8.0_102\u0027\nDriver info: com.kms.katalon.selenium.driver.CChromeDriver\nCapabilities {acceptInsecureCerts: false, acceptSslCerts: false, applicationCacheEnabled: false, browserConnectionEnabled: false, browserName: chrome, chrome: {chromedriverVersion: 2.35.528161 (5b82f2d2aae0ca..., userDataDir: C:\\Users\\JUNAID~1.TAR\\AppDa...}, cssSelectorsEnabled: true, databaseEnabled: false, handlesAlerts: true, hasTouchScreen: false, javascriptEnabled: true, locationContextEnabled: true, mobileEmulationEnabled: false, nativeEvents: true, networkConnectionEnabled: false, pageLoadStrategy: normal, platform: XP, platformName: XP, rotatable: false, setWindowRect: true, takesHeapSnapshot: true, takesScreenshot: true, unexpectedAlertBehaviour: , unhandledPromptBehavior: , version: 66.0.3359.139, webStorageEnabled: true}\nSession ID: 523db4ec0fb8f7b1bcc21fea3ca03f15)","description":"","startTime":1526532729824,"endTime":1526532730192,"childRecords":[{"testStatus":{"stackTrace":"","statusValue":"FAILED"},"attachment":"1526532729896.png","type":"MESSAGE","name":"","message":"Unable to click on object \u0027Object Repository/TF_Customer_Smoke_OpenPage/0_Menu_Create_In_Data_View\u0027 (Root cause: org.openqa.selenium.WebDriverException: unknown error: Element \u003ctd class\u003d\"rootVoice {menu: \u0027infaMenu1_0\u0027} infaMenuItem disabled\" tabindex\u003d\"0\" menu\u003d\"infaMenu1_0\" style\u003d\"white-space: nowrap; max-width: 500px;\"\u003e...\u003c/td\u003e is not clickable at point (210, 22). Other element would receive the click: \u003cdiv class\u003d\"blockUI blockOverlay\" style\u003d\"z-index: 1000; border: none; margin: 0px; padding: 0px; width: 100%; height: 100%; top: 0px; left: 0px; background-color: rgb(255, 255, 255); opacity: 0.6; cursor: wait; position: fixed;\"\u003e\u003c/div\u003e\n  (Session info: chrome\u003d66.0.3359.139)\n  (Driver info: chromedriver\u003d2.35.528161 (5b82f2d2aae0ca24b877009200ced9065a772e73),platform\u003dWindows NT 6.1.7601 SP1 x86_64) (WARNING: The server did not provide any stacktrace information)\nCommand duration or timeout: 0 milliseconds\nBuild info: version: \u00273.7.1\u0027, revision: \u00278a0099a\u0027, time: \u00272017-11-06T21:07:36.161Z\u0027\nSystem info: host: \u0027JUNAID\u0027, ip: \u0027200.199.80.62\u0027, os.name: \u0027Windows 7\u0027, os.arch: \u0027amd64\u0027, os.version: \u00276.1\u0027, java.version: \u00271.8.0_102\u0027\nDriver info: com.kms.katalon.selenium.driver.CChromeDriver\nCapabilities {acceptInsecureCerts: false, acceptSslCerts: false, applicationCacheEnabled: false, browserConnectionEnabled: false, browserName: chrome, chrome: {chromedriverVersion: 2.35.528161 (5b82f2d2aae0ca..., userDataDir: C:\\Users\\JUNAID~1.TAR\\AppDa...}, cssSelectorsEnabled: true, databaseEnabled: false, handlesAlerts: true, hasTouchScreen: false, javascriptEnabled: true, locationContextEnabled: true, mobileEmulationEnabled: false, nativeEvents: true, networkConnectionEnabled: false, pageLoadStrategy: normal, platform: XP, platformName: XP, rotatable: false, setWindowRect: true, takesHeapSnapshot: true, takesScreenshot: true, unexpectedAlertBehaviour: , unhandledPromptBehavior: , version: 66.0.3359.139, webStorageEnabled: true}\nSession ID: 523db4ec0fb8f7b1bcc21fea3ca03f15)","startTime":1526532730191,"endTime":0,"childRecords":[],"interuppted":false}],"interuppted":false},{"testStatus":{"stackTrace":"","statusValue":"FAILED"},"type":"MESSAGE","name":"","message":"Test Cases/Smoke_TF_Customer/TC_1_Open_Banner FAILED because (of) Unable to click on object \u0027Object Repository/TF_Customer_Smoke_OpenPage/0_Menu_Create_In_Data_View\u0027 (Root cause: org.openqa.selenium.WebDriverException: unknown error: Element \u003ctd class\u003d\"rootVoice {menu: \u0027infaMenu1_0\u0027} infaMenuItem disabled\" tabindex\u003d\"0\" menu\u003d\"infaMenu1_0\" style\u003d\"white-space: nowrap; max-width: 500px;\"\u003e...\u003c/td\u003e is not clickable at point (210, 22). Other element would receive the click: \u003cdiv class\u003d\"blockUI blockOverlay\" style\u003d\"z-index: 1000; border: none; margin: 0px; padding: 0px; width: 100%; height: 100%; top: 0px; left: 0px; background-color: rgb(255, 255, 255); opacity: 0.6; cursor: wait; position: fixed;\"\u003e\u003c/div\u003e\n  (Session info: chrome\u003d66.0.3359.139)\n  (Driver info: chromedriver\u003d2.35.528161 (5b82f2d2aae0ca24b877009200ced9065a772e73),platform\u003dWindows NT 6.1.7601 SP1 x86_64) (WARNING: The server did not provide any stacktrace information)\nCommand duration or timeout: 0 milliseconds\nBuild info: version: \u00273.7.1\u0027, revision: \u00278a0099a\u0027, time: \u00272017-11-06T21:07:36.161Z\u0027\nSystem info: host: \u0027JUNAID\u0027, ip: \u0027200.199.80.62\u0027, os.name: \u0027Windows 7\u0027, os.arch: \u0027amd64\u0027, os.version: \u00276.1\u0027, java.version: \u00271.8.0_102\u0027\nDriver info: com.kms.katalon.selenium.driver.CChromeDriver\nCapabilities {acceptInsecureCerts: false, acceptSslCerts: false, applicationCacheEnabled: false, browserConnectionEnabled: false, browserName: chrome, chrome: {chromedriverVersion: 2.35.528161 (5b82f2d2aae0ca..., userDataDir: C:\\Users\\JUNAID~1.TAR\\AppDa...}, cssSelectorsEnabled: true, databaseEnabled: false, handlesAlerts: true, hasTouchScreen: false, javascriptEnabled: true, locationContextEnabled: true, mobileEmulationEnabled: false, nativeEvents: true, networkConnectionEnabled: false, pageLoadStrategy: normal, platform: XP, platformName: XP, rotatable: false, setWindowRect: true, takesHeapSnapshot: true, takesScreenshot: true, unexpectedAlertBehaviour: , unhandledPromptBehavior: , version: 66.0.3359.139, webStorageEnabled: true}\nSession ID: 523db4ec0fb8f7b1bcc21fea3ca03f15)","startTime":1526532730192,"endTime":0,"childRecords":[],"interuppted":false}],"interuppted":false}],"interuppted":false}