<?xml version="1.0" encoding="UTF-8"?>
<testsuites name="Smoke_TF_Customer" time="311" tests="6" failures="7" errors="0">
   <testsuite name="Smoke_TF_Customer" tests="6" failures="7" errors="0" time="311" timestamp="2018-05-11 16:49:02" hostname="Junaid.Tariq - Junaid.instepinc.com" id="Test Suites/Smoke_TF_Customer">
      <properties>
         <property name="deviceName" value=""/>
         <property name="devicePlatform" value=""/>
         <property name="logFolder" value="D:\\Katalon\\Projects\\TF-Customer\\TF-Customer\\Reports\\Smoke_TF_Customer\\20180511_164902"/>
         <property name="logFiles" value="D:\\Katalon\\Projects\\TF-Customer\\TF-Customer\\Reports\\Smoke_TF_Customer\\20180511_164902\\execution0.log"/>
         <property name="attachments" value="D:\\Katalon\\Projects\\TF-Customer\\TF-Customer\\Reports\\Smoke_TF_Customer\\20180511_164902\\1526039462311.png, D:\\Katalon\\Projects\\TF-Customer\\TF-Customer\\Reports\\Smoke_TF_Customer\\20180511_164902\\1526039462620.png, D:\\Katalon\\Projects\\TF-Customer\\TF-Customer\\Reports\\Smoke_TF_Customer\\20180511_164902\\1526039494523.png, D:\\Katalon\\Projects\\TF-Customer\\TF-Customer\\Reports\\Smoke_TF_Customer\\20180511_164902\\1526039494817.png, D:\\Katalon\\Projects\\TF-Customer\\TF-Customer\\Reports\\Smoke_TF_Customer\\20180511_164902\\1526039526619.png, D:\\Katalon\\Projects\\TF-Customer\\TF-Customer\\Reports\\Smoke_TF_Customer\\20180511_164902\\1526039558392.png, D:\\Katalon\\Projects\\TF-Customer\\TF-Customer\\Reports\\Smoke_TF_Customer\\20180511_164902\\1526039590147.png, D:\\Katalon\\Projects\\TF-Customer\\TF-Customer\\Reports\\Smoke_TF_Customer\\20180511_164902\\1526039621934.png, D:\\Katalon\\Projects\\TF-Customer\\TF-Customer\\Reports\\Smoke_TF_Customer\\20180511_164902\\1526039653717.png"/>
         <property name="hostName" value="Junaid.Tariq - Junaid.instepinc.com"/>
         <property name="os" value="Windows 7 64bit"/>
         <property name="katalonVersion" value="5.4.0.1"/>
         <property name="browser" value="Chrome 66.0.3359.139"/>
         <property name="hostAddress" value="200.199.80.62"/>
         <property name="sessionId" value="ebfb87494e5265ed6306e61f1569acda"/>
         <property name="seleniumVersion" value="3.7.1"/>
         <property name="proxyInformation" value="ProxyInformation{proxyOption=NO_PROXY, proxyServerType=HTTP, password=, proxyServerAddress=, proxyServerPort=0}"/>
         <property name="platform" value="Windows 7"/>
      </properties>
      <testcase name="Test Cases/General_Login_Logout/TC_1_Login" classname="Test Cases/General_Login_Logout/TC_1_Login" status="PASSED">
         <system-out><![CDATA[2018-05-11 16:49:03 - [TEST_CASE][PASSED] - Test Cases/General_Login_Logout/TC_1_Login: Test Cases/General_Login_Logout/TC_1_Login

2018-05-11 16:49:03 - [TEST_STEP][PASSED] - openBrowser: Browser is opened with url: 'https://52.6.78.242:7008/e360/com.informatica.tools.mdm.web.auth/login'

2018-05-11 16:49:17 - [MESSAGE][PASSED] - Browser is opened with url: 'https://52.6.78.242:7008/e360/com.informatica.tools.mdm.web.auth/login'

2018-05-11 16:49:17 - [TEST_STEP][PASSED] - waitForPageLoad: Wait for page load successfully

2018-05-11 16:49:17 - [MESSAGE][PASSED] - Wait for page load successfully

2018-05-11 16:49:17 - [TEST_STEP][PASSED] - maximizeWindow: Current window maximized

2018-05-11 16:49:18 - [MESSAGE][PASSED] - Current window maximized

2018-05-11 16:49:18 - [TEST_STEP][PASSED] - waitForElementClickable: Object 'Object Repository/Page_ Login/Btn_Login' is clickable

2018-05-11 16:49:18 - [MESSAGE][PASSED] - Object 'Object Repository/Page_ Login/Btn_Login' is clickable

2018-05-11 16:49:18 - [TEST_STEP][PASSED] - setText: Text 'junaid_sm' is set on object 'Object Repository/Page_ Login/Txt_Username'

2018-05-11 16:49:18 - [MESSAGE][PASSED] - Text 'junaid_sm' is set on object 'Object Repository/Page_ Login/Txt_Username'

2018-05-11 16:49:18 - [TEST_STEP][PASSED] - setText: Text 'str0ng_2' is set on object 'Object Repository/Page_ Login/Txt_Password'

2018-05-11 16:49:18 - [MESSAGE][PASSED] - Text 'str0ng_2' is set on object 'Object Repository/Page_ Login/Txt_Password'

2018-05-11 16:49:18 - [TEST_STEP][PASSED] - click: Object: 'Object Repository/Page_ Login/Btn_Login' is clicked on

2018-05-11 16:49:18 - [MESSAGE][PASSED] - Object: 'Object Repository/Page_ Login/Btn_Login' is clicked on

2018-05-11 16:49:18 - [TEST_STEP][PASSED] - waitForPageLoad: Wait for page load successfully

2018-05-11 16:49:18 - [MESSAGE][PASSED] - Wait for page load successfully

2018-05-11 16:49:18 - [TEST_STEP][PASSED] - click: Object: 'Object Repository/Project_Selection/div_Trade Funds Customer' is clicked on

2018-05-11 16:49:39 - [MESSAGE][PASSED] - Object: 'Object Repository/Project_Selection/div_Trade Funds Customer' is clicked on

2018-05-11 16:49:39 - [TEST_STEP][PASSED] - delay: Delayed 2 second(s)

2018-05-11 16:49:41 - [MESSAGE][PASSED] - Delayed 2 second(s)]]></system-out>
         <system-err><![CDATA[]]></system-err>
      </testcase>
      <testcase name="Test Cases/Smoke_TF_Customer/TC_1_Open_Banner" classname="Test Cases/Smoke_TF_Customer/TC_1_Open_Banner" status="PASSED">
         <system-out><![CDATA[2018-05-11 16:49:41 - [TEST_CASE][PASSED] - Test Cases/Smoke_TF_Customer/TC_1_Open_Banner: Test Cases/Smoke_TF_Customer/TC_1_Open_Banner

2018-05-11 16:49:41 - [TEST_STEP][PASSED] - waitForPageLoad: Wait for page load successfully

2018-05-11 16:49:41 - [MESSAGE][PASSED] - Wait for page load successfully

2018-05-11 16:49:41 - [TEST_STEP][PASSED] - click: Object: 'Object Repository/TF_Customer_Smoke_OpenPage/1_Menu_Banner' is clicked on

2018-05-11 16:49:55 - [MESSAGE][PASSED] - Object: 'Object Repository/TF_Customer_Smoke_OpenPage/1_Menu_Banner' is clicked on

2018-05-11 16:49:55 - [TEST_STEP][PASSED] - waitForPageLoad: Wait for page load successfully

2018-05-11 16:49:55 - [MESSAGE][PASSED] - Wait for page load successfully

2018-05-11 16:49:55 - [TEST_STEP][PASSED] - verifyElementPresent: Object 'Object Repository/TF_Customer_Smoke_OpenPage/Verification_Point_After_Open_Page/span_New Banner' is present

2018-05-11 16:49:55 - [MESSAGE][WARNING] - Timeout '0' is invalid. Using default page load timeout: '30'

2018-05-11 16:49:56 - [MESSAGE][WARNING] - Timeout '0' is invalid. Using default page load timeout: '30'

2018-05-11 16:50:10 - [MESSAGE][PASSED] - Object 'Object Repository/TF_Customer_Smoke_OpenPage/Verification_Point_After_Open_Page/span_New Banner' is present]]></system-out>
         <system-err><![CDATA[]]></system-err>
      </testcase>
      <testcase name="Test Cases/Smoke_TF_Customer/TC_2_Open_RGM_Designated_Baseline" classname="Test Cases/Smoke_TF_Customer/TC_2_Open_RGM_Designated_Baseline" status="PASSED">
         <system-out><![CDATA[2018-05-11 16:50:10 - [TEST_CASE][PASSED] - Test Cases/Smoke_TF_Customer/TC_2_Open_RGM_Designated_Baseline: Test Cases/Smoke_TF_Customer/TC_2_Open_RGM_Designated_Baseline

2018-05-11 16:50:10 - [TEST_STEP][PASSED] - waitForPageLoad: Wait for page load successfully

2018-05-11 16:50:10 - [MESSAGE][PASSED] - Wait for page load successfully

2018-05-11 16:50:10 - [TEST_STEP][PASSED] - click: Object: 'Object Repository/TF_Customer_Smoke_OpenPage/2_Menu_RGM Designated Baseline' is clicked on

2018-05-11 16:50:13 - [MESSAGE][PASSED] - Object: 'Object Repository/TF_Customer_Smoke_OpenPage/2_Menu_RGM Designated Baseline' is clicked on

2018-05-11 16:50:13 - [TEST_STEP][PASSED] - waitForPageLoad: Wait for page load successfully

2018-05-11 16:50:13 - [MESSAGE][PASSED] - Wait for page load successfully

2018-05-11 16:50:13 - [TEST_STEP][PASSED] - verifyElementPresent: Object 'Object Repository/TF_Customer_Smoke_OpenPage/Verification_Point_After_Open_Page/span_New RGM Designated Baseli' is present

2018-05-11 16:50:13 - [MESSAGE][WARNING] - Timeout '0' is invalid. Using default page load timeout: '30'

2018-05-11 16:50:13 - [MESSAGE][WARNING] - Timeout '0' is invalid. Using default page load timeout: '30'

2018-05-11 16:50:14 - [MESSAGE][PASSED] - Object 'Object Repository/TF_Customer_Smoke_OpenPage/Verification_Point_After_Open_Page/span_New RGM Designated Baseli' is present]]></system-out>
         <system-err><![CDATA[]]></system-err>
      </testcase>
      <testcase name="Test Cases/Smoke_TF_Customer/TC_3_Open_JMS_Sales_Org" classname="Test Cases/Smoke_TF_Customer/TC_3_Open_JMS_Sales_Org" status="PASSED">
         <system-out><![CDATA[2018-05-11 16:50:14 - [TEST_CASE][PASSED] - Test Cases/Smoke_TF_Customer/TC_3_Open_JMS_Sales_Org: Test Cases/Smoke_TF_Customer/TC_3_Open_JMS_Sales_Org

2018-05-11 16:50:14 - [TEST_STEP][PASSED] - waitForPageLoad: Wait for page load successfully

2018-05-11 16:50:14 - [MESSAGE][PASSED] - Wait for page load successfully

2018-05-11 16:50:14 - [TEST_STEP][PASSED] - click: Object: 'Object Repository/TF_Customer_Smoke_OpenPage/3_Menu_JMS Sales Organizations' is clicked on

2018-05-11 16:50:17 - [MESSAGE][PASSED] - Object: 'Object Repository/TF_Customer_Smoke_OpenPage/3_Menu_JMS Sales Organizations' is clicked on

2018-05-11 16:50:17 - [TEST_STEP][PASSED] - waitForPageLoad: Wait for page load successfully

2018-05-11 16:50:17 - [MESSAGE][PASSED] - Wait for page load successfully

2018-05-11 16:50:17 - [TEST_STEP][PASSED] - verifyElementPresent: Object 'Object Repository/TF_Customer_Smoke_OpenPage/Verification_Point_After_Open_Page/span_New JMS Sales Organizatio' is present

2018-05-11 16:50:17 - [MESSAGE][WARNING] - Timeout '0' is invalid. Using default page load timeout: '30'

2018-05-11 16:50:17 - [MESSAGE][WARNING] - Timeout '0' is invalid. Using default page load timeout: '30'

2018-05-11 16:50:19 - [MESSAGE][PASSED] - Object 'Object Repository/TF_Customer_Smoke_OpenPage/Verification_Point_After_Open_Page/span_New JMS Sales Organizatio' is present]]></system-out>
         <system-err><![CDATA[]]></system-err>
      </testcase>
      <testcase name="Test Cases/Smoke_TF_Customer/TC_4_Open_Consumption_Baseline_Source" classname="Test Cases/Smoke_TF_Customer/TC_4_Open_Consumption_Baseline_Source" status="PASSED">
         <system-out><![CDATA[2018-05-11 16:50:19 - [TEST_CASE][PASSED] - Test Cases/Smoke_TF_Customer/TC_4_Open_Consumption_Baseline_Source: Test Cases/Smoke_TF_Customer/TC_4_Open_Consumption_Baseline_Source

2018-05-11 16:50:19 - [TEST_STEP][PASSED] - waitForPageLoad: Wait for page load successfully

2018-05-11 16:50:19 - [MESSAGE][PASSED] - Wait for page load successfully

2018-05-11 16:50:19 - [TEST_STEP][PASSED] - click: Object: 'Object Repository/TF_Customer_Smoke_OpenPage/4_Menu_Consumption Baseline Source' is clicked on

2018-05-11 16:50:20 - [MESSAGE][PASSED] - Object: 'Object Repository/TF_Customer_Smoke_OpenPage/4_Menu_Consumption Baseline Source' is clicked on

2018-05-11 16:50:20 - [TEST_STEP][PASSED] - waitForPageLoad: Wait for page load successfully

2018-05-11 16:50:20 - [MESSAGE][PASSED] - Wait for page load successfully

2018-05-11 16:50:20 - [TEST_STEP][PASSED] - verifyElementPresent: Object 'Object Repository/TF_Customer_Smoke_OpenPage/Verification_Point_After_Open_Page/span_New Consumption Baseline' is present

2018-05-11 16:50:20 - [MESSAGE][WARNING] - Timeout '0' is invalid. Using default page load timeout: '30'

2018-05-11 16:50:20 - [MESSAGE][WARNING] - Timeout '0' is invalid. Using default page load timeout: '30'

2018-05-11 16:50:22 - [MESSAGE][PASSED] - Object 'Object Repository/TF_Customer_Smoke_OpenPage/Verification_Point_After_Open_Page/span_New Consumption Baseline' is present]]></system-out>
         <system-err><![CDATA[]]></system-err>
      </testcase>
      <testcase name="Test Cases/Smoke_TF_Customer/TC_5_Open_Corporate_Customer" classname="Test Cases/Smoke_TF_Customer/TC_5_Open_Corporate_Customer" status="PASSED">
         <system-out><![CDATA[2018-05-11 16:50:22 - [TEST_CASE][PASSED] - Test Cases/Smoke_TF_Customer/TC_5_Open_Corporate_Customer: Test Cases/Smoke_TF_Customer/TC_5_Open_Corporate_Customer

2018-05-11 16:50:22 - [TEST_STEP][PASSED] - waitForPageLoad: Wait for page load successfully

2018-05-11 16:50:22 - [MESSAGE][PASSED] - Wait for page load successfully

2018-05-11 16:50:22 - [TEST_STEP][PASSED] - click: Object: 'Object Repository/TF_Customer_Smoke_OpenPage/5_Menu_Corporate Customer' is clicked on

2018-05-11 16:50:24 - [MESSAGE][PASSED] - Object: 'Object Repository/TF_Customer_Smoke_OpenPage/5_Menu_Corporate Customer' is clicked on

2018-05-11 16:50:24 - [TEST_STEP][PASSED] - waitForPageLoad: Wait for page load successfully

2018-05-11 16:50:24 - [MESSAGE][PASSED] - Wait for page load successfully

2018-05-11 16:50:24 - [TEST_STEP][PASSED] - verifyElementPresent: Object 'Object Repository/TF_Customer_Smoke_OpenPage/Verification_Point_After_Open_Page/span_New Corporate Customer' is present

2018-05-11 16:50:24 - [MESSAGE][WARNING] - Timeout '0' is invalid. Using default page load timeout: '30'

2018-05-11 16:50:24 - [MESSAGE][WARNING] - Timeout '0' is invalid. Using default page load timeout: '30'

2018-05-11 16:50:26 - [MESSAGE][PASSED] - Object 'Object Repository/TF_Customer_Smoke_OpenPage/Verification_Point_After_Open_Page/span_New Corporate Customer' is present]]></system-out>
         <system-err><![CDATA[]]></system-err>
      </testcase>
      <testcase name="Test Cases/Smoke_TF_Customer/TC_6_Open_SHL1_SBU" classname="Test Cases/Smoke_TF_Customer/TC_6_Open_SHL1_SBU" status="FAILED">
         <failure type="FAILED" message="Unable to verify object 'Object Repository/TF_Customer_Smoke_OpenPage/Verification_Point_After_Open_Page/span_New SBU' is present (Root cause: com.kms.katalon.core.webui.exception.WebElementNotFoundException: Web element with id: 'Object Repository/TF_Customer_Smoke_OpenPage/Verification_Point_After_Open_Page/span_New SBU' located by 'By.xpath: //span[(text() = 'New SBU (Sales Business Unit)' or . = 'New SBU (Sales Business Unit)')]' not found)"/>
         <system-out><![CDATA[2018-05-11 16:50:26 - [TEST_CASE][FAILED] - Test Cases/Smoke_TF_Customer/TC_6_Open_SHL1_SBU: Test Cases/Smoke_TF_Customer/TC_6_Open_SHL1_SBU FAILED because (of) Unable to verify object 'Object Repository/TF_Customer_Smoke_OpenPage/Verification_Point_After_Open_Page/span_New SBU' is present (Root cause: com.kms.katalon.core.webui.exception.WebElementNotFoundException: Web element with id: 'Object Repository/TF_Customer_Smoke_OpenPage/Verification_Point_After_Open_Page/span_New SBU' located by 'By.xpath: //span[(text() = 'New SBU (Sales Business Unit)' or . = 'New SBU (Sales Business Unit)')]' not found)

2018-05-11 16:50:26 - [TEST_STEP][PASSED] - waitForPageLoad: Wait for page load successfully

2018-05-11 16:50:26 - [MESSAGE][PASSED] - Wait for page load successfully

2018-05-11 16:50:26 - [TEST_STEP][PASSED] - click: Object: 'Object Repository/TF_Customer_Smoke_OpenPage/Sales_Hierarchy_Level/1_Menu_SBU (Sales Business Unit)' is clicked on

2018-05-11 16:50:30 - [MESSAGE][PASSED] - Object: 'Object Repository/TF_Customer_Smoke_OpenPage/Sales_Hierarchy_Level/1_Menu_SBU (Sales Business Unit)' is clicked on

2018-05-11 16:50:30 - [TEST_STEP][PASSED] - waitForPageLoad: Wait for page load successfully

2018-05-11 16:50:30 - [MESSAGE][PASSED] - Wait for page load successfully

2018-05-11 16:50:30 - [TEST_STEP][FAILED] - verifyElementPresent: Unable to verify object 'Object Repository/TF_Customer_Smoke_OpenPage/Verification_Point_After_Open_Page/span_New SBU' is present (Root cause: com.kms.katalon.core.webui.exception.WebElementNotFoundException: Web element with id: 'Object Repository/TF_Customer_Smoke_OpenPage/Verification_Point_After_Open_Page/span_New SBU' located by 'By.xpath: //span[(text() = 'New SBU (Sales Business Unit)' or . = 'New SBU (Sales Business Unit)')]' not found)

2018-05-11 16:50:30 - [MESSAGE][WARNING] - Test object with id 'Object Repository/TF_Customer_Smoke_OpenPage/Verification_Point_After_Open_Page/Page_Informatica MDM/iframe_data' does not exist

2018-05-11 16:50:30 - [MESSAGE][WARNING] - Timeout '0' is invalid. Using default page load timeout: '30'

2018-05-11 16:51:02 - [MESSAGE][FAILED] - com.kms.katalon.core.webui.exception.WebElementNotFoundException: Web element with id: 'Object Repository/TF_Customer_Smoke_OpenPage/Verification_Point_After_Open_Page/span_New SBU' located by 'By.xpath: //span[(text() = 'New SBU (Sales Business Unit)' or . = 'New SBU (Sales Business Unit)')]' not found
[[ATTACHMENT|D:\\Katalon\\Projects\\TF-Customer\\TF-Customer\\Reports\\Smoke_TF_Customer\\20180511_164902\\1526039462311.png]]

2018-05-11 16:51:02 - [MESSAGE][FAILED] - Unable to verify object 'Object Repository/TF_Customer_Smoke_OpenPage/Verification_Point_After_Open_Page/span_New SBU' is present (Root cause: com.kms.katalon.core.webui.exception.WebElementNotFoundException: Web element with id: 'Object Repository/TF_Customer_Smoke_OpenPage/Verification_Point_After_Open_Page/span_New SBU' located by 'By.xpath: //span[(text() = 'New SBU (Sales Business Unit)' or . = 'New SBU (Sales Business Unit)')]' not found)
[[ATTACHMENT|D:\\Katalon\\Projects\\TF-Customer\\TF-Customer\\Reports\\Smoke_TF_Customer\\20180511_164902\\1526039462620.png]]]]></system-out>
         <system-err><![CDATA[2018-05-11 16:50:26 - [TEST_CASE][FAILED] - Test Cases/Smoke_TF_Customer/TC_6_Open_SHL1_SBU: Test Cases/Smoke_TF_Customer/TC_6_Open_SHL1_SBU FAILED because (of) Unable to verify object 'Object Repository/TF_Customer_Smoke_OpenPage/Verification_Point_After_Open_Page/span_New SBU' is present (Root cause: com.kms.katalon.core.webui.exception.WebElementNotFoundException: Web element with id: 'Object Repository/TF_Customer_Smoke_OpenPage/Verification_Point_After_Open_Page/span_New SBU' located by 'By.xpath: //span[(text() = 'New SBU (Sales Business Unit)' or . = 'New SBU (Sales Business Unit)')]' not found)]]></system-err>
      </testcase>
      <testcase name="Test Cases/Smoke_TF_Customer/TC_7_Open_SHL2_Sales_Segment" classname="Test Cases/Smoke_TF_Customer/TC_7_Open_SHL2_Sales_Segment" status="FAILED">
         <failure type="FAILED" message="Unable to verify object 'Object Repository/TF_Customer_Smoke_OpenPage/Verification_Point_After_Open_Page/span_New Sales Segment' is present (Root cause: com.kms.katalon.core.webui.exception.WebElementNotFoundException: Web element with id: 'Object Repository/TF_Customer_Smoke_OpenPage/Verification_Point_After_Open_Page/span_New Sales Segment' located by 'By.xpath: //span[(text() = 'New Sales Segment' or . = 'New Sales Segment')]' not found)"/>
         <system-out><![CDATA[2018-05-11 16:51:02 - [TEST_CASE][FAILED] - Test Cases/Smoke_TF_Customer/TC_7_Open_SHL2_Sales_Segment: Test Cases/Smoke_TF_Customer/TC_7_Open_SHL2_Sales_Segment FAILED because (of) Unable to verify object 'Object Repository/TF_Customer_Smoke_OpenPage/Verification_Point_After_Open_Page/span_New Sales Segment' is present (Root cause: com.kms.katalon.core.webui.exception.WebElementNotFoundException: Web element with id: 'Object Repository/TF_Customer_Smoke_OpenPage/Verification_Point_After_Open_Page/span_New Sales Segment' located by 'By.xpath: //span[(text() = 'New Sales Segment' or . = 'New Sales Segment')]' not found)

2018-05-11 16:51:02 - [TEST_STEP][PASSED] - waitForPageLoad: Wait for page load successfully

2018-05-11 16:51:02 - [MESSAGE][PASSED] - Wait for page load successfully

2018-05-11 16:51:02 - [TEST_STEP][PASSED] - click: Object: 'Object Repository/TF_Customer_Smoke_OpenPage/Sales_Hierarchy_Level/2_Menu_Sales Segment' is clicked on

2018-05-11 16:51:03 - [MESSAGE][PASSED] - Object: 'Object Repository/TF_Customer_Smoke_OpenPage/Sales_Hierarchy_Level/2_Menu_Sales Segment' is clicked on

2018-05-11 16:51:03 - [TEST_STEP][PASSED] - waitForPageLoad: Wait for page load successfully

2018-05-11 16:51:03 - [MESSAGE][PASSED] - Wait for page load successfully

2018-05-11 16:51:03 - [TEST_STEP][FAILED] - verifyElementPresent: Unable to verify object 'Object Repository/TF_Customer_Smoke_OpenPage/Verification_Point_After_Open_Page/span_New Sales Segment' is present (Root cause: com.kms.katalon.core.webui.exception.WebElementNotFoundException: Web element with id: 'Object Repository/TF_Customer_Smoke_OpenPage/Verification_Point_After_Open_Page/span_New Sales Segment' located by 'By.xpath: //span[(text() = 'New Sales Segment' or . = 'New Sales Segment')]' not found)

2018-05-11 16:51:03 - [MESSAGE][WARNING] - Test object with id 'Object Repository/TF_Customer_Smoke_OpenPage/Verification_Point_After_Open_Page/Page_Informatica MDM/iframe_data' does not exist

2018-05-11 16:51:03 - [MESSAGE][WARNING] - Timeout '0' is invalid. Using default page load timeout: '30'

2018-05-11 16:51:34 - [MESSAGE][FAILED] - com.kms.katalon.core.webui.exception.WebElementNotFoundException: Web element with id: 'Object Repository/TF_Customer_Smoke_OpenPage/Verification_Point_After_Open_Page/span_New Sales Segment' located by 'By.xpath: //span[(text() = 'New Sales Segment' or . = 'New Sales Segment')]' not found
[[ATTACHMENT|D:\\Katalon\\Projects\\TF-Customer\\TF-Customer\\Reports\\Smoke_TF_Customer\\20180511_164902\\1526039494523.png]]

2018-05-11 16:51:35 - [MESSAGE][FAILED] - Unable to verify object 'Object Repository/TF_Customer_Smoke_OpenPage/Verification_Point_After_Open_Page/span_New Sales Segment' is present (Root cause: com.kms.katalon.core.webui.exception.WebElementNotFoundException: Web element with id: 'Object Repository/TF_Customer_Smoke_OpenPage/Verification_Point_After_Open_Page/span_New Sales Segment' located by 'By.xpath: //span[(text() = 'New Sales Segment' or . = 'New Sales Segment')]' not found)
[[ATTACHMENT|D:\\Katalon\\Projects\\TF-Customer\\TF-Customer\\Reports\\Smoke_TF_Customer\\20180511_164902\\1526039494817.png]]]]></system-out>
         <system-err><![CDATA[2018-05-11 16:51:02 - [TEST_CASE][FAILED] - Test Cases/Smoke_TF_Customer/TC_7_Open_SHL2_Sales_Segment: Test Cases/Smoke_TF_Customer/TC_7_Open_SHL2_Sales_Segment FAILED because (of) Unable to verify object 'Object Repository/TF_Customer_Smoke_OpenPage/Verification_Point_After_Open_Page/span_New Sales Segment' is present (Root cause: com.kms.katalon.core.webui.exception.WebElementNotFoundException: Web element with id: 'Object Repository/TF_Customer_Smoke_OpenPage/Verification_Point_After_Open_Page/span_New Sales Segment' located by 'By.xpath: //span[(text() = 'New Sales Segment' or . = 'New Sales Segment')]' not found)]]></system-err>
      </testcase>
      <testcase name="Test Cases/Smoke_TF_Customer/TC_8_Open_SHL3_Sales_Division" classname="Test Cases/Smoke_TF_Customer/TC_8_Open_SHL3_Sales_Division" status="FAILED">
         <failure type="FAILED" message="Unable to click on object 'Object Repository/TF_Customer_Smoke_OpenPage/Sales_Hierarchy_Level/3_Menu_Sales Division' (Root cause: com.kms.katalon.core.webui.exception.WebElementNotFoundException: Web element with id: 'Object Repository/TF_Customer_Smoke_OpenPage/Sales_Hierarchy_Level/3_Menu_Sales Division' located by 'By.xpath: //td[(text() = 'Sales Division' or . = 'Sales Division')]' not found)"/>
         <system-out><![CDATA[2018-05-11 16:51:35 - [TEST_CASE][FAILED] - Test Cases/Smoke_TF_Customer/TC_8_Open_SHL3_Sales_Division: Test Cases/Smoke_TF_Customer/TC_8_Open_SHL3_Sales_Division FAILED because (of) Unable to click on object 'Object Repository/TF_Customer_Smoke_OpenPage/Sales_Hierarchy_Level/3_Menu_Sales Division' (Root cause: com.kms.katalon.core.webui.exception.WebElementNotFoundException: Web element with id: 'Object Repository/TF_Customer_Smoke_OpenPage/Sales_Hierarchy_Level/3_Menu_Sales Division' located by 'By.xpath: //td[(text() = 'Sales Division' or . = 'Sales Division')]' not found)

2018-05-11 16:51:35 - [TEST_STEP][PASSED] - waitForPageLoad: Wait for page load successfully

2018-05-11 16:51:35 - [MESSAGE][PASSED] - Wait for page load successfully

2018-05-11 16:51:35 - [TEST_STEP][FAILED] - click: Unable to click on object 'Object Repository/TF_Customer_Smoke_OpenPage/Sales_Hierarchy_Level/3_Menu_Sales Division' (Root cause: com.kms.katalon.core.webui.exception.WebElementNotFoundException: Web element with id: 'Object Repository/TF_Customer_Smoke_OpenPage/Sales_Hierarchy_Level/3_Menu_Sales Division' located by 'By.xpath: //td[(text() = 'Sales Division' or . = 'Sales Division')]' not found)

2018-05-11 16:52:06 - [MESSAGE][FAILED] - Unable to click on object 'Object Repository/TF_Customer_Smoke_OpenPage/Sales_Hierarchy_Level/3_Menu_Sales Division' (Root cause: com.kms.katalon.core.webui.exception.WebElementNotFoundException: Web element with id: 'Object Repository/TF_Customer_Smoke_OpenPage/Sales_Hierarchy_Level/3_Menu_Sales Division' located by 'By.xpath: //td[(text() = 'Sales Division' or . = 'Sales Division')]' not found)
[[ATTACHMENT|D:\\Katalon\\Projects\\TF-Customer\\TF-Customer\\Reports\\Smoke_TF_Customer\\20180511_164902\\1526039526619.png]]]]></system-out>
         <system-err><![CDATA[2018-05-11 16:51:35 - [TEST_CASE][FAILED] - Test Cases/Smoke_TF_Customer/TC_8_Open_SHL3_Sales_Division: Test Cases/Smoke_TF_Customer/TC_8_Open_SHL3_Sales_Division FAILED because (of) Unable to click on object 'Object Repository/TF_Customer_Smoke_OpenPage/Sales_Hierarchy_Level/3_Menu_Sales Division' (Root cause: com.kms.katalon.core.webui.exception.WebElementNotFoundException: Web element with id: 'Object Repository/TF_Customer_Smoke_OpenPage/Sales_Hierarchy_Level/3_Menu_Sales Division' located by 'By.xpath: //td[(text() = 'Sales Division' or . = 'Sales Division')]' not found)]]></system-err>
      </testcase>
      <testcase name="Test Cases/Smoke_TF_Customer/TC_9_Open_SHL4_Sales_Region" classname="Test Cases/Smoke_TF_Customer/TC_9_Open_SHL4_Sales_Region" status="FAILED">
         <failure type="FAILED" message="Unable to click on object 'Object Repository/TF_Customer_Smoke_OpenPage/Sales_Hierarchy_Level/4_Menu_Sales Region' (Root cause: com.kms.katalon.core.webui.exception.WebElementNotFoundException: Web element with id: 'Object Repository/TF_Customer_Smoke_OpenPage/Sales_Hierarchy_Level/4_Menu_Sales Region' located by 'By.xpath: //td[(text() = 'Sales Region' or . = 'Sales Region')]' not found)"/>
         <system-out><![CDATA[2018-05-11 16:52:06 - [TEST_CASE][FAILED] - Test Cases/Smoke_TF_Customer/TC_9_Open_SHL4_Sales_Region: Test Cases/Smoke_TF_Customer/TC_9_Open_SHL4_Sales_Region FAILED because (of) Unable to click on object 'Object Repository/TF_Customer_Smoke_OpenPage/Sales_Hierarchy_Level/4_Menu_Sales Region' (Root cause: com.kms.katalon.core.webui.exception.WebElementNotFoundException: Web element with id: 'Object Repository/TF_Customer_Smoke_OpenPage/Sales_Hierarchy_Level/4_Menu_Sales Region' located by 'By.xpath: //td[(text() = 'Sales Region' or . = 'Sales Region')]' not found)

2018-05-11 16:52:06 - [TEST_STEP][PASSED] - waitForPageLoad: Wait for page load successfully

2018-05-11 16:52:07 - [MESSAGE][PASSED] - Wait for page load successfully

2018-05-11 16:52:07 - [TEST_STEP][FAILED] - click: Unable to click on object 'Object Repository/TF_Customer_Smoke_OpenPage/Sales_Hierarchy_Level/4_Menu_Sales Region' (Root cause: com.kms.katalon.core.webui.exception.WebElementNotFoundException: Web element with id: 'Object Repository/TF_Customer_Smoke_OpenPage/Sales_Hierarchy_Level/4_Menu_Sales Region' located by 'By.xpath: //td[(text() = 'Sales Region' or . = 'Sales Region')]' not found)

2018-05-11 16:52:38 - [MESSAGE][FAILED] - Unable to click on object 'Object Repository/TF_Customer_Smoke_OpenPage/Sales_Hierarchy_Level/4_Menu_Sales Region' (Root cause: com.kms.katalon.core.webui.exception.WebElementNotFoundException: Web element with id: 'Object Repository/TF_Customer_Smoke_OpenPage/Sales_Hierarchy_Level/4_Menu_Sales Region' located by 'By.xpath: //td[(text() = 'Sales Region' or . = 'Sales Region')]' not found)
[[ATTACHMENT|D:\\Katalon\\Projects\\TF-Customer\\TF-Customer\\Reports\\Smoke_TF_Customer\\20180511_164902\\1526039558392.png]]]]></system-out>
         <system-err><![CDATA[2018-05-11 16:52:06 - [TEST_CASE][FAILED] - Test Cases/Smoke_TF_Customer/TC_9_Open_SHL4_Sales_Region: Test Cases/Smoke_TF_Customer/TC_9_Open_SHL4_Sales_Region FAILED because (of) Unable to click on object 'Object Repository/TF_Customer_Smoke_OpenPage/Sales_Hierarchy_Level/4_Menu_Sales Region' (Root cause: com.kms.katalon.core.webui.exception.WebElementNotFoundException: Web element with id: 'Object Repository/TF_Customer_Smoke_OpenPage/Sales_Hierarchy_Level/4_Menu_Sales Region' located by 'By.xpath: //td[(text() = 'Sales Region' or . = 'Sales Region')]' not found)]]></system-err>
      </testcase>
      <testcase name="Test Cases/Smoke_TF_Customer/TC_10_Open_SHL5_Sales_Market" classname="Test Cases/Smoke_TF_Customer/TC_10_Open_SHL5_Sales_Market" status="FAILED">
         <failure type="FAILED" message="Unable to click on object 'Object Repository/TF_Customer_Smoke_OpenPage/Sales_Hierarchy_Level/5_Menu_Sales Market' (Root cause: com.kms.katalon.core.webui.exception.WebElementNotFoundException: Web element with id: 'Object Repository/TF_Customer_Smoke_OpenPage/Sales_Hierarchy_Level/5_Menu_Sales Market' located by 'By.xpath: //td[(text() = 'Sales Market' or . = 'Sales Market')]' not found)"/>
         <system-out><![CDATA[2018-05-11 16:52:38 - [TEST_CASE][FAILED] - Test Cases/Smoke_TF_Customer/TC_10_Open_SHL5_Sales_Market: Test Cases/Smoke_TF_Customer/TC_10_Open_SHL5_Sales_Market FAILED because (of) Unable to click on object 'Object Repository/TF_Customer_Smoke_OpenPage/Sales_Hierarchy_Level/5_Menu_Sales Market' (Root cause: com.kms.katalon.core.webui.exception.WebElementNotFoundException: Web element with id: 'Object Repository/TF_Customer_Smoke_OpenPage/Sales_Hierarchy_Level/5_Menu_Sales Market' located by 'By.xpath: //td[(text() = 'Sales Market' or . = 'Sales Market')]' not found)

2018-05-11 16:52:38 - [TEST_STEP][PASSED] - waitForPageLoad: Wait for page load successfully

2018-05-11 16:52:38 - [MESSAGE][PASSED] - Wait for page load successfully

2018-05-11 16:52:38 - [TEST_STEP][FAILED] - click: Unable to click on object 'Object Repository/TF_Customer_Smoke_OpenPage/Sales_Hierarchy_Level/5_Menu_Sales Market' (Root cause: com.kms.katalon.core.webui.exception.WebElementNotFoundException: Web element with id: 'Object Repository/TF_Customer_Smoke_OpenPage/Sales_Hierarchy_Level/5_Menu_Sales Market' located by 'By.xpath: //td[(text() = 'Sales Market' or . = 'Sales Market')]' not found)

2018-05-11 16:53:10 - [MESSAGE][FAILED] - Unable to click on object 'Object Repository/TF_Customer_Smoke_OpenPage/Sales_Hierarchy_Level/5_Menu_Sales Market' (Root cause: com.kms.katalon.core.webui.exception.WebElementNotFoundException: Web element with id: 'Object Repository/TF_Customer_Smoke_OpenPage/Sales_Hierarchy_Level/5_Menu_Sales Market' located by 'By.xpath: //td[(text() = 'Sales Market' or . = 'Sales Market')]' not found)
[[ATTACHMENT|D:\\Katalon\\Projects\\TF-Customer\\TF-Customer\\Reports\\Smoke_TF_Customer\\20180511_164902\\1526039590147.png]]]]></system-out>
         <system-err><![CDATA[2018-05-11 16:52:38 - [TEST_CASE][FAILED] - Test Cases/Smoke_TF_Customer/TC_10_Open_SHL5_Sales_Market: Test Cases/Smoke_TF_Customer/TC_10_Open_SHL5_Sales_Market FAILED because (of) Unable to click on object 'Object Repository/TF_Customer_Smoke_OpenPage/Sales_Hierarchy_Level/5_Menu_Sales Market' (Root cause: com.kms.katalon.core.webui.exception.WebElementNotFoundException: Web element with id: 'Object Repository/TF_Customer_Smoke_OpenPage/Sales_Hierarchy_Level/5_Menu_Sales Market' located by 'By.xpath: //td[(text() = 'Sales Market' or . = 'Sales Market')]' not found)]]></system-err>
      </testcase>
      <testcase name="Test Cases/Smoke_TF_Customer/TC_11_Open_PA_Planning_Account" classname="Test Cases/Smoke_TF_Customer/TC_11_Open_PA_Planning_Account" status="FAILED">
         <failure type="FAILED" message="Unable to click on object 'Object Repository/TF_Customer_Smoke_OpenPage/Planning_Account/1_Menu_Planning Account' (Root cause: com.kms.katalon.core.webui.exception.WebElementNotFoundException: Web element with id: 'Object Repository/TF_Customer_Smoke_OpenPage/Planning_Account/1_Menu_Planning Account' located by 'By.xpath: //td[(text() = 'Planning Account' or . = 'Planning Account')]' not found)"/>
         <system-out><![CDATA[2018-05-11 16:53:10 - [TEST_CASE][FAILED] - Test Cases/Smoke_TF_Customer/TC_11_Open_PA_Planning_Account: Test Cases/Smoke_TF_Customer/TC_11_Open_PA_Planning_Account FAILED because (of) Unable to click on object 'Object Repository/TF_Customer_Smoke_OpenPage/Planning_Account/1_Menu_Planning Account' (Root cause: com.kms.katalon.core.webui.exception.WebElementNotFoundException: Web element with id: 'Object Repository/TF_Customer_Smoke_OpenPage/Planning_Account/1_Menu_Planning Account' located by 'By.xpath: //td[(text() = 'Planning Account' or . = 'Planning Account')]' not found)

2018-05-11 16:53:10 - [TEST_STEP][PASSED] - waitForPageLoad: Wait for page load successfully

2018-05-11 16:53:10 - [MESSAGE][PASSED] - Wait for page load successfully

2018-05-11 16:53:10 - [TEST_STEP][FAILED] - click: Unable to click on object 'Object Repository/TF_Customer_Smoke_OpenPage/Planning_Account/1_Menu_Planning Account' (Root cause: com.kms.katalon.core.webui.exception.WebElementNotFoundException: Web element with id: 'Object Repository/TF_Customer_Smoke_OpenPage/Planning_Account/1_Menu_Planning Account' located by 'By.xpath: //td[(text() = 'Planning Account' or . = 'Planning Account')]' not found)

2018-05-11 16:53:42 - [MESSAGE][FAILED] - Unable to click on object 'Object Repository/TF_Customer_Smoke_OpenPage/Planning_Account/1_Menu_Planning Account' (Root cause: com.kms.katalon.core.webui.exception.WebElementNotFoundException: Web element with id: 'Object Repository/TF_Customer_Smoke_OpenPage/Planning_Account/1_Menu_Planning Account' located by 'By.xpath: //td[(text() = 'Planning Account' or . = 'Planning Account')]' not found)
[[ATTACHMENT|D:\\Katalon\\Projects\\TF-Customer\\TF-Customer\\Reports\\Smoke_TF_Customer\\20180511_164902\\1526039621934.png]]]]></system-out>
         <system-err><![CDATA[2018-05-11 16:53:10 - [TEST_CASE][FAILED] - Test Cases/Smoke_TF_Customer/TC_11_Open_PA_Planning_Account: Test Cases/Smoke_TF_Customer/TC_11_Open_PA_Planning_Account FAILED because (of) Unable to click on object 'Object Repository/TF_Customer_Smoke_OpenPage/Planning_Account/1_Menu_Planning Account' (Root cause: com.kms.katalon.core.webui.exception.WebElementNotFoundException: Web element with id: 'Object Repository/TF_Customer_Smoke_OpenPage/Planning_Account/1_Menu_Planning Account' located by 'By.xpath: //td[(text() = 'Planning Account' or . = 'Planning Account')]' not found)]]></system-err>
      </testcase>
      <testcase name="Test Cases/Smoke_TF_Customer/TC_12_Open_PA_Sub_Planning_Account" classname="Test Cases/Smoke_TF_Customer/TC_12_Open_PA_Sub_Planning_Account" status="FAILED">
         <failure type="FAILED" message="Unable to click on object 'Object Repository/TF_Customer_Smoke_OpenPage/Planning_Account/2_Menu_Sub Planning Account' (Root cause: com.kms.katalon.core.webui.exception.WebElementNotFoundException: Web element with id: 'Object Repository/TF_Customer_Smoke_OpenPage/Planning_Account/2_Menu_Sub Planning Account' located by 'By.xpath: //td[(text() = 'Sub Planning Account' or . = 'Sub Planning Account')]' not found)"/>
         <system-out><![CDATA[2018-05-11 16:53:42 - [TEST_CASE][FAILED] - Test Cases/Smoke_TF_Customer/TC_12_Open_PA_Sub_Planning_Account: Test Cases/Smoke_TF_Customer/TC_12_Open_PA_Sub_Planning_Account FAILED because (of) Unable to click on object 'Object Repository/TF_Customer_Smoke_OpenPage/Planning_Account/2_Menu_Sub Planning Account' (Root cause: com.kms.katalon.core.webui.exception.WebElementNotFoundException: Web element with id: 'Object Repository/TF_Customer_Smoke_OpenPage/Planning_Account/2_Menu_Sub Planning Account' located by 'By.xpath: //td[(text() = 'Sub Planning Account' or . = 'Sub Planning Account')]' not found)

2018-05-11 16:53:42 - [TEST_STEP][PASSED] - waitForPageLoad: Wait for page load successfully

2018-05-11 16:53:42 - [MESSAGE][PASSED] - Wait for page load successfully

2018-05-11 16:53:42 - [TEST_STEP][FAILED] - click: Unable to click on object 'Object Repository/TF_Customer_Smoke_OpenPage/Planning_Account/2_Menu_Sub Planning Account' (Root cause: com.kms.katalon.core.webui.exception.WebElementNotFoundException: Web element with id: 'Object Repository/TF_Customer_Smoke_OpenPage/Planning_Account/2_Menu_Sub Planning Account' located by 'By.xpath: //td[(text() = 'Sub Planning Account' or . = 'Sub Planning Account')]' not found)

2018-05-11 16:54:14 - [MESSAGE][FAILED] - Unable to click on object 'Object Repository/TF_Customer_Smoke_OpenPage/Planning_Account/2_Menu_Sub Planning Account' (Root cause: com.kms.katalon.core.webui.exception.WebElementNotFoundException: Web element with id: 'Object Repository/TF_Customer_Smoke_OpenPage/Planning_Account/2_Menu_Sub Planning Account' located by 'By.xpath: //td[(text() = 'Sub Planning Account' or . = 'Sub Planning Account')]' not found)
[[ATTACHMENT|D:\\Katalon\\Projects\\TF-Customer\\TF-Customer\\Reports\\Smoke_TF_Customer\\20180511_164902\\1526039653717.png]]]]></system-out>
         <system-err><![CDATA[2018-05-11 16:53:42 - [TEST_CASE][FAILED] - Test Cases/Smoke_TF_Customer/TC_12_Open_PA_Sub_Planning_Account: Test Cases/Smoke_TF_Customer/TC_12_Open_PA_Sub_Planning_Account FAILED because (of) Unable to click on object 'Object Repository/TF_Customer_Smoke_OpenPage/Planning_Account/2_Menu_Sub Planning Account' (Root cause: com.kms.katalon.core.webui.exception.WebElementNotFoundException: Web element with id: 'Object Repository/TF_Customer_Smoke_OpenPage/Planning_Account/2_Menu_Sub Planning Account' located by 'By.xpath: //td[(text() = 'Sub Planning Account' or . = 'Sub Planning Account')]' not found)]]></system-err>
      </testcase>
      <system-out><![CDATA[2018-05-11 16:49:02 - [TEST_SUITE][FAILED] - Smoke_TF_Customer: Test Cases/Smoke_TF_Customer/TC_6_Open_SHL1_SBU FAILED because (of) Unable to verify object 'Object Repository/TF_Customer_Smoke_OpenPage/Verification_Point_After_Open_Page/span_New SBU' is present (Root cause: com.kms.katalon.core.webui.exception.WebElementNotFoundException: Web element with id: 'Object Repository/TF_Customer_Smoke_OpenPage/Verification_Point_After_Open_Page/span_New SBU' located by 'By.xpath: //span[(text() = 'New SBU (Sales Business Unit)' or . = 'New SBU (Sales Business Unit)')]' not found)]]></system-out>
      <system-err><![CDATA[2018-05-11 16:49:02 - [TEST_SUITE][FAILED] - Smoke_TF_Customer: Test Cases/Smoke_TF_Customer/TC_6_Open_SHL1_SBU FAILED because (of) Unable to verify object 'Object Repository/TF_Customer_Smoke_OpenPage/Verification_Point_After_Open_Page/span_New SBU' is present (Root cause: com.kms.katalon.core.webui.exception.WebElementNotFoundException: Web element with id: 'Object Repository/TF_Customer_Smoke_OpenPage/Verification_Point_After_Open_Page/span_New SBU' located by 'By.xpath: //span[(text() = 'New SBU (Sales Business Unit)' or . = 'New SBU (Sales Business Unit)')]' not found)]]></system-err>
   </testsuite>
</testsuites>
