{"devicePlatform":"","logFolder":"D:\\Katalon\\Projects\\Trade_Funds\\TF_Regression\\Reports\\Smoke_TF_Customer\\20181030_152803","runData":{"hostName":"Junaid.Tariq - Junaid.instepinc.com","os":"Windows 7 64bit","katalonVersion":"5.7.1.1","browser":"Chrome 69.0.3497.100","hostAddress":"200.199.80.62","sessionId":"1e9f68c81777c4b12c14056a937210c3","seleniumVersion":"3.7.1","proxyInformation":"ProxyInformation{proxyOption\u003dNO_PROXY, proxyServerType\u003dHTTP, password\u003d, proxyServerAddress\u003d, proxyServerPort\u003d0}","platform":"Windows 7"},"type":"TEST_SUITE","name":"Smoke_TF_Customer","id":"Test Suites/Smoke_TF_Customer","source":"","message":"Test Cases/Smoke_TF_Customer/TC_1_Create_Banner FAILED because (of) (Stack trace: org.codehaus.groovy.runtime.InvokerInvocationException: java.sql.SQLException: ORA-01008: not all variables bound\n\r\n\tat org.codehaus.groovy.reflection.CachedMethod.invoke(CachedMethod.java:100)\r\n\tat groovy.lang.MetaMethod.doMethodInvoke(MetaMethod.java:325)\r\n\tat groovy.lang.MetaClassImpl.invokeMethod(MetaClassImpl.java:1215)\r\n\tat groovy.lang.MetaClassImpl.invokeMethod(MetaClassImpl.java:1024)\r\n\tat groovy.lang.MetaClassImpl.invokeMethod(MetaClassImpl.java:812)\r\n\tat groovy.lang.DelegatingMetaClass.invokeMethod(DelegatingMetaClass.java:144)\r\n\tat tradeFunds.TF_Regression.invokeMethod(TF_Regression.groovy)\r\n\tat com.kms.katalon.core.main.CustomKeywordDelegatingMetaClass.invokeStaticMethod(CustomKeywordDelegatingMetaClass.java:46)\r\n\tat org.codehaus.groovy.runtime.callsite.StaticMetaClassSite.call(StaticMetaClassSite.java:53)\r\n\tat org.codehaus.groovy.runtime.callsite.CallSiteArray.defaultCall(CallSiteArray.java:48)\r\n\tat org.codehaus.groovy.runtime.callsite.AbstractCallSite.call(AbstractCallSite.java:113)\r\n\tat org.codehaus.groovy.runtime.callsite.AbstractCallSite.call(AbstractCallSite.java:149)\r\n\tat Script1540887571744.run(Script1540887571744.groovy:62)\r\n\tat com.kms.katalon.core.main.ScriptEngine.run(ScriptEngine.java:183)\r\n\tat com.kms.katalon.core.main.ScriptEngine.runScriptAsRawText(ScriptEngine.java:108)\r\n\tat com.kms.katalon.core.main.TestCaseExecutor.runScript(TestCaseExecutor.java:294)\r\n\tat com.kms.katalon.core.main.TestCaseExecutor.doExecute(TestCaseExecutor.java:285)\r\n\tat com.kms.katalon.core.main.TestCaseExecutor.processExecutionPhase(TestCaseExecutor.java:264)\r\n\tat com.kms.katalon.core.main.TestCaseExecutor.accessMainPhase(TestCaseExecutor.java:256)\r\n\tat com.kms.katalon.core.main.TestCaseExecutor.execute(TestCaseExecutor.java:200)\r\n\tat com.kms.katalon.core.main.TestSuiteExecutor.accessTestCaseMainPhase(TestSuiteExecutor.java:129)\r\n\tat com.kms.katalon.core.main.TestSuiteExecutor.accessTestSuiteMainPhase(TestSuiteExecutor.java:112)\r\n\tat com.kms.katalon.core.main.TestSuiteExecutor.execute(TestSuiteExecutor.java:81)\r\n\tat com.kms.katalon.core.main.TestCaseMain.startTestSuite(TestCaseMain.java:142)\r\n\tat com.kms.katalon.core.main.TestCaseMain$startTestSuite$0.call(Unknown Source)\r\n\tat org.codehaus.groovy.runtime.callsite.CallSiteArray.defaultCall(CallSiteArray.java:48)\r\n\tat org.codehaus.groovy.runtime.callsite.AbstractCallSite.call(AbstractCallSite.java:113)\r\n\tat org.codehaus.groovy.runtime.callsite.AbstractCallSite.call(AbstractCallSite.java:141)\r\n\tat TempTestSuite1540895283385.run(TempTestSuite1540895283385.groovy:36)\r\n\tat groovy.lang.GroovyShell.runScriptOrMainOrTestOrRunnable(GroovyShell.java:263)\r\n\tat groovy.lang.GroovyShell.run(GroovyShell.java:518)\r\n\tat groovy.lang.GroovyShell.run(GroovyShell.java:507)\r\n\tat groovy.ui.GroovyMain.processOnce(GroovyMain.java:653)\r\n\tat groovy.ui.GroovyMain.run(GroovyMain.java:384)\r\n\tat groovy.ui.GroovyMain.process(GroovyMain.java:370)\r\n\tat groovy.ui.GroovyMain.processArgs(GroovyMain.java:129)\r\n\tat groovy.ui.GroovyMain.main(GroovyMain.java:109)\r\n\tat sun.reflect.NativeMethodAccessorImpl.invoke0(Native Method)\r\n\tat sun.reflect.NativeMethodAccessorImpl.invoke(NativeMethodAccessorImpl.java:62)\r\n\tat sun.reflect.DelegatingMethodAccessorImpl.invoke(DelegatingMethodAccessorImpl.java:43)\r\n\tat java.lang.reflect.Method.invoke(Method.java:498)\r\n\tat org.codehaus.groovy.tools.GroovyStarter.rootLoader(GroovyStarter.java:109)\r\n\tat org.codehaus.groovy.tools.GroovyStarter.main(GroovyStarter.java:131)\r\nCaused by: java.sql.SQLException: ORA-01008: not all variables bound\n\r\n\tat oracle.jdbc.driver.T4CTTIoer.processError(T4CTTIoer.java:450)\r\n\tat oracle.jdbc.driver.T4CTTIoer.processError(T4CTTIoer.java:399)\r\n\tat oracle.jdbc.driver.T4C8Oall.processError(T4C8Oall.java:1059)\r\n\tat oracle.jdbc.driver.T4CTTIfun.receive(T4CTTIfun.java:522)\r\n\tat oracle.jdbc.driver.T4CTTIfun.doRPC(T4CTTIfun.java:257)\r\n\tat oracle.jdbc.driver.T4C8Oall.doOALL(T4C8Oall.java:587)\r\n\tat oracle.jdbc.driver.T4CStatement.doOall8(T4CStatement.java:210)\r\n\tat oracle.jdbc.driver.T4CStatement.doOall8(T4CStatement.java:30)\r\n\tat oracle.jdbc.driver.T4CStatement.executeForDescribe(T4CStatement.java:762)\r\n\tat oracle.jdbc.driver.OracleStatement.executeMaybeDescribe(OracleStatement.java:925)\r\n\tat oracle.jdbc.driver.OracleStatement.doExecuteWithTimeout(OracleStatement.java:1111)\r\n\tat oracle.jdbc.driver.OracleStatement.executeQuery(OracleStatement.java:1309)\r\n\tat oracle.jdbc.driver.OracleStatementWrapper.executeQuery(OracleStatementWrapper.java:422)\r\n\tat groovy.sql.Sql$QueryCommand.runQuery(Sql.java:4661)\r\n\tat groovy.sql.Sql$AbstractQueryCommand.execute(Sql.java:4575)\r\n\tat groovy.sql.Sql.rows(Sql.java:1704)\r\n\tat groovy.sql.Sql.rows(Sql.java:1622)\r\n\tat groovy.sql.Sql.firstRow(Sql.java:2129)\r\n\tat groovy.sql.Sql$firstRow$0.call(Unknown Source)\r\n\tat org.codehaus.groovy.runtime.callsite.CallSiteArray.defaultCall(CallSiteArray.java:48)\r\n\tat org.codehaus.groovy.runtime.callsite.AbstractCallSite.call(AbstractCallSite.java:113)\r\n\tat org.codehaus.groovy.runtime.callsite.AbstractCallSite.call(AbstractCallSite.java:125)\r\n\tat tradeFunds.TF_Regression.verifyBanner(TF_Regression.groovy:117)\r\n\tat sun.reflect.NativeMethodAccessorImpl.invoke0(Native Method)\r\n\tat sun.reflect.NativeMethodAccessorImpl.invoke(NativeMethodAccessorImpl.java:62)\r\n\tat sun.reflect.DelegatingMethodAccessorImpl.invoke(DelegatingMethodAccessorImpl.java:43)\r\n\tat java.lang.reflect.Method.invoke(Method.java:498)\r\n\tat org.codehaus.groovy.reflection.CachedMethod.invoke(CachedMethod.java:93)\r\n\t... 42 more\r\n (caused by: (Stack trace: java.sql.SQLException: ORA-01008: not all variables bound\n\r\n\tat oracle.jdbc.driver.T4CTTIoer.processError(T4CTTIoer.java:450)\r\n\tat oracle.jdbc.driver.T4CTTIoer.processError(T4CTTIoer.java:399)\r\n\tat oracle.jdbc.driver.T4C8Oall.processError(T4C8Oall.java:1059)\r\n\tat oracle.jdbc.driver.T4CTTIfun.receive(T4CTTIfun.java:522)\r\n\tat oracle.jdbc.driver.T4CTTIfun.doRPC(T4CTTIfun.java:257)\r\n\tat oracle.jdbc.driver.T4C8Oall.doOALL(T4C8Oall.java:587)\r\n\tat oracle.jdbc.driver.T4CStatement.doOall8(T4CStatement.java:210)\r\n\tat oracle.jdbc.driver.T4CStatement.doOall8(T4CStatement.java:30)\r\n\tat oracle.jdbc.driver.T4CStatement.executeForDescribe(T4CStatement.java:762)\r\n\tat oracle.jdbc.driver.OracleStatement.executeMaybeDescribe(OracleStatement.java:925)\r\n\tat oracle.jdbc.driver.OracleStatement.doExecuteWithTimeout(OracleStatement.java:1111)\r\n\tat oracle.jdbc.driver.OracleStatement.executeQuery(OracleStatement.java:1309)\r\n\tat oracle.jdbc.driver.OracleStatementWrapper.executeQuery(OracleStatementWrapper.java:422)\r\n\tat groovy.sql.Sql$QueryCommand.runQuery(Sql.java:4661)\r\n\tat groovy.sql.Sql$AbstractQueryCommand.execute(Sql.java:4575)\r\n\tat groovy.sql.Sql.rows(Sql.java:1704)\r\n\tat groovy.sql.Sql.rows(Sql.java:1622)\r\n\tat groovy.sql.Sql.firstRow(Sql.java:2129)\r\n\tat groovy.sql.Sql$firstRow$0.call(Unknown Source)\r\n\tat org.codehaus.groovy.runtime.callsite.CallSiteArray.defaultCall(CallSiteArray.java:48)\r\n\tat org.codehaus.groovy.runtime.callsite.AbstractCallSite.call(AbstractCallSite.java:113)\r\n\tat org.codehaus.groovy.runtime.callsite.AbstractCallSite.call(AbstractCallSite.java:125)\r\n\tat tradeFunds.TF_Regression.verifyBanner(TF_Regression.groovy:117)\r\n\tat sun.reflect.NativeMethodAccessorImpl.invoke0(Native Method)\r\n\tat sun.reflect.NativeMethodAccessorImpl.invoke(NativeMethodAccessorImpl.java:62)\r\n\tat sun.reflect.DelegatingMethodAccessorImpl.invoke(DelegatingMethodAccessorImpl.java:43)\r\n\tat java.lang.reflect.Method.invoke(Method.java:498)\r\n\tat org.codehaus.groovy.reflection.CachedMethod.invoke(CachedMethod.java:93)\r\n\tat groovy.lang.MetaMethod.doMethodInvoke(MetaMethod.java:325)\r\n\tat groovy.lang.MetaClassImpl.invokeMethod(MetaClassImpl.java:1215)\r\n\tat groovy.lang.MetaClassImpl.invokeMethod(MetaClassImpl.java:1024)\r\n\tat groovy.lang.MetaClassImpl.invokeMethod(MetaClassImpl.java:812)\r\n\tat groovy.lang.DelegatingMetaClass.invokeMethod(DelegatingMetaClass.java:144)\r\n\tat tradeFunds.TF_Regression.invokeMethod(TF_Regression.groovy)\r\n\tat com.kms.katalon.core.main.CustomKeywordDelegatingMetaClass.invokeStaticMethod(CustomKeywordDelegatingMetaClass.java:46)\r\n\tat org.codehaus.groovy.runtime.callsite.StaticMetaClassSite.call(StaticMetaClassSite.java:53)\r\n\tat org.codehaus.groovy.runtime.callsite.CallSiteArray.defaultCall(CallSiteArray.java:48)\r\n\tat org.codehaus.groovy.runtime.callsite.AbstractCallSite.call(AbstractCallSite.java:113)\r\n\tat org.codehaus.groovy.runtime.callsite.AbstractCallSite.call(AbstractCallSite.java:149)\r\n\tat Script1540887571744.run(Script1540887571744.groovy:62)\r\n\tat com.kms.katalon.core.main.ScriptEngine.run(ScriptEngine.java:183)\r\n\tat com.kms.katalon.core.main.ScriptEngine.runScriptAsRawText(ScriptEngine.java:108)\r\n\tat com.kms.katalon.core.main.TestCaseExecutor.runScript(TestCaseExecutor.java:294)\r\n\tat com.kms.katalon.core.main.TestCaseExecutor.doExecute(TestCaseExecutor.java:285)\r\n\tat com.kms.katalon.core.main.TestCaseExecutor.processExecutionPhase(TestCaseExecutor.java:264)\r\n\tat com.kms.katalon.core.main.TestCaseExecutor.accessMainPhase(TestCaseExecutor.java:256)\r\n\tat com.kms.katalon.core.main.TestCaseExecutor.execute(TestCaseExecutor.java:200)\r\n\tat com.kms.katalon.core.main.TestSuiteExecutor.accessTestCaseMainPhase(TestSuiteExecutor.java:129)\r\n\tat com.kms.katalon.core.main.TestSuiteExecutor.accessTestSuiteMainPhase(TestSuiteExecutor.java:112)\r\n\tat com.kms.katalon.core.main.TestSuiteExecutor.execute(TestSuiteExecutor.java:81)\r\n\tat com.kms.katalon.core.main.TestCaseMain.startTestSuite(TestCaseMain.java:142)\r\n\tat com.kms.katalon.core.main.TestCaseMain$startTestSuite$0.call(Unknown Source)\r\n\tat org.codehaus.groovy.runtime.callsite.CallSiteArray.defaultCall(CallSiteArray.java:48)\r\n\tat org.codehaus.groovy.runtime.callsite.AbstractCallSite.call(AbstractCallSite.java:113)\r\n\tat org.codehaus.groovy.runtime.callsite.AbstractCallSite.call(AbstractCallSite.java:141)\r\n\tat TempTestSuite1540895283385.run(TempTestSuite1540895283385.groovy:36)\r\n\tat groovy.lang.GroovyShell.runScriptOrMainOrTestOrRunnable(GroovyShell.java:263)\r\n\tat groovy.lang.GroovyShell.run(GroovyShell.java:518)\r\n\tat groovy.lang.GroovyShell.run(GroovyShell.java:507)\r\n\tat groovy.ui.GroovyMain.processOnce(GroovyMain.java:653)\r\n\tat groovy.ui.GroovyMain.run(GroovyMain.java:384)\r\n\tat groovy.ui.GroovyMain.process(GroovyMain.java:370)\r\n\tat groovy.ui.GroovyMain.processArgs(GroovyMain.java:129)\r\n\tat groovy.ui.GroovyMain.main(GroovyMain.java:109)\r\n\tat sun.reflect.NativeMethodAccessorImpl.invoke0(Native Method)\r\n\tat sun.reflect.NativeMethodAccessorImpl.invoke(NativeMethodAccessorImpl.java:62)\r\n\tat sun.reflect.DelegatingMethodAccessorImpl.invoke(DelegatingMethodAccessorImpl.java:43)\r\n\tat java.lang.reflect.Method.invoke(Method.java:498)\r\n\tat org.codehaus.groovy.tools.GroovyStarter.rootLoader(GroovyStarter.java:109)\r\n\tat org.codehaus.groovy.tools.GroovyStarter.main(GroovyStarter.java:131)\r\n)))","description":"","startTime":1540895285170,"endTime":1540895322234,"childRecords":[{"isOptional":false,"type":"TEST_CASE","name":"Test Cases/General_Login_Logout/Login","id":"Test Cases/General_Login_Logout/Login","source":"D:\\\\Katalon\\\\Projects\\\\Trade_Funds\\\\TF_Regression\\\\Test Cases\\\\General_Login_Logout\\\\Login.tc","message":"Test Cases/General_Login_Logout/Login","description":"","startTime":1540895285414,"endTime":1540895303595,"childRecords":[{"testStatus":{"stackTrace":"","statusValue":"INFO"},"type":"MESSAGE","name":"","message":"Evaluating variables for test case","startTime":1540895285427,"endTime":0,"childRecords":[],"interuppted":false},{"testStatus":{"stackTrace":"","statusValue":"INFO"},"type":"MESSAGE","name":"","message":"Variable \u0027User\u0027 is set to junaid_sm as default","startTime":1540895285459,"endTime":0,"childRecords":[],"interuppted":false},{"testStatus":{"stackTrace":"","statusValue":"INFO"},"type":"MESSAGE","name":"","message":"Variable \u0027Password\u0027 is set to str0ng_2 as default","startTime":1540895285464,"endTime":0,"childRecords":[],"interuppted":false},{"index":1,"isIgnoredIfFailed":false,"type":"TEST_STEP","name":"tradeFunds.TF_Regression.LoginTFCustomer","message":"tradeFunds.TF_Regression.LoginTFCustomer is PASSED","description":"","startTime":1540895285687,"endTime":1540895303595,"childRecords":[{"testStatus":{"stackTrace":"","statusValue":"PASSED"},"type":"MESSAGE","name":"","message":"Browser is opened with url: \u0027\u0027","startTime":1540895288403,"endTime":0,"childRecords":[],"interuppted":false},{"testStatus":{"stackTrace":"","statusValue":"PASSED"},"type":"MESSAGE","name":"","message":"Wait for page load successfully","startTime":1540895288445,"endTime":0,"childRecords":[],"interuppted":false},{"testStatus":{"stackTrace":"","statusValue":"PASSED"},"type":"MESSAGE","name":"","message":"Current window maximized","startTime":1540895289589,"endTime":0,"childRecords":[],"interuppted":false},{"testStatus":{"stackTrace":"","statusValue":"PASSED"},"type":"MESSAGE","name":"","message":"Navigate to \u0027https://52.6.78.242:7008/e360/com.informatica.tools.mdm.web.auth/login\u0027 successfully","startTime":1540895294579,"endTime":0,"childRecords":[],"interuppted":false},{"testStatus":{"stackTrace":"","statusValue":"PASSED"},"type":"MESSAGE","name":"","message":"Text \u0027junaid_sm\u0027 is set on object \u0027Object Repository/Page_ Login/Txt_Username\u0027","startTime":1540895294746,"endTime":0,"childRecords":[],"interuppted":false},{"testStatus":{"stackTrace":"","statusValue":"PASSED"},"type":"MESSAGE","name":"","message":"Text \u0027str0ng_2\u0027 is set on object \u0027Object Repository/Page_ Login/Txt_Password\u0027","startTime":1540895294847,"endTime":0,"childRecords":[],"interuppted":false},{"testStatus":{"stackTrace":"","statusValue":"PASSED"},"type":"MESSAGE","name":"","message":"Object: \u0027Object Repository/Page_ Login/Btn_Login\u0027 is clicked on","startTime":1540895294922,"endTime":0,"childRecords":[],"interuppted":false},{"testStatus":{"stackTrace":"","statusValue":"PASSED"},"type":"MESSAGE","name":"","message":"Wait for page load successfully","startTime":1540895294928,"endTime":0,"childRecords":[],"interuppted":false},{"testStatus":{"stackTrace":"","statusValue":"PASSED"},"type":"MESSAGE","name":"","message":"Object: \u0027Object Repository/Page_ Login/Project_Selection/div_Trade Funds Customer\u0027 is clicked on","startTime":1540895302583,"endTime":0,"childRecords":[],"interuppted":false},{"testStatus":{"stackTrace":"","statusValue":"PASSED"},"type":"MESSAGE","name":"","message":"Delayed 1 second(s)","startTime":1540895303594,"endTime":0,"childRecords":[],"interuppted":false},{"testStatus":{"stackTrace":"","statusValue":"PASSED"},"type":"MESSAGE","name":"","message":"tradeFunds.TF_Regression.LoginTFCustomer is PASSED","startTime":1540895303594,"endTime":0,"childRecords":[],"interuppted":false}],"interuppted":false},{"testStatus":{"stackTrace":"","statusValue":"PASSED"},"type":"MESSAGE","name":"","message":"Test Cases/General_Login_Logout/Login","startTime":1540895303595,"endTime":0,"childRecords":[],"interuppted":false}],"interuppted":false},{"isOptional":false,"type":"TEST_CASE","name":"Test Cases/Smoke_TF_Customer/TC_1_Create_Banner","id":"Test Cases/Smoke_TF_Customer/TC_1_Create_Banner","source":"D:\\\\Katalon\\\\Projects\\\\Trade_Funds\\\\TF_Regression\\\\Test Cases\\\\Smoke_TF_Customer\\\\TC_1_Create_Banner.tc","message":"Test Cases/Smoke_TF_Customer/TC_1_Create_Banner FAILED because (of) (Stack trace: org.codehaus.groovy.runtime.InvokerInvocationException: java.sql.SQLException: ORA-01008: not all variables bound\n\r\n\tat org.codehaus.groovy.reflection.CachedMethod.invoke(CachedMethod.java:100)\r\n\tat groovy.lang.MetaMethod.doMethodInvoke(MetaMethod.java:325)\r\n\tat groovy.lang.MetaClassImpl.invokeMethod(MetaClassImpl.java:1215)\r\n\tat groovy.lang.MetaClassImpl.invokeMethod(MetaClassImpl.java:1024)\r\n\tat groovy.lang.MetaClassImpl.invokeMethod(MetaClassImpl.java:812)\r\n\tat groovy.lang.DelegatingMetaClass.invokeMethod(DelegatingMetaClass.java:144)\r\n\tat tradeFunds.TF_Regression.invokeMethod(TF_Regression.groovy)\r\n\tat com.kms.katalon.core.main.CustomKeywordDelegatingMetaClass.invokeStaticMethod(CustomKeywordDelegatingMetaClass.java:46)\r\n\tat org.codehaus.groovy.runtime.callsite.StaticMetaClassSite.call(StaticMetaClassSite.java:53)\r\n\tat org.codehaus.groovy.runtime.callsite.CallSiteArray.defaultCall(CallSiteArray.java:48)\r\n\tat org.codehaus.groovy.runtime.callsite.AbstractCallSite.call(AbstractCallSite.java:113)\r\n\tat org.codehaus.groovy.runtime.callsite.AbstractCallSite.call(AbstractCallSite.java:149)\r\n\tat Script1540887571744.run(Script1540887571744.groovy:62)\r\n\tat com.kms.katalon.core.main.ScriptEngine.run(ScriptEngine.java:183)\r\n\tat com.kms.katalon.core.main.ScriptEngine.runScriptAsRawText(ScriptEngine.java:108)\r\n\tat com.kms.katalon.core.main.TestCaseExecutor.runScript(TestCaseExecutor.java:294)\r\n\tat com.kms.katalon.core.main.TestCaseExecutor.doExecute(TestCaseExecutor.java:285)\r\n\tat com.kms.katalon.core.main.TestCaseExecutor.processExecutionPhase(TestCaseExecutor.java:264)\r\n\tat com.kms.katalon.core.main.TestCaseExecutor.accessMainPhase(TestCaseExecutor.java:256)\r\n\tat com.kms.katalon.core.main.TestCaseExecutor.execute(TestCaseExecutor.java:200)\r\n\tat com.kms.katalon.core.main.TestSuiteExecutor.accessTestCaseMainPhase(TestSuiteExecutor.java:129)\r\n\tat com.kms.katalon.core.main.TestSuiteExecutor.accessTestSuiteMainPhase(TestSuiteExecutor.java:112)\r\n\tat com.kms.katalon.core.main.TestSuiteExecutor.execute(TestSuiteExecutor.java:81)\r\n\tat com.kms.katalon.core.main.TestCaseMain.startTestSuite(TestCaseMain.java:142)\r\n\tat com.kms.katalon.core.main.TestCaseMain$startTestSuite$0.call(Unknown Source)\r\n\tat org.codehaus.groovy.runtime.callsite.CallSiteArray.defaultCall(CallSiteArray.java:48)\r\n\tat org.codehaus.groovy.runtime.callsite.AbstractCallSite.call(AbstractCallSite.java:113)\r\n\tat org.codehaus.groovy.runtime.callsite.AbstractCallSite.call(AbstractCallSite.java:141)\r\n\tat TempTestSuite1540895283385.run(TempTestSuite1540895283385.groovy:36)\r\n\tat groovy.lang.GroovyShell.runScriptOrMainOrTestOrRunnable(GroovyShell.java:263)\r\n\tat groovy.lang.GroovyShell.run(GroovyShell.java:518)\r\n\tat groovy.lang.GroovyShell.run(GroovyShell.java:507)\r\n\tat groovy.ui.GroovyMain.processOnce(GroovyMain.java:653)\r\n\tat groovy.ui.GroovyMain.run(GroovyMain.java:384)\r\n\tat groovy.ui.GroovyMain.process(GroovyMain.java:370)\r\n\tat groovy.ui.GroovyMain.processArgs(GroovyMain.java:129)\r\n\tat groovy.ui.GroovyMain.main(GroovyMain.java:109)\r\n\tat sun.reflect.NativeMethodAccessorImpl.invoke0(Native Method)\r\n\tat sun.reflect.NativeMethodAccessorImpl.invoke(NativeMethodAccessorImpl.java:62)\r\n\tat sun.reflect.DelegatingMethodAccessorImpl.invoke(DelegatingMethodAccessorImpl.java:43)\r\n\tat java.lang.reflect.Method.invoke(Method.java:498)\r\n\tat org.codehaus.groovy.tools.GroovyStarter.rootLoader(GroovyStarter.java:109)\r\n\tat org.codehaus.groovy.tools.GroovyStarter.main(GroovyStarter.java:131)\r\nCaused by: java.sql.SQLException: ORA-01008: not all variables bound\n\r\n\tat oracle.jdbc.driver.T4CTTIoer.processError(T4CTTIoer.java:450)\r\n\tat oracle.jdbc.driver.T4CTTIoer.processError(T4CTTIoer.java:399)\r\n\tat oracle.jdbc.driver.T4C8Oall.processError(T4C8Oall.java:1059)\r\n\tat oracle.jdbc.driver.T4CTTIfun.receive(T4CTTIfun.java:522)\r\n\tat oracle.jdbc.driver.T4CTTIfun.doRPC(T4CTTIfun.java:257)\r\n\tat oracle.jdbc.driver.T4C8Oall.doOALL(T4C8Oall.java:587)\r\n\tat oracle.jdbc.driver.T4CStatement.doOall8(T4CStatement.java:210)\r\n\tat oracle.jdbc.driver.T4CStatement.doOall8(T4CStatement.java:30)\r\n\tat oracle.jdbc.driver.T4CStatement.executeForDescribe(T4CStatement.java:762)\r\n\tat oracle.jdbc.driver.OracleStatement.executeMaybeDescribe(OracleStatement.java:925)\r\n\tat oracle.jdbc.driver.OracleStatement.doExecuteWithTimeout(OracleStatement.java:1111)\r\n\tat oracle.jdbc.driver.OracleStatement.executeQuery(OracleStatement.java:1309)\r\n\tat oracle.jdbc.driver.OracleStatementWrapper.executeQuery(OracleStatementWrapper.java:422)\r\n\tat groovy.sql.Sql$QueryCommand.runQuery(Sql.java:4661)\r\n\tat groovy.sql.Sql$AbstractQueryCommand.execute(Sql.java:4575)\r\n\tat groovy.sql.Sql.rows(Sql.java:1704)\r\n\tat groovy.sql.Sql.rows(Sql.java:1622)\r\n\tat groovy.sql.Sql.firstRow(Sql.java:2129)\r\n\tat groovy.sql.Sql$firstRow$0.call(Unknown Source)\r\n\tat org.codehaus.groovy.runtime.callsite.CallSiteArray.defaultCall(CallSiteArray.java:48)\r\n\tat org.codehaus.groovy.runtime.callsite.AbstractCallSite.call(AbstractCallSite.java:113)\r\n\tat org.codehaus.groovy.runtime.callsite.AbstractCallSite.call(AbstractCallSite.java:125)\r\n\tat tradeFunds.TF_Regression.verifyBanner(TF_Regression.groovy:117)\r\n\tat sun.reflect.NativeMethodAccessorImpl.invoke0(Native Method)\r\n\tat sun.reflect.NativeMethodAccessorImpl.invoke(NativeMethodAccessorImpl.java:62)\r\n\tat sun.reflect.DelegatingMethodAccessorImpl.invoke(DelegatingMethodAccessorImpl.java:43)\r\n\tat java.lang.reflect.Method.invoke(Method.java:498)\r\n\tat org.codehaus.groovy.reflection.CachedMethod.invoke(CachedMethod.java:93)\r\n\t... 42 more\r\n (caused by: (Stack trace: java.sql.SQLException: ORA-01008: not all variables bound\n\r\n\tat oracle.jdbc.driver.T4CTTIoer.processError(T4CTTIoer.java:450)\r\n\tat oracle.jdbc.driver.T4CTTIoer.processError(T4CTTIoer.java:399)\r\n\tat oracle.jdbc.driver.T4C8Oall.processError(T4C8Oall.java:1059)\r\n\tat oracle.jdbc.driver.T4CTTIfun.receive(T4CTTIfun.java:522)\r\n\tat oracle.jdbc.driver.T4CTTIfun.doRPC(T4CTTIfun.java:257)\r\n\tat oracle.jdbc.driver.T4C8Oall.doOALL(T4C8Oall.java:587)\r\n\tat oracle.jdbc.driver.T4CStatement.doOall8(T4CStatement.java:210)\r\n\tat oracle.jdbc.driver.T4CStatement.doOall8(T4CStatement.java:30)\r\n\tat oracle.jdbc.driver.T4CStatement.executeForDescribe(T4CStatement.java:762)\r\n\tat oracle.jdbc.driver.OracleStatement.executeMaybeDescribe(OracleStatement.java:925)\r\n\tat oracle.jdbc.driver.OracleStatement.doExecuteWithTimeout(OracleStatement.java:1111)\r\n\tat oracle.jdbc.driver.OracleStatement.executeQuery(OracleStatement.java:1309)\r\n\tat oracle.jdbc.driver.OracleStatementWrapper.executeQuery(OracleStatementWrapper.java:422)\r\n\tat groovy.sql.Sql$QueryCommand.runQuery(Sql.java:4661)\r\n\tat groovy.sql.Sql$AbstractQueryCommand.execute(Sql.java:4575)\r\n\tat groovy.sql.Sql.rows(Sql.java:1704)\r\n\tat groovy.sql.Sql.rows(Sql.java:1622)\r\n\tat groovy.sql.Sql.firstRow(Sql.java:2129)\r\n\tat groovy.sql.Sql$firstRow$0.call(Unknown Source)\r\n\tat org.codehaus.groovy.runtime.callsite.CallSiteArray.defaultCall(CallSiteArray.java:48)\r\n\tat org.codehaus.groovy.runtime.callsite.AbstractCallSite.call(AbstractCallSite.java:113)\r\n\tat org.codehaus.groovy.runtime.callsite.AbstractCallSite.call(AbstractCallSite.java:125)\r\n\tat tradeFunds.TF_Regression.verifyBanner(TF_Regression.groovy:117)\r\n\tat sun.reflect.NativeMethodAccessorImpl.invoke0(Native Method)\r\n\tat sun.reflect.NativeMethodAccessorImpl.invoke(NativeMethodAccessorImpl.java:62)\r\n\tat sun.reflect.DelegatingMethodAccessorImpl.invoke(DelegatingMethodAccessorImpl.java:43)\r\n\tat java.lang.reflect.Method.invoke(Method.java:498)\r\n\tat org.codehaus.groovy.reflection.CachedMethod.invoke(CachedMethod.java:93)\r\n\tat groovy.lang.MetaMethod.doMethodInvoke(MetaMethod.java:325)\r\n\tat groovy.lang.MetaClassImpl.invokeMethod(MetaClassImpl.java:1215)\r\n\tat groovy.lang.MetaClassImpl.invokeMethod(MetaClassImpl.java:1024)\r\n\tat groovy.lang.MetaClassImpl.invokeMethod(MetaClassImpl.java:812)\r\n\tat groovy.lang.DelegatingMetaClass.invokeMethod(DelegatingMetaClass.java:144)\r\n\tat tradeFunds.TF_Regression.invokeMethod(TF_Regression.groovy)\r\n\tat com.kms.katalon.core.main.CustomKeywordDelegatingMetaClass.invokeStaticMethod(CustomKeywordDelegatingMetaClass.java:46)\r\n\tat org.codehaus.groovy.runtime.callsite.StaticMetaClassSite.call(StaticMetaClassSite.java:53)\r\n\tat org.codehaus.groovy.runtime.callsite.CallSiteArray.defaultCall(CallSiteArray.java:48)\r\n\tat org.codehaus.groovy.runtime.callsite.AbstractCallSite.call(AbstractCallSite.java:113)\r\n\tat org.codehaus.groovy.runtime.callsite.AbstractCallSite.call(AbstractCallSite.java:149)\r\n\tat Script1540887571744.run(Script1540887571744.groovy:62)\r\n\tat com.kms.katalon.core.main.ScriptEngine.run(ScriptEngine.java:183)\r\n\tat com.kms.katalon.core.main.ScriptEngine.runScriptAsRawText(ScriptEngine.java:108)\r\n\tat com.kms.katalon.core.main.TestCaseExecutor.runScript(TestCaseExecutor.java:294)\r\n\tat com.kms.katalon.core.main.TestCaseExecutor.doExecute(TestCaseExecutor.java:285)\r\n\tat com.kms.katalon.core.main.TestCaseExecutor.processExecutionPhase(TestCaseExecutor.java:264)\r\n\tat com.kms.katalon.core.main.TestCaseExecutor.accessMainPhase(TestCaseExecutor.java:256)\r\n\tat com.kms.katalon.core.main.TestCaseExecutor.execute(TestCaseExecutor.java:200)\r\n\tat com.kms.katalon.core.main.TestSuiteExecutor.accessTestCaseMainPhase(TestSuiteExecutor.java:129)\r\n\tat com.kms.katalon.core.main.TestSuiteExecutor.accessTestSuiteMainPhase(TestSuiteExecutor.java:112)\r\n\tat com.kms.katalon.core.main.TestSuiteExecutor.execute(TestSuiteExecutor.java:81)\r\n\tat com.kms.katalon.core.main.TestCaseMain.startTestSuite(TestCaseMain.java:142)\r\n\tat com.kms.katalon.core.main.TestCaseMain$startTestSuite$0.call(Unknown Source)\r\n\tat org.codehaus.groovy.runtime.callsite.CallSiteArray.defaultCall(CallSiteArray.java:48)\r\n\tat org.codehaus.groovy.runtime.callsite.AbstractCallSite.call(AbstractCallSite.java:113)\r\n\tat org.codehaus.groovy.runtime.callsite.AbstractCallSite.call(AbstractCallSite.java:141)\r\n\tat TempTestSuite1540895283385.run(TempTestSuite1540895283385.groovy:36)\r\n\tat groovy.lang.GroovyShell.runScriptOrMainOrTestOrRunnable(GroovyShell.java:263)\r\n\tat groovy.lang.GroovyShell.run(GroovyShell.java:518)\r\n\tat groovy.lang.GroovyShell.run(GroovyShell.java:507)\r\n\tat groovy.ui.GroovyMain.processOnce(GroovyMain.java:653)\r\n\tat groovy.ui.GroovyMain.run(GroovyMain.java:384)\r\n\tat groovy.ui.GroovyMain.process(GroovyMain.java:370)\r\n\tat groovy.ui.GroovyMain.processArgs(GroovyMain.java:129)\r\n\tat groovy.ui.GroovyMain.main(GroovyMain.java:109)\r\n\tat sun.reflect.NativeMethodAccessorImpl.invoke0(Native Method)\r\n\tat sun.reflect.NativeMethodAccessorImpl.invoke(NativeMethodAccessorImpl.java:62)\r\n\tat sun.reflect.DelegatingMethodAccessorImpl.invoke(DelegatingMethodAccessorImpl.java:43)\r\n\tat java.lang.reflect.Method.invoke(Method.java:498)\r\n\tat org.codehaus.groovy.tools.GroovyStarter.rootLoader(GroovyStarter.java:109)\r\n\tat org.codehaus.groovy.tools.GroovyStarter.main(GroovyStarter.java:131)\r\n)))","description":"","startTime":1540895303597,"endTime":1540895322234,"childRecords":[{"testStatus":{"stackTrace":"","statusValue":"INFO"},"type":"MESSAGE","name":"","message":"Evaluating variables for test case","startTime":1540895303606,"endTime":0,"childRecords":[],"interuppted":false},{"testStatus":{"stackTrace":"","statusValue":"INFO"},"type":"MESSAGE","name":"","message":"Variable \u0027MTCH_Banner_Name\u0027 is set to Banner_Test_33_oct as default","startTime":1540895303610,"endTime":0,"childRecords":[],"interuppted":false},{"index":1,"isIgnoredIfFailed":false,"type":"TEST_STEP","name":"waitForPageLoad","message":"Wait for page load successfully","description":"","startTime":1540895303714,"endTime":1540895303728,"childRecords":[{"testStatus":{"stackTrace":"","statusValue":"PASSED"},"type":"MESSAGE","name":"","message":"Wait for page load successfully","startTime":1540895303728,"endTime":0,"childRecords":[],"interuppted":false}],"interuppted":false},{"index":2,"isIgnoredIfFailed":false,"type":"TEST_STEP","name":"mouseOver","message":"Object: \u0027Object Repository/TF_Customer_Create/Menu_Navigation_To_Open_All_Pages/0_Menu_Create_In_Data_View\u0027 is hovered","description":"","startTime":1540895303729,"endTime":1540895303834,"childRecords":[{"testStatus":{"stackTrace":"","statusValue":"PASSED"},"type":"MESSAGE","name":"","message":"Object: \u0027Object Repository/TF_Customer_Create/Menu_Navigation_To_Open_All_Pages/0_Menu_Create_In_Data_View\u0027 is hovered","startTime":1540895303834,"endTime":0,"childRecords":[],"interuppted":false}],"interuppted":false},{"index":3,"isIgnoredIfFailed":false,"type":"TEST_STEP","name":"waitForPageLoad","message":"Wait for page load successfully","description":"","startTime":1540895303835,"endTime":1540895303840,"childRecords":[{"testStatus":{"stackTrace":"","statusValue":"PASSED"},"type":"MESSAGE","name":"","message":"Wait for page load successfully","startTime":1540895303840,"endTime":0,"childRecords":[],"interuppted":false}],"interuppted":false},{"index":4,"isIgnoredIfFailed":false,"type":"TEST_STEP","name":"mouseOver","message":"Object: \u0027Object Repository/TF_Customer_Create/Menu_Navigation_To_Open_All_Pages/1_Menu_Create_Master_Data\u0027 is hovered","description":"","startTime":1540895303840,"endTime":1540895305491,"childRecords":[{"testStatus":{"stackTrace":"","statusValue":"PASSED"},"type":"MESSAGE","name":"","message":"Object: \u0027Object Repository/TF_Customer_Create/Menu_Navigation_To_Open_All_Pages/1_Menu_Create_Master_Data\u0027 is hovered","startTime":1540895305490,"endTime":0,"childRecords":[],"interuppted":false}],"interuppted":false},{"index":5,"isIgnoredIfFailed":false,"type":"TEST_STEP","name":"waitForPageLoad","message":"Wait for page load successfully","description":"","startTime":1540895305491,"endTime":1540895305500,"childRecords":[{"testStatus":{"stackTrace":"","statusValue":"PASSED"},"type":"MESSAGE","name":"","message":"Wait for page load successfully","startTime":1540895305499,"endTime":0,"childRecords":[],"interuppted":false}],"interuppted":false},{"index":6,"isIgnoredIfFailed":false,"type":"TEST_STEP","name":"click","message":"Object: \u0027Object Repository/TF_Customer_Create/1_Menu_Banner\u0027 is clicked on","description":"","startTime":1540895305500,"endTime":1540895306101,"childRecords":[{"testStatus":{"stackTrace":"","statusValue":"PASSED"},"type":"MESSAGE","name":"","message":"Object: \u0027Object Repository/TF_Customer_Create/1_Menu_Banner\u0027 is clicked on","startTime":1540895306100,"endTime":0,"childRecords":[],"interuppted":false}],"interuppted":false},{"index":7,"isIgnoredIfFailed":false,"type":"TEST_STEP","name":"waitForPageLoad","message":"Wait for page load successfully","description":"","startTime":1540895306101,"endTime":1540895306109,"childRecords":[{"testStatus":{"stackTrace":"","statusValue":"PASSED"},"type":"MESSAGE","name":"","message":"Wait for page load successfully","startTime":1540895306109,"endTime":0,"childRecords":[],"interuppted":false}],"interuppted":false},{"index":8,"isIgnoredIfFailed":false,"type":"TEST_STEP","name":"click","message":"Object: \u0027Object Repository/TF_Customer_Create/Create_Objects_And_Save/1_Create_Banner/span_Data_Tab\u0027 is clicked on","description":"","startTime":1540895306110,"endTime":1540895306173,"childRecords":[{"testStatus":{"stackTrace":"","statusValue":"PASSED"},"type":"MESSAGE","name":"","message":"Object: \u0027Object Repository/TF_Customer_Create/Create_Objects_And_Save/1_Create_Banner/span_Data_Tab\u0027 is clicked on","startTime":1540895306173,"endTime":0,"childRecords":[],"interuppted":false}],"interuppted":false},{"index":9,"isIgnoredIfFailed":false,"type":"TEST_STEP","name":"delay","message":"Delayed 5 second(s)","description":"","startTime":1540895306174,"endTime":1540895311176,"childRecords":[{"testStatus":{"stackTrace":"","statusValue":"PASSED"},"type":"MESSAGE","name":"","message":"Delayed 5 second(s)","startTime":1540895311175,"endTime":0,"childRecords":[],"interuppted":false}],"interuppted":false},{"index":10,"isIgnoredIfFailed":false,"type":"TEST_STEP","name":"click","message":"NOT_RUN: click","description":"","startTime":1540895311177,"endTime":1540895311180,"childRecords":[{"testStatus":{"stackTrace":"","statusValue":"NOT_RUN"},"type":"MESSAGE","name":"","message":"NOT_RUN: click","startTime":1540895311179,"endTime":0,"childRecords":[],"interuppted":false}],"interuppted":false},{"index":11,"isIgnoredIfFailed":false,"type":"TEST_STEP","name":"delay","message":"NOT_RUN: delay","description":"","startTime":1540895311181,"endTime":1540895311184,"childRecords":[{"testStatus":{"stackTrace":"","statusValue":"NOT_RUN"},"type":"MESSAGE","name":"","message":"NOT_RUN: delay","startTime":1540895311183,"endTime":0,"childRecords":[],"interuppted":false}],"interuppted":false},{"index":12,"isIgnoredIfFailed":false,"type":"TEST_STEP","name":"setText","message":"Text \u0027Banner_Test_33_oct\u0027 is set on object \u0027Object Repository/TF_Customer_Create/Create_Objects_And_Save/1_Create_Banner/Input_Banner_Name/input__aFDVTC2incDVTC2inc_asse\u0027","description":"","startTime":1540895311188,"endTime":1540895312475,"childRecords":[{"testStatus":{"stackTrace":"","statusValue":"PASSED"},"type":"MESSAGE","name":"","message":"Text \u0027Banner_Test_33_oct\u0027 is set on object \u0027Object Repository/TF_Customer_Create/Create_Objects_And_Save/1_Create_Banner/Input_Banner_Name/input__aFDVTC2incDVTC2inc_asse\u0027","startTime":1540895312457,"endTime":0,"childRecords":[],"interuppted":false}],"interuppted":false},{"index":13,"isIgnoredIfFailed":false,"type":"TEST_STEP","name":"delay","message":"Delayed 2 second(s)","description":"","startTime":1540895312476,"endTime":1540895314479,"childRecords":[{"testStatus":{"stackTrace":"","statusValue":"PASSED"},"type":"MESSAGE","name":"","message":"Delayed 2 second(s)","startTime":1540895314477,"endTime":0,"childRecords":[],"interuppted":false}],"interuppted":false},{"index":14,"isIgnoredIfFailed":false,"type":"TEST_STEP","name":"click","message":"NOT_RUN: click","description":"","startTime":1540895314480,"endTime":1540895314483,"childRecords":[{"testStatus":{"stackTrace":"","statusValue":"NOT_RUN"},"type":"MESSAGE","name":"","message":"NOT_RUN: click","startTime":1540895314481,"endTime":0,"childRecords":[],"interuppted":false}],"interuppted":false},{"index":15,"isIgnoredIfFailed":false,"type":"TEST_STEP","name":"click","message":"Object: \u0027Object Repository/TF_Customer_Create/Create_Objects_And_Save/Click_Apply_Button/td_Apply\u0027 is clicked on","description":"","startTime":1540895314484,"endTime":1540895314646,"childRecords":[{"testStatus":{"stackTrace":"","statusValue":"PASSED"},"type":"MESSAGE","name":"","message":"Object: \u0027Object Repository/TF_Customer_Create/Create_Objects_And_Save/Click_Apply_Button/td_Apply\u0027 is clicked on","startTime":1540895314640,"endTime":0,"childRecords":[],"interuppted":false}],"interuppted":false},{"index":16,"isIgnoredIfFailed":false,"type":"TEST_STEP","name":"delay","message":"Delayed 1 second(s)","description":"","startTime":1540895314647,"endTime":1540895315648,"childRecords":[{"testStatus":{"stackTrace":"","statusValue":"PASSED"},"type":"MESSAGE","name":"","message":"Delayed 1 second(s)","startTime":1540895315647,"endTime":0,"childRecords":[],"interuppted":false}],"interuppted":false},{"index":17,"isIgnoredIfFailed":false,"type":"TEST_STEP","name":"click","message":"Object: \u0027Object Repository/TF_Customer_Create/Create_Objects_And_Save/Click_Save_Button/td_Save\u0027 is clicked on","description":"","startTime":1540895315649,"endTime":1540895315776,"childRecords":[{"testStatus":{"stackTrace":"","statusValue":"PASSED"},"type":"MESSAGE","name":"","message":"Object: \u0027Object Repository/TF_Customer_Create/Create_Objects_And_Save/Click_Save_Button/td_Save\u0027 is clicked on","startTime":1540895315771,"endTime":0,"childRecords":[],"interuppted":false}],"interuppted":false},{"index":18,"isIgnoredIfFailed":false,"type":"TEST_STEP","name":"delay","message":"Delayed 3 second(s)","description":"","startTime":1540895315777,"endTime":1540895318778,"childRecords":[{"testStatus":{"stackTrace":"","statusValue":"PASSED"},"type":"MESSAGE","name":"","message":"Delayed 3 second(s)","startTime":1540895318777,"endTime":0,"childRecords":[],"interuppted":false}],"interuppted":false},{"index":19,"isIgnoredIfFailed":false,"type":"TEST_STEP","name":"click","message":"Object: \u0027Object Repository/TF_Customer_Create/Create_Objects_And_Save/Click_Close_Button/td_Close\u0027 is clicked on","description":"","startTime":1540895318779,"endTime":1540895318927,"childRecords":[{"testStatus":{"stackTrace":"","statusValue":"PASSED"},"type":"MESSAGE","name":"","message":"Object: \u0027Object Repository/TF_Customer_Create/Create_Objects_And_Save/Click_Close_Button/td_Close\u0027 is clicked on","startTime":1540895318920,"endTime":0,"childRecords":[],"interuppted":false}],"interuppted":false},{"index":20,"isIgnoredIfFailed":false,"type":"TEST_STEP","name":"tradeFunds.TF_Regression.verifyBanner","message":"java.sql.SQLException: ORA-01008: not all variables bound\n","description":"","startTime":1540895318928,"endTime":1540895322221,"childRecords":[{"testStatus":{"stackTrace":"","statusValue":"ERROR"},"type":"MESSAGE","name":"","message":"java.sql.SQLException: ORA-01008: not all variables bound\n","startTime":1540895322219,"endTime":0,"childRecords":[],"interuppted":false}],"interuppted":false},{"testStatus":{"stackTrace":"","statusValue":"ERROR"},"type":"MESSAGE","name":"","message":"Test Cases/Smoke_TF_Customer/TC_1_Create_Banner FAILED because (of) (Stack trace: org.codehaus.groovy.runtime.InvokerInvocationException: java.sql.SQLException: ORA-01008: not all variables bound\n\r\n\tat org.codehaus.groovy.reflection.CachedMethod.invoke(CachedMethod.java:100)\r\n\tat groovy.lang.MetaMethod.doMethodInvoke(MetaMethod.java:325)\r\n\tat groovy.lang.MetaClassImpl.invokeMethod(MetaClassImpl.java:1215)\r\n\tat groovy.lang.MetaClassImpl.invokeMethod(MetaClassImpl.java:1024)\r\n\tat groovy.lang.MetaClassImpl.invokeMethod(MetaClassImpl.java:812)\r\n\tat groovy.lang.DelegatingMetaClass.invokeMethod(DelegatingMetaClass.java:144)\r\n\tat tradeFunds.TF_Regression.invokeMethod(TF_Regression.groovy)\r\n\tat com.kms.katalon.core.main.CustomKeywordDelegatingMetaClass.invokeStaticMethod(CustomKeywordDelegatingMetaClass.java:46)\r\n\tat org.codehaus.groovy.runtime.callsite.StaticMetaClassSite.call(StaticMetaClassSite.java:53)\r\n\tat org.codehaus.groovy.runtime.callsite.CallSiteArray.defaultCall(CallSiteArray.java:48)\r\n\tat org.codehaus.groovy.runtime.callsite.AbstractCallSite.call(AbstractCallSite.java:113)\r\n\tat org.codehaus.groovy.runtime.callsite.AbstractCallSite.call(AbstractCallSite.java:149)\r\n\tat Script1540887571744.run(Script1540887571744.groovy:62)\r\n\tat com.kms.katalon.core.main.ScriptEngine.run(ScriptEngine.java:183)\r\n\tat com.kms.katalon.core.main.ScriptEngine.runScriptAsRawText(ScriptEngine.java:108)\r\n\tat com.kms.katalon.core.main.TestCaseExecutor.runScript(TestCaseExecutor.java:294)\r\n\tat com.kms.katalon.core.main.TestCaseExecutor.doExecute(TestCaseExecutor.java:285)\r\n\tat com.kms.katalon.core.main.TestCaseExecutor.processExecutionPhase(TestCaseExecutor.java:264)\r\n\tat com.kms.katalon.core.main.TestCaseExecutor.accessMainPhase(TestCaseExecutor.java:256)\r\n\tat com.kms.katalon.core.main.TestCaseExecutor.execute(TestCaseExecutor.java:200)\r\n\tat com.kms.katalon.core.main.TestSuiteExecutor.accessTestCaseMainPhase(TestSuiteExecutor.java:129)\r\n\tat com.kms.katalon.core.main.TestSuiteExecutor.accessTestSuiteMainPhase(TestSuiteExecutor.java:112)\r\n\tat com.kms.katalon.core.main.TestSuiteExecutor.execute(TestSuiteExecutor.java:81)\r\n\tat com.kms.katalon.core.main.TestCaseMain.startTestSuite(TestCaseMain.java:142)\r\n\tat com.kms.katalon.core.main.TestCaseMain$startTestSuite$0.call(Unknown Source)\r\n\tat org.codehaus.groovy.runtime.callsite.CallSiteArray.defaultCall(CallSiteArray.java:48)\r\n\tat org.codehaus.groovy.runtime.callsite.AbstractCallSite.call(AbstractCallSite.java:113)\r\n\tat org.codehaus.groovy.runtime.callsite.AbstractCallSite.call(AbstractCallSite.java:141)\r\n\tat TempTestSuite1540895283385.run(TempTestSuite1540895283385.groovy:36)\r\n\tat groovy.lang.GroovyShell.runScriptOrMainOrTestOrRunnable(GroovyShell.java:263)\r\n\tat groovy.lang.GroovyShell.run(GroovyShell.java:518)\r\n\tat groovy.lang.GroovyShell.run(GroovyShell.java:507)\r\n\tat groovy.ui.GroovyMain.processOnce(GroovyMain.java:653)\r\n\tat groovy.ui.GroovyMain.run(GroovyMain.java:384)\r\n\tat groovy.ui.GroovyMain.process(GroovyMain.java:370)\r\n\tat groovy.ui.GroovyMain.processArgs(GroovyMain.java:129)\r\n\tat groovy.ui.GroovyMain.main(GroovyMain.java:109)\r\n\tat sun.reflect.NativeMethodAccessorImpl.invoke0(Native Method)\r\n\tat sun.reflect.NativeMethodAccessorImpl.invoke(NativeMethodAccessorImpl.java:62)\r\n\tat sun.reflect.DelegatingMethodAccessorImpl.invoke(DelegatingMethodAccessorImpl.java:43)\r\n\tat java.lang.reflect.Method.invoke(Method.java:498)\r\n\tat org.codehaus.groovy.tools.GroovyStarter.rootLoader(GroovyStarter.java:109)\r\n\tat org.codehaus.groovy.tools.GroovyStarter.main(GroovyStarter.java:131)\r\nCaused by: java.sql.SQLException: ORA-01008: not all variables bound\n\r\n\tat oracle.jdbc.driver.T4CTTIoer.processError(T4CTTIoer.java:450)\r\n\tat oracle.jdbc.driver.T4CTTIoer.processError(T4CTTIoer.java:399)\r\n\tat oracle.jdbc.driver.T4C8Oall.processError(T4C8Oall.java:1059)\r\n\tat oracle.jdbc.driver.T4CTTIfun.receive(T4CTTIfun.java:522)\r\n\tat oracle.jdbc.driver.T4CTTIfun.doRPC(T4CTTIfun.java:257)\r\n\tat oracle.jdbc.driver.T4C8Oall.doOALL(T4C8Oall.java:587)\r\n\tat oracle.jdbc.driver.T4CStatement.doOall8(T4CStatement.java:210)\r\n\tat oracle.jdbc.driver.T4CStatement.doOall8(T4CStatement.java:30)\r\n\tat oracle.jdbc.driver.T4CStatement.executeForDescribe(T4CStatement.java:762)\r\n\tat oracle.jdbc.driver.OracleStatement.executeMaybeDescribe(OracleStatement.java:925)\r\n\tat oracle.jdbc.driver.OracleStatement.doExecuteWithTimeout(OracleStatement.java:1111)\r\n\tat oracle.jdbc.driver.OracleStatement.executeQuery(OracleStatement.java:1309)\r\n\tat oracle.jdbc.driver.OracleStatementWrapper.executeQuery(OracleStatementWrapper.java:422)\r\n\tat groovy.sql.Sql$QueryCommand.runQuery(Sql.java:4661)\r\n\tat groovy.sql.Sql$AbstractQueryCommand.execute(Sql.java:4575)\r\n\tat groovy.sql.Sql.rows(Sql.java:1704)\r\n\tat groovy.sql.Sql.rows(Sql.java:1622)\r\n\tat groovy.sql.Sql.firstRow(Sql.java:2129)\r\n\tat groovy.sql.Sql$firstRow$0.call(Unknown Source)\r\n\tat org.codehaus.groovy.runtime.callsite.CallSiteArray.defaultCall(CallSiteArray.java:48)\r\n\tat org.codehaus.groovy.runtime.callsite.AbstractCallSite.call(AbstractCallSite.java:113)\r\n\tat org.codehaus.groovy.runtime.callsite.AbstractCallSite.call(AbstractCallSite.java:125)\r\n\tat tradeFunds.TF_Regression.verifyBanner(TF_Regression.groovy:117)\r\n\tat sun.reflect.NativeMethodAccessorImpl.invoke0(Native Method)\r\n\tat sun.reflect.NativeMethodAccessorImpl.invoke(NativeMethodAccessorImpl.java:62)\r\n\tat sun.reflect.DelegatingMethodAccessorImpl.invoke(DelegatingMethodAccessorImpl.java:43)\r\n\tat java.lang.reflect.Method.invoke(Method.java:498)\r\n\tat org.codehaus.groovy.reflection.CachedMethod.invoke(CachedMethod.java:93)\r\n\t... 42 more\r\n (caused by: (Stack trace: java.sql.SQLException: ORA-01008: not all variables bound\n\r\n\tat oracle.jdbc.driver.T4CTTIoer.processError(T4CTTIoer.java:450)\r\n\tat oracle.jdbc.driver.T4CTTIoer.processError(T4CTTIoer.java:399)\r\n\tat oracle.jdbc.driver.T4C8Oall.processError(T4C8Oall.java:1059)\r\n\tat oracle.jdbc.driver.T4CTTIfun.receive(T4CTTIfun.java:522)\r\n\tat oracle.jdbc.driver.T4CTTIfun.doRPC(T4CTTIfun.java:257)\r\n\tat oracle.jdbc.driver.T4C8Oall.doOALL(T4C8Oall.java:587)\r\n\tat oracle.jdbc.driver.T4CStatement.doOall8(T4CStatement.java:210)\r\n\tat oracle.jdbc.driver.T4CStatement.doOall8(T4CStatement.java:30)\r\n\tat oracle.jdbc.driver.T4CStatement.executeForDescribe(T4CStatement.java:762)\r\n\tat oracle.jdbc.driver.OracleStatement.executeMaybeDescribe(OracleStatement.java:925)\r\n\tat oracle.jdbc.driver.OracleStatement.doExecuteWithTimeout(OracleStatement.java:1111)\r\n\tat oracle.jdbc.driver.OracleStatement.executeQuery(OracleStatement.java:1309)\r\n\tat oracle.jdbc.driver.OracleStatementWrapper.executeQuery(OracleStatementWrapper.java:422)\r\n\tat groovy.sql.Sql$QueryCommand.runQuery(Sql.java:4661)\r\n\tat groovy.sql.Sql$AbstractQueryCommand.execute(Sql.java:4575)\r\n\tat groovy.sql.Sql.rows(Sql.java:1704)\r\n\tat groovy.sql.Sql.rows(Sql.java:1622)\r\n\tat groovy.sql.Sql.firstRow(Sql.java:2129)\r\n\tat groovy.sql.Sql$firstRow$0.call(Unknown Source)\r\n\tat org.codehaus.groovy.runtime.callsite.CallSiteArray.defaultCall(CallSiteArray.java:48)\r\n\tat org.codehaus.groovy.runtime.callsite.AbstractCallSite.call(AbstractCallSite.java:113)\r\n\tat org.codehaus.groovy.runtime.callsite.AbstractCallSite.call(AbstractCallSite.java:125)\r\n\tat tradeFunds.TF_Regression.verifyBanner(TF_Regression.groovy:117)\r\n\tat sun.reflect.NativeMethodAccessorImpl.invoke0(Native Method)\r\n\tat sun.reflect.NativeMethodAccessorImpl.invoke(NativeMethodAccessorImpl.java:62)\r\n\tat sun.reflect.DelegatingMethodAccessorImpl.invoke(DelegatingMethodAccessorImpl.java:43)\r\n\tat java.lang.reflect.Method.invoke(Method.java:498)\r\n\tat org.codehaus.groovy.reflection.CachedMethod.invoke(CachedMethod.java:93)\r\n\tat groovy.lang.MetaMethod.doMethodInvoke(MetaMethod.java:325)\r\n\tat groovy.lang.MetaClassImpl.invokeMethod(MetaClassImpl.java:1215)\r\n\tat groovy.lang.MetaClassImpl.invokeMethod(MetaClassImpl.java:1024)\r\n\tat groovy.lang.MetaClassImpl.invokeMethod(MetaClassImpl.java:812)\r\n\tat groovy.lang.DelegatingMetaClass.invokeMethod(DelegatingMetaClass.java:144)\r\n\tat tradeFunds.TF_Regression.invokeMethod(TF_Regression.groovy)\r\n\tat com.kms.katalon.core.main.CustomKeywordDelegatingMetaClass.invokeStaticMethod(CustomKeywordDelegatingMetaClass.java:46)\r\n\tat org.codehaus.groovy.runtime.callsite.StaticMetaClassSite.call(StaticMetaClassSite.java:53)\r\n\tat org.codehaus.groovy.runtime.callsite.CallSiteArray.defaultCall(CallSiteArray.java:48)\r\n\tat org.codehaus.groovy.runtime.callsite.AbstractCallSite.call(AbstractCallSite.java:113)\r\n\tat org.codehaus.groovy.runtime.callsite.AbstractCallSite.call(AbstractCallSite.java:149)\r\n\tat Script1540887571744.run(Script1540887571744.groovy:62)\r\n\tat com.kms.katalon.core.main.ScriptEngine.run(ScriptEngine.java:183)\r\n\tat com.kms.katalon.core.main.ScriptEngine.runScriptAsRawText(ScriptEngine.java:108)\r\n\tat com.kms.katalon.core.main.TestCaseExecutor.runScript(TestCaseExecutor.java:294)\r\n\tat com.kms.katalon.core.main.TestCaseExecutor.doExecute(TestCaseExecutor.java:285)\r\n\tat com.kms.katalon.core.main.TestCaseExecutor.processExecutionPhase(TestCaseExecutor.java:264)\r\n\tat com.kms.katalon.core.main.TestCaseExecutor.accessMainPhase(TestCaseExecutor.java:256)\r\n\tat com.kms.katalon.core.main.TestCaseExecutor.execute(TestCaseExecutor.java:200)\r\n\tat com.kms.katalon.core.main.TestSuiteExecutor.accessTestCaseMainPhase(TestSuiteExecutor.java:129)\r\n\tat com.kms.katalon.core.main.TestSuiteExecutor.accessTestSuiteMainPhase(TestSuiteExecutor.java:112)\r\n\tat com.kms.katalon.core.main.TestSuiteExecutor.execute(TestSuiteExecutor.java:81)\r\n\tat com.kms.katalon.core.main.TestCaseMain.startTestSuite(TestCaseMain.java:142)\r\n\tat com.kms.katalon.core.main.TestCaseMain$startTestSuite$0.call(Unknown Source)\r\n\tat org.codehaus.groovy.runtime.callsite.CallSiteArray.defaultCall(CallSiteArray.java:48)\r\n\tat org.codehaus.groovy.runtime.callsite.AbstractCallSite.call(AbstractCallSite.java:113)\r\n\tat org.codehaus.groovy.runtime.callsite.AbstractCallSite.call(AbstractCallSite.java:141)\r\n\tat TempTestSuite1540895283385.run(TempTestSuite1540895283385.groovy:36)\r\n\tat groovy.lang.GroovyShell.runScriptOrMainOrTestOrRunnable(GroovyShell.java:263)\r\n\tat groovy.lang.GroovyShell.run(GroovyShell.java:518)\r\n\tat groovy.lang.GroovyShell.run(GroovyShell.java:507)\r\n\tat groovy.ui.GroovyMain.processOnce(GroovyMain.java:653)\r\n\tat groovy.ui.GroovyMain.run(GroovyMain.java:384)\r\n\tat groovy.ui.GroovyMain.process(GroovyMain.java:370)\r\n\tat groovy.ui.GroovyMain.processArgs(GroovyMain.java:129)\r\n\tat groovy.ui.GroovyMain.main(GroovyMain.java:109)\r\n\tat sun.reflect.NativeMethodAccessorImpl.invoke0(Native Method)\r\n\tat sun.reflect.NativeMethodAccessorImpl.invoke(NativeMethodAccessorImpl.java:62)\r\n\tat sun.reflect.DelegatingMethodAccessorImpl.invoke(DelegatingMethodAccessorImpl.java:43)\r\n\tat java.lang.reflect.Method.invoke(Method.java:498)\r\n\tat org.codehaus.groovy.tools.GroovyStarter.rootLoader(GroovyStarter.java:109)\r\n\tat org.codehaus.groovy.tools.GroovyStarter.main(GroovyStarter.java:131)\r\n)))","startTime":1540895322226,"endTime":0,"childRecords":[],"interuppted":false}],"interuppted":false}],"interuppted":false}