<?xml version="1.0" encoding="UTF-8"?>
<testsuites name="2_New Test Suite" time="148" tests="1" failures="3" errors="0">
   <testsuite name="2_New Test Suite" tests="1" failures="3" errors="0" time="148" timestamp="2018-05-30 12:42:26" hostname="Junaid.Tariq - Junaid.instepinc.com" id="Test Suites/2_New Test Suite">
      <properties>
         <property name="deviceName" value=""/>
         <property name="devicePlatform" value=""/>
         <property name="logFolder" value="D:\\Katalon\\Projects\\TF-Customer\\TF-Customer\\Reports\\2_New Test Suite\\20180530_124225"/>
         <property name="logFiles" value="D:\\Katalon\\Projects\\TF-Customer\\TF-Customer\\Reports\\2_New Test Suite\\20180530_124225\\execution0.log"/>
         <property name="attachments" value="D:\\Katalon\\Projects\\TF-Customer\\TF-Customer\\Reports\\2_New Test Suite\\20180530_124225\\1527666230053.png, D:\\Katalon\\Projects\\TF-Customer\\TF-Customer\\Reports\\2_New Test Suite\\20180530_124225\\1527666262522.png, D:\\Katalon\\Projects\\TF-Customer\\TF-Customer\\Reports\\2_New Test Suite\\20180530_124225\\1527666294911.png"/>
         <property name="hostName" value="Junaid.Tariq - Junaid.instepinc.com"/>
         <property name="os" value="Windows 7 64bit"/>
         <property name="katalonVersion" value="5.4.0.1"/>
         <property name="browser" value="Chrome 66.0.3359.181"/>
         <property name="hostAddress" value="200.199.80.62"/>
         <property name="sessionId" value="2d6f5d367e06f6236226c0eca64175ab"/>
         <property name="seleniumVersion" value="3.7.1"/>
         <property name="proxyInformation" value="ProxyInformation{proxyOption=NO_PROXY, proxyServerType=HTTP, password=, proxyServerAddress=, proxyServerPort=0}"/>
         <property name="platform" value="Windows 7"/>
      </properties>
      <testcase name="Test Cases/General_Login_Logout/TC_1_Login" classname="Test Cases/General_Login_Logout/TC_1_Login" status="PASSED">
         <system-out><![CDATA[2018-05-30 12:42:27 - [TEST_CASE][PASSED] - Test Cases/General_Login_Logout/TC_1_Login: Test Cases/General_Login_Logout/TC_1_Login

2018-05-30 12:42:27 - [TEST_STEP][PASSED] - openBrowser: Browser is opened with url: 'https://52.6.78.242:7008/e360/com.informatica.tools.mdm.web.auth/login'

2018-05-30 12:42:45 - [MESSAGE][PASSED] - Browser is opened with url: 'https://52.6.78.242:7008/e360/com.informatica.tools.mdm.web.auth/login'

2018-05-30 12:42:45 - [TEST_STEP][PASSED] - waitForPageLoad: Wait for page load successfully

2018-05-30 12:42:45 - [MESSAGE][PASSED] - Wait for page load successfully

2018-05-30 12:42:45 - [TEST_STEP][PASSED] - maximizeWindow: Current window maximized

2018-05-30 12:42:47 - [MESSAGE][PASSED] - Current window maximized

2018-05-30 12:42:47 - [TEST_STEP][PASSED] - waitForElementClickable: Object 'Object Repository/Page_ Login/Btn_Login' is clickable

2018-05-30 12:42:47 - [MESSAGE][PASSED] - Object 'Object Repository/Page_ Login/Btn_Login' is clickable

2018-05-30 12:42:47 - [TEST_STEP][PASSED] - setText: Text 'junaid_sm' is set on object 'Object Repository/Page_ Login/Txt_Username'

2018-05-30 12:42:47 - [MESSAGE][PASSED] - Text 'junaid_sm' is set on object 'Object Repository/Page_ Login/Txt_Username'

2018-05-30 12:42:47 - [TEST_STEP][PASSED] - setText: Text 'str0ng_2' is set on object 'Object Repository/Page_ Login/Txt_Password'

2018-05-30 12:42:47 - [MESSAGE][PASSED] - Text 'str0ng_2' is set on object 'Object Repository/Page_ Login/Txt_Password'

2018-05-30 12:42:47 - [TEST_STEP][PASSED] - click: Object: 'Object Repository/Page_ Login/Btn_Login' is clicked on

2018-05-30 12:42:47 - [MESSAGE][PASSED] - Object: 'Object Repository/Page_ Login/Btn_Login' is clicked on

2018-05-30 12:42:47 - [TEST_STEP][PASSED] - waitForPageLoad: Wait for page load successfully

2018-05-30 12:42:47 - [MESSAGE][PASSED] - Wait for page load successfully

2018-05-30 12:42:47 - [TEST_STEP][PASSED] - click: Object: 'Object Repository/Page_ Login/Project_Selection/div_Trade Funds Customer' is clicked on

2018-05-30 12:43:14 - [MESSAGE][PASSED] - Object: 'Object Repository/Page_ Login/Project_Selection/div_Trade Funds Customer' is clicked on

2018-05-30 12:43:14 - [TEST_STEP][PASSED] - delay: Delayed 2 second(s)

2018-05-30 12:43:16 - [MESSAGE][PASSED] - Delayed 2 second(s)]]></system-out>
         <system-err><![CDATA[]]></system-err>
      </testcase>
      <testcase name="Test Cases/Smoke_TF_Customer/Create_Objects/TC_13_Create_Banner" classname="Test Cases/Smoke_TF_Customer/Create_Objects/TC_13_Create_Banner" status="FAILED">
         <failure type="FAILED" message="Unable to set text 'Banner_X1' of object 'Object Repository/TF_Customer_Smoke_OpenPage/Create_Objects_And_Save/1_Create_Banner/2_Txt_Input_Banner_Name' (Root cause: com.kms.katalon.core.webui.exception.WebElementNotFoundException: Web element with id: 'Object Repository/TF_Customer_Smoke_OpenPage/Create_Objects_And_Save/1_Create_Banner/2_Txt_Input_Banner_Name' located by 'By.xpath: //input[@id = 'aF:DVTC2:incDVTC2:inc_asset:inc_view:dv_GEDVB2_1:coreGEDVB2_1:inccorerowCPLR2:incBPC3:tfsfxBPC3' and @type = 'text' and @name = 'aF:DVTC2:incDVTC2:inc_asset:inc_view:dv_GEDVB2_1:coreGEDVB2_1:inccorerowCPLR2:incBPC3:tfsfxBPC3']' not found)"/>
         <system-out><![CDATA[2018-05-30 12:43:16 - [TEST_CASE][FAILED] - Test Cases/Smoke_TF_Customer/Create_Objects/TC_13_Create_Banner: Test Cases/Smoke_TF_Customer/Create_Objects/TC_13_Create_Banner FAILED because (of) Unable to set text 'Banner_X1' of object 'Object Repository/TF_Customer_Smoke_OpenPage/Create_Objects_And_Save/1_Create_Banner/2_Txt_Input_Banner_Name' (Root cause: com.kms.katalon.core.webui.exception.WebElementNotFoundException: Web element with id: 'Object Repository/TF_Customer_Smoke_OpenPage/Create_Objects_And_Save/1_Create_Banner/2_Txt_Input_Banner_Name' located by 'By.xpath: //input[@id = 'aF:DVTC2:incDVTC2:inc_asset:inc_view:dv_GEDVB2_1:coreGEDVB2_1:inccorerowCPLR2:incBPC3:tfsfxBPC3' and @type = 'text' and @name = 'aF:DVTC2:incDVTC2:inc_asset:inc_view:dv_GEDVB2_1:coreGEDVB2_1:inccorerowCPLR2:incBPC3:tfsfxBPC3']' not found)

2018-05-30 12:43:16 - [TEST_STEP][PASSED] - callTestCase: Call Test Case 'Test Cases/Smoke_TF_Customer/TC_1_Open_Banner' successfully

2018-05-30 12:43:16 - [TEST_CASE][PASSED] - Test Cases/Smoke_TF_Customer/TC_1_Open_Banner: Test Cases/Smoke_TF_Customer/TC_1_Open_Banner

2018-05-30 12:43:16 - [TEST_STEP][PASSED] - waitForPageLoad: Wait for page load successfully

2018-05-30 12:43:16 - [MESSAGE][PASSED] - Wait for page load successfully

2018-05-30 12:43:16 - [TEST_STEP][PASSED] - mouseOver: Object: 'Object Repository/TF_Customer_Smoke_OpenPage/Menu_Navigation_To_Open_All_Pages/0_Menu_Create_In_Data_View' is hovered

2018-05-30 12:43:16 - [MESSAGE][PASSED] - Object: 'Object Repository/TF_Customer_Smoke_OpenPage/Menu_Navigation_To_Open_All_Pages/0_Menu_Create_In_Data_View' is hovered

2018-05-30 12:43:16 - [TEST_STEP][PASSED] - waitForPageLoad: Wait for page load successfully

2018-05-30 12:43:16 - [MESSAGE][PASSED] - Wait for page load successfully

2018-05-30 12:43:16 - [TEST_STEP][PASSED] - mouseOver: Object: 'Object Repository/TF_Customer_Smoke_OpenPage/Menu_Navigation_To_Open_All_Pages/1_Menu_Create_Master_Data' is hovered

2018-05-30 12:43:18 - [MESSAGE][PASSED] - Object: 'Object Repository/TF_Customer_Smoke_OpenPage/Menu_Navigation_To_Open_All_Pages/1_Menu_Create_Master_Data' is hovered

2018-05-30 12:43:18 - [TEST_STEP][PASSED] - waitForPageLoad: Wait for page load successfully

2018-05-30 12:43:18 - [MESSAGE][PASSED] - Wait for page load successfully

2018-05-30 12:43:18 - [TEST_STEP][PASSED] - click: Object: 'Object Repository/TF_Customer_Smoke_OpenPage/1_Menu_Banner' is clicked on

2018-05-30 12:43:18 - [MESSAGE][PASSED] - Object: 'Object Repository/TF_Customer_Smoke_OpenPage/1_Menu_Banner' is clicked on

2018-05-30 12:43:18 - [TEST_STEP][PASSED] - waitForPageLoad: Wait for page load successfully

2018-05-30 12:43:18 - [MESSAGE][PASSED] - Wait for page load successfully

2018-05-30 12:43:18 - [TEST_STEP][NOT_RUN] - verifyElementPresent: NOT_RUN: verifyElementPresent

2018-05-30 12:43:18 - [MESSAGE][NOT_RUN] - NOT_RUN: verifyElementPresent

2018-05-30 12:43:18 - [MESSAGE][PASSED] - Call Test Case 'Test Cases/Smoke_TF_Customer/TC_1_Open_Banner' successfully

2018-05-30 12:43:18 - [TEST_STEP][PASSED] - waitForPageLoad: Wait for page load successfully

2018-05-30 12:43:18 - [MESSAGE][PASSED] - Wait for page load successfully

2018-05-30 12:43:18 - [TEST_STEP][NOT_RUN] - click: NOT_RUN: click

2018-05-30 12:43:18 - [MESSAGE][NOT_RUN] - NOT_RUN: click

2018-05-30 12:43:18 - [TEST_STEP][FAILED] - setText: Unable to set text 'Banner_X1' of object 'Object Repository/TF_Customer_Smoke_OpenPage/Create_Objects_And_Save/1_Create_Banner/2_Txt_Input_Banner_Name' (Root cause: com.kms.katalon.core.webui.exception.WebElementNotFoundException: Web element with id: 'Object Repository/TF_Customer_Smoke_OpenPage/Create_Objects_And_Save/1_Create_Banner/2_Txt_Input_Banner_Name' located by 'By.xpath: //input[@id = 'aF:DVTC2:incDVTC2:inc_asset:inc_view:dv_GEDVB2_1:coreGEDVB2_1:inccorerowCPLR2:incBPC3:tfsfxBPC3' and @type = 'text' and @name = 'aF:DVTC2:incDVTC2:inc_asset:inc_view:dv_GEDVB2_1:coreGEDVB2_1:inccorerowCPLR2:incBPC3:tfsfxBPC3']' not found)

2018-05-30 12:43:50 - [MESSAGE][FAILED] - Unable to set text 'Banner_X1' of object 'Object Repository/TF_Customer_Smoke_OpenPage/Create_Objects_And_Save/1_Create_Banner/2_Txt_Input_Banner_Name' (Root cause: com.kms.katalon.core.webui.exception.WebElementNotFoundException: Web element with id: 'Object Repository/TF_Customer_Smoke_OpenPage/Create_Objects_And_Save/1_Create_Banner/2_Txt_Input_Banner_Name' located by 'By.xpath: //input[@id = 'aF:DVTC2:incDVTC2:inc_asset:inc_view:dv_GEDVB2_1:coreGEDVB2_1:inccorerowCPLR2:incBPC3:tfsfxBPC3' and @type = 'text' and @name = 'aF:DVTC2:incDVTC2:inc_asset:inc_view:dv_GEDVB2_1:coreGEDVB2_1:inccorerowCPLR2:incBPC3:tfsfxBPC3']' not found)
[[ATTACHMENT|D:\\Katalon\\Projects\\TF-Customer\\TF-Customer\\Reports\\2_New Test Suite\\20180530_124225\\1527666230053.png]]]]></system-out>
         <system-err><![CDATA[2018-05-30 12:43:16 - [TEST_CASE][FAILED] - Test Cases/Smoke_TF_Customer/Create_Objects/TC_13_Create_Banner: Test Cases/Smoke_TF_Customer/Create_Objects/TC_13_Create_Banner FAILED because (of) Unable to set text 'Banner_X1' of object 'Object Repository/TF_Customer_Smoke_OpenPage/Create_Objects_And_Save/1_Create_Banner/2_Txt_Input_Banner_Name' (Root cause: com.kms.katalon.core.webui.exception.WebElementNotFoundException: Web element with id: 'Object Repository/TF_Customer_Smoke_OpenPage/Create_Objects_And_Save/1_Create_Banner/2_Txt_Input_Banner_Name' located by 'By.xpath: //input[@id = 'aF:DVTC2:incDVTC2:inc_asset:inc_view:dv_GEDVB2_1:coreGEDVB2_1:inccorerowCPLR2:incBPC3:tfsfxBPC3' and @type = 'text' and @name = 'aF:DVTC2:incDVTC2:inc_asset:inc_view:dv_GEDVB2_1:coreGEDVB2_1:inccorerowCPLR2:incBPC3:tfsfxBPC3']' not found)]]></system-err>
      </testcase>
      <testcase name="Test Cases/Smoke_TF_Customer/Create_Objects/TC_13_Create_Banner" classname="Test Cases/Smoke_TF_Customer/Create_Objects/TC_13_Create_Banner" status="FAILED">
         <failure type="FAILED" message="Unable to set text 'Banner_X2' of object 'Object Repository/TF_Customer_Smoke_OpenPage/Create_Objects_And_Save/1_Create_Banner/2_Txt_Input_Banner_Name' (Root cause: com.kms.katalon.core.webui.exception.WebElementNotFoundException: Web element with id: 'Object Repository/TF_Customer_Smoke_OpenPage/Create_Objects_And_Save/1_Create_Banner/2_Txt_Input_Banner_Name' located by 'By.xpath: //input[@id = 'aF:DVTC2:incDVTC2:inc_asset:inc_view:dv_GEDVB2_1:coreGEDVB2_1:inccorerowCPLR2:incBPC3:tfsfxBPC3' and @type = 'text' and @name = 'aF:DVTC2:incDVTC2:inc_asset:inc_view:dv_GEDVB2_1:coreGEDVB2_1:inccorerowCPLR2:incBPC3:tfsfxBPC3']' not found)"/>
         <system-out><![CDATA[2018-05-30 12:43:50 - [TEST_CASE][FAILED] - Test Cases/Smoke_TF_Customer/Create_Objects/TC_13_Create_Banner: Test Cases/Smoke_TF_Customer/Create_Objects/TC_13_Create_Banner FAILED because (of) Unable to set text 'Banner_X2' of object 'Object Repository/TF_Customer_Smoke_OpenPage/Create_Objects_And_Save/1_Create_Banner/2_Txt_Input_Banner_Name' (Root cause: com.kms.katalon.core.webui.exception.WebElementNotFoundException: Web element with id: 'Object Repository/TF_Customer_Smoke_OpenPage/Create_Objects_And_Save/1_Create_Banner/2_Txt_Input_Banner_Name' located by 'By.xpath: //input[@id = 'aF:DVTC2:incDVTC2:inc_asset:inc_view:dv_GEDVB2_1:coreGEDVB2_1:inccorerowCPLR2:incBPC3:tfsfxBPC3' and @type = 'text' and @name = 'aF:DVTC2:incDVTC2:inc_asset:inc_view:dv_GEDVB2_1:coreGEDVB2_1:inccorerowCPLR2:incBPC3:tfsfxBPC3']' not found)

2018-05-30 12:43:50 - [TEST_STEP][PASSED] - callTestCase: Call Test Case 'Test Cases/Smoke_TF_Customer/TC_1_Open_Banner' successfully

2018-05-30 12:43:50 - [TEST_CASE][PASSED] - Test Cases/Smoke_TF_Customer/TC_1_Open_Banner: Test Cases/Smoke_TF_Customer/TC_1_Open_Banner

2018-05-30 12:43:50 - [TEST_STEP][PASSED] - waitForPageLoad: Wait for page load successfully

2018-05-30 12:43:50 - [MESSAGE][PASSED] - Wait for page load successfully

2018-05-30 12:43:50 - [TEST_STEP][PASSED] - mouseOver: Object: 'Object Repository/TF_Customer_Smoke_OpenPage/Menu_Navigation_To_Open_All_Pages/0_Menu_Create_In_Data_View' is hovered

2018-05-30 12:43:50 - [MESSAGE][PASSED] - Object: 'Object Repository/TF_Customer_Smoke_OpenPage/Menu_Navigation_To_Open_All_Pages/0_Menu_Create_In_Data_View' is hovered

2018-05-30 12:43:50 - [TEST_STEP][PASSED] - waitForPageLoad: Wait for page load successfully

2018-05-30 12:43:50 - [MESSAGE][PASSED] - Wait for page load successfully

2018-05-30 12:43:50 - [TEST_STEP][PASSED] - mouseOver: Object: 'Object Repository/TF_Customer_Smoke_OpenPage/Menu_Navigation_To_Open_All_Pages/1_Menu_Create_Master_Data' is hovered

2018-05-30 12:43:50 - [MESSAGE][PASSED] - Object: 'Object Repository/TF_Customer_Smoke_OpenPage/Menu_Navigation_To_Open_All_Pages/1_Menu_Create_Master_Data' is hovered

2018-05-30 12:43:50 - [TEST_STEP][PASSED] - waitForPageLoad: Wait for page load successfully

2018-05-30 12:43:50 - [MESSAGE][PASSED] - Wait for page load successfully

2018-05-30 12:43:50 - [TEST_STEP][PASSED] - click: Object: 'Object Repository/TF_Customer_Smoke_OpenPage/1_Menu_Banner' is clicked on

2018-05-30 12:43:51 - [MESSAGE][PASSED] - Object: 'Object Repository/TF_Customer_Smoke_OpenPage/1_Menu_Banner' is clicked on

2018-05-30 12:43:51 - [TEST_STEP][PASSED] - waitForPageLoad: Wait for page load successfully

2018-05-30 12:43:51 - [MESSAGE][PASSED] - Wait for page load successfully

2018-05-30 12:43:51 - [TEST_STEP][NOT_RUN] - verifyElementPresent: NOT_RUN: verifyElementPresent

2018-05-30 12:43:51 - [MESSAGE][NOT_RUN] - NOT_RUN: verifyElementPresent

2018-05-30 12:43:51 - [MESSAGE][PASSED] - Call Test Case 'Test Cases/Smoke_TF_Customer/TC_1_Open_Banner' successfully

2018-05-30 12:43:51 - [TEST_STEP][PASSED] - waitForPageLoad: Wait for page load successfully

2018-05-30 12:43:51 - [MESSAGE][PASSED] - Wait for page load successfully

2018-05-30 12:43:51 - [TEST_STEP][NOT_RUN] - click: NOT_RUN: click

2018-05-30 12:43:51 - [MESSAGE][NOT_RUN] - NOT_RUN: click

2018-05-30 12:43:51 - [TEST_STEP][FAILED] - setText: Unable to set text 'Banner_X2' of object 'Object Repository/TF_Customer_Smoke_OpenPage/Create_Objects_And_Save/1_Create_Banner/2_Txt_Input_Banner_Name' (Root cause: com.kms.katalon.core.webui.exception.WebElementNotFoundException: Web element with id: 'Object Repository/TF_Customer_Smoke_OpenPage/Create_Objects_And_Save/1_Create_Banner/2_Txt_Input_Banner_Name' located by 'By.xpath: //input[@id = 'aF:DVTC2:incDVTC2:inc_asset:inc_view:dv_GEDVB2_1:coreGEDVB2_1:inccorerowCPLR2:incBPC3:tfsfxBPC3' and @type = 'text' and @name = 'aF:DVTC2:incDVTC2:inc_asset:inc_view:dv_GEDVB2_1:coreGEDVB2_1:inccorerowCPLR2:incBPC3:tfsfxBPC3']' not found)

2018-05-30 12:44:22 - [MESSAGE][FAILED] - Unable to set text 'Banner_X2' of object 'Object Repository/TF_Customer_Smoke_OpenPage/Create_Objects_And_Save/1_Create_Banner/2_Txt_Input_Banner_Name' (Root cause: com.kms.katalon.core.webui.exception.WebElementNotFoundException: Web element with id: 'Object Repository/TF_Customer_Smoke_OpenPage/Create_Objects_And_Save/1_Create_Banner/2_Txt_Input_Banner_Name' located by 'By.xpath: //input[@id = 'aF:DVTC2:incDVTC2:inc_asset:inc_view:dv_GEDVB2_1:coreGEDVB2_1:inccorerowCPLR2:incBPC3:tfsfxBPC3' and @type = 'text' and @name = 'aF:DVTC2:incDVTC2:inc_asset:inc_view:dv_GEDVB2_1:coreGEDVB2_1:inccorerowCPLR2:incBPC3:tfsfxBPC3']' not found)
[[ATTACHMENT|D:\\Katalon\\Projects\\TF-Customer\\TF-Customer\\Reports\\2_New Test Suite\\20180530_124225\\1527666262522.png]]]]></system-out>
         <system-err><![CDATA[2018-05-30 12:43:50 - [TEST_CASE][FAILED] - Test Cases/Smoke_TF_Customer/Create_Objects/TC_13_Create_Banner: Test Cases/Smoke_TF_Customer/Create_Objects/TC_13_Create_Banner FAILED because (of) Unable to set text 'Banner_X2' of object 'Object Repository/TF_Customer_Smoke_OpenPage/Create_Objects_And_Save/1_Create_Banner/2_Txt_Input_Banner_Name' (Root cause: com.kms.katalon.core.webui.exception.WebElementNotFoundException: Web element with id: 'Object Repository/TF_Customer_Smoke_OpenPage/Create_Objects_And_Save/1_Create_Banner/2_Txt_Input_Banner_Name' located by 'By.xpath: //input[@id = 'aF:DVTC2:incDVTC2:inc_asset:inc_view:dv_GEDVB2_1:coreGEDVB2_1:inccorerowCPLR2:incBPC3:tfsfxBPC3' and @type = 'text' and @name = 'aF:DVTC2:incDVTC2:inc_asset:inc_view:dv_GEDVB2_1:coreGEDVB2_1:inccorerowCPLR2:incBPC3:tfsfxBPC3']' not found)]]></system-err>
      </testcase>
      <testcase name="Test Cases/Smoke_TF_Customer/Create_Objects/TC_13_Create_Banner" classname="Test Cases/Smoke_TF_Customer/Create_Objects/TC_13_Create_Banner" status="FAILED">
         <failure type="FAILED" message="Unable to set text 'Banner_X3' of object 'Object Repository/TF_Customer_Smoke_OpenPage/Create_Objects_And_Save/1_Create_Banner/2_Txt_Input_Banner_Name' (Root cause: com.kms.katalon.core.webui.exception.WebElementNotFoundException: Web element with id: 'Object Repository/TF_Customer_Smoke_OpenPage/Create_Objects_And_Save/1_Create_Banner/2_Txt_Input_Banner_Name' located by 'By.xpath: //input[@id = 'aF:DVTC2:incDVTC2:inc_asset:inc_view:dv_GEDVB2_1:coreGEDVB2_1:inccorerowCPLR2:incBPC3:tfsfxBPC3' and @type = 'text' and @name = 'aF:DVTC2:incDVTC2:inc_asset:inc_view:dv_GEDVB2_1:coreGEDVB2_1:inccorerowCPLR2:incBPC3:tfsfxBPC3']' not found)"/>
         <system-out><![CDATA[2018-05-30 12:44:22 - [TEST_CASE][FAILED] - Test Cases/Smoke_TF_Customer/Create_Objects/TC_13_Create_Banner: Test Cases/Smoke_TF_Customer/Create_Objects/TC_13_Create_Banner FAILED because (of) Unable to set text 'Banner_X3' of object 'Object Repository/TF_Customer_Smoke_OpenPage/Create_Objects_And_Save/1_Create_Banner/2_Txt_Input_Banner_Name' (Root cause: com.kms.katalon.core.webui.exception.WebElementNotFoundException: Web element with id: 'Object Repository/TF_Customer_Smoke_OpenPage/Create_Objects_And_Save/1_Create_Banner/2_Txt_Input_Banner_Name' located by 'By.xpath: //input[@id = 'aF:DVTC2:incDVTC2:inc_asset:inc_view:dv_GEDVB2_1:coreGEDVB2_1:inccorerowCPLR2:incBPC3:tfsfxBPC3' and @type = 'text' and @name = 'aF:DVTC2:incDVTC2:inc_asset:inc_view:dv_GEDVB2_1:coreGEDVB2_1:inccorerowCPLR2:incBPC3:tfsfxBPC3']' not found)

2018-05-30 12:44:22 - [TEST_STEP][PASSED] - callTestCase: Call Test Case 'Test Cases/Smoke_TF_Customer/TC_1_Open_Banner' successfully

2018-05-30 12:44:22 - [TEST_CASE][PASSED] - Test Cases/Smoke_TF_Customer/TC_1_Open_Banner: Test Cases/Smoke_TF_Customer/TC_1_Open_Banner

2018-05-30 12:44:22 - [TEST_STEP][PASSED] - waitForPageLoad: Wait for page load successfully

2018-05-30 12:44:22 - [MESSAGE][PASSED] - Wait for page load successfully

2018-05-30 12:44:22 - [TEST_STEP][PASSED] - mouseOver: Object: 'Object Repository/TF_Customer_Smoke_OpenPage/Menu_Navigation_To_Open_All_Pages/0_Menu_Create_In_Data_View' is hovered

2018-05-30 12:44:22 - [MESSAGE][PASSED] - Object: 'Object Repository/TF_Customer_Smoke_OpenPage/Menu_Navigation_To_Open_All_Pages/0_Menu_Create_In_Data_View' is hovered

2018-05-30 12:44:22 - [TEST_STEP][PASSED] - waitForPageLoad: Wait for page load successfully

2018-05-30 12:44:22 - [MESSAGE][PASSED] - Wait for page load successfully

2018-05-30 12:44:22 - [TEST_STEP][PASSED] - mouseOver: Object: 'Object Repository/TF_Customer_Smoke_OpenPage/Menu_Navigation_To_Open_All_Pages/1_Menu_Create_Master_Data' is hovered

2018-05-30 12:44:22 - [MESSAGE][PASSED] - Object: 'Object Repository/TF_Customer_Smoke_OpenPage/Menu_Navigation_To_Open_All_Pages/1_Menu_Create_Master_Data' is hovered

2018-05-30 12:44:22 - [TEST_STEP][PASSED] - waitForPageLoad: Wait for page load successfully

2018-05-30 12:44:23 - [MESSAGE][PASSED] - Wait for page load successfully

2018-05-30 12:44:23 - [TEST_STEP][PASSED] - click: Object: 'Object Repository/TF_Customer_Smoke_OpenPage/1_Menu_Banner' is clicked on

2018-05-30 12:44:23 - [MESSAGE][PASSED] - Object: 'Object Repository/TF_Customer_Smoke_OpenPage/1_Menu_Banner' is clicked on

2018-05-30 12:44:23 - [TEST_STEP][PASSED] - waitForPageLoad: Wait for page load successfully

2018-05-30 12:44:23 - [MESSAGE][PASSED] - Wait for page load successfully

2018-05-30 12:44:23 - [TEST_STEP][NOT_RUN] - verifyElementPresent: NOT_RUN: verifyElementPresent

2018-05-30 12:44:23 - [MESSAGE][NOT_RUN] - NOT_RUN: verifyElementPresent

2018-05-30 12:44:23 - [MESSAGE][PASSED] - Call Test Case 'Test Cases/Smoke_TF_Customer/TC_1_Open_Banner' successfully

2018-05-30 12:44:23 - [TEST_STEP][PASSED] - waitForPageLoad: Wait for page load successfully

2018-05-30 12:44:23 - [MESSAGE][PASSED] - Wait for page load successfully

2018-05-30 12:44:23 - [TEST_STEP][NOT_RUN] - click: NOT_RUN: click

2018-05-30 12:44:23 - [MESSAGE][NOT_RUN] - NOT_RUN: click

2018-05-30 12:44:23 - [TEST_STEP][FAILED] - setText: Unable to set text 'Banner_X3' of object 'Object Repository/TF_Customer_Smoke_OpenPage/Create_Objects_And_Save/1_Create_Banner/2_Txt_Input_Banner_Name' (Root cause: com.kms.katalon.core.webui.exception.WebElementNotFoundException: Web element with id: 'Object Repository/TF_Customer_Smoke_OpenPage/Create_Objects_And_Save/1_Create_Banner/2_Txt_Input_Banner_Name' located by 'By.xpath: //input[@id = 'aF:DVTC2:incDVTC2:inc_asset:inc_view:dv_GEDVB2_1:coreGEDVB2_1:inccorerowCPLR2:incBPC3:tfsfxBPC3' and @type = 'text' and @name = 'aF:DVTC2:incDVTC2:inc_asset:inc_view:dv_GEDVB2_1:coreGEDVB2_1:inccorerowCPLR2:incBPC3:tfsfxBPC3']' not found)

2018-05-30 12:44:55 - [MESSAGE][FAILED] - Unable to set text 'Banner_X3' of object 'Object Repository/TF_Customer_Smoke_OpenPage/Create_Objects_And_Save/1_Create_Banner/2_Txt_Input_Banner_Name' (Root cause: com.kms.katalon.core.webui.exception.WebElementNotFoundException: Web element with id: 'Object Repository/TF_Customer_Smoke_OpenPage/Create_Objects_And_Save/1_Create_Banner/2_Txt_Input_Banner_Name' located by 'By.xpath: //input[@id = 'aF:DVTC2:incDVTC2:inc_asset:inc_view:dv_GEDVB2_1:coreGEDVB2_1:inccorerowCPLR2:incBPC3:tfsfxBPC3' and @type = 'text' and @name = 'aF:DVTC2:incDVTC2:inc_asset:inc_view:dv_GEDVB2_1:coreGEDVB2_1:inccorerowCPLR2:incBPC3:tfsfxBPC3']' not found)
[[ATTACHMENT|D:\\Katalon\\Projects\\TF-Customer\\TF-Customer\\Reports\\2_New Test Suite\\20180530_124225\\1527666294911.png]]]]></system-out>
         <system-err><![CDATA[2018-05-30 12:44:22 - [TEST_CASE][FAILED] - Test Cases/Smoke_TF_Customer/Create_Objects/TC_13_Create_Banner: Test Cases/Smoke_TF_Customer/Create_Objects/TC_13_Create_Banner FAILED because (of) Unable to set text 'Banner_X3' of object 'Object Repository/TF_Customer_Smoke_OpenPage/Create_Objects_And_Save/1_Create_Banner/2_Txt_Input_Banner_Name' (Root cause: com.kms.katalon.core.webui.exception.WebElementNotFoundException: Web element with id: 'Object Repository/TF_Customer_Smoke_OpenPage/Create_Objects_And_Save/1_Create_Banner/2_Txt_Input_Banner_Name' located by 'By.xpath: //input[@id = 'aF:DVTC2:incDVTC2:inc_asset:inc_view:dv_GEDVB2_1:coreGEDVB2_1:inccorerowCPLR2:incBPC3:tfsfxBPC3' and @type = 'text' and @name = 'aF:DVTC2:incDVTC2:inc_asset:inc_view:dv_GEDVB2_1:coreGEDVB2_1:inccorerowCPLR2:incBPC3:tfsfxBPC3']' not found)]]></system-err>
      </testcase>
      <system-out><![CDATA[2018-05-30 12:42:26 - [TEST_SUITE][FAILED] - 2_New Test Suite: Test Cases/Smoke_TF_Customer/Create_Objects/TC_13_Create_Banner FAILED because (of) Unable to set text 'Banner_X1' of object 'Object Repository/TF_Customer_Smoke_OpenPage/Create_Objects_And_Save/1_Create_Banner/2_Txt_Input_Banner_Name' (Root cause: com.kms.katalon.core.webui.exception.WebElementNotFoundException: Web element with id: 'Object Repository/TF_Customer_Smoke_OpenPage/Create_Objects_And_Save/1_Create_Banner/2_Txt_Input_Banner_Name' located by 'By.xpath: //input[@id = 'aF:DVTC2:incDVTC2:inc_asset:inc_view:dv_GEDVB2_1:coreGEDVB2_1:inccorerowCPLR2:incBPC3:tfsfxBPC3' and @type = 'text' and @name = 'aF:DVTC2:incDVTC2:inc_asset:inc_view:dv_GEDVB2_1:coreGEDVB2_1:inccorerowCPLR2:incBPC3:tfsfxBPC3']' not found)]]></system-out>
      <system-err><![CDATA[2018-05-30 12:42:26 - [TEST_SUITE][FAILED] - 2_New Test Suite: Test Cases/Smoke_TF_Customer/Create_Objects/TC_13_Create_Banner FAILED because (of) Unable to set text 'Banner_X1' of object 'Object Repository/TF_Customer_Smoke_OpenPage/Create_Objects_And_Save/1_Create_Banner/2_Txt_Input_Banner_Name' (Root cause: com.kms.katalon.core.webui.exception.WebElementNotFoundException: Web element with id: 'Object Repository/TF_Customer_Smoke_OpenPage/Create_Objects_And_Save/1_Create_Banner/2_Txt_Input_Banner_Name' located by 'By.xpath: //input[@id = 'aF:DVTC2:incDVTC2:inc_asset:inc_view:dv_GEDVB2_1:coreGEDVB2_1:inccorerowCPLR2:incBPC3:tfsfxBPC3' and @type = 'text' and @name = 'aF:DVTC2:incDVTC2:inc_asset:inc_view:dv_GEDVB2_1:coreGEDVB2_1:inccorerowCPLR2:incBPC3:tfsfxBPC3']' not found)]]></system-err>
   </testsuite>
</testsuites>
