<?xml version="1.0" encoding="UTF-8"?>
<testsuites name="Open_All_Pages" time="266" tests="5" failures="5" errors="0">
   <testsuite name="Open_All_Pages" tests="5" failures="5" errors="0" time="266" timestamp="2019-05-15 07:58:20" hostname="MSaif - Saif.instepinc.com" id="Test Suites/Open_All_Pages">
      <properties>
         <property name="deviceName" value=""/>
         <property name="devicePlatform" value=""/>
         <property name="logFolder" value="G:\\Katalon\\TF_Product\\Reports\\Open_All_Pages\\20190515_075819"/>
         <property name="logFiles" value="G:\\Katalon\\TF_Product\\Reports\\Open_All_Pages\\20190515_075819\\execution0.log"/>
         <property name="attachments" value="G:\\Katalon\\TF_Product\\Reports\\Open_All_Pages\\20190515_075819\\1557889177319.png, G:\\Katalon\\TF_Product\\Reports\\Open_All_Pages\\20190515_075819\\1557889212230.png, G:\\Katalon\\TF_Product\\Reports\\Open_All_Pages\\20190515_075819\\1557889250144.png, G:\\Katalon\\TF_Product\\Reports\\Open_All_Pages\\20190515_075819\\1557889289104.png, G:\\Katalon\\TF_Product\\Reports\\Open_All_Pages\\20190515_075819\\1557889328006.png"/>
         <property name="hostName" value="MSaif - Saif.instepinc.com"/>
         <property name="os" value="Windows 10 64bit"/>
         <property name="katalonVersion" value="6.1.4.1"/>
         <property name="browser" value="Chrome 74.0.3729.131"/>
         <property name="hostAddress" value="200.199.80.59"/>
         <property name="sessionId" value="99c3515ac01faf81574320f7c68c6545"/>
         <property name="seleniumVersion" value="3.7.1"/>
         <property name="proxyInformation" value="ProxyInformation{proxyOption=NO_PROXY, proxyServerType=HTTP, password=, proxyServerAddress=, proxyServerPort=0}"/>
         <property name="platform" value="Windows 10"/>
      </properties>
      <testcase name="Test Cases/General_Login_Logout/Login" classname="Test Cases/General_Login_Logout/Login" status="PASSED">
         <system-out><![CDATA[2019-05-15 07:58:21 - [TEST_CASE][PASSED] - Test Cases/General_Login_Logout/Login: Test Cases/General_Login_Logout/Login

2019-05-15 07:58:21 - [TEST_STEP][PASSED] - com.oracledb.regressiontest.LoginTFProduct(User, Password): com.oracledb.regressiontest.LoginTFProduct is PASSED

2019-05-15 07:58:21 - [MESSAGE][INFO] - Starting 'Chrome' driver

2019-05-15 07:58:21 - [MESSAGE][INFO] - Action delay is set to 0 seconds

2019-05-15 07:58:24 - [MESSAGE][PASSED] - Browser is opened with url: ''

2019-05-15 07:58:24 - [MESSAGE][PASSED] - Wait for page load successfully

2019-05-15 07:58:25 - [MESSAGE][PASSED] - Current window maximized

2019-05-15 07:58:32 - [MESSAGE][PASSED] - Navigate to 'https://52.6.78.242:7008/e360/com.informatica.tools.mdm.web.auth/login' successfully

2019-05-15 07:58:32 - [MESSAGE][PASSED] - Text 'jiwani_sm' is set on object 'Object Repository/Page_ Login/Txt_Username'

2019-05-15 07:58:32 - [MESSAGE][PASSED] - Text '12345678' is set on object 'Object Repository/Page_ Login/Txt_Password'

2019-05-15 07:58:32 - [MESSAGE][PASSED] - Object: 'Object Repository/Page_ Login/Btn_Login' is clicked on

2019-05-15 07:58:32 - [MESSAGE][PASSED] - Wait for page load successfully

2019-05-15 07:58:42 - [MESSAGE][PASSED] - Object: 'Object Repository/Page_ Login/Project_Selection/div_Trade Funds Product' is clicked on

2019-05-15 07:58:43 - [MESSAGE][PASSED] - Delayed 1 second(s)

2019-05-15 07:58:43 - [MESSAGE][PASSED] - com.oracledb.regressiontest.LoginTFProduct is PASSED]]></system-out>
         <system-err><![CDATA[]]></system-err>
      </testcase>
      <testcase name="Test Cases/Regression_TF_Product/Open_Pages/TC_1_Open_JMS_Sales_Organisation" classname="Test Cases/Regression_TF_Product/Open_Pages/TC_1_Open_JMS_Sales_Organisation" status="PASSED">
         <system-out><![CDATA[2019-05-15 07:58:43 - [TEST_CASE][PASSED] - Test Cases/Regression_TF_Product/Open_Pages/TC_1_Open_JMS_Sales_Organisation: Test Cases/Regression_TF_Product/Open_Pages/TC_1_Open_JMS_Sales_Organisation

2019-05-15 07:58:43 - [TEST_STEP][PASSED] - delay(6): Delayed 6 second(s)

2019-05-15 07:58:49 - [MESSAGE][PASSED] - Delayed 6 second(s)

2019-05-15 07:58:49 - [TEST_STEP][PASSED] - mouseOver(findTestObject("TF_Customer_Create/1_Menu_Navigation_To_Open_All_Pages/0_Menu_Create_In_Data_View")): Object: 'Object Repository/TF_Customer_Create/1_Menu_Navigation_To_Open_All_Pages/0_Menu_Create_In_Data_View' is hovered

2019-05-15 07:58:50 - [MESSAGE][PASSED] - Object: 'Object Repository/TF_Customer_Create/1_Menu_Navigation_To_Open_All_Pages/0_Menu_Create_In_Data_View' is hovered

2019-05-15 07:58:50 - [TEST_STEP][PASSED] - delay(3): Delayed 3 second(s)

2019-05-15 07:58:53 - [MESSAGE][PASSED] - Delayed 3 second(s)

2019-05-15 07:58:53 - [TEST_STEP][PASSED] - mouseOver(findTestObject("TF_Customer_Create/1_Menu_Navigation_To_Open_All_Pages/1_Menu_Create_Master_Data")): Object: 'Object Repository/TF_Customer_Create/1_Menu_Navigation_To_Open_All_Pages/1_Menu_Create_Master_Data' is hovered

2019-05-15 07:58:53 - [MESSAGE][PASSED] - Object: 'Object Repository/TF_Customer_Create/1_Menu_Navigation_To_Open_All_Pages/1_Menu_Create_Master_Data' is hovered

2019-05-15 07:58:53 - [TEST_STEP][PASSED] - delay(3): Delayed 3 second(s)

2019-05-15 07:58:56 - [MESSAGE][PASSED] - Delayed 3 second(s)

2019-05-15 07:58:56 - [TEST_STEP][PASSED] - click(findTestObject("TF_Customer_Create/2_Select_Menu_Options(All)/1_Menu_JMS_Sales_Organisation")): Object: 'Object Repository/TF_Customer_Create/2_Select_Menu_Options(All)/1_Menu_JMS_Sales_Organisation' is clicked on

2019-05-15 07:58:56 - [MESSAGE][PASSED] - Object: 'Object Repository/TF_Customer_Create/2_Select_Menu_Options(All)/1_Menu_JMS_Sales_Organisation' is clicked on

2019-05-15 07:58:56 - [TEST_STEP][PASSED] - waitForPageLoad(G_Timeout): Wait for page load successfully

2019-05-15 07:58:56 - [MESSAGE][PASSED] - Wait for page load successfully

2019-05-15 07:58:56 - [TEST_STEP][PASSED] - delay(3): Delayed 3 second(s)

2019-05-15 07:58:59 - [MESSAGE][PASSED] - Delayed 3 second(s)]]></system-out>
         <system-err><![CDATA[]]></system-err>
      </testcase>
      <testcase name="Test Cases/Regression_TF_Product/Open_Pages/TC_2-1_Total_Company" classname="Test Cases/Regression_TF_Product/Open_Pages/TC_2-1_Total_Company" status="FAILED">
         <failure type="FAILED" message="Test Cases/Regression_TF_Product/Open_Pages/TC_2-1_Total_Company FAILED.
Reason:
com.kms.katalon.core.exception.StepFailedException: Unable to move mouse over object 'Object Repository/TF_Customer_Create/1_Menu_Navigation_To_Open_All_Pages/2_Product_Hierarchy_Level_Hoverover_Option'
	at com.kms.katalon.core.webui.keyword.internal.WebUIKeywordMain.stepFailed(WebUIKeywordMain.groovy:64)
	at com.kms.katalon.core.webui.keyword.internal.WebUIKeywordMain.runKeyword(WebUIKeywordMain.groovy:26)
	at com.kms.katalon.core.webui.keyword.builtin.MouseOverKeyword.mouseOver(MouseOverKeyword.groovy:90)
	at com.kms.katalon.core.webui.keyword.builtin.MouseOverKeyword.execute(MouseOverKeyword.groovy:67)
	at com.kms.katalon.core.keyword.internal.KeywordExecutor.executeKeywordForPlatform(KeywordExecutor.groovy:56)
	at com.kms.katalon.core.webui.keyword.WebUiBuiltInKeywords.mouseOver(WebUiBuiltInKeywords.groovy:776)
	at com.kms.katalon.core.webui.keyword.WebUiBuiltInKeywords$mouseOver$5.call(Unknown Source)
	at TC_2-1_Total_Company.run(TC_2-1_Total_Company:26)
	at com.kms.katalon.core.main.ScriptEngine.run(ScriptEngine.java:194)
	at com.kms.katalon.core.main.ScriptEngine.runScriptAsRawText(ScriptEngine.java:119)
	at com.kms.katalon.core.main.TestCaseExecutor.runScript(TestCaseExecutor.java:336)
	at com.kms.katalon.core.main.TestCaseExecutor.doExecute(TestCaseExecutor.java:327)
	at com.kms.katalon.core.main.TestCaseExecutor.processExecutionPhase(TestCaseExecutor.java:306)
	at com.kms.katalon.core.main.TestCaseExecutor.accessMainPhase(TestCaseExecutor.java:298)
	at com.kms.katalon.core.main.TestCaseExecutor.execute(TestCaseExecutor.java:232)
	at com.kms.katalon.core.main.TestSuiteExecutor.accessTestCaseMainPhase(TestSuiteExecutor.java:129)
	at com.kms.katalon.core.main.TestSuiteExecutor.accessTestSuiteMainPhase(TestSuiteExecutor.java:112)
	at com.kms.katalon.core.main.TestSuiteExecutor.execute(TestSuiteExecutor.java:81)
	at com.kms.katalon.core.main.TestCaseMain.startTestSuite(TestCaseMain.java:157)
	at com.kms.katalon.core.main.TestCaseMain$startTestSuite$0.call(Unknown Source)
	at TempTestSuite1557889099730.run(TempTestSuite1557889099730.groovy:35)
Caused by: com.kms.katalon.core.webui.exception.WebElementNotFoundException: Web element with id: 'Object Repository/TF_Customer_Create/1_Menu_Navigation_To_Open_All_Pages/2_Product_Hierarchy_Level_Hoverover_Option' located by 'By.xpath: //td[(text() = ' Product Hierarchy Level' or . = ' Product Hierarchy Level')]' not found
	at com.kms.katalon.core.webui.common.WebUiCommonHelper.findWebElement(WebUiCommonHelper.java:1097)
	at com.kms.katalon.core.webui.keyword.internal.WebUIAbstractKeyword.findWebElement(WebUIAbstractKeyword.groovy:27)
	at com.kms.katalon.core.webui.keyword.internal.WebUIAbstractKeyword.findWebElement(WebUIAbstractKeyword.groovy:26)
	at com.kms.katalon.core.webui.keyword.builtin.MouseOverKeyword$_mouseOver_closure1.doCall(MouseOverKeyword.groovy:80)
	at com.kms.katalon.core.webui.keyword.builtin.MouseOverKeyword$_mouseOver_closure1.call(MouseOverKeyword.groovy)
	at com.kms.katalon.core.webui.keyword.internal.WebUIKeywordMain.runKeyword(WebUIKeywordMain.groovy:20)
	at com.kms.katalon.core.webui.keyword.builtin.MouseOverKeyword.mouseOver(MouseOverKeyword.groovy:90)
	at com.kms.katalon.core.webui.keyword.builtin.MouseOverKeyword.execute(MouseOverKeyword.groovy:67)
	at com.kms.katalon.core.keyword.internal.KeywordExecutor.executeKeywordForPlatform(KeywordExecutor.groovy:56)
	at com.kms.katalon.core.webui.keyword.WebUiBuiltInKeywords.mouseOver(WebUiBuiltInKeywords.groovy:776)
	at com.kms.katalon.core.webui.keyword.WebUiBuiltInKeywords$mouseOver$5.call(Unknown Source)
	at Script1557366414486.run(Script1557366414486.groovy:26)
	... 13 more
"/>
         <system-out><![CDATA[2019-05-15 07:58:59 - [TEST_CASE][FAILED] - Test Cases/Regression_TF_Product/Open_Pages/TC_2-1_Total_Company: Test Cases/Regression_TF_Product/Open_Pages/TC_2-1_Total_Company FAILED.
Reason:
com.kms.katalon.core.exception.StepFailedException: Unable to move mouse over object 'Object Repository/TF_Customer_Create/1_Menu_Navigation_To_Open_All_Pages/2_Product_Hierarchy_Level_Hoverover_Option'
	at com.kms.katalon.core.webui.keyword.internal.WebUIKeywordMain.stepFailed(WebUIKeywordMain.groovy:64)
	at com.kms.katalon.core.webui.keyword.internal.WebUIKeywordMain.runKeyword(WebUIKeywordMain.groovy:26)
	at com.kms.katalon.core.webui.keyword.builtin.MouseOverKeyword.mouseOver(MouseOverKeyword.groovy:90)
	at com.kms.katalon.core.webui.keyword.builtin.MouseOverKeyword.execute(MouseOverKeyword.groovy:67)
	at com.kms.katalon.core.keyword.internal.KeywordExecutor.executeKeywordForPlatform(KeywordExecutor.groovy:56)
	at com.kms.katalon.core.webui.keyword.WebUiBuiltInKeywords.mouseOver(WebUiBuiltInKeywords.groovy:776)
	at com.kms.katalon.core.webui.keyword.WebUiBuiltInKeywords$mouseOver$5.call(Unknown Source)
	at TC_2-1_Total_Company.run(TC_2-1_Total_Company:26)
	at com.kms.katalon.core.main.ScriptEngine.run(ScriptEngine.java:194)
	at com.kms.katalon.core.main.ScriptEngine.runScriptAsRawText(ScriptEngine.java:119)
	at com.kms.katalon.core.main.TestCaseExecutor.runScript(TestCaseExecutor.java:336)
	at com.kms.katalon.core.main.TestCaseExecutor.doExecute(TestCaseExecutor.java:327)
	at com.kms.katalon.core.main.TestCaseExecutor.processExecutionPhase(TestCaseExecutor.java:306)
	at com.kms.katalon.core.main.TestCaseExecutor.accessMainPhase(TestCaseExecutor.java:298)
	at com.kms.katalon.core.main.TestCaseExecutor.execute(TestCaseExecutor.java:232)
	at com.kms.katalon.core.main.TestSuiteExecutor.accessTestCaseMainPhase(TestSuiteExecutor.java:129)
	at com.kms.katalon.core.main.TestSuiteExecutor.accessTestSuiteMainPhase(TestSuiteExecutor.java:112)
	at com.kms.katalon.core.main.TestSuiteExecutor.execute(TestSuiteExecutor.java:81)
	at com.kms.katalon.core.main.TestCaseMain.startTestSuite(TestCaseMain.java:157)
	at com.kms.katalon.core.main.TestCaseMain$startTestSuite$0.call(Unknown Source)
	at TempTestSuite1557889099730.run(TempTestSuite1557889099730.groovy:35)
Caused by: com.kms.katalon.core.webui.exception.WebElementNotFoundException: Web element with id: 'Object Repository/TF_Customer_Create/1_Menu_Navigation_To_Open_All_Pages/2_Product_Hierarchy_Level_Hoverover_Option' located by 'By.xpath: //td[(text() = ' Product Hierarchy Level' or . = ' Product Hierarchy Level')]' not found
	at com.kms.katalon.core.webui.common.WebUiCommonHelper.findWebElement(WebUiCommonHelper.java:1097)
	at com.kms.katalon.core.webui.keyword.internal.WebUIAbstractKeyword.findWebElement(WebUIAbstractKeyword.groovy:27)
	at com.kms.katalon.core.webui.keyword.internal.WebUIAbstractKeyword.findWebElement(WebUIAbstractKeyword.groovy:26)
	at com.kms.katalon.core.webui.keyword.builtin.MouseOverKeyword$_mouseOver_closure1.doCall(MouseOverKeyword.groovy:80)
	at com.kms.katalon.core.webui.keyword.builtin.MouseOverKeyword$_mouseOver_closure1.call(MouseOverKeyword.groovy)
	at com.kms.katalon.core.webui.keyword.internal.WebUIKeywordMain.runKeyword(WebUIKeywordMain.groovy:20)
	at com.kms.katalon.core.webui.keyword.builtin.MouseOverKeyword.mouseOver(MouseOverKeyword.groovy:90)
	at com.kms.katalon.core.webui.keyword.builtin.MouseOverKeyword.execute(MouseOverKeyword.groovy:67)
	at com.kms.katalon.core.keyword.internal.KeywordExecutor.executeKeywordForPlatform(KeywordExecutor.groovy:56)
	at com.kms.katalon.core.webui.keyword.WebUiBuiltInKeywords.mouseOver(WebUiBuiltInKeywords.groovy:776)
	at com.kms.katalon.core.webui.keyword.WebUiBuiltInKeywords$mouseOver$5.call(Unknown Source)
	at Script1557366414486.run(Script1557366414486.groovy:26)
	... 13 more


2019-05-15 07:58:59 - [TEST_STEP][PASSED] - waitForPageLoad(G_Timeout): Wait for page load successfully

2019-05-15 07:58:59 - [MESSAGE][PASSED] - Wait for page load successfully

2019-05-15 07:58:59 - [TEST_STEP][PASSED] - mouseOver(findTestObject("TF_Customer_Create/1_Menu_Navigation_To_Open_All_Pages/0_Menu_Create_In_Data_View")): Object: 'Object Repository/TF_Customer_Create/1_Menu_Navigation_To_Open_All_Pages/0_Menu_Create_In_Data_View' is hovered

2019-05-15 07:58:59 - [MESSAGE][PASSED] - Object: 'Object Repository/TF_Customer_Create/1_Menu_Navigation_To_Open_All_Pages/0_Menu_Create_In_Data_View' is hovered

2019-05-15 07:58:59 - [TEST_STEP][PASSED] - delay(3): Delayed 3 second(s)

2019-05-15 07:59:02 - [MESSAGE][PASSED] - Delayed 3 second(s)

2019-05-15 07:59:02 - [TEST_STEP][PASSED] - mouseOver(findTestObject("TF_Customer_Create/1_Menu_Navigation_To_Open_All_Pages/1_Menu_Create_Master_Data")): Object: 'Object Repository/TF_Customer_Create/1_Menu_Navigation_To_Open_All_Pages/1_Menu_Create_Master_Data' is hovered

2019-05-15 07:59:02 - [MESSAGE][PASSED] - Object: 'Object Repository/TF_Customer_Create/1_Menu_Navigation_To_Open_All_Pages/1_Menu_Create_Master_Data' is hovered

2019-05-15 07:59:02 - [TEST_STEP][PASSED] - delay(3): Delayed 3 second(s)

2019-05-15 07:59:05 - [MESSAGE][PASSED] - Delayed 3 second(s)

2019-05-15 07:59:05 - [TEST_STEP][FAILED] - mouseOver(findTestObject("TF_Customer_Create/1_Menu_Navigation_To_Open_All_Pages/2_Product_Hierarchy_Level_Hoverover_Option")): Unable to move mouse over object 'Object Repository/TF_Customer_Create/1_Menu_Navigation_To_Open_All_Pages/2_Product_Hierarchy_Level_Hoverover_Option' (Root cause: com.kms.katalon.core.exception.StepFailedException: Unable to move mouse over object 'Object Repository/TF_Customer_Create/1_Menu_Navigation_To_Open_All_Pages/2_Product_Hierarchy_Level_Hoverover_Option'
	at com.kms.katalon.core.webui.keyword.internal.WebUIKeywordMain.stepFailed(WebUIKeywordMain.groovy:64)
	at com.kms.katalon.core.webui.keyword.internal.WebUIKeywordMain.runKeyword(WebUIKeywordMain.groovy:26)
	at com.kms.katalon.core.webui.keyword.builtin.MouseOverKeyword.mouseOver(MouseOverKeyword.groovy:90)
	at com.kms.katalon.core.webui.keyword.builtin.MouseOverKeyword.execute(MouseOverKeyword.groovy:67)
	at com.kms.katalon.core.keyword.internal.KeywordExecutor.executeKeywordForPlatform(KeywordExecutor.groovy:56)
	at com.kms.katalon.core.webui.keyword.WebUiBuiltInKeywords.mouseOver(WebUiBuiltInKeywords.groovy:776)
	at com.kms.katalon.core.webui.keyword.WebUiBuiltInKeywords$mouseOver$5.call(Unknown Source)
	at TC_2-1_Total_Company.run(TC_2-1_Total_Company:26)
	at com.kms.katalon.core.main.ScriptEngine.run(ScriptEngine.java:194)
	at com.kms.katalon.core.main.ScriptEngine.runScriptAsRawText(ScriptEngine.java:119)
	at com.kms.katalon.core.main.TestCaseExecutor.runScript(TestCaseExecutor.java:336)
	at com.kms.katalon.core.main.TestCaseExecutor.doExecute(TestCaseExecutor.java:327)
	at com.kms.katalon.core.main.TestCaseExecutor.processExecutionPhase(TestCaseExecutor.java:306)
	at com.kms.katalon.core.main.TestCaseExecutor.accessMainPhase(TestCaseExecutor.java:298)
	at com.kms.katalon.core.main.TestCaseExecutor.execute(TestCaseExecutor.java:232)
	at com.kms.katalon.core.main.TestSuiteExecutor.accessTestCaseMainPhase(TestSuiteExecutor.java:129)
	at com.kms.katalon.core.main.TestSuiteExecutor.accessTestSuiteMainPhase(TestSuiteExecutor.java:112)
	at com.kms.katalon.core.main.TestSuiteExecutor.execute(TestSuiteExecutor.java:81)
	at com.kms.katalon.core.main.TestCaseMain.startTestSuite(TestCaseMain.java:157)
	at com.kms.katalon.core.main.TestCaseMain$startTestSuite$0.call(Unknown Source)
	at TempTestSuite1557889099730.run(TempTestSuite1557889099730.groovy:35)
Caused by: com.kms.katalon.core.webui.exception.WebElementNotFoundException: Web element with id: 'Object Repository/TF_Customer_Create/1_Menu_Navigation_To_Open_All_Pages/2_Product_Hierarchy_Level_Hoverover_Option' located by 'By.xpath: //td[(text() = ' Product Hierarchy Level' or . = ' Product Hierarchy Level')]' not found
	at com.kms.katalon.core.webui.common.WebUiCommonHelper.findWebElement(WebUiCommonHelper.java:1097)
	at com.kms.katalon.core.webui.keyword.internal.WebUIAbstractKeyword.findWebElement(WebUIAbstractKeyword.groovy:27)
	at com.kms.katalon.core.webui.keyword.internal.WebUIAbstractKeyword.findWebElement(WebUIAbstractKeyword.groovy:26)
	at com.kms.katalon.core.webui.keyword.builtin.MouseOverKeyword$_mouseOver_closure1.doCall(MouseOverKeyword.groovy:80)
	at com.kms.katalon.core.webui.keyword.builtin.MouseOverKeyword$_mouseOver_closure1.call(MouseOverKeyword.groovy)
	at com.kms.katalon.core.webui.keyword.internal.WebUIKeywordMain.runKeyword(WebUIKeywordMain.groovy:20)
	at com.kms.katalon.core.webui.keyword.builtin.MouseOverKeyword.mouseOver(MouseOverKeyword.groovy:90)
	at com.kms.katalon.core.webui.keyword.builtin.MouseOverKeyword.execute(MouseOverKeyword.groovy:67)
	at com.kms.katalon.core.keyword.internal.KeywordExecutor.executeKeywordForPlatform(KeywordExecutor.groovy:56)
	at com.kms.katalon.core.webui.keyword.WebUiBuiltInKeywords.mouseOver(WebUiBuiltInKeywords.groovy:776)
	at com.kms.katalon.core.webui.keyword.WebUiBuiltInKeywords$mouseOver$5.call(Unknown Source)
	at Script1557366414486.run(Script1557366414486.groovy:26)
	... 13 more
)

2019-05-15 07:59:37 - [MESSAGE][INFO] - Unable to find the element located by 'By.xpath: //td[(text() = ' Product Hierarchy Level' or . = ' Product Hierarchy Level')]'. Please recheck the objects properties to make sure the desired element is located. 

2019-05-15 07:59:37 - [MESSAGE][FAILED] - Unable to move mouse over object 'Object Repository/TF_Customer_Create/1_Menu_Navigation_To_Open_All_Pages/2_Product_Hierarchy_Level_Hoverover_Option' (Root cause: com.kms.katalon.core.exception.StepFailedException: Unable to move mouse over object 'Object Repository/TF_Customer_Create/1_Menu_Navigation_To_Open_All_Pages/2_Product_Hierarchy_Level_Hoverover_Option'
	at com.kms.katalon.core.webui.keyword.internal.WebUIKeywordMain.stepFailed(WebUIKeywordMain.groovy:64)
	at com.kms.katalon.core.webui.keyword.internal.WebUIKeywordMain.runKeyword(WebUIKeywordMain.groovy:26)
	at com.kms.katalon.core.webui.keyword.builtin.MouseOverKeyword.mouseOver(MouseOverKeyword.groovy:90)
	at com.kms.katalon.core.webui.keyword.builtin.MouseOverKeyword.execute(MouseOverKeyword.groovy:67)
	at com.kms.katalon.core.keyword.internal.KeywordExecutor.executeKeywordForPlatform(KeywordExecutor.groovy:56)
	at com.kms.katalon.core.webui.keyword.WebUiBuiltInKeywords.mouseOver(WebUiBuiltInKeywords.groovy:776)
	at com.kms.katalon.core.webui.keyword.WebUiBuiltInKeywords$mouseOver$5.call(Unknown Source)
	at TC_2-1_Total_Company.run(TC_2-1_Total_Company:26)
	at com.kms.katalon.core.main.ScriptEngine.run(ScriptEngine.java:194)
	at com.kms.katalon.core.main.ScriptEngine.runScriptAsRawText(ScriptEngine.java:119)
	at com.kms.katalon.core.main.TestCaseExecutor.runScript(TestCaseExecutor.java:336)
	at com.kms.katalon.core.main.TestCaseExecutor.doExecute(TestCaseExecutor.java:327)
	at com.kms.katalon.core.main.TestCaseExecutor.processExecutionPhase(TestCaseExecutor.java:306)
	at com.kms.katalon.core.main.TestCaseExecutor.accessMainPhase(TestCaseExecutor.java:298)
	at com.kms.katalon.core.main.TestCaseExecutor.execute(TestCaseExecutor.java:232)
	at com.kms.katalon.core.main.TestSuiteExecutor.accessTestCaseMainPhase(TestSuiteExecutor.java:129)
	at com.kms.katalon.core.main.TestSuiteExecutor.accessTestSuiteMainPhase(TestSuiteExecutor.java:112)
	at com.kms.katalon.core.main.TestSuiteExecutor.execute(TestSuiteExecutor.java:81)
	at com.kms.katalon.core.main.TestCaseMain.startTestSuite(TestCaseMain.java:157)
	at com.kms.katalon.core.main.TestCaseMain$startTestSuite$0.call(Unknown Source)
	at TempTestSuite1557889099730.run(TempTestSuite1557889099730.groovy:35)
Caused by: com.kms.katalon.core.webui.exception.WebElementNotFoundException: Web element with id: 'Object Repository/TF_Customer_Create/1_Menu_Navigation_To_Open_All_Pages/2_Product_Hierarchy_Level_Hoverover_Option' located by 'By.xpath: //td[(text() = ' Product Hierarchy Level' or . = ' Product Hierarchy Level')]' not found
	at com.kms.katalon.core.webui.common.WebUiCommonHelper.findWebElement(WebUiCommonHelper.java:1097)
	at com.kms.katalon.core.webui.keyword.internal.WebUIAbstractKeyword.findWebElement(WebUIAbstractKeyword.groovy:27)
	at com.kms.katalon.core.webui.keyword.internal.WebUIAbstractKeyword.findWebElement(WebUIAbstractKeyword.groovy:26)
	at com.kms.katalon.core.webui.keyword.builtin.MouseOverKeyword$_mouseOver_closure1.doCall(MouseOverKeyword.groovy:80)
	at com.kms.katalon.core.webui.keyword.builtin.MouseOverKeyword$_mouseOver_closure1.call(MouseOverKeyword.groovy)
	at com.kms.katalon.core.webui.keyword.internal.WebUIKeywordMain.runKeyword(WebUIKeywordMain.groovy:20)
	at com.kms.katalon.core.webui.keyword.builtin.MouseOverKeyword.mouseOver(MouseOverKeyword.groovy:90)
	at com.kms.katalon.core.webui.keyword.builtin.MouseOverKeyword.execute(MouseOverKeyword.groovy:67)
	at com.kms.katalon.core.keyword.internal.KeywordExecutor.executeKeywordForPlatform(KeywordExecutor.groovy:56)
	at com.kms.katalon.core.webui.keyword.WebUiBuiltInKeywords.mouseOver(WebUiBuiltInKeywords.groovy:776)
	at com.kms.katalon.core.webui.keyword.WebUiBuiltInKeywords$mouseOver$5.call(Unknown Source)
	at Script1557366414486.run(Script1557366414486.groovy:26)
	... 13 more
)
[[ATTACHMENT|G:\\Katalon\\TF_Product\\Reports\\Open_All_Pages\\20190515_075819\\1557889177319.png]]]]></system-out>
         <system-err><![CDATA[2019-05-15 07:58:59 - [TEST_CASE][FAILED] - Test Cases/Regression_TF_Product/Open_Pages/TC_2-1_Total_Company: Test Cases/Regression_TF_Product/Open_Pages/TC_2-1_Total_Company FAILED.
Reason:
com.kms.katalon.core.exception.StepFailedException: Unable to move mouse over object 'Object Repository/TF_Customer_Create/1_Menu_Navigation_To_Open_All_Pages/2_Product_Hierarchy_Level_Hoverover_Option'
	at com.kms.katalon.core.webui.keyword.internal.WebUIKeywordMain.stepFailed(WebUIKeywordMain.groovy:64)
	at com.kms.katalon.core.webui.keyword.internal.WebUIKeywordMain.runKeyword(WebUIKeywordMain.groovy:26)
	at com.kms.katalon.core.webui.keyword.builtin.MouseOverKeyword.mouseOver(MouseOverKeyword.groovy:90)
	at com.kms.katalon.core.webui.keyword.builtin.MouseOverKeyword.execute(MouseOverKeyword.groovy:67)
	at com.kms.katalon.core.keyword.internal.KeywordExecutor.executeKeywordForPlatform(KeywordExecutor.groovy:56)
	at com.kms.katalon.core.webui.keyword.WebUiBuiltInKeywords.mouseOver(WebUiBuiltInKeywords.groovy:776)
	at com.kms.katalon.core.webui.keyword.WebUiBuiltInKeywords$mouseOver$5.call(Unknown Source)
	at TC_2-1_Total_Company.run(TC_2-1_Total_Company:26)
	at com.kms.katalon.core.main.ScriptEngine.run(ScriptEngine.java:194)
	at com.kms.katalon.core.main.ScriptEngine.runScriptAsRawText(ScriptEngine.java:119)
	at com.kms.katalon.core.main.TestCaseExecutor.runScript(TestCaseExecutor.java:336)
	at com.kms.katalon.core.main.TestCaseExecutor.doExecute(TestCaseExecutor.java:327)
	at com.kms.katalon.core.main.TestCaseExecutor.processExecutionPhase(TestCaseExecutor.java:306)
	at com.kms.katalon.core.main.TestCaseExecutor.accessMainPhase(TestCaseExecutor.java:298)
	at com.kms.katalon.core.main.TestCaseExecutor.execute(TestCaseExecutor.java:232)
	at com.kms.katalon.core.main.TestSuiteExecutor.accessTestCaseMainPhase(TestSuiteExecutor.java:129)
	at com.kms.katalon.core.main.TestSuiteExecutor.accessTestSuiteMainPhase(TestSuiteExecutor.java:112)
	at com.kms.katalon.core.main.TestSuiteExecutor.execute(TestSuiteExecutor.java:81)
	at com.kms.katalon.core.main.TestCaseMain.startTestSuite(TestCaseMain.java:157)
	at com.kms.katalon.core.main.TestCaseMain$startTestSuite$0.call(Unknown Source)
	at TempTestSuite1557889099730.run(TempTestSuite1557889099730.groovy:35)
Caused by: com.kms.katalon.core.webui.exception.WebElementNotFoundException: Web element with id: 'Object Repository/TF_Customer_Create/1_Menu_Navigation_To_Open_All_Pages/2_Product_Hierarchy_Level_Hoverover_Option' located by 'By.xpath: //td[(text() = ' Product Hierarchy Level' or . = ' Product Hierarchy Level')]' not found
	at com.kms.katalon.core.webui.common.WebUiCommonHelper.findWebElement(WebUiCommonHelper.java:1097)
	at com.kms.katalon.core.webui.keyword.internal.WebUIAbstractKeyword.findWebElement(WebUIAbstractKeyword.groovy:27)
	at com.kms.katalon.core.webui.keyword.internal.WebUIAbstractKeyword.findWebElement(WebUIAbstractKeyword.groovy:26)
	at com.kms.katalon.core.webui.keyword.builtin.MouseOverKeyword$_mouseOver_closure1.doCall(MouseOverKeyword.groovy:80)
	at com.kms.katalon.core.webui.keyword.builtin.MouseOverKeyword$_mouseOver_closure1.call(MouseOverKeyword.groovy)
	at com.kms.katalon.core.webui.keyword.internal.WebUIKeywordMain.runKeyword(WebUIKeywordMain.groovy:20)
	at com.kms.katalon.core.webui.keyword.builtin.MouseOverKeyword.mouseOver(MouseOverKeyword.groovy:90)
	at com.kms.katalon.core.webui.keyword.builtin.MouseOverKeyword.execute(MouseOverKeyword.groovy:67)
	at com.kms.katalon.core.keyword.internal.KeywordExecutor.executeKeywordForPlatform(KeywordExecutor.groovy:56)
	at com.kms.katalon.core.webui.keyword.WebUiBuiltInKeywords.mouseOver(WebUiBuiltInKeywords.groovy:776)
	at com.kms.katalon.core.webui.keyword.WebUiBuiltInKeywords$mouseOver$5.call(Unknown Source)
	at Script1557366414486.run(Script1557366414486.groovy:26)
	... 13 more]]></system-err>
      </testcase>
      <testcase name="Test Cases/Regression_TF_Product/Open_Pages/TC_2-2_Product_Summary" classname="Test Cases/Regression_TF_Product/Open_Pages/TC_2-2_Product_Summary" status="FAILED">
         <failure type="FAILED" message="Test Cases/Regression_TF_Product/Open_Pages/TC_2-2_Product_Summary FAILED.
Reason:
com.kms.katalon.core.exception.StepFailedException: Unable to move mouse over object 'Object Repository/TF_Customer_Create/1_Menu_Navigation_To_Open_All_Pages/1_Menu_Create_Master_Data'
	at com.kms.katalon.core.webui.keyword.internal.WebUIKeywordMain.stepFailed(WebUIKeywordMain.groovy:64)
	at com.kms.katalon.core.webui.keyword.internal.WebUIKeywordMain.runKeyword(WebUIKeywordMain.groovy:26)
	at com.kms.katalon.core.webui.keyword.builtin.MouseOverKeyword.mouseOver(MouseOverKeyword.groovy:90)
	at com.kms.katalon.core.webui.keyword.builtin.MouseOverKeyword.execute(MouseOverKeyword.groovy:67)
	at com.kms.katalon.core.keyword.internal.KeywordExecutor.executeKeywordForPlatform(KeywordExecutor.groovy:56)
	at com.kms.katalon.core.webui.keyword.WebUiBuiltInKeywords.mouseOver(WebUiBuiltInKeywords.groovy:776)
	at com.kms.katalon.core.webui.keyword.WebUiBuiltInKeywords$mouseOver$5.call(Unknown Source)
	at TC_2-2_Product_Summary.run(TC_2-2_Product_Summary:22)
	at com.kms.katalon.core.main.ScriptEngine.run(ScriptEngine.java:194)
	at com.kms.katalon.core.main.ScriptEngine.runScriptAsRawText(ScriptEngine.java:119)
	at com.kms.katalon.core.main.TestCaseExecutor.runScript(TestCaseExecutor.java:336)
	at com.kms.katalon.core.main.TestCaseExecutor.doExecute(TestCaseExecutor.java:327)
	at com.kms.katalon.core.main.TestCaseExecutor.processExecutionPhase(TestCaseExecutor.java:306)
	at com.kms.katalon.core.main.TestCaseExecutor.accessMainPhase(TestCaseExecutor.java:298)
	at com.kms.katalon.core.main.TestCaseExecutor.execute(TestCaseExecutor.java:232)
	at com.kms.katalon.core.main.TestSuiteExecutor.accessTestCaseMainPhase(TestSuiteExecutor.java:129)
	at com.kms.katalon.core.main.TestSuiteExecutor.accessTestSuiteMainPhase(TestSuiteExecutor.java:112)
	at com.kms.katalon.core.main.TestSuiteExecutor.execute(TestSuiteExecutor.java:81)
	at com.kms.katalon.core.main.TestCaseMain.startTestSuite(TestCaseMain.java:157)
	at com.kms.katalon.core.main.TestCaseMain$startTestSuite$0.call(Unknown Source)
	at TempTestSuite1557889099730.run(TempTestSuite1557889099730.groovy:35)
Caused by: com.kms.katalon.core.webui.exception.WebElementNotFoundException: Web element with id: 'Object Repository/TF_Customer_Create/1_Menu_Navigation_To_Open_All_Pages/1_Menu_Create_Master_Data' located by 'By.xpath: //td[(text() = 'Create Master Data' or . = 'Create Master Data')]' not found
	at com.kms.katalon.core.webui.common.WebUiCommonHelper.findWebElement(WebUiCommonHelper.java:1097)
	at com.kms.katalon.core.webui.keyword.internal.WebUIAbstractKeyword.findWebElement(WebUIAbstractKeyword.groovy:27)
	at com.kms.katalon.core.webui.keyword.internal.WebUIAbstractKeyword.findWebElement(WebUIAbstractKeyword.groovy:26)
	at com.kms.katalon.core.webui.keyword.builtin.MouseOverKeyword$_mouseOver_closure1.doCall(MouseOverKeyword.groovy:80)
	at com.kms.katalon.core.webui.keyword.builtin.MouseOverKeyword$_mouseOver_closure1.call(MouseOverKeyword.groovy)
	at com.kms.katalon.core.webui.keyword.internal.WebUIKeywordMain.runKeyword(WebUIKeywordMain.groovy:20)
	at com.kms.katalon.core.webui.keyword.builtin.MouseOverKeyword.mouseOver(MouseOverKeyword.groovy:90)
	at com.kms.katalon.core.webui.keyword.builtin.MouseOverKeyword.execute(MouseOverKeyword.groovy:67)
	at com.kms.katalon.core.keyword.internal.KeywordExecutor.executeKeywordForPlatform(KeywordExecutor.groovy:56)
	at com.kms.katalon.core.webui.keyword.WebUiBuiltInKeywords.mouseOver(WebUiBuiltInKeywords.groovy:776)
	at com.kms.katalon.core.webui.keyword.WebUiBuiltInKeywords$mouseOver$5.call(Unknown Source)
	at Script1557460170823.run(Script1557460170823.groovy:22)
	... 13 more
"/>
         <system-out><![CDATA[2019-05-15 07:59:37 - [TEST_CASE][FAILED] - Test Cases/Regression_TF_Product/Open_Pages/TC_2-2_Product_Summary: Test Cases/Regression_TF_Product/Open_Pages/TC_2-2_Product_Summary FAILED.
Reason:
com.kms.katalon.core.exception.StepFailedException: Unable to move mouse over object 'Object Repository/TF_Customer_Create/1_Menu_Navigation_To_Open_All_Pages/1_Menu_Create_Master_Data'
	at com.kms.katalon.core.webui.keyword.internal.WebUIKeywordMain.stepFailed(WebUIKeywordMain.groovy:64)
	at com.kms.katalon.core.webui.keyword.internal.WebUIKeywordMain.runKeyword(WebUIKeywordMain.groovy:26)
	at com.kms.katalon.core.webui.keyword.builtin.MouseOverKeyword.mouseOver(MouseOverKeyword.groovy:90)
	at com.kms.katalon.core.webui.keyword.builtin.MouseOverKeyword.execute(MouseOverKeyword.groovy:67)
	at com.kms.katalon.core.keyword.internal.KeywordExecutor.executeKeywordForPlatform(KeywordExecutor.groovy:56)
	at com.kms.katalon.core.webui.keyword.WebUiBuiltInKeywords.mouseOver(WebUiBuiltInKeywords.groovy:776)
	at com.kms.katalon.core.webui.keyword.WebUiBuiltInKeywords$mouseOver$5.call(Unknown Source)
	at TC_2-2_Product_Summary.run(TC_2-2_Product_Summary:22)
	at com.kms.katalon.core.main.ScriptEngine.run(ScriptEngine.java:194)
	at com.kms.katalon.core.main.ScriptEngine.runScriptAsRawText(ScriptEngine.java:119)
	at com.kms.katalon.core.main.TestCaseExecutor.runScript(TestCaseExecutor.java:336)
	at com.kms.katalon.core.main.TestCaseExecutor.doExecute(TestCaseExecutor.java:327)
	at com.kms.katalon.core.main.TestCaseExecutor.processExecutionPhase(TestCaseExecutor.java:306)
	at com.kms.katalon.core.main.TestCaseExecutor.accessMainPhase(TestCaseExecutor.java:298)
	at com.kms.katalon.core.main.TestCaseExecutor.execute(TestCaseExecutor.java:232)
	at com.kms.katalon.core.main.TestSuiteExecutor.accessTestCaseMainPhase(TestSuiteExecutor.java:129)
	at com.kms.katalon.core.main.TestSuiteExecutor.accessTestSuiteMainPhase(TestSuiteExecutor.java:112)
	at com.kms.katalon.core.main.TestSuiteExecutor.execute(TestSuiteExecutor.java:81)
	at com.kms.katalon.core.main.TestCaseMain.startTestSuite(TestCaseMain.java:157)
	at com.kms.katalon.core.main.TestCaseMain$startTestSuite$0.call(Unknown Source)
	at TempTestSuite1557889099730.run(TempTestSuite1557889099730.groovy:35)
Caused by: com.kms.katalon.core.webui.exception.WebElementNotFoundException: Web element with id: 'Object Repository/TF_Customer_Create/1_Menu_Navigation_To_Open_All_Pages/1_Menu_Create_Master_Data' located by 'By.xpath: //td[(text() = 'Create Master Data' or . = 'Create Master Data')]' not found
	at com.kms.katalon.core.webui.common.WebUiCommonHelper.findWebElement(WebUiCommonHelper.java:1097)
	at com.kms.katalon.core.webui.keyword.internal.WebUIAbstractKeyword.findWebElement(WebUIAbstractKeyword.groovy:27)
	at com.kms.katalon.core.webui.keyword.internal.WebUIAbstractKeyword.findWebElement(WebUIAbstractKeyword.groovy:26)
	at com.kms.katalon.core.webui.keyword.builtin.MouseOverKeyword$_mouseOver_closure1.doCall(MouseOverKeyword.groovy:80)
	at com.kms.katalon.core.webui.keyword.builtin.MouseOverKeyword$_mouseOver_closure1.call(MouseOverKeyword.groovy)
	at com.kms.katalon.core.webui.keyword.internal.WebUIKeywordMain.runKeyword(WebUIKeywordMain.groovy:20)
	at com.kms.katalon.core.webui.keyword.builtin.MouseOverKeyword.mouseOver(MouseOverKeyword.groovy:90)
	at com.kms.katalon.core.webui.keyword.builtin.MouseOverKeyword.execute(MouseOverKeyword.groovy:67)
	at com.kms.katalon.core.keyword.internal.KeywordExecutor.executeKeywordForPlatform(KeywordExecutor.groovy:56)
	at com.kms.katalon.core.webui.keyword.WebUiBuiltInKeywords.mouseOver(WebUiBuiltInKeywords.groovy:776)
	at com.kms.katalon.core.webui.keyword.WebUiBuiltInKeywords$mouseOver$5.call(Unknown Source)
	at Script1557460170823.run(Script1557460170823.groovy:22)
	... 13 more


2019-05-15 07:59:37 - [TEST_STEP][PASSED] - waitForPageLoad(G_Timeout): Wait for page load successfully

2019-05-15 07:59:37 - [MESSAGE][PASSED] - Wait for page load successfully

2019-05-15 07:59:37 - [TEST_STEP][PASSED] - mouseOver(findTestObject("TF_Customer_Create/1_Menu_Navigation_To_Open_All_Pages/0_Menu_Create_In_Data_View")): Object: 'Object Repository/TF_Customer_Create/1_Menu_Navigation_To_Open_All_Pages/0_Menu_Create_In_Data_View' is hovered

2019-05-15 07:59:37 - [MESSAGE][PASSED] - Object: 'Object Repository/TF_Customer_Create/1_Menu_Navigation_To_Open_All_Pages/0_Menu_Create_In_Data_View' is hovered

2019-05-15 07:59:37 - [TEST_STEP][PASSED] - delay(3): Delayed 3 second(s)

2019-05-15 07:59:40 - [MESSAGE][PASSED] - Delayed 3 second(s)

2019-05-15 07:59:40 - [TEST_STEP][FAILED] - mouseOver(findTestObject("TF_Customer_Create/1_Menu_Navigation_To_Open_All_Pages/1_Menu_Create_Master_Data")): Unable to move mouse over object 'Object Repository/TF_Customer_Create/1_Menu_Navigation_To_Open_All_Pages/1_Menu_Create_Master_Data' (Root cause: com.kms.katalon.core.exception.StepFailedException: Unable to move mouse over object 'Object Repository/TF_Customer_Create/1_Menu_Navigation_To_Open_All_Pages/1_Menu_Create_Master_Data'
	at com.kms.katalon.core.webui.keyword.internal.WebUIKeywordMain.stepFailed(WebUIKeywordMain.groovy:64)
	at com.kms.katalon.core.webui.keyword.internal.WebUIKeywordMain.runKeyword(WebUIKeywordMain.groovy:26)
	at com.kms.katalon.core.webui.keyword.builtin.MouseOverKeyword.mouseOver(MouseOverKeyword.groovy:90)
	at com.kms.katalon.core.webui.keyword.builtin.MouseOverKeyword.execute(MouseOverKeyword.groovy:67)
	at com.kms.katalon.core.keyword.internal.KeywordExecutor.executeKeywordForPlatform(KeywordExecutor.groovy:56)
	at com.kms.katalon.core.webui.keyword.WebUiBuiltInKeywords.mouseOver(WebUiBuiltInKeywords.groovy:776)
	at com.kms.katalon.core.webui.keyword.WebUiBuiltInKeywords$mouseOver$5.call(Unknown Source)
	at TC_2-2_Product_Summary.run(TC_2-2_Product_Summary:22)
	at com.kms.katalon.core.main.ScriptEngine.run(ScriptEngine.java:194)
	at com.kms.katalon.core.main.ScriptEngine.runScriptAsRawText(ScriptEngine.java:119)
	at com.kms.katalon.core.main.TestCaseExecutor.runScript(TestCaseExecutor.java:336)
	at com.kms.katalon.core.main.TestCaseExecutor.doExecute(TestCaseExecutor.java:327)
	at com.kms.katalon.core.main.TestCaseExecutor.processExecutionPhase(TestCaseExecutor.java:306)
	at com.kms.katalon.core.main.TestCaseExecutor.accessMainPhase(TestCaseExecutor.java:298)
	at com.kms.katalon.core.main.TestCaseExecutor.execute(TestCaseExecutor.java:232)
	at com.kms.katalon.core.main.TestSuiteExecutor.accessTestCaseMainPhase(TestSuiteExecutor.java:129)
	at com.kms.katalon.core.main.TestSuiteExecutor.accessTestSuiteMainPhase(TestSuiteExecutor.java:112)
	at com.kms.katalon.core.main.TestSuiteExecutor.execute(TestSuiteExecutor.java:81)
	at com.kms.katalon.core.main.TestCaseMain.startTestSuite(TestCaseMain.java:157)
	at com.kms.katalon.core.main.TestCaseMain$startTestSuite$0.call(Unknown Source)
	at TempTestSuite1557889099730.run(TempTestSuite1557889099730.groovy:35)
Caused by: com.kms.katalon.core.webui.exception.WebElementNotFoundException: Web element with id: 'Object Repository/TF_Customer_Create/1_Menu_Navigation_To_Open_All_Pages/1_Menu_Create_Master_Data' located by 'By.xpath: //td[(text() = 'Create Master Data' or . = 'Create Master Data')]' not found
	at com.kms.katalon.core.webui.common.WebUiCommonHelper.findWebElement(WebUiCommonHelper.java:1097)
	at com.kms.katalon.core.webui.keyword.internal.WebUIAbstractKeyword.findWebElement(WebUIAbstractKeyword.groovy:27)
	at com.kms.katalon.core.webui.keyword.internal.WebUIAbstractKeyword.findWebElement(WebUIAbstractKeyword.groovy:26)
	at com.kms.katalon.core.webui.keyword.builtin.MouseOverKeyword$_mouseOver_closure1.doCall(MouseOverKeyword.groovy:80)
	at com.kms.katalon.core.webui.keyword.builtin.MouseOverKeyword$_mouseOver_closure1.call(MouseOverKeyword.groovy)
	at com.kms.katalon.core.webui.keyword.internal.WebUIKeywordMain.runKeyword(WebUIKeywordMain.groovy:20)
	at com.kms.katalon.core.webui.keyword.builtin.MouseOverKeyword.mouseOver(MouseOverKeyword.groovy:90)
	at com.kms.katalon.core.webui.keyword.builtin.MouseOverKeyword.execute(MouseOverKeyword.groovy:67)
	at com.kms.katalon.core.keyword.internal.KeywordExecutor.executeKeywordForPlatform(KeywordExecutor.groovy:56)
	at com.kms.katalon.core.webui.keyword.WebUiBuiltInKeywords.mouseOver(WebUiBuiltInKeywords.groovy:776)
	at com.kms.katalon.core.webui.keyword.WebUiBuiltInKeywords$mouseOver$5.call(Unknown Source)
	at Script1557460170823.run(Script1557460170823.groovy:22)
	... 13 more
)

2019-05-15 08:00:12 - [MESSAGE][INFO] - Unable to find the element located by 'By.xpath: //td[(text() = 'Create Master Data' or . = 'Create Master Data')]'. Please recheck the objects properties to make sure the desired element is located. 

2019-05-15 08:00:12 - [MESSAGE][FAILED] - Unable to move mouse over object 'Object Repository/TF_Customer_Create/1_Menu_Navigation_To_Open_All_Pages/1_Menu_Create_Master_Data' (Root cause: com.kms.katalon.core.exception.StepFailedException: Unable to move mouse over object 'Object Repository/TF_Customer_Create/1_Menu_Navigation_To_Open_All_Pages/1_Menu_Create_Master_Data'
	at com.kms.katalon.core.webui.keyword.internal.WebUIKeywordMain.stepFailed(WebUIKeywordMain.groovy:64)
	at com.kms.katalon.core.webui.keyword.internal.WebUIKeywordMain.runKeyword(WebUIKeywordMain.groovy:26)
	at com.kms.katalon.core.webui.keyword.builtin.MouseOverKeyword.mouseOver(MouseOverKeyword.groovy:90)
	at com.kms.katalon.core.webui.keyword.builtin.MouseOverKeyword.execute(MouseOverKeyword.groovy:67)
	at com.kms.katalon.core.keyword.internal.KeywordExecutor.executeKeywordForPlatform(KeywordExecutor.groovy:56)
	at com.kms.katalon.core.webui.keyword.WebUiBuiltInKeywords.mouseOver(WebUiBuiltInKeywords.groovy:776)
	at com.kms.katalon.core.webui.keyword.WebUiBuiltInKeywords$mouseOver$5.call(Unknown Source)
	at TC_2-2_Product_Summary.run(TC_2-2_Product_Summary:22)
	at com.kms.katalon.core.main.ScriptEngine.run(ScriptEngine.java:194)
	at com.kms.katalon.core.main.ScriptEngine.runScriptAsRawText(ScriptEngine.java:119)
	at com.kms.katalon.core.main.TestCaseExecutor.runScript(TestCaseExecutor.java:336)
	at com.kms.katalon.core.main.TestCaseExecutor.doExecute(TestCaseExecutor.java:327)
	at com.kms.katalon.core.main.TestCaseExecutor.processExecutionPhase(TestCaseExecutor.java:306)
	at com.kms.katalon.core.main.TestCaseExecutor.accessMainPhase(TestCaseExecutor.java:298)
	at com.kms.katalon.core.main.TestCaseExecutor.execute(TestCaseExecutor.java:232)
	at com.kms.katalon.core.main.TestSuiteExecutor.accessTestCaseMainPhase(TestSuiteExecutor.java:129)
	at com.kms.katalon.core.main.TestSuiteExecutor.accessTestSuiteMainPhase(TestSuiteExecutor.java:112)
	at com.kms.katalon.core.main.TestSuiteExecutor.execute(TestSuiteExecutor.java:81)
	at com.kms.katalon.core.main.TestCaseMain.startTestSuite(TestCaseMain.java:157)
	at com.kms.katalon.core.main.TestCaseMain$startTestSuite$0.call(Unknown Source)
	at TempTestSuite1557889099730.run(TempTestSuite1557889099730.groovy:35)
Caused by: com.kms.katalon.core.webui.exception.WebElementNotFoundException: Web element with id: 'Object Repository/TF_Customer_Create/1_Menu_Navigation_To_Open_All_Pages/1_Menu_Create_Master_Data' located by 'By.xpath: //td[(text() = 'Create Master Data' or . = 'Create Master Data')]' not found
	at com.kms.katalon.core.webui.common.WebUiCommonHelper.findWebElement(WebUiCommonHelper.java:1097)
	at com.kms.katalon.core.webui.keyword.internal.WebUIAbstractKeyword.findWebElement(WebUIAbstractKeyword.groovy:27)
	at com.kms.katalon.core.webui.keyword.internal.WebUIAbstractKeyword.findWebElement(WebUIAbstractKeyword.groovy:26)
	at com.kms.katalon.core.webui.keyword.builtin.MouseOverKeyword$_mouseOver_closure1.doCall(MouseOverKeyword.groovy:80)
	at com.kms.katalon.core.webui.keyword.builtin.MouseOverKeyword$_mouseOver_closure1.call(MouseOverKeyword.groovy)
	at com.kms.katalon.core.webui.keyword.internal.WebUIKeywordMain.runKeyword(WebUIKeywordMain.groovy:20)
	at com.kms.katalon.core.webui.keyword.builtin.MouseOverKeyword.mouseOver(MouseOverKeyword.groovy:90)
	at com.kms.katalon.core.webui.keyword.builtin.MouseOverKeyword.execute(MouseOverKeyword.groovy:67)
	at com.kms.katalon.core.keyword.internal.KeywordExecutor.executeKeywordForPlatform(KeywordExecutor.groovy:56)
	at com.kms.katalon.core.webui.keyword.WebUiBuiltInKeywords.mouseOver(WebUiBuiltInKeywords.groovy:776)
	at com.kms.katalon.core.webui.keyword.WebUiBuiltInKeywords$mouseOver$5.call(Unknown Source)
	at Script1557460170823.run(Script1557460170823.groovy:22)
	... 13 more
)
[[ATTACHMENT|G:\\Katalon\\TF_Product\\Reports\\Open_All_Pages\\20190515_075819\\1557889212230.png]]]]></system-out>
         <system-err><![CDATA[2019-05-15 07:59:37 - [TEST_CASE][FAILED] - Test Cases/Regression_TF_Product/Open_Pages/TC_2-2_Product_Summary: Test Cases/Regression_TF_Product/Open_Pages/TC_2-2_Product_Summary FAILED.
Reason:
com.kms.katalon.core.exception.StepFailedException: Unable to move mouse over object 'Object Repository/TF_Customer_Create/1_Menu_Navigation_To_Open_All_Pages/1_Menu_Create_Master_Data'
	at com.kms.katalon.core.webui.keyword.internal.WebUIKeywordMain.stepFailed(WebUIKeywordMain.groovy:64)
	at com.kms.katalon.core.webui.keyword.internal.WebUIKeywordMain.runKeyword(WebUIKeywordMain.groovy:26)
	at com.kms.katalon.core.webui.keyword.builtin.MouseOverKeyword.mouseOver(MouseOverKeyword.groovy:90)
	at com.kms.katalon.core.webui.keyword.builtin.MouseOverKeyword.execute(MouseOverKeyword.groovy:67)
	at com.kms.katalon.core.keyword.internal.KeywordExecutor.executeKeywordForPlatform(KeywordExecutor.groovy:56)
	at com.kms.katalon.core.webui.keyword.WebUiBuiltInKeywords.mouseOver(WebUiBuiltInKeywords.groovy:776)
	at com.kms.katalon.core.webui.keyword.WebUiBuiltInKeywords$mouseOver$5.call(Unknown Source)
	at TC_2-2_Product_Summary.run(TC_2-2_Product_Summary:22)
	at com.kms.katalon.core.main.ScriptEngine.run(ScriptEngine.java:194)
	at com.kms.katalon.core.main.ScriptEngine.runScriptAsRawText(ScriptEngine.java:119)
	at com.kms.katalon.core.main.TestCaseExecutor.runScript(TestCaseExecutor.java:336)
	at com.kms.katalon.core.main.TestCaseExecutor.doExecute(TestCaseExecutor.java:327)
	at com.kms.katalon.core.main.TestCaseExecutor.processExecutionPhase(TestCaseExecutor.java:306)
	at com.kms.katalon.core.main.TestCaseExecutor.accessMainPhase(TestCaseExecutor.java:298)
	at com.kms.katalon.core.main.TestCaseExecutor.execute(TestCaseExecutor.java:232)
	at com.kms.katalon.core.main.TestSuiteExecutor.accessTestCaseMainPhase(TestSuiteExecutor.java:129)
	at com.kms.katalon.core.main.TestSuiteExecutor.accessTestSuiteMainPhase(TestSuiteExecutor.java:112)
	at com.kms.katalon.core.main.TestSuiteExecutor.execute(TestSuiteExecutor.java:81)
	at com.kms.katalon.core.main.TestCaseMain.startTestSuite(TestCaseMain.java:157)
	at com.kms.katalon.core.main.TestCaseMain$startTestSuite$0.call(Unknown Source)
	at TempTestSuite1557889099730.run(TempTestSuite1557889099730.groovy:35)
Caused by: com.kms.katalon.core.webui.exception.WebElementNotFoundException: Web element with id: 'Object Repository/TF_Customer_Create/1_Menu_Navigation_To_Open_All_Pages/1_Menu_Create_Master_Data' located by 'By.xpath: //td[(text() = 'Create Master Data' or . = 'Create Master Data')]' not found
	at com.kms.katalon.core.webui.common.WebUiCommonHelper.findWebElement(WebUiCommonHelper.java:1097)
	at com.kms.katalon.core.webui.keyword.internal.WebUIAbstractKeyword.findWebElement(WebUIAbstractKeyword.groovy:27)
	at com.kms.katalon.core.webui.keyword.internal.WebUIAbstractKeyword.findWebElement(WebUIAbstractKeyword.groovy:26)
	at com.kms.katalon.core.webui.keyword.builtin.MouseOverKeyword$_mouseOver_closure1.doCall(MouseOverKeyword.groovy:80)
	at com.kms.katalon.core.webui.keyword.builtin.MouseOverKeyword$_mouseOver_closure1.call(MouseOverKeyword.groovy)
	at com.kms.katalon.core.webui.keyword.internal.WebUIKeywordMain.runKeyword(WebUIKeywordMain.groovy:20)
	at com.kms.katalon.core.webui.keyword.builtin.MouseOverKeyword.mouseOver(MouseOverKeyword.groovy:90)
	at com.kms.katalon.core.webui.keyword.builtin.MouseOverKeyword.execute(MouseOverKeyword.groovy:67)
	at com.kms.katalon.core.keyword.internal.KeywordExecutor.executeKeywordForPlatform(KeywordExecutor.groovy:56)
	at com.kms.katalon.core.webui.keyword.WebUiBuiltInKeywords.mouseOver(WebUiBuiltInKeywords.groovy:776)
	at com.kms.katalon.core.webui.keyword.WebUiBuiltInKeywords$mouseOver$5.call(Unknown Source)
	at Script1557460170823.run(Script1557460170823.groovy:22)
	... 13 more]]></system-err>
      </testcase>
      <testcase name="Test Cases/Regression_TF_Product/Open_Pages/TC_2-3_Planning_Product" classname="Test Cases/Regression_TF_Product/Open_Pages/TC_2-3_Planning_Product" status="FAILED">
         <failure type="FAILED" message="Test Cases/Regression_TF_Product/Open_Pages/TC_2-3_Planning_Product FAILED.
Reason:
com.kms.katalon.core.exception.StepFailedException: Unable to move mouse over object 'Object Repository/TF_Customer_Create/1_Menu_Navigation_To_Open_All_Pages/2_Product_Hierarchy_Level_Hoverover_Option'
	at com.kms.katalon.core.webui.keyword.internal.WebUIKeywordMain.stepFailed(WebUIKeywordMain.groovy:64)
	at com.kms.katalon.core.webui.keyword.internal.WebUIKeywordMain.runKeyword(WebUIKeywordMain.groovy:26)
	at com.kms.katalon.core.webui.keyword.builtin.MouseOverKeyword.mouseOver(MouseOverKeyword.groovy:90)
	at com.kms.katalon.core.webui.keyword.builtin.MouseOverKeyword.execute(MouseOverKeyword.groovy:67)
	at com.kms.katalon.core.keyword.internal.KeywordExecutor.executeKeywordForPlatform(KeywordExecutor.groovy:56)
	at com.kms.katalon.core.webui.keyword.WebUiBuiltInKeywords.mouseOver(WebUiBuiltInKeywords.groovy:776)
	at com.kms.katalon.core.webui.keyword.WebUiBuiltInKeywords$mouseOver$5.call(Unknown Source)
	at TC_2-3_Planning_Product.run(TC_2-3_Planning_Product:26)
	at com.kms.katalon.core.main.ScriptEngine.run(ScriptEngine.java:194)
	at com.kms.katalon.core.main.ScriptEngine.runScriptAsRawText(ScriptEngine.java:119)
	at com.kms.katalon.core.main.TestCaseExecutor.runScript(TestCaseExecutor.java:336)
	at com.kms.katalon.core.main.TestCaseExecutor.doExecute(TestCaseExecutor.java:327)
	at com.kms.katalon.core.main.TestCaseExecutor.processExecutionPhase(TestCaseExecutor.java:306)
	at com.kms.katalon.core.main.TestCaseExecutor.accessMainPhase(TestCaseExecutor.java:298)
	at com.kms.katalon.core.main.TestCaseExecutor.execute(TestCaseExecutor.java:232)
	at com.kms.katalon.core.main.TestSuiteExecutor.accessTestCaseMainPhase(TestSuiteExecutor.java:129)
	at com.kms.katalon.core.main.TestSuiteExecutor.accessTestSuiteMainPhase(TestSuiteExecutor.java:112)
	at com.kms.katalon.core.main.TestSuiteExecutor.execute(TestSuiteExecutor.java:81)
	at com.kms.katalon.core.main.TestCaseMain.startTestSuite(TestCaseMain.java:157)
	at com.kms.katalon.core.main.TestCaseMain$startTestSuite$0.call(Unknown Source)
	at TempTestSuite1557889099730.run(TempTestSuite1557889099730.groovy:35)
Caused by: com.kms.katalon.core.webui.exception.WebElementNotFoundException: Web element with id: 'Object Repository/TF_Customer_Create/1_Menu_Navigation_To_Open_All_Pages/2_Product_Hierarchy_Level_Hoverover_Option' located by 'By.xpath: //td[(text() = ' Product Hierarchy Level' or . = ' Product Hierarchy Level')]' not found
	at com.kms.katalon.core.webui.common.WebUiCommonHelper.findWebElement(WebUiCommonHelper.java:1097)
	at com.kms.katalon.core.webui.keyword.internal.WebUIAbstractKeyword.findWebElement(WebUIAbstractKeyword.groovy:27)
	at com.kms.katalon.core.webui.keyword.internal.WebUIAbstractKeyword.findWebElement(WebUIAbstractKeyword.groovy:26)
	at com.kms.katalon.core.webui.keyword.builtin.MouseOverKeyword$_mouseOver_closure1.doCall(MouseOverKeyword.groovy:80)
	at com.kms.katalon.core.webui.keyword.builtin.MouseOverKeyword$_mouseOver_closure1.call(MouseOverKeyword.groovy)
	at com.kms.katalon.core.webui.keyword.internal.WebUIKeywordMain.runKeyword(WebUIKeywordMain.groovy:20)
	at com.kms.katalon.core.webui.keyword.builtin.MouseOverKeyword.mouseOver(MouseOverKeyword.groovy:90)
	at com.kms.katalon.core.webui.keyword.builtin.MouseOverKeyword.execute(MouseOverKeyword.groovy:67)
	at com.kms.katalon.core.keyword.internal.KeywordExecutor.executeKeywordForPlatform(KeywordExecutor.groovy:56)
	at com.kms.katalon.core.webui.keyword.WebUiBuiltInKeywords.mouseOver(WebUiBuiltInKeywords.groovy:776)
	at com.kms.katalon.core.webui.keyword.WebUiBuiltInKeywords$mouseOver$5.call(Unknown Source)
	at Script1557463113385.run(Script1557463113385.groovy:26)
	... 13 more
"/>
         <system-out><![CDATA[2019-05-15 08:00:12 - [TEST_CASE][FAILED] - Test Cases/Regression_TF_Product/Open_Pages/TC_2-3_Planning_Product: Test Cases/Regression_TF_Product/Open_Pages/TC_2-3_Planning_Product FAILED.
Reason:
com.kms.katalon.core.exception.StepFailedException: Unable to move mouse over object 'Object Repository/TF_Customer_Create/1_Menu_Navigation_To_Open_All_Pages/2_Product_Hierarchy_Level_Hoverover_Option'
	at com.kms.katalon.core.webui.keyword.internal.WebUIKeywordMain.stepFailed(WebUIKeywordMain.groovy:64)
	at com.kms.katalon.core.webui.keyword.internal.WebUIKeywordMain.runKeyword(WebUIKeywordMain.groovy:26)
	at com.kms.katalon.core.webui.keyword.builtin.MouseOverKeyword.mouseOver(MouseOverKeyword.groovy:90)
	at com.kms.katalon.core.webui.keyword.builtin.MouseOverKeyword.execute(MouseOverKeyword.groovy:67)
	at com.kms.katalon.core.keyword.internal.KeywordExecutor.executeKeywordForPlatform(KeywordExecutor.groovy:56)
	at com.kms.katalon.core.webui.keyword.WebUiBuiltInKeywords.mouseOver(WebUiBuiltInKeywords.groovy:776)
	at com.kms.katalon.core.webui.keyword.WebUiBuiltInKeywords$mouseOver$5.call(Unknown Source)
	at TC_2-3_Planning_Product.run(TC_2-3_Planning_Product:26)
	at com.kms.katalon.core.main.ScriptEngine.run(ScriptEngine.java:194)
	at com.kms.katalon.core.main.ScriptEngine.runScriptAsRawText(ScriptEngine.java:119)
	at com.kms.katalon.core.main.TestCaseExecutor.runScript(TestCaseExecutor.java:336)
	at com.kms.katalon.core.main.TestCaseExecutor.doExecute(TestCaseExecutor.java:327)
	at com.kms.katalon.core.main.TestCaseExecutor.processExecutionPhase(TestCaseExecutor.java:306)
	at com.kms.katalon.core.main.TestCaseExecutor.accessMainPhase(TestCaseExecutor.java:298)
	at com.kms.katalon.core.main.TestCaseExecutor.execute(TestCaseExecutor.java:232)
	at com.kms.katalon.core.main.TestSuiteExecutor.accessTestCaseMainPhase(TestSuiteExecutor.java:129)
	at com.kms.katalon.core.main.TestSuiteExecutor.accessTestSuiteMainPhase(TestSuiteExecutor.java:112)
	at com.kms.katalon.core.main.TestSuiteExecutor.execute(TestSuiteExecutor.java:81)
	at com.kms.katalon.core.main.TestCaseMain.startTestSuite(TestCaseMain.java:157)
	at com.kms.katalon.core.main.TestCaseMain$startTestSuite$0.call(Unknown Source)
	at TempTestSuite1557889099730.run(TempTestSuite1557889099730.groovy:35)
Caused by: com.kms.katalon.core.webui.exception.WebElementNotFoundException: Web element with id: 'Object Repository/TF_Customer_Create/1_Menu_Navigation_To_Open_All_Pages/2_Product_Hierarchy_Level_Hoverover_Option' located by 'By.xpath: //td[(text() = ' Product Hierarchy Level' or . = ' Product Hierarchy Level')]' not found
	at com.kms.katalon.core.webui.common.WebUiCommonHelper.findWebElement(WebUiCommonHelper.java:1097)
	at com.kms.katalon.core.webui.keyword.internal.WebUIAbstractKeyword.findWebElement(WebUIAbstractKeyword.groovy:27)
	at com.kms.katalon.core.webui.keyword.internal.WebUIAbstractKeyword.findWebElement(WebUIAbstractKeyword.groovy:26)
	at com.kms.katalon.core.webui.keyword.builtin.MouseOverKeyword$_mouseOver_closure1.doCall(MouseOverKeyword.groovy:80)
	at com.kms.katalon.core.webui.keyword.builtin.MouseOverKeyword$_mouseOver_closure1.call(MouseOverKeyword.groovy)
	at com.kms.katalon.core.webui.keyword.internal.WebUIKeywordMain.runKeyword(WebUIKeywordMain.groovy:20)
	at com.kms.katalon.core.webui.keyword.builtin.MouseOverKeyword.mouseOver(MouseOverKeyword.groovy:90)
	at com.kms.katalon.core.webui.keyword.builtin.MouseOverKeyword.execute(MouseOverKeyword.groovy:67)
	at com.kms.katalon.core.keyword.internal.KeywordExecutor.executeKeywordForPlatform(KeywordExecutor.groovy:56)
	at com.kms.katalon.core.webui.keyword.WebUiBuiltInKeywords.mouseOver(WebUiBuiltInKeywords.groovy:776)
	at com.kms.katalon.core.webui.keyword.WebUiBuiltInKeywords$mouseOver$5.call(Unknown Source)
	at Script1557463113385.run(Script1557463113385.groovy:26)
	... 13 more


2019-05-15 08:00:12 - [TEST_STEP][PASSED] - waitForPageLoad(G_Timeout): Wait for page load successfully

2019-05-15 08:00:12 - [MESSAGE][PASSED] - Wait for page load successfully

2019-05-15 08:00:12 - [TEST_STEP][PASSED] - mouseOver(findTestObject("TF_Customer_Create/1_Menu_Navigation_To_Open_All_Pages/0_Menu_Create_In_Data_View")): Object: 'Object Repository/TF_Customer_Create/1_Menu_Navigation_To_Open_All_Pages/0_Menu_Create_In_Data_View' is hovered

2019-05-15 08:00:12 - [MESSAGE][PASSED] - Object: 'Object Repository/TF_Customer_Create/1_Menu_Navigation_To_Open_All_Pages/0_Menu_Create_In_Data_View' is hovered

2019-05-15 08:00:12 - [TEST_STEP][PASSED] - delay(3): Delayed 3 second(s)

2019-05-15 08:00:15 - [MESSAGE][PASSED] - Delayed 3 second(s)

2019-05-15 08:00:15 - [TEST_STEP][PASSED] - mouseOver(findTestObject("TF_Customer_Create/1_Menu_Navigation_To_Open_All_Pages/1_Menu_Create_Master_Data")): Object: 'Object Repository/TF_Customer_Create/1_Menu_Navigation_To_Open_All_Pages/1_Menu_Create_Master_Data' is hovered

2019-05-15 08:00:15 - [MESSAGE][PASSED] - Object: 'Object Repository/TF_Customer_Create/1_Menu_Navigation_To_Open_All_Pages/1_Menu_Create_Master_Data' is hovered

2019-05-15 08:00:15 - [TEST_STEP][PASSED] - delay(3): Delayed 3 second(s)

2019-05-15 08:00:18 - [MESSAGE][PASSED] - Delayed 3 second(s)

2019-05-15 08:00:18 - [TEST_STEP][FAILED] - mouseOver(findTestObject("TF_Customer_Create/1_Menu_Navigation_To_Open_All_Pages/2_Product_Hierarchy_Level_Hoverover_Option")): Unable to move mouse over object 'Object Repository/TF_Customer_Create/1_Menu_Navigation_To_Open_All_Pages/2_Product_Hierarchy_Level_Hoverover_Option' (Root cause: com.kms.katalon.core.exception.StepFailedException: Unable to move mouse over object 'Object Repository/TF_Customer_Create/1_Menu_Navigation_To_Open_All_Pages/2_Product_Hierarchy_Level_Hoverover_Option'
	at com.kms.katalon.core.webui.keyword.internal.WebUIKeywordMain.stepFailed(WebUIKeywordMain.groovy:64)
	at com.kms.katalon.core.webui.keyword.internal.WebUIKeywordMain.runKeyword(WebUIKeywordMain.groovy:26)
	at com.kms.katalon.core.webui.keyword.builtin.MouseOverKeyword.mouseOver(MouseOverKeyword.groovy:90)
	at com.kms.katalon.core.webui.keyword.builtin.MouseOverKeyword.execute(MouseOverKeyword.groovy:67)
	at com.kms.katalon.core.keyword.internal.KeywordExecutor.executeKeywordForPlatform(KeywordExecutor.groovy:56)
	at com.kms.katalon.core.webui.keyword.WebUiBuiltInKeywords.mouseOver(WebUiBuiltInKeywords.groovy:776)
	at com.kms.katalon.core.webui.keyword.WebUiBuiltInKeywords$mouseOver$5.call(Unknown Source)
	at TC_2-3_Planning_Product.run(TC_2-3_Planning_Product:26)
	at com.kms.katalon.core.main.ScriptEngine.run(ScriptEngine.java:194)
	at com.kms.katalon.core.main.ScriptEngine.runScriptAsRawText(ScriptEngine.java:119)
	at com.kms.katalon.core.main.TestCaseExecutor.runScript(TestCaseExecutor.java:336)
	at com.kms.katalon.core.main.TestCaseExecutor.doExecute(TestCaseExecutor.java:327)
	at com.kms.katalon.core.main.TestCaseExecutor.processExecutionPhase(TestCaseExecutor.java:306)
	at com.kms.katalon.core.main.TestCaseExecutor.accessMainPhase(TestCaseExecutor.java:298)
	at com.kms.katalon.core.main.TestCaseExecutor.execute(TestCaseExecutor.java:232)
	at com.kms.katalon.core.main.TestSuiteExecutor.accessTestCaseMainPhase(TestSuiteExecutor.java:129)
	at com.kms.katalon.core.main.TestSuiteExecutor.accessTestSuiteMainPhase(TestSuiteExecutor.java:112)
	at com.kms.katalon.core.main.TestSuiteExecutor.execute(TestSuiteExecutor.java:81)
	at com.kms.katalon.core.main.TestCaseMain.startTestSuite(TestCaseMain.java:157)
	at com.kms.katalon.core.main.TestCaseMain$startTestSuite$0.call(Unknown Source)
	at TempTestSuite1557889099730.run(TempTestSuite1557889099730.groovy:35)
Caused by: com.kms.katalon.core.webui.exception.WebElementNotFoundException: Web element with id: 'Object Repository/TF_Customer_Create/1_Menu_Navigation_To_Open_All_Pages/2_Product_Hierarchy_Level_Hoverover_Option' located by 'By.xpath: //td[(text() = ' Product Hierarchy Level' or . = ' Product Hierarchy Level')]' not found
	at com.kms.katalon.core.webui.common.WebUiCommonHelper.findWebElement(WebUiCommonHelper.java:1097)
	at com.kms.katalon.core.webui.keyword.internal.WebUIAbstractKeyword.findWebElement(WebUIAbstractKeyword.groovy:27)
	at com.kms.katalon.core.webui.keyword.internal.WebUIAbstractKeyword.findWebElement(WebUIAbstractKeyword.groovy:26)
	at com.kms.katalon.core.webui.keyword.builtin.MouseOverKeyword$_mouseOver_closure1.doCall(MouseOverKeyword.groovy:80)
	at com.kms.katalon.core.webui.keyword.builtin.MouseOverKeyword$_mouseOver_closure1.call(MouseOverKeyword.groovy)
	at com.kms.katalon.core.webui.keyword.internal.WebUIKeywordMain.runKeyword(WebUIKeywordMain.groovy:20)
	at com.kms.katalon.core.webui.keyword.builtin.MouseOverKeyword.mouseOver(MouseOverKeyword.groovy:90)
	at com.kms.katalon.core.webui.keyword.builtin.MouseOverKeyword.execute(MouseOverKeyword.groovy:67)
	at com.kms.katalon.core.keyword.internal.KeywordExecutor.executeKeywordForPlatform(KeywordExecutor.groovy:56)
	at com.kms.katalon.core.webui.keyword.WebUiBuiltInKeywords.mouseOver(WebUiBuiltInKeywords.groovy:776)
	at com.kms.katalon.core.webui.keyword.WebUiBuiltInKeywords$mouseOver$5.call(Unknown Source)
	at Script1557463113385.run(Script1557463113385.groovy:26)
	... 13 more
)

2019-05-15 08:00:50 - [MESSAGE][INFO] - Unable to find the element located by 'By.xpath: //td[(text() = ' Product Hierarchy Level' or . = ' Product Hierarchy Level')]'. Please recheck the objects properties to make sure the desired element is located. 

2019-05-15 08:00:50 - [MESSAGE][FAILED] - Unable to move mouse over object 'Object Repository/TF_Customer_Create/1_Menu_Navigation_To_Open_All_Pages/2_Product_Hierarchy_Level_Hoverover_Option' (Root cause: com.kms.katalon.core.exception.StepFailedException: Unable to move mouse over object 'Object Repository/TF_Customer_Create/1_Menu_Navigation_To_Open_All_Pages/2_Product_Hierarchy_Level_Hoverover_Option'
	at com.kms.katalon.core.webui.keyword.internal.WebUIKeywordMain.stepFailed(WebUIKeywordMain.groovy:64)
	at com.kms.katalon.core.webui.keyword.internal.WebUIKeywordMain.runKeyword(WebUIKeywordMain.groovy:26)
	at com.kms.katalon.core.webui.keyword.builtin.MouseOverKeyword.mouseOver(MouseOverKeyword.groovy:90)
	at com.kms.katalon.core.webui.keyword.builtin.MouseOverKeyword.execute(MouseOverKeyword.groovy:67)
	at com.kms.katalon.core.keyword.internal.KeywordExecutor.executeKeywordForPlatform(KeywordExecutor.groovy:56)
	at com.kms.katalon.core.webui.keyword.WebUiBuiltInKeywords.mouseOver(WebUiBuiltInKeywords.groovy:776)
	at com.kms.katalon.core.webui.keyword.WebUiBuiltInKeywords$mouseOver$5.call(Unknown Source)
	at TC_2-3_Planning_Product.run(TC_2-3_Planning_Product:26)
	at com.kms.katalon.core.main.ScriptEngine.run(ScriptEngine.java:194)
	at com.kms.katalon.core.main.ScriptEngine.runScriptAsRawText(ScriptEngine.java:119)
	at com.kms.katalon.core.main.TestCaseExecutor.runScript(TestCaseExecutor.java:336)
	at com.kms.katalon.core.main.TestCaseExecutor.doExecute(TestCaseExecutor.java:327)
	at com.kms.katalon.core.main.TestCaseExecutor.processExecutionPhase(TestCaseExecutor.java:306)
	at com.kms.katalon.core.main.TestCaseExecutor.accessMainPhase(TestCaseExecutor.java:298)
	at com.kms.katalon.core.main.TestCaseExecutor.execute(TestCaseExecutor.java:232)
	at com.kms.katalon.core.main.TestSuiteExecutor.accessTestCaseMainPhase(TestSuiteExecutor.java:129)
	at com.kms.katalon.core.main.TestSuiteExecutor.accessTestSuiteMainPhase(TestSuiteExecutor.java:112)
	at com.kms.katalon.core.main.TestSuiteExecutor.execute(TestSuiteExecutor.java:81)
	at com.kms.katalon.core.main.TestCaseMain.startTestSuite(TestCaseMain.java:157)
	at com.kms.katalon.core.main.TestCaseMain$startTestSuite$0.call(Unknown Source)
	at TempTestSuite1557889099730.run(TempTestSuite1557889099730.groovy:35)
Caused by: com.kms.katalon.core.webui.exception.WebElementNotFoundException: Web element with id: 'Object Repository/TF_Customer_Create/1_Menu_Navigation_To_Open_All_Pages/2_Product_Hierarchy_Level_Hoverover_Option' located by 'By.xpath: //td[(text() = ' Product Hierarchy Level' or . = ' Product Hierarchy Level')]' not found
	at com.kms.katalon.core.webui.common.WebUiCommonHelper.findWebElement(WebUiCommonHelper.java:1097)
	at com.kms.katalon.core.webui.keyword.internal.WebUIAbstractKeyword.findWebElement(WebUIAbstractKeyword.groovy:27)
	at com.kms.katalon.core.webui.keyword.internal.WebUIAbstractKeyword.findWebElement(WebUIAbstractKeyword.groovy:26)
	at com.kms.katalon.core.webui.keyword.builtin.MouseOverKeyword$_mouseOver_closure1.doCall(MouseOverKeyword.groovy:80)
	at com.kms.katalon.core.webui.keyword.builtin.MouseOverKeyword$_mouseOver_closure1.call(MouseOverKeyword.groovy)
	at com.kms.katalon.core.webui.keyword.internal.WebUIKeywordMain.runKeyword(WebUIKeywordMain.groovy:20)
	at com.kms.katalon.core.webui.keyword.builtin.MouseOverKeyword.mouseOver(MouseOverKeyword.groovy:90)
	at com.kms.katalon.core.webui.keyword.builtin.MouseOverKeyword.execute(MouseOverKeyword.groovy:67)
	at com.kms.katalon.core.keyword.internal.KeywordExecutor.executeKeywordForPlatform(KeywordExecutor.groovy:56)
	at com.kms.katalon.core.webui.keyword.WebUiBuiltInKeywords.mouseOver(WebUiBuiltInKeywords.groovy:776)
	at com.kms.katalon.core.webui.keyword.WebUiBuiltInKeywords$mouseOver$5.call(Unknown Source)
	at Script1557463113385.run(Script1557463113385.groovy:26)
	... 13 more
)
[[ATTACHMENT|G:\\Katalon\\TF_Product\\Reports\\Open_All_Pages\\20190515_075819\\1557889250144.png]]]]></system-out>
         <system-err><![CDATA[2019-05-15 08:00:12 - [TEST_CASE][FAILED] - Test Cases/Regression_TF_Product/Open_Pages/TC_2-3_Planning_Product: Test Cases/Regression_TF_Product/Open_Pages/TC_2-3_Planning_Product FAILED.
Reason:
com.kms.katalon.core.exception.StepFailedException: Unable to move mouse over object 'Object Repository/TF_Customer_Create/1_Menu_Navigation_To_Open_All_Pages/2_Product_Hierarchy_Level_Hoverover_Option'
	at com.kms.katalon.core.webui.keyword.internal.WebUIKeywordMain.stepFailed(WebUIKeywordMain.groovy:64)
	at com.kms.katalon.core.webui.keyword.internal.WebUIKeywordMain.runKeyword(WebUIKeywordMain.groovy:26)
	at com.kms.katalon.core.webui.keyword.builtin.MouseOverKeyword.mouseOver(MouseOverKeyword.groovy:90)
	at com.kms.katalon.core.webui.keyword.builtin.MouseOverKeyword.execute(MouseOverKeyword.groovy:67)
	at com.kms.katalon.core.keyword.internal.KeywordExecutor.executeKeywordForPlatform(KeywordExecutor.groovy:56)
	at com.kms.katalon.core.webui.keyword.WebUiBuiltInKeywords.mouseOver(WebUiBuiltInKeywords.groovy:776)
	at com.kms.katalon.core.webui.keyword.WebUiBuiltInKeywords$mouseOver$5.call(Unknown Source)
	at TC_2-3_Planning_Product.run(TC_2-3_Planning_Product:26)
	at com.kms.katalon.core.main.ScriptEngine.run(ScriptEngine.java:194)
	at com.kms.katalon.core.main.ScriptEngine.runScriptAsRawText(ScriptEngine.java:119)
	at com.kms.katalon.core.main.TestCaseExecutor.runScript(TestCaseExecutor.java:336)
	at com.kms.katalon.core.main.TestCaseExecutor.doExecute(TestCaseExecutor.java:327)
	at com.kms.katalon.core.main.TestCaseExecutor.processExecutionPhase(TestCaseExecutor.java:306)
	at com.kms.katalon.core.main.TestCaseExecutor.accessMainPhase(TestCaseExecutor.java:298)
	at com.kms.katalon.core.main.TestCaseExecutor.execute(TestCaseExecutor.java:232)
	at com.kms.katalon.core.main.TestSuiteExecutor.accessTestCaseMainPhase(TestSuiteExecutor.java:129)
	at com.kms.katalon.core.main.TestSuiteExecutor.accessTestSuiteMainPhase(TestSuiteExecutor.java:112)
	at com.kms.katalon.core.main.TestSuiteExecutor.execute(TestSuiteExecutor.java:81)
	at com.kms.katalon.core.main.TestCaseMain.startTestSuite(TestCaseMain.java:157)
	at com.kms.katalon.core.main.TestCaseMain$startTestSuite$0.call(Unknown Source)
	at TempTestSuite1557889099730.run(TempTestSuite1557889099730.groovy:35)
Caused by: com.kms.katalon.core.webui.exception.WebElementNotFoundException: Web element with id: 'Object Repository/TF_Customer_Create/1_Menu_Navigation_To_Open_All_Pages/2_Product_Hierarchy_Level_Hoverover_Option' located by 'By.xpath: //td[(text() = ' Product Hierarchy Level' or . = ' Product Hierarchy Level')]' not found
	at com.kms.katalon.core.webui.common.WebUiCommonHelper.findWebElement(WebUiCommonHelper.java:1097)
	at com.kms.katalon.core.webui.keyword.internal.WebUIAbstractKeyword.findWebElement(WebUIAbstractKeyword.groovy:27)
	at com.kms.katalon.core.webui.keyword.internal.WebUIAbstractKeyword.findWebElement(WebUIAbstractKeyword.groovy:26)
	at com.kms.katalon.core.webui.keyword.builtin.MouseOverKeyword$_mouseOver_closure1.doCall(MouseOverKeyword.groovy:80)
	at com.kms.katalon.core.webui.keyword.builtin.MouseOverKeyword$_mouseOver_closure1.call(MouseOverKeyword.groovy)
	at com.kms.katalon.core.webui.keyword.internal.WebUIKeywordMain.runKeyword(WebUIKeywordMain.groovy:20)
	at com.kms.katalon.core.webui.keyword.builtin.MouseOverKeyword.mouseOver(MouseOverKeyword.groovy:90)
	at com.kms.katalon.core.webui.keyword.builtin.MouseOverKeyword.execute(MouseOverKeyword.groovy:67)
	at com.kms.katalon.core.keyword.internal.KeywordExecutor.executeKeywordForPlatform(KeywordExecutor.groovy:56)
	at com.kms.katalon.core.webui.keyword.WebUiBuiltInKeywords.mouseOver(WebUiBuiltInKeywords.groovy:776)
	at com.kms.katalon.core.webui.keyword.WebUiBuiltInKeywords$mouseOver$5.call(Unknown Source)
	at Script1557463113385.run(Script1557463113385.groovy:26)
	... 13 more]]></system-err>
      </testcase>
      <testcase name="Test Cases/Regression_TF_Product/Open_Pages/TC_2-4_Sub_Planning_Product" classname="Test Cases/Regression_TF_Product/Open_Pages/TC_2-4_Sub_Planning_Product" status="FAILED">
         <failure type="FAILED" message="Test Cases/Regression_TF_Product/Open_Pages/TC_2-4_Sub_Planning_Product FAILED.
Reason:
com.kms.katalon.core.exception.StepFailedException: Unable to move mouse over object 'Object Repository/TF_Customer_Create/1_Menu_Navigation_To_Open_All_Pages/2_Product_Hierarchy_Level_Hoverover_Option'
	at com.kms.katalon.core.webui.keyword.internal.WebUIKeywordMain.stepFailed(WebUIKeywordMain.groovy:64)
	at com.kms.katalon.core.webui.keyword.internal.WebUIKeywordMain.runKeyword(WebUIKeywordMain.groovy:26)
	at com.kms.katalon.core.webui.keyword.builtin.MouseOverKeyword.mouseOver(MouseOverKeyword.groovy:90)
	at com.kms.katalon.core.webui.keyword.builtin.MouseOverKeyword.execute(MouseOverKeyword.groovy:67)
	at com.kms.katalon.core.keyword.internal.KeywordExecutor.executeKeywordForPlatform(KeywordExecutor.groovy:56)
	at com.kms.katalon.core.webui.keyword.WebUiBuiltInKeywords.mouseOver(WebUiBuiltInKeywords.groovy:776)
	at com.kms.katalon.core.webui.keyword.WebUiBuiltInKeywords$mouseOver$5.call(Unknown Source)
	at TC_2-4_Sub_Planning_Product.run(TC_2-4_Sub_Planning_Product:26)
	at com.kms.katalon.core.main.ScriptEngine.run(ScriptEngine.java:194)
	at com.kms.katalon.core.main.ScriptEngine.runScriptAsRawText(ScriptEngine.java:119)
	at com.kms.katalon.core.main.TestCaseExecutor.runScript(TestCaseExecutor.java:336)
	at com.kms.katalon.core.main.TestCaseExecutor.doExecute(TestCaseExecutor.java:327)
	at com.kms.katalon.core.main.TestCaseExecutor.processExecutionPhase(TestCaseExecutor.java:306)
	at com.kms.katalon.core.main.TestCaseExecutor.accessMainPhase(TestCaseExecutor.java:298)
	at com.kms.katalon.core.main.TestCaseExecutor.execute(TestCaseExecutor.java:232)
	at com.kms.katalon.core.main.TestSuiteExecutor.accessTestCaseMainPhase(TestSuiteExecutor.java:129)
	at com.kms.katalon.core.main.TestSuiteExecutor.accessTestSuiteMainPhase(TestSuiteExecutor.java:112)
	at com.kms.katalon.core.main.TestSuiteExecutor.execute(TestSuiteExecutor.java:81)
	at com.kms.katalon.core.main.TestCaseMain.startTestSuite(TestCaseMain.java:157)
	at com.kms.katalon.core.main.TestCaseMain$startTestSuite$0.call(Unknown Source)
	at TempTestSuite1557889099730.run(TempTestSuite1557889099730.groovy:35)
Caused by: com.kms.katalon.core.webui.exception.WebElementNotFoundException: Web element with id: 'Object Repository/TF_Customer_Create/1_Menu_Navigation_To_Open_All_Pages/2_Product_Hierarchy_Level_Hoverover_Option' located by 'By.xpath: //td[(text() = ' Product Hierarchy Level' or . = ' Product Hierarchy Level')]' not found
	at com.kms.katalon.core.webui.common.WebUiCommonHelper.findWebElement(WebUiCommonHelper.java:1097)
	at com.kms.katalon.core.webui.keyword.internal.WebUIAbstractKeyword.findWebElement(WebUIAbstractKeyword.groovy:27)
	at com.kms.katalon.core.webui.keyword.internal.WebUIAbstractKeyword.findWebElement(WebUIAbstractKeyword.groovy:26)
	at com.kms.katalon.core.webui.keyword.builtin.MouseOverKeyword$_mouseOver_closure1.doCall(MouseOverKeyword.groovy:80)
	at com.kms.katalon.core.webui.keyword.builtin.MouseOverKeyword$_mouseOver_closure1.call(MouseOverKeyword.groovy)
	at com.kms.katalon.core.webui.keyword.internal.WebUIKeywordMain.runKeyword(WebUIKeywordMain.groovy:20)
	at com.kms.katalon.core.webui.keyword.builtin.MouseOverKeyword.mouseOver(MouseOverKeyword.groovy:90)
	at com.kms.katalon.core.webui.keyword.builtin.MouseOverKeyword.execute(MouseOverKeyword.groovy:67)
	at com.kms.katalon.core.keyword.internal.KeywordExecutor.executeKeywordForPlatform(KeywordExecutor.groovy:56)
	at com.kms.katalon.core.webui.keyword.WebUiBuiltInKeywords.mouseOver(WebUiBuiltInKeywords.groovy:776)
	at com.kms.katalon.core.webui.keyword.WebUiBuiltInKeywords$mouseOver$5.call(Unknown Source)
	at Script1557464268153.run(Script1557464268153.groovy:26)
	... 13 more
"/>
         <system-out><![CDATA[2019-05-15 08:00:50 - [TEST_CASE][FAILED] - Test Cases/Regression_TF_Product/Open_Pages/TC_2-4_Sub_Planning_Product: Test Cases/Regression_TF_Product/Open_Pages/TC_2-4_Sub_Planning_Product FAILED.
Reason:
com.kms.katalon.core.exception.StepFailedException: Unable to move mouse over object 'Object Repository/TF_Customer_Create/1_Menu_Navigation_To_Open_All_Pages/2_Product_Hierarchy_Level_Hoverover_Option'
	at com.kms.katalon.core.webui.keyword.internal.WebUIKeywordMain.stepFailed(WebUIKeywordMain.groovy:64)
	at com.kms.katalon.core.webui.keyword.internal.WebUIKeywordMain.runKeyword(WebUIKeywordMain.groovy:26)
	at com.kms.katalon.core.webui.keyword.builtin.MouseOverKeyword.mouseOver(MouseOverKeyword.groovy:90)
	at com.kms.katalon.core.webui.keyword.builtin.MouseOverKeyword.execute(MouseOverKeyword.groovy:67)
	at com.kms.katalon.core.keyword.internal.KeywordExecutor.executeKeywordForPlatform(KeywordExecutor.groovy:56)
	at com.kms.katalon.core.webui.keyword.WebUiBuiltInKeywords.mouseOver(WebUiBuiltInKeywords.groovy:776)
	at com.kms.katalon.core.webui.keyword.WebUiBuiltInKeywords$mouseOver$5.call(Unknown Source)
	at TC_2-4_Sub_Planning_Product.run(TC_2-4_Sub_Planning_Product:26)
	at com.kms.katalon.core.main.ScriptEngine.run(ScriptEngine.java:194)
	at com.kms.katalon.core.main.ScriptEngine.runScriptAsRawText(ScriptEngine.java:119)
	at com.kms.katalon.core.main.TestCaseExecutor.runScript(TestCaseExecutor.java:336)
	at com.kms.katalon.core.main.TestCaseExecutor.doExecute(TestCaseExecutor.java:327)
	at com.kms.katalon.core.main.TestCaseExecutor.processExecutionPhase(TestCaseExecutor.java:306)
	at com.kms.katalon.core.main.TestCaseExecutor.accessMainPhase(TestCaseExecutor.java:298)
	at com.kms.katalon.core.main.TestCaseExecutor.execute(TestCaseExecutor.java:232)
	at com.kms.katalon.core.main.TestSuiteExecutor.accessTestCaseMainPhase(TestSuiteExecutor.java:129)
	at com.kms.katalon.core.main.TestSuiteExecutor.accessTestSuiteMainPhase(TestSuiteExecutor.java:112)
	at com.kms.katalon.core.main.TestSuiteExecutor.execute(TestSuiteExecutor.java:81)
	at com.kms.katalon.core.main.TestCaseMain.startTestSuite(TestCaseMain.java:157)
	at com.kms.katalon.core.main.TestCaseMain$startTestSuite$0.call(Unknown Source)
	at TempTestSuite1557889099730.run(TempTestSuite1557889099730.groovy:35)
Caused by: com.kms.katalon.core.webui.exception.WebElementNotFoundException: Web element with id: 'Object Repository/TF_Customer_Create/1_Menu_Navigation_To_Open_All_Pages/2_Product_Hierarchy_Level_Hoverover_Option' located by 'By.xpath: //td[(text() = ' Product Hierarchy Level' or . = ' Product Hierarchy Level')]' not found
	at com.kms.katalon.core.webui.common.WebUiCommonHelper.findWebElement(WebUiCommonHelper.java:1097)
	at com.kms.katalon.core.webui.keyword.internal.WebUIAbstractKeyword.findWebElement(WebUIAbstractKeyword.groovy:27)
	at com.kms.katalon.core.webui.keyword.internal.WebUIAbstractKeyword.findWebElement(WebUIAbstractKeyword.groovy:26)
	at com.kms.katalon.core.webui.keyword.builtin.MouseOverKeyword$_mouseOver_closure1.doCall(MouseOverKeyword.groovy:80)
	at com.kms.katalon.core.webui.keyword.builtin.MouseOverKeyword$_mouseOver_closure1.call(MouseOverKeyword.groovy)
	at com.kms.katalon.core.webui.keyword.internal.WebUIKeywordMain.runKeyword(WebUIKeywordMain.groovy:20)
	at com.kms.katalon.core.webui.keyword.builtin.MouseOverKeyword.mouseOver(MouseOverKeyword.groovy:90)
	at com.kms.katalon.core.webui.keyword.builtin.MouseOverKeyword.execute(MouseOverKeyword.groovy:67)
	at com.kms.katalon.core.keyword.internal.KeywordExecutor.executeKeywordForPlatform(KeywordExecutor.groovy:56)
	at com.kms.katalon.core.webui.keyword.WebUiBuiltInKeywords.mouseOver(WebUiBuiltInKeywords.groovy:776)
	at com.kms.katalon.core.webui.keyword.WebUiBuiltInKeywords$mouseOver$5.call(Unknown Source)
	at Script1557464268153.run(Script1557464268153.groovy:26)
	... 13 more


2019-05-15 08:00:50 - [TEST_STEP][PASSED] - waitForPageLoad(G_Timeout): Wait for page load successfully

2019-05-15 08:00:50 - [MESSAGE][PASSED] - Wait for page load successfully

2019-05-15 08:00:50 - [TEST_STEP][PASSED] - mouseOver(findTestObject("TF_Customer_Create/1_Menu_Navigation_To_Open_All_Pages/0_Menu_Create_In_Data_View")): Object: 'Object Repository/TF_Customer_Create/1_Menu_Navigation_To_Open_All_Pages/0_Menu_Create_In_Data_View' is hovered

2019-05-15 08:00:50 - [MESSAGE][PASSED] - Object: 'Object Repository/TF_Customer_Create/1_Menu_Navigation_To_Open_All_Pages/0_Menu_Create_In_Data_View' is hovered

2019-05-15 08:00:50 - [TEST_STEP][PASSED] - delay(4): Delayed 4 second(s)

2019-05-15 08:00:54 - [MESSAGE][PASSED] - Delayed 4 second(s)

2019-05-15 08:00:54 - [TEST_STEP][PASSED] - mouseOver(findTestObject("TF_Customer_Create/1_Menu_Navigation_To_Open_All_Pages/1_Menu_Create_Master_Data")): Object: 'Object Repository/TF_Customer_Create/1_Menu_Navigation_To_Open_All_Pages/1_Menu_Create_Master_Data' is hovered

2019-05-15 08:00:54 - [MESSAGE][PASSED] - Object: 'Object Repository/TF_Customer_Create/1_Menu_Navigation_To_Open_All_Pages/1_Menu_Create_Master_Data' is hovered

2019-05-15 08:00:54 - [TEST_STEP][PASSED] - delay(3): Delayed 3 second(s)

2019-05-15 08:00:57 - [MESSAGE][PASSED] - Delayed 3 second(s)

2019-05-15 08:00:57 - [TEST_STEP][FAILED] - mouseOver(findTestObject("TF_Customer_Create/1_Menu_Navigation_To_Open_All_Pages/2_Product_Hierarchy_Level_Hoverover_Option")): Unable to move mouse over object 'Object Repository/TF_Customer_Create/1_Menu_Navigation_To_Open_All_Pages/2_Product_Hierarchy_Level_Hoverover_Option' (Root cause: com.kms.katalon.core.exception.StepFailedException: Unable to move mouse over object 'Object Repository/TF_Customer_Create/1_Menu_Navigation_To_Open_All_Pages/2_Product_Hierarchy_Level_Hoverover_Option'
	at com.kms.katalon.core.webui.keyword.internal.WebUIKeywordMain.stepFailed(WebUIKeywordMain.groovy:64)
	at com.kms.katalon.core.webui.keyword.internal.WebUIKeywordMain.runKeyword(WebUIKeywordMain.groovy:26)
	at com.kms.katalon.core.webui.keyword.builtin.MouseOverKeyword.mouseOver(MouseOverKeyword.groovy:90)
	at com.kms.katalon.core.webui.keyword.builtin.MouseOverKeyword.execute(MouseOverKeyword.groovy:67)
	at com.kms.katalon.core.keyword.internal.KeywordExecutor.executeKeywordForPlatform(KeywordExecutor.groovy:56)
	at com.kms.katalon.core.webui.keyword.WebUiBuiltInKeywords.mouseOver(WebUiBuiltInKeywords.groovy:776)
	at com.kms.katalon.core.webui.keyword.WebUiBuiltInKeywords$mouseOver$5.call(Unknown Source)
	at TC_2-4_Sub_Planning_Product.run(TC_2-4_Sub_Planning_Product:26)
	at com.kms.katalon.core.main.ScriptEngine.run(ScriptEngine.java:194)
	at com.kms.katalon.core.main.ScriptEngine.runScriptAsRawText(ScriptEngine.java:119)
	at com.kms.katalon.core.main.TestCaseExecutor.runScript(TestCaseExecutor.java:336)
	at com.kms.katalon.core.main.TestCaseExecutor.doExecute(TestCaseExecutor.java:327)
	at com.kms.katalon.core.main.TestCaseExecutor.processExecutionPhase(TestCaseExecutor.java:306)
	at com.kms.katalon.core.main.TestCaseExecutor.accessMainPhase(TestCaseExecutor.java:298)
	at com.kms.katalon.core.main.TestCaseExecutor.execute(TestCaseExecutor.java:232)
	at com.kms.katalon.core.main.TestSuiteExecutor.accessTestCaseMainPhase(TestSuiteExecutor.java:129)
	at com.kms.katalon.core.main.TestSuiteExecutor.accessTestSuiteMainPhase(TestSuiteExecutor.java:112)
	at com.kms.katalon.core.main.TestSuiteExecutor.execute(TestSuiteExecutor.java:81)
	at com.kms.katalon.core.main.TestCaseMain.startTestSuite(TestCaseMain.java:157)
	at com.kms.katalon.core.main.TestCaseMain$startTestSuite$0.call(Unknown Source)
	at TempTestSuite1557889099730.run(TempTestSuite1557889099730.groovy:35)
Caused by: com.kms.katalon.core.webui.exception.WebElementNotFoundException: Web element with id: 'Object Repository/TF_Customer_Create/1_Menu_Navigation_To_Open_All_Pages/2_Product_Hierarchy_Level_Hoverover_Option' located by 'By.xpath: //td[(text() = ' Product Hierarchy Level' or . = ' Product Hierarchy Level')]' not found
	at com.kms.katalon.core.webui.common.WebUiCommonHelper.findWebElement(WebUiCommonHelper.java:1097)
	at com.kms.katalon.core.webui.keyword.internal.WebUIAbstractKeyword.findWebElement(WebUIAbstractKeyword.groovy:27)
	at com.kms.katalon.core.webui.keyword.internal.WebUIAbstractKeyword.findWebElement(WebUIAbstractKeyword.groovy:26)
	at com.kms.katalon.core.webui.keyword.builtin.MouseOverKeyword$_mouseOver_closure1.doCall(MouseOverKeyword.groovy:80)
	at com.kms.katalon.core.webui.keyword.builtin.MouseOverKeyword$_mouseOver_closure1.call(MouseOverKeyword.groovy)
	at com.kms.katalon.core.webui.keyword.internal.WebUIKeywordMain.runKeyword(WebUIKeywordMain.groovy:20)
	at com.kms.katalon.core.webui.keyword.builtin.MouseOverKeyword.mouseOver(MouseOverKeyword.groovy:90)
	at com.kms.katalon.core.webui.keyword.builtin.MouseOverKeyword.execute(MouseOverKeyword.groovy:67)
	at com.kms.katalon.core.keyword.internal.KeywordExecutor.executeKeywordForPlatform(KeywordExecutor.groovy:56)
	at com.kms.katalon.core.webui.keyword.WebUiBuiltInKeywords.mouseOver(WebUiBuiltInKeywords.groovy:776)
	at com.kms.katalon.core.webui.keyword.WebUiBuiltInKeywords$mouseOver$5.call(Unknown Source)
	at Script1557464268153.run(Script1557464268153.groovy:26)
	... 13 more
)

2019-05-15 08:01:29 - [MESSAGE][INFO] - Unable to find the element located by 'By.xpath: //td[(text() = ' Product Hierarchy Level' or . = ' Product Hierarchy Level')]'. Please recheck the objects properties to make sure the desired element is located. 

2019-05-15 08:01:29 - [MESSAGE][FAILED] - Unable to move mouse over object 'Object Repository/TF_Customer_Create/1_Menu_Navigation_To_Open_All_Pages/2_Product_Hierarchy_Level_Hoverover_Option' (Root cause: com.kms.katalon.core.exception.StepFailedException: Unable to move mouse over object 'Object Repository/TF_Customer_Create/1_Menu_Navigation_To_Open_All_Pages/2_Product_Hierarchy_Level_Hoverover_Option'
	at com.kms.katalon.core.webui.keyword.internal.WebUIKeywordMain.stepFailed(WebUIKeywordMain.groovy:64)
	at com.kms.katalon.core.webui.keyword.internal.WebUIKeywordMain.runKeyword(WebUIKeywordMain.groovy:26)
	at com.kms.katalon.core.webui.keyword.builtin.MouseOverKeyword.mouseOver(MouseOverKeyword.groovy:90)
	at com.kms.katalon.core.webui.keyword.builtin.MouseOverKeyword.execute(MouseOverKeyword.groovy:67)
	at com.kms.katalon.core.keyword.internal.KeywordExecutor.executeKeywordForPlatform(KeywordExecutor.groovy:56)
	at com.kms.katalon.core.webui.keyword.WebUiBuiltInKeywords.mouseOver(WebUiBuiltInKeywords.groovy:776)
	at com.kms.katalon.core.webui.keyword.WebUiBuiltInKeywords$mouseOver$5.call(Unknown Source)
	at TC_2-4_Sub_Planning_Product.run(TC_2-4_Sub_Planning_Product:26)
	at com.kms.katalon.core.main.ScriptEngine.run(ScriptEngine.java:194)
	at com.kms.katalon.core.main.ScriptEngine.runScriptAsRawText(ScriptEngine.java:119)
	at com.kms.katalon.core.main.TestCaseExecutor.runScript(TestCaseExecutor.java:336)
	at com.kms.katalon.core.main.TestCaseExecutor.doExecute(TestCaseExecutor.java:327)
	at com.kms.katalon.core.main.TestCaseExecutor.processExecutionPhase(TestCaseExecutor.java:306)
	at com.kms.katalon.core.main.TestCaseExecutor.accessMainPhase(TestCaseExecutor.java:298)
	at com.kms.katalon.core.main.TestCaseExecutor.execute(TestCaseExecutor.java:232)
	at com.kms.katalon.core.main.TestSuiteExecutor.accessTestCaseMainPhase(TestSuiteExecutor.java:129)
	at com.kms.katalon.core.main.TestSuiteExecutor.accessTestSuiteMainPhase(TestSuiteExecutor.java:112)
	at com.kms.katalon.core.main.TestSuiteExecutor.execute(TestSuiteExecutor.java:81)
	at com.kms.katalon.core.main.TestCaseMain.startTestSuite(TestCaseMain.java:157)
	at com.kms.katalon.core.main.TestCaseMain$startTestSuite$0.call(Unknown Source)
	at TempTestSuite1557889099730.run(TempTestSuite1557889099730.groovy:35)
Caused by: com.kms.katalon.core.webui.exception.WebElementNotFoundException: Web element with id: 'Object Repository/TF_Customer_Create/1_Menu_Navigation_To_Open_All_Pages/2_Product_Hierarchy_Level_Hoverover_Option' located by 'By.xpath: //td[(text() = ' Product Hierarchy Level' or . = ' Product Hierarchy Level')]' not found
	at com.kms.katalon.core.webui.common.WebUiCommonHelper.findWebElement(WebUiCommonHelper.java:1097)
	at com.kms.katalon.core.webui.keyword.internal.WebUIAbstractKeyword.findWebElement(WebUIAbstractKeyword.groovy:27)
	at com.kms.katalon.core.webui.keyword.internal.WebUIAbstractKeyword.findWebElement(WebUIAbstractKeyword.groovy:26)
	at com.kms.katalon.core.webui.keyword.builtin.MouseOverKeyword$_mouseOver_closure1.doCall(MouseOverKeyword.groovy:80)
	at com.kms.katalon.core.webui.keyword.builtin.MouseOverKeyword$_mouseOver_closure1.call(MouseOverKeyword.groovy)
	at com.kms.katalon.core.webui.keyword.internal.WebUIKeywordMain.runKeyword(WebUIKeywordMain.groovy:20)
	at com.kms.katalon.core.webui.keyword.builtin.MouseOverKeyword.mouseOver(MouseOverKeyword.groovy:90)
	at com.kms.katalon.core.webui.keyword.builtin.MouseOverKeyword.execute(MouseOverKeyword.groovy:67)
	at com.kms.katalon.core.keyword.internal.KeywordExecutor.executeKeywordForPlatform(KeywordExecutor.groovy:56)
	at com.kms.katalon.core.webui.keyword.WebUiBuiltInKeywords.mouseOver(WebUiBuiltInKeywords.groovy:776)
	at com.kms.katalon.core.webui.keyword.WebUiBuiltInKeywords$mouseOver$5.call(Unknown Source)
	at Script1557464268153.run(Script1557464268153.groovy:26)
	... 13 more
)
[[ATTACHMENT|G:\\Katalon\\TF_Product\\Reports\\Open_All_Pages\\20190515_075819\\1557889289104.png]]]]></system-out>
         <system-err><![CDATA[2019-05-15 08:00:50 - [TEST_CASE][FAILED] - Test Cases/Regression_TF_Product/Open_Pages/TC_2-4_Sub_Planning_Product: Test Cases/Regression_TF_Product/Open_Pages/TC_2-4_Sub_Planning_Product FAILED.
Reason:
com.kms.katalon.core.exception.StepFailedException: Unable to move mouse over object 'Object Repository/TF_Customer_Create/1_Menu_Navigation_To_Open_All_Pages/2_Product_Hierarchy_Level_Hoverover_Option'
	at com.kms.katalon.core.webui.keyword.internal.WebUIKeywordMain.stepFailed(WebUIKeywordMain.groovy:64)
	at com.kms.katalon.core.webui.keyword.internal.WebUIKeywordMain.runKeyword(WebUIKeywordMain.groovy:26)
	at com.kms.katalon.core.webui.keyword.builtin.MouseOverKeyword.mouseOver(MouseOverKeyword.groovy:90)
	at com.kms.katalon.core.webui.keyword.builtin.MouseOverKeyword.execute(MouseOverKeyword.groovy:67)
	at com.kms.katalon.core.keyword.internal.KeywordExecutor.executeKeywordForPlatform(KeywordExecutor.groovy:56)
	at com.kms.katalon.core.webui.keyword.WebUiBuiltInKeywords.mouseOver(WebUiBuiltInKeywords.groovy:776)
	at com.kms.katalon.core.webui.keyword.WebUiBuiltInKeywords$mouseOver$5.call(Unknown Source)
	at TC_2-4_Sub_Planning_Product.run(TC_2-4_Sub_Planning_Product:26)
	at com.kms.katalon.core.main.ScriptEngine.run(ScriptEngine.java:194)
	at com.kms.katalon.core.main.ScriptEngine.runScriptAsRawText(ScriptEngine.java:119)
	at com.kms.katalon.core.main.TestCaseExecutor.runScript(TestCaseExecutor.java:336)
	at com.kms.katalon.core.main.TestCaseExecutor.doExecute(TestCaseExecutor.java:327)
	at com.kms.katalon.core.main.TestCaseExecutor.processExecutionPhase(TestCaseExecutor.java:306)
	at com.kms.katalon.core.main.TestCaseExecutor.accessMainPhase(TestCaseExecutor.java:298)
	at com.kms.katalon.core.main.TestCaseExecutor.execute(TestCaseExecutor.java:232)
	at com.kms.katalon.core.main.TestSuiteExecutor.accessTestCaseMainPhase(TestSuiteExecutor.java:129)
	at com.kms.katalon.core.main.TestSuiteExecutor.accessTestSuiteMainPhase(TestSuiteExecutor.java:112)
	at com.kms.katalon.core.main.TestSuiteExecutor.execute(TestSuiteExecutor.java:81)
	at com.kms.katalon.core.main.TestCaseMain.startTestSuite(TestCaseMain.java:157)
	at com.kms.katalon.core.main.TestCaseMain$startTestSuite$0.call(Unknown Source)
	at TempTestSuite1557889099730.run(TempTestSuite1557889099730.groovy:35)
Caused by: com.kms.katalon.core.webui.exception.WebElementNotFoundException: Web element with id: 'Object Repository/TF_Customer_Create/1_Menu_Navigation_To_Open_All_Pages/2_Product_Hierarchy_Level_Hoverover_Option' located by 'By.xpath: //td[(text() = ' Product Hierarchy Level' or . = ' Product Hierarchy Level')]' not found
	at com.kms.katalon.core.webui.common.WebUiCommonHelper.findWebElement(WebUiCommonHelper.java:1097)
	at com.kms.katalon.core.webui.keyword.internal.WebUIAbstractKeyword.findWebElement(WebUIAbstractKeyword.groovy:27)
	at com.kms.katalon.core.webui.keyword.internal.WebUIAbstractKeyword.findWebElement(WebUIAbstractKeyword.groovy:26)
	at com.kms.katalon.core.webui.keyword.builtin.MouseOverKeyword$_mouseOver_closure1.doCall(MouseOverKeyword.groovy:80)
	at com.kms.katalon.core.webui.keyword.builtin.MouseOverKeyword$_mouseOver_closure1.call(MouseOverKeyword.groovy)
	at com.kms.katalon.core.webui.keyword.internal.WebUIKeywordMain.runKeyword(WebUIKeywordMain.groovy:20)
	at com.kms.katalon.core.webui.keyword.builtin.MouseOverKeyword.mouseOver(MouseOverKeyword.groovy:90)
	at com.kms.katalon.core.webui.keyword.builtin.MouseOverKeyword.execute(MouseOverKeyword.groovy:67)
	at com.kms.katalon.core.keyword.internal.KeywordExecutor.executeKeywordForPlatform(KeywordExecutor.groovy:56)
	at com.kms.katalon.core.webui.keyword.WebUiBuiltInKeywords.mouseOver(WebUiBuiltInKeywords.groovy:776)
	at com.kms.katalon.core.webui.keyword.WebUiBuiltInKeywords$mouseOver$5.call(Unknown Source)
	at Script1557464268153.run(Script1557464268153.groovy:26)
	... 13 more]]></system-err>
      </testcase>
      <testcase name="Test Cases/Regression_TF_Product/Open_Pages/TC_2-5_Promoted_Product_Group" classname="Test Cases/Regression_TF_Product/Open_Pages/TC_2-5_Promoted_Product_Group" status="FAILED">
         <failure type="FAILED" message="Test Cases/Regression_TF_Product/Open_Pages/TC_2-5_Promoted_Product_Group FAILED.
Reason:
com.kms.katalon.core.exception.StepFailedException: Unable to move mouse over object 'Object Repository/TF_Customer_Create/1_Menu_Navigation_To_Open_All_Pages/2_Product_Hierarchy_Level_Hoverover_Option'
	at com.kms.katalon.core.webui.keyword.internal.WebUIKeywordMain.stepFailed(WebUIKeywordMain.groovy:64)
	at com.kms.katalon.core.webui.keyword.internal.WebUIKeywordMain.runKeyword(WebUIKeywordMain.groovy:26)
	at com.kms.katalon.core.webui.keyword.builtin.MouseOverKeyword.mouseOver(MouseOverKeyword.groovy:90)
	at com.kms.katalon.core.webui.keyword.builtin.MouseOverKeyword.execute(MouseOverKeyword.groovy:67)
	at com.kms.katalon.core.keyword.internal.KeywordExecutor.executeKeywordForPlatform(KeywordExecutor.groovy:56)
	at com.kms.katalon.core.webui.keyword.WebUiBuiltInKeywords.mouseOver(WebUiBuiltInKeywords.groovy:776)
	at com.kms.katalon.core.webui.keyword.WebUiBuiltInKeywords$mouseOver$5.call(Unknown Source)
	at TC_2-5_Promoted_Product_Group.run(TC_2-5_Promoted_Product_Group:26)
	at com.kms.katalon.core.main.ScriptEngine.run(ScriptEngine.java:194)
	at com.kms.katalon.core.main.ScriptEngine.runScriptAsRawText(ScriptEngine.java:119)
	at com.kms.katalon.core.main.TestCaseExecutor.runScript(TestCaseExecutor.java:336)
	at com.kms.katalon.core.main.TestCaseExecutor.doExecute(TestCaseExecutor.java:327)
	at com.kms.katalon.core.main.TestCaseExecutor.processExecutionPhase(TestCaseExecutor.java:306)
	at com.kms.katalon.core.main.TestCaseExecutor.accessMainPhase(TestCaseExecutor.java:298)
	at com.kms.katalon.core.main.TestCaseExecutor.execute(TestCaseExecutor.java:232)
	at com.kms.katalon.core.main.TestSuiteExecutor.accessTestCaseMainPhase(TestSuiteExecutor.java:129)
	at com.kms.katalon.core.main.TestSuiteExecutor.accessTestSuiteMainPhase(TestSuiteExecutor.java:112)
	at com.kms.katalon.core.main.TestSuiteExecutor.execute(TestSuiteExecutor.java:81)
	at com.kms.katalon.core.main.TestCaseMain.startTestSuite(TestCaseMain.java:157)
	at com.kms.katalon.core.main.TestCaseMain$startTestSuite$0.call(Unknown Source)
	at TempTestSuite1557889099730.run(TempTestSuite1557889099730.groovy:35)
Caused by: com.kms.katalon.core.webui.exception.WebElementNotFoundException: Web element with id: 'Object Repository/TF_Customer_Create/1_Menu_Navigation_To_Open_All_Pages/2_Product_Hierarchy_Level_Hoverover_Option' located by 'By.xpath: //td[(text() = ' Product Hierarchy Level' or . = ' Product Hierarchy Level')]' not found
	at com.kms.katalon.core.webui.common.WebUiCommonHelper.findWebElement(WebUiCommonHelper.java:1097)
	at com.kms.katalon.core.webui.keyword.internal.WebUIAbstractKeyword.findWebElement(WebUIAbstractKeyword.groovy:27)
	at com.kms.katalon.core.webui.keyword.internal.WebUIAbstractKeyword.findWebElement(WebUIAbstractKeyword.groovy:26)
	at com.kms.katalon.core.webui.keyword.builtin.MouseOverKeyword$_mouseOver_closure1.doCall(MouseOverKeyword.groovy:80)
	at com.kms.katalon.core.webui.keyword.builtin.MouseOverKeyword$_mouseOver_closure1.call(MouseOverKeyword.groovy)
	at com.kms.katalon.core.webui.keyword.internal.WebUIKeywordMain.runKeyword(WebUIKeywordMain.groovy:20)
	at com.kms.katalon.core.webui.keyword.builtin.MouseOverKeyword.mouseOver(MouseOverKeyword.groovy:90)
	at com.kms.katalon.core.webui.keyword.builtin.MouseOverKeyword.execute(MouseOverKeyword.groovy:67)
	at com.kms.katalon.core.keyword.internal.KeywordExecutor.executeKeywordForPlatform(KeywordExecutor.groovy:56)
	at com.kms.katalon.core.webui.keyword.WebUiBuiltInKeywords.mouseOver(WebUiBuiltInKeywords.groovy:776)
	at com.kms.katalon.core.webui.keyword.WebUiBuiltInKeywords$mouseOver$5.call(Unknown Source)
	at Script1557797860480.run(Script1557797860480.groovy:26)
	... 13 more
"/>
         <system-out><![CDATA[2019-05-15 08:01:29 - [TEST_CASE][FAILED] - Test Cases/Regression_TF_Product/Open_Pages/TC_2-5_Promoted_Product_Group: Test Cases/Regression_TF_Product/Open_Pages/TC_2-5_Promoted_Product_Group FAILED.
Reason:
com.kms.katalon.core.exception.StepFailedException: Unable to move mouse over object 'Object Repository/TF_Customer_Create/1_Menu_Navigation_To_Open_All_Pages/2_Product_Hierarchy_Level_Hoverover_Option'
	at com.kms.katalon.core.webui.keyword.internal.WebUIKeywordMain.stepFailed(WebUIKeywordMain.groovy:64)
	at com.kms.katalon.core.webui.keyword.internal.WebUIKeywordMain.runKeyword(WebUIKeywordMain.groovy:26)
	at com.kms.katalon.core.webui.keyword.builtin.MouseOverKeyword.mouseOver(MouseOverKeyword.groovy:90)
	at com.kms.katalon.core.webui.keyword.builtin.MouseOverKeyword.execute(MouseOverKeyword.groovy:67)
	at com.kms.katalon.core.keyword.internal.KeywordExecutor.executeKeywordForPlatform(KeywordExecutor.groovy:56)
	at com.kms.katalon.core.webui.keyword.WebUiBuiltInKeywords.mouseOver(WebUiBuiltInKeywords.groovy:776)
	at com.kms.katalon.core.webui.keyword.WebUiBuiltInKeywords$mouseOver$5.call(Unknown Source)
	at TC_2-5_Promoted_Product_Group.run(TC_2-5_Promoted_Product_Group:26)
	at com.kms.katalon.core.main.ScriptEngine.run(ScriptEngine.java:194)
	at com.kms.katalon.core.main.ScriptEngine.runScriptAsRawText(ScriptEngine.java:119)
	at com.kms.katalon.core.main.TestCaseExecutor.runScript(TestCaseExecutor.java:336)
	at com.kms.katalon.core.main.TestCaseExecutor.doExecute(TestCaseExecutor.java:327)
	at com.kms.katalon.core.main.TestCaseExecutor.processExecutionPhase(TestCaseExecutor.java:306)
	at com.kms.katalon.core.main.TestCaseExecutor.accessMainPhase(TestCaseExecutor.java:298)
	at com.kms.katalon.core.main.TestCaseExecutor.execute(TestCaseExecutor.java:232)
	at com.kms.katalon.core.main.TestSuiteExecutor.accessTestCaseMainPhase(TestSuiteExecutor.java:129)
	at com.kms.katalon.core.main.TestSuiteExecutor.accessTestSuiteMainPhase(TestSuiteExecutor.java:112)
	at com.kms.katalon.core.main.TestSuiteExecutor.execute(TestSuiteExecutor.java:81)
	at com.kms.katalon.core.main.TestCaseMain.startTestSuite(TestCaseMain.java:157)
	at com.kms.katalon.core.main.TestCaseMain$startTestSuite$0.call(Unknown Source)
	at TempTestSuite1557889099730.run(TempTestSuite1557889099730.groovy:35)
Caused by: com.kms.katalon.core.webui.exception.WebElementNotFoundException: Web element with id: 'Object Repository/TF_Customer_Create/1_Menu_Navigation_To_Open_All_Pages/2_Product_Hierarchy_Level_Hoverover_Option' located by 'By.xpath: //td[(text() = ' Product Hierarchy Level' or . = ' Product Hierarchy Level')]' not found
	at com.kms.katalon.core.webui.common.WebUiCommonHelper.findWebElement(WebUiCommonHelper.java:1097)
	at com.kms.katalon.core.webui.keyword.internal.WebUIAbstractKeyword.findWebElement(WebUIAbstractKeyword.groovy:27)
	at com.kms.katalon.core.webui.keyword.internal.WebUIAbstractKeyword.findWebElement(WebUIAbstractKeyword.groovy:26)
	at com.kms.katalon.core.webui.keyword.builtin.MouseOverKeyword$_mouseOver_closure1.doCall(MouseOverKeyword.groovy:80)
	at com.kms.katalon.core.webui.keyword.builtin.MouseOverKeyword$_mouseOver_closure1.call(MouseOverKeyword.groovy)
	at com.kms.katalon.core.webui.keyword.internal.WebUIKeywordMain.runKeyword(WebUIKeywordMain.groovy:20)
	at com.kms.katalon.core.webui.keyword.builtin.MouseOverKeyword.mouseOver(MouseOverKeyword.groovy:90)
	at com.kms.katalon.core.webui.keyword.builtin.MouseOverKeyword.execute(MouseOverKeyword.groovy:67)
	at com.kms.katalon.core.keyword.internal.KeywordExecutor.executeKeywordForPlatform(KeywordExecutor.groovy:56)
	at com.kms.katalon.core.webui.keyword.WebUiBuiltInKeywords.mouseOver(WebUiBuiltInKeywords.groovy:776)
	at com.kms.katalon.core.webui.keyword.WebUiBuiltInKeywords$mouseOver$5.call(Unknown Source)
	at Script1557797860480.run(Script1557797860480.groovy:26)
	... 13 more


2019-05-15 08:01:29 - [TEST_STEP][PASSED] - waitForPageLoad(G_Timeout): Wait for page load successfully

2019-05-15 08:01:29 - [MESSAGE][PASSED] - Wait for page load successfully

2019-05-15 08:01:29 - [TEST_STEP][PASSED] - mouseOver(findTestObject("TF_Customer_Create/1_Menu_Navigation_To_Open_All_Pages/0_Menu_Create_In_Data_View")): Object: 'Object Repository/TF_Customer_Create/1_Menu_Navigation_To_Open_All_Pages/0_Menu_Create_In_Data_View' is hovered

2019-05-15 08:01:29 - [MESSAGE][PASSED] - Object: 'Object Repository/TF_Customer_Create/1_Menu_Navigation_To_Open_All_Pages/0_Menu_Create_In_Data_View' is hovered

2019-05-15 08:01:29 - [TEST_STEP][PASSED] - delay(4): Delayed 4 second(s)

2019-05-15 08:01:33 - [MESSAGE][PASSED] - Delayed 4 second(s)

2019-05-15 08:01:33 - [TEST_STEP][PASSED] - mouseOver(findTestObject("TF_Customer_Create/1_Menu_Navigation_To_Open_All_Pages/1_Menu_Create_Master_Data")): Object: 'Object Repository/TF_Customer_Create/1_Menu_Navigation_To_Open_All_Pages/1_Menu_Create_Master_Data' is hovered

2019-05-15 08:01:33 - [MESSAGE][PASSED] - Object: 'Object Repository/TF_Customer_Create/1_Menu_Navigation_To_Open_All_Pages/1_Menu_Create_Master_Data' is hovered

2019-05-15 08:01:33 - [TEST_STEP][PASSED] - delay(3): Delayed 3 second(s)

2019-05-15 08:01:36 - [MESSAGE][PASSED] - Delayed 3 second(s)

2019-05-15 08:01:36 - [TEST_STEP][FAILED] - mouseOver(findTestObject("TF_Customer_Create/1_Menu_Navigation_To_Open_All_Pages/2_Product_Hierarchy_Level_Hoverover_Option")): Unable to move mouse over object 'Object Repository/TF_Customer_Create/1_Menu_Navigation_To_Open_All_Pages/2_Product_Hierarchy_Level_Hoverover_Option' (Root cause: com.kms.katalon.core.exception.StepFailedException: Unable to move mouse over object 'Object Repository/TF_Customer_Create/1_Menu_Navigation_To_Open_All_Pages/2_Product_Hierarchy_Level_Hoverover_Option'
	at com.kms.katalon.core.webui.keyword.internal.WebUIKeywordMain.stepFailed(WebUIKeywordMain.groovy:64)
	at com.kms.katalon.core.webui.keyword.internal.WebUIKeywordMain.runKeyword(WebUIKeywordMain.groovy:26)
	at com.kms.katalon.core.webui.keyword.builtin.MouseOverKeyword.mouseOver(MouseOverKeyword.groovy:90)
	at com.kms.katalon.core.webui.keyword.builtin.MouseOverKeyword.execute(MouseOverKeyword.groovy:67)
	at com.kms.katalon.core.keyword.internal.KeywordExecutor.executeKeywordForPlatform(KeywordExecutor.groovy:56)
	at com.kms.katalon.core.webui.keyword.WebUiBuiltInKeywords.mouseOver(WebUiBuiltInKeywords.groovy:776)
	at com.kms.katalon.core.webui.keyword.WebUiBuiltInKeywords$mouseOver$5.call(Unknown Source)
	at TC_2-5_Promoted_Product_Group.run(TC_2-5_Promoted_Product_Group:26)
	at com.kms.katalon.core.main.ScriptEngine.run(ScriptEngine.java:194)
	at com.kms.katalon.core.main.ScriptEngine.runScriptAsRawText(ScriptEngine.java:119)
	at com.kms.katalon.core.main.TestCaseExecutor.runScript(TestCaseExecutor.java:336)
	at com.kms.katalon.core.main.TestCaseExecutor.doExecute(TestCaseExecutor.java:327)
	at com.kms.katalon.core.main.TestCaseExecutor.processExecutionPhase(TestCaseExecutor.java:306)
	at com.kms.katalon.core.main.TestCaseExecutor.accessMainPhase(TestCaseExecutor.java:298)
	at com.kms.katalon.core.main.TestCaseExecutor.execute(TestCaseExecutor.java:232)
	at com.kms.katalon.core.main.TestSuiteExecutor.accessTestCaseMainPhase(TestSuiteExecutor.java:129)
	at com.kms.katalon.core.main.TestSuiteExecutor.accessTestSuiteMainPhase(TestSuiteExecutor.java:112)
	at com.kms.katalon.core.main.TestSuiteExecutor.execute(TestSuiteExecutor.java:81)
	at com.kms.katalon.core.main.TestCaseMain.startTestSuite(TestCaseMain.java:157)
	at com.kms.katalon.core.main.TestCaseMain$startTestSuite$0.call(Unknown Source)
	at TempTestSuite1557889099730.run(TempTestSuite1557889099730.groovy:35)
Caused by: com.kms.katalon.core.webui.exception.WebElementNotFoundException: Web element with id: 'Object Repository/TF_Customer_Create/1_Menu_Navigation_To_Open_All_Pages/2_Product_Hierarchy_Level_Hoverover_Option' located by 'By.xpath: //td[(text() = ' Product Hierarchy Level' or . = ' Product Hierarchy Level')]' not found
	at com.kms.katalon.core.webui.common.WebUiCommonHelper.findWebElement(WebUiCommonHelper.java:1097)
	at com.kms.katalon.core.webui.keyword.internal.WebUIAbstractKeyword.findWebElement(WebUIAbstractKeyword.groovy:27)
	at com.kms.katalon.core.webui.keyword.internal.WebUIAbstractKeyword.findWebElement(WebUIAbstractKeyword.groovy:26)
	at com.kms.katalon.core.webui.keyword.builtin.MouseOverKeyword$_mouseOver_closure1.doCall(MouseOverKeyword.groovy:80)
	at com.kms.katalon.core.webui.keyword.builtin.MouseOverKeyword$_mouseOver_closure1.call(MouseOverKeyword.groovy)
	at com.kms.katalon.core.webui.keyword.internal.WebUIKeywordMain.runKeyword(WebUIKeywordMain.groovy:20)
	at com.kms.katalon.core.webui.keyword.builtin.MouseOverKeyword.mouseOver(MouseOverKeyword.groovy:90)
	at com.kms.katalon.core.webui.keyword.builtin.MouseOverKeyword.execute(MouseOverKeyword.groovy:67)
	at com.kms.katalon.core.keyword.internal.KeywordExecutor.executeKeywordForPlatform(KeywordExecutor.groovy:56)
	at com.kms.katalon.core.webui.keyword.WebUiBuiltInKeywords.mouseOver(WebUiBuiltInKeywords.groovy:776)
	at com.kms.katalon.core.webui.keyword.WebUiBuiltInKeywords$mouseOver$5.call(Unknown Source)
	at Script1557797860480.run(Script1557797860480.groovy:26)
	... 13 more
)

2019-05-15 08:02:08 - [MESSAGE][INFO] - Unable to find the element located by 'By.xpath: //td[(text() = ' Product Hierarchy Level' or . = ' Product Hierarchy Level')]'. Please recheck the objects properties to make sure the desired element is located. 

2019-05-15 08:02:08 - [MESSAGE][FAILED] - Unable to move mouse over object 'Object Repository/TF_Customer_Create/1_Menu_Navigation_To_Open_All_Pages/2_Product_Hierarchy_Level_Hoverover_Option' (Root cause: com.kms.katalon.core.exception.StepFailedException: Unable to move mouse over object 'Object Repository/TF_Customer_Create/1_Menu_Navigation_To_Open_All_Pages/2_Product_Hierarchy_Level_Hoverover_Option'
	at com.kms.katalon.core.webui.keyword.internal.WebUIKeywordMain.stepFailed(WebUIKeywordMain.groovy:64)
	at com.kms.katalon.core.webui.keyword.internal.WebUIKeywordMain.runKeyword(WebUIKeywordMain.groovy:26)
	at com.kms.katalon.core.webui.keyword.builtin.MouseOverKeyword.mouseOver(MouseOverKeyword.groovy:90)
	at com.kms.katalon.core.webui.keyword.builtin.MouseOverKeyword.execute(MouseOverKeyword.groovy:67)
	at com.kms.katalon.core.keyword.internal.KeywordExecutor.executeKeywordForPlatform(KeywordExecutor.groovy:56)
	at com.kms.katalon.core.webui.keyword.WebUiBuiltInKeywords.mouseOver(WebUiBuiltInKeywords.groovy:776)
	at com.kms.katalon.core.webui.keyword.WebUiBuiltInKeywords$mouseOver$5.call(Unknown Source)
	at TC_2-5_Promoted_Product_Group.run(TC_2-5_Promoted_Product_Group:26)
	at com.kms.katalon.core.main.ScriptEngine.run(ScriptEngine.java:194)
	at com.kms.katalon.core.main.ScriptEngine.runScriptAsRawText(ScriptEngine.java:119)
	at com.kms.katalon.core.main.TestCaseExecutor.runScript(TestCaseExecutor.java:336)
	at com.kms.katalon.core.main.TestCaseExecutor.doExecute(TestCaseExecutor.java:327)
	at com.kms.katalon.core.main.TestCaseExecutor.processExecutionPhase(TestCaseExecutor.java:306)
	at com.kms.katalon.core.main.TestCaseExecutor.accessMainPhase(TestCaseExecutor.java:298)
	at com.kms.katalon.core.main.TestCaseExecutor.execute(TestCaseExecutor.java:232)
	at com.kms.katalon.core.main.TestSuiteExecutor.accessTestCaseMainPhase(TestSuiteExecutor.java:129)
	at com.kms.katalon.core.main.TestSuiteExecutor.accessTestSuiteMainPhase(TestSuiteExecutor.java:112)
	at com.kms.katalon.core.main.TestSuiteExecutor.execute(TestSuiteExecutor.java:81)
	at com.kms.katalon.core.main.TestCaseMain.startTestSuite(TestCaseMain.java:157)
	at com.kms.katalon.core.main.TestCaseMain$startTestSuite$0.call(Unknown Source)
	at TempTestSuite1557889099730.run(TempTestSuite1557889099730.groovy:35)
Caused by: com.kms.katalon.core.webui.exception.WebElementNotFoundException: Web element with id: 'Object Repository/TF_Customer_Create/1_Menu_Navigation_To_Open_All_Pages/2_Product_Hierarchy_Level_Hoverover_Option' located by 'By.xpath: //td[(text() = ' Product Hierarchy Level' or . = ' Product Hierarchy Level')]' not found
	at com.kms.katalon.core.webui.common.WebUiCommonHelper.findWebElement(WebUiCommonHelper.java:1097)
	at com.kms.katalon.core.webui.keyword.internal.WebUIAbstractKeyword.findWebElement(WebUIAbstractKeyword.groovy:27)
	at com.kms.katalon.core.webui.keyword.internal.WebUIAbstractKeyword.findWebElement(WebUIAbstractKeyword.groovy:26)
	at com.kms.katalon.core.webui.keyword.builtin.MouseOverKeyword$_mouseOver_closure1.doCall(MouseOverKeyword.groovy:80)
	at com.kms.katalon.core.webui.keyword.builtin.MouseOverKeyword$_mouseOver_closure1.call(MouseOverKeyword.groovy)
	at com.kms.katalon.core.webui.keyword.internal.WebUIKeywordMain.runKeyword(WebUIKeywordMain.groovy:20)
	at com.kms.katalon.core.webui.keyword.builtin.MouseOverKeyword.mouseOver(MouseOverKeyword.groovy:90)
	at com.kms.katalon.core.webui.keyword.builtin.MouseOverKeyword.execute(MouseOverKeyword.groovy:67)
	at com.kms.katalon.core.keyword.internal.KeywordExecutor.executeKeywordForPlatform(KeywordExecutor.groovy:56)
	at com.kms.katalon.core.webui.keyword.WebUiBuiltInKeywords.mouseOver(WebUiBuiltInKeywords.groovy:776)
	at com.kms.katalon.core.webui.keyword.WebUiBuiltInKeywords$mouseOver$5.call(Unknown Source)
	at Script1557797860480.run(Script1557797860480.groovy:26)
	... 13 more
)
[[ATTACHMENT|G:\\Katalon\\TF_Product\\Reports\\Open_All_Pages\\20190515_075819\\1557889328006.png]]]]></system-out>
         <system-err><![CDATA[2019-05-15 08:01:29 - [TEST_CASE][FAILED] - Test Cases/Regression_TF_Product/Open_Pages/TC_2-5_Promoted_Product_Group: Test Cases/Regression_TF_Product/Open_Pages/TC_2-5_Promoted_Product_Group FAILED.
Reason:
com.kms.katalon.core.exception.StepFailedException: Unable to move mouse over object 'Object Repository/TF_Customer_Create/1_Menu_Navigation_To_Open_All_Pages/2_Product_Hierarchy_Level_Hoverover_Option'
	at com.kms.katalon.core.webui.keyword.internal.WebUIKeywordMain.stepFailed(WebUIKeywordMain.groovy:64)
	at com.kms.katalon.core.webui.keyword.internal.WebUIKeywordMain.runKeyword(WebUIKeywordMain.groovy:26)
	at com.kms.katalon.core.webui.keyword.builtin.MouseOverKeyword.mouseOver(MouseOverKeyword.groovy:90)
	at com.kms.katalon.core.webui.keyword.builtin.MouseOverKeyword.execute(MouseOverKeyword.groovy:67)
	at com.kms.katalon.core.keyword.internal.KeywordExecutor.executeKeywordForPlatform(KeywordExecutor.groovy:56)
	at com.kms.katalon.core.webui.keyword.WebUiBuiltInKeywords.mouseOver(WebUiBuiltInKeywords.groovy:776)
	at com.kms.katalon.core.webui.keyword.WebUiBuiltInKeywords$mouseOver$5.call(Unknown Source)
	at TC_2-5_Promoted_Product_Group.run(TC_2-5_Promoted_Product_Group:26)
	at com.kms.katalon.core.main.ScriptEngine.run(ScriptEngine.java:194)
	at com.kms.katalon.core.main.ScriptEngine.runScriptAsRawText(ScriptEngine.java:119)
	at com.kms.katalon.core.main.TestCaseExecutor.runScript(TestCaseExecutor.java:336)
	at com.kms.katalon.core.main.TestCaseExecutor.doExecute(TestCaseExecutor.java:327)
	at com.kms.katalon.core.main.TestCaseExecutor.processExecutionPhase(TestCaseExecutor.java:306)
	at com.kms.katalon.core.main.TestCaseExecutor.accessMainPhase(TestCaseExecutor.java:298)
	at com.kms.katalon.core.main.TestCaseExecutor.execute(TestCaseExecutor.java:232)
	at com.kms.katalon.core.main.TestSuiteExecutor.accessTestCaseMainPhase(TestSuiteExecutor.java:129)
	at com.kms.katalon.core.main.TestSuiteExecutor.accessTestSuiteMainPhase(TestSuiteExecutor.java:112)
	at com.kms.katalon.core.main.TestSuiteExecutor.execute(TestSuiteExecutor.java:81)
	at com.kms.katalon.core.main.TestCaseMain.startTestSuite(TestCaseMain.java:157)
	at com.kms.katalon.core.main.TestCaseMain$startTestSuite$0.call(Unknown Source)
	at TempTestSuite1557889099730.run(TempTestSuite1557889099730.groovy:35)
Caused by: com.kms.katalon.core.webui.exception.WebElementNotFoundException: Web element with id: 'Object Repository/TF_Customer_Create/1_Menu_Navigation_To_Open_All_Pages/2_Product_Hierarchy_Level_Hoverover_Option' located by 'By.xpath: //td[(text() = ' Product Hierarchy Level' or . = ' Product Hierarchy Level')]' not found
	at com.kms.katalon.core.webui.common.WebUiCommonHelper.findWebElement(WebUiCommonHelper.java:1097)
	at com.kms.katalon.core.webui.keyword.internal.WebUIAbstractKeyword.findWebElement(WebUIAbstractKeyword.groovy:27)
	at com.kms.katalon.core.webui.keyword.internal.WebUIAbstractKeyword.findWebElement(WebUIAbstractKeyword.groovy:26)
	at com.kms.katalon.core.webui.keyword.builtin.MouseOverKeyword$_mouseOver_closure1.doCall(MouseOverKeyword.groovy:80)
	at com.kms.katalon.core.webui.keyword.builtin.MouseOverKeyword$_mouseOver_closure1.call(MouseOverKeyword.groovy)
	at com.kms.katalon.core.webui.keyword.internal.WebUIKeywordMain.runKeyword(WebUIKeywordMain.groovy:20)
	at com.kms.katalon.core.webui.keyword.builtin.MouseOverKeyword.mouseOver(MouseOverKeyword.groovy:90)
	at com.kms.katalon.core.webui.keyword.builtin.MouseOverKeyword.execute(MouseOverKeyword.groovy:67)
	at com.kms.katalon.core.keyword.internal.KeywordExecutor.executeKeywordForPlatform(KeywordExecutor.groovy:56)
	at com.kms.katalon.core.webui.keyword.WebUiBuiltInKeywords.mouseOver(WebUiBuiltInKeywords.groovy:776)
	at com.kms.katalon.core.webui.keyword.WebUiBuiltInKeywords$mouseOver$5.call(Unknown Source)
	at Script1557797860480.run(Script1557797860480.groovy:26)
	... 13 more]]></system-err>
      </testcase>
      <testcase name="Test Cases/Regression_TF_Product/Open_Pages/TC_3_Open_Product_Visibility_list" classname="Test Cases/Regression_TF_Product/Open_Pages/TC_3_Open_Product_Visibility_list" status="PASSED">
         <system-out><![CDATA[2019-05-15 08:02:08 - [TEST_CASE][PASSED] - Test Cases/Regression_TF_Product/Open_Pages/TC_3_Open_Product_Visibility_list: Test Cases/Regression_TF_Product/Open_Pages/TC_3_Open_Product_Visibility_list

2019-05-15 08:02:08 - [TEST_STEP][PASSED] - delay(6): Delayed 6 second(s)

2019-05-15 08:02:14 - [MESSAGE][PASSED] - Delayed 6 second(s)

2019-05-15 08:02:14 - [TEST_STEP][PASSED] - mouseOver(findTestObject("TF_Customer_Create/1_Menu_Navigation_To_Open_All_Pages/0_Menu_Create_In_Data_View")): Object: 'Object Repository/TF_Customer_Create/1_Menu_Navigation_To_Open_All_Pages/0_Menu_Create_In_Data_View' is hovered

2019-05-15 08:02:14 - [MESSAGE][PASSED] - Object: 'Object Repository/TF_Customer_Create/1_Menu_Navigation_To_Open_All_Pages/0_Menu_Create_In_Data_View' is hovered

2019-05-15 08:02:14 - [TEST_STEP][PASSED] - delay(3): Delayed 3 second(s)

2019-05-15 08:02:17 - [MESSAGE][PASSED] - Delayed 3 second(s)

2019-05-15 08:02:17 - [TEST_STEP][PASSED] - mouseOver(findTestObject("TF_Customer_Create/1_Menu_Navigation_To_Open_All_Pages/1_Menu_Create_Master_Data")): Object: 'Object Repository/TF_Customer_Create/1_Menu_Navigation_To_Open_All_Pages/1_Menu_Create_Master_Data' is hovered

2019-05-15 08:02:17 - [MESSAGE][PASSED] - Object: 'Object Repository/TF_Customer_Create/1_Menu_Navigation_To_Open_All_Pages/1_Menu_Create_Master_Data' is hovered

2019-05-15 08:02:17 - [TEST_STEP][PASSED] - delay(3): Delayed 3 second(s)

2019-05-15 08:02:20 - [MESSAGE][PASSED] - Delayed 3 second(s)

2019-05-15 08:02:20 - [TEST_STEP][PASSED] - click(findTestObject("TF_Customer_Create/2_Select_Menu_Options(All)/3_Menu_Product_Visibility_list")): Object: 'Object Repository/TF_Customer_Create/2_Select_Menu_Options(All)/3_Menu_Product_Visibility_list' is clicked on

2019-05-15 08:02:20 - [MESSAGE][PASSED] - Object: 'Object Repository/TF_Customer_Create/2_Select_Menu_Options(All)/3_Menu_Product_Visibility_list' is clicked on

2019-05-15 08:02:20 - [TEST_STEP][PASSED] - waitForPageLoad(G_Timeout): Wait for page load successfully

2019-05-15 08:02:20 - [MESSAGE][PASSED] - Wait for page load successfully

2019-05-15 08:02:20 - [TEST_STEP][PASSED] - delay(5): Delayed 5 second(s)

2019-05-15 08:02:25 - [MESSAGE][PASSED] - Delayed 5 second(s)]]></system-out>
         <system-err><![CDATA[]]></system-err>
      </testcase>
      <testcase name="Test Cases/Regression_TF_Product/Open_Pages/TC_4_Open_Adjustable_Rate_Policy" classname="Test Cases/Regression_TF_Product/Open_Pages/TC_4_Open_Adjustable_Rate_Policy" status="PASSED">
         <system-out><![CDATA[2019-05-15 08:02:25 - [TEST_CASE][PASSED] - Test Cases/Regression_TF_Product/Open_Pages/TC_4_Open_Adjustable_Rate_Policy: Test Cases/Regression_TF_Product/Open_Pages/TC_4_Open_Adjustable_Rate_Policy

2019-05-15 08:02:25 - [TEST_STEP][PASSED] - delay(6): Delayed 6 second(s)

2019-05-15 08:02:31 - [MESSAGE][PASSED] - Delayed 6 second(s)

2019-05-15 08:02:31 - [TEST_STEP][PASSED] - mouseOver(findTestObject("TF_Customer_Create/1_Menu_Navigation_To_Open_All_Pages/0_Menu_Create_In_Data_View")): Object: 'Object Repository/TF_Customer_Create/1_Menu_Navigation_To_Open_All_Pages/0_Menu_Create_In_Data_View' is hovered

2019-05-15 08:02:31 - [MESSAGE][PASSED] - Object: 'Object Repository/TF_Customer_Create/1_Menu_Navigation_To_Open_All_Pages/0_Menu_Create_In_Data_View' is hovered

2019-05-15 08:02:31 - [TEST_STEP][PASSED] - waitForPageLoad(G_Timeout): Wait for page load successfully

2019-05-15 08:02:31 - [MESSAGE][PASSED] - Wait for page load successfully

2019-05-15 08:02:31 - [TEST_STEP][PASSED] - mouseOver(findTestObject("TF_Customer_Create/1_Menu_Navigation_To_Open_All_Pages/1_Menu_Create_Master_Data")): Object: 'Object Repository/TF_Customer_Create/1_Menu_Navigation_To_Open_All_Pages/1_Menu_Create_Master_Data' is hovered

2019-05-15 08:02:31 - [MESSAGE][PASSED] - Object: 'Object Repository/TF_Customer_Create/1_Menu_Navigation_To_Open_All_Pages/1_Menu_Create_Master_Data' is hovered

2019-05-15 08:02:31 - [TEST_STEP][PASSED] - waitForPageLoad(G_Timeout): Wait for page load successfully

2019-05-15 08:02:31 - [MESSAGE][PASSED] - Wait for page load successfully

2019-05-15 08:02:31 - [TEST_STEP][PASSED] - click(findTestObject("TF_Customer_Create/2_Select_Menu_Options(All)/4_Menu_Adjustable_rate_policy")): Object: 'Object Repository/TF_Customer_Create/2_Select_Menu_Options(All)/4_Menu_Adjustable_rate_policy' is clicked on

2019-05-15 08:02:32 - [MESSAGE][PASSED] - Object: 'Object Repository/TF_Customer_Create/2_Select_Menu_Options(All)/4_Menu_Adjustable_rate_policy' is clicked on

2019-05-15 08:02:32 - [TEST_STEP][PASSED] - waitForPageLoad(G_Timeout): Wait for page load successfully

2019-05-15 08:02:32 - [MESSAGE][PASSED] - Wait for page load successfully

2019-05-15 08:02:32 - [TEST_STEP][PASSED] - delay(5): Delayed 5 second(s)

2019-05-15 08:02:37 - [MESSAGE][PASSED] - Delayed 5 second(s)]]></system-out>
         <system-err><![CDATA[]]></system-err>
      </testcase>
      <testcase name="Test Cases/General_Login_Logout/Logout" classname="Test Cases/General_Login_Logout/Logout" status="PASSED">
         <system-out><![CDATA[2019-05-15 08:02:37 - [TEST_CASE][PASSED] - Test Cases/General_Login_Logout/Logout: Test Cases/General_Login_Logout/Logout

2019-05-15 08:02:37 - [TEST_STEP][PASSED] - com.oracledb.regressiontest.logoutTFProduct(): com.oracledb.regressiontest.logoutTFProduct is PASSED

2019-05-15 08:02:37 - [MESSAGE][PASSED] - Wait for page load successfully

2019-05-15 08:02:37 - [MESSAGE][PASSED] - Object: 'Object Repository/TF_Product_Open_Pages/Page_Informatica MDM/td_Jiwani DS' is hovered using offset x = 5 and y = 5

2019-05-15 08:02:42 - [MESSAGE][PASSED] - Delayed 5 second(s)

2019-05-15 08:02:42 - [MESSAGE][PASSED] - Object: 'Object Repository/TF_Product_Open_Pages/Page_Informatica MDM/a_Log Out' is clicked on

2019-05-15 08:02:47 - [MESSAGE][PASSED] - Delayed 5 second(s)

2019-05-15 08:02:47 - [MESSAGE][PASSED] - com.oracledb.regressiontest.logoutTFProduct is PASSED]]></system-out>
         <system-err><![CDATA[]]></system-err>
      </testcase>
      <system-out><![CDATA[2019-05-15 07:58:20 - [TEST_SUITE][FAILED] - Open_All_Pages: Test Cases/Regression_TF_Product/Open_Pages/TC_2-1_Total_Company FAILED.
Reason:
com.kms.katalon.core.exception.StepFailedException: Unable to move mouse over object 'Object Repository/TF_Customer_Create/1_Menu_Navigation_To_Open_All_Pages/2_Product_Hierarchy_Level_Hoverover_Option'
	at com.kms.katalon.core.webui.keyword.internal.WebUIKeywordMain.stepFailed(WebUIKeywordMain.groovy:64)
	at com.kms.katalon.core.webui.keyword.internal.WebUIKeywordMain.runKeyword(WebUIKeywordMain.groovy:26)
	at com.kms.katalon.core.webui.keyword.builtin.MouseOverKeyword.mouseOver(MouseOverKeyword.groovy:90)
	at com.kms.katalon.core.webui.keyword.builtin.MouseOverKeyword.execute(MouseOverKeyword.groovy:67)
	at com.kms.katalon.core.keyword.internal.KeywordExecutor.executeKeywordForPlatform(KeywordExecutor.groovy:56)
	at com.kms.katalon.core.webui.keyword.WebUiBuiltInKeywords.mouseOver(WebUiBuiltInKeywords.groovy:776)
	at com.kms.katalon.core.webui.keyword.WebUiBuiltInKeywords$mouseOver$5.call(Unknown Source)
	at TC_2-1_Total_Company.run(TC_2-1_Total_Company:26)
	at com.kms.katalon.core.main.ScriptEngine.run(ScriptEngine.java:194)
	at com.kms.katalon.core.main.ScriptEngine.runScriptAsRawText(ScriptEngine.java:119)
	at com.kms.katalon.core.main.TestCaseExecutor.runScript(TestCaseExecutor.java:336)
	at com.kms.katalon.core.main.TestCaseExecutor.doExecute(TestCaseExecutor.java:327)
	at com.kms.katalon.core.main.TestCaseExecutor.processExecutionPhase(TestCaseExecutor.java:306)
	at com.kms.katalon.core.main.TestCaseExecutor.accessMainPhase(TestCaseExecutor.java:298)
	at com.kms.katalon.core.main.TestCaseExecutor.execute(TestCaseExecutor.java:232)
	at com.kms.katalon.core.main.TestSuiteExecutor.accessTestCaseMainPhase(TestSuiteExecutor.java:129)
	at com.kms.katalon.core.main.TestSuiteExecutor.accessTestSuiteMainPhase(TestSuiteExecutor.java:112)
	at com.kms.katalon.core.main.TestSuiteExecutor.execute(TestSuiteExecutor.java:81)
	at com.kms.katalon.core.main.TestCaseMain.startTestSuite(TestCaseMain.java:157)
	at com.kms.katalon.core.main.TestCaseMain$startTestSuite$0.call(Unknown Source)
	at TempTestSuite1557889099730.run(TempTestSuite1557889099730.groovy:35)
Caused by: com.kms.katalon.core.webui.exception.WebElementNotFoundException: Web element with id: 'Object Repository/TF_Customer_Create/1_Menu_Navigation_To_Open_All_Pages/2_Product_Hierarchy_Level_Hoverover_Option' located by 'By.xpath: //td[(text() = ' Product Hierarchy Level' or . = ' Product Hierarchy Level')]' not found
	at com.kms.katalon.core.webui.common.WebUiCommonHelper.findWebElement(WebUiCommonHelper.java:1097)
	at com.kms.katalon.core.webui.keyword.internal.WebUIAbstractKeyword.findWebElement(WebUIAbstractKeyword.groovy:27)
	at com.kms.katalon.core.webui.keyword.internal.WebUIAbstractKeyword.findWebElement(WebUIAbstractKeyword.groovy:26)
	at com.kms.katalon.core.webui.keyword.builtin.MouseOverKeyword$_mouseOver_closure1.doCall(MouseOverKeyword.groovy:80)
	at com.kms.katalon.core.webui.keyword.builtin.MouseOverKeyword$_mouseOver_closure1.call(MouseOverKeyword.groovy)
	at com.kms.katalon.core.webui.keyword.internal.WebUIKeywordMain.runKeyword(WebUIKeywordMain.groovy:20)
	at com.kms.katalon.core.webui.keyword.builtin.MouseOverKeyword.mouseOver(MouseOverKeyword.groovy:90)
	at com.kms.katalon.core.webui.keyword.builtin.MouseOverKeyword.execute(MouseOverKeyword.groovy:67)
	at com.kms.katalon.core.keyword.internal.KeywordExecutor.executeKeywordForPlatform(KeywordExecutor.groovy:56)
	at com.kms.katalon.core.webui.keyword.WebUiBuiltInKeywords.mouseOver(WebUiBuiltInKeywords.groovy:776)
	at com.kms.katalon.core.webui.keyword.WebUiBuiltInKeywords$mouseOver$5.call(Unknown Source)
	at Script1557366414486.run(Script1557366414486.groovy:26)
	... 13 more]]></system-out>
      <system-err><![CDATA[2019-05-15 07:58:20 - [TEST_SUITE][FAILED] - Open_All_Pages: Test Cases/Regression_TF_Product/Open_Pages/TC_2-1_Total_Company FAILED.
Reason:
com.kms.katalon.core.exception.StepFailedException: Unable to move mouse over object 'Object Repository/TF_Customer_Create/1_Menu_Navigation_To_Open_All_Pages/2_Product_Hierarchy_Level_Hoverover_Option'
	at com.kms.katalon.core.webui.keyword.internal.WebUIKeywordMain.stepFailed(WebUIKeywordMain.groovy:64)
	at com.kms.katalon.core.webui.keyword.internal.WebUIKeywordMain.runKeyword(WebUIKeywordMain.groovy:26)
	at com.kms.katalon.core.webui.keyword.builtin.MouseOverKeyword.mouseOver(MouseOverKeyword.groovy:90)
	at com.kms.katalon.core.webui.keyword.builtin.MouseOverKeyword.execute(MouseOverKeyword.groovy:67)
	at com.kms.katalon.core.keyword.internal.KeywordExecutor.executeKeywordForPlatform(KeywordExecutor.groovy:56)
	at com.kms.katalon.core.webui.keyword.WebUiBuiltInKeywords.mouseOver(WebUiBuiltInKeywords.groovy:776)
	at com.kms.katalon.core.webui.keyword.WebUiBuiltInKeywords$mouseOver$5.call(Unknown Source)
	at TC_2-1_Total_Company.run(TC_2-1_Total_Company:26)
	at com.kms.katalon.core.main.ScriptEngine.run(ScriptEngine.java:194)
	at com.kms.katalon.core.main.ScriptEngine.runScriptAsRawText(ScriptEngine.java:119)
	at com.kms.katalon.core.main.TestCaseExecutor.runScript(TestCaseExecutor.java:336)
	at com.kms.katalon.core.main.TestCaseExecutor.doExecute(TestCaseExecutor.java:327)
	at com.kms.katalon.core.main.TestCaseExecutor.processExecutionPhase(TestCaseExecutor.java:306)
	at com.kms.katalon.core.main.TestCaseExecutor.accessMainPhase(TestCaseExecutor.java:298)
	at com.kms.katalon.core.main.TestCaseExecutor.execute(TestCaseExecutor.java:232)
	at com.kms.katalon.core.main.TestSuiteExecutor.accessTestCaseMainPhase(TestSuiteExecutor.java:129)
	at com.kms.katalon.core.main.TestSuiteExecutor.accessTestSuiteMainPhase(TestSuiteExecutor.java:112)
	at com.kms.katalon.core.main.TestSuiteExecutor.execute(TestSuiteExecutor.java:81)
	at com.kms.katalon.core.main.TestCaseMain.startTestSuite(TestCaseMain.java:157)
	at com.kms.katalon.core.main.TestCaseMain$startTestSuite$0.call(Unknown Source)
	at TempTestSuite1557889099730.run(TempTestSuite1557889099730.groovy:35)
Caused by: com.kms.katalon.core.webui.exception.WebElementNotFoundException: Web element with id: 'Object Repository/TF_Customer_Create/1_Menu_Navigation_To_Open_All_Pages/2_Product_Hierarchy_Level_Hoverover_Option' located by 'By.xpath: //td[(text() = ' Product Hierarchy Level' or . = ' Product Hierarchy Level')]' not found
	at com.kms.katalon.core.webui.common.WebUiCommonHelper.findWebElement(WebUiCommonHelper.java:1097)
	at com.kms.katalon.core.webui.keyword.internal.WebUIAbstractKeyword.findWebElement(WebUIAbstractKeyword.groovy:27)
	at com.kms.katalon.core.webui.keyword.internal.WebUIAbstractKeyword.findWebElement(WebUIAbstractKeyword.groovy:26)
	at com.kms.katalon.core.webui.keyword.builtin.MouseOverKeyword$_mouseOver_closure1.doCall(MouseOverKeyword.groovy:80)
	at com.kms.katalon.core.webui.keyword.builtin.MouseOverKeyword$_mouseOver_closure1.call(MouseOverKeyword.groovy)
	at com.kms.katalon.core.webui.keyword.internal.WebUIKeywordMain.runKeyword(WebUIKeywordMain.groovy:20)
	at com.kms.katalon.core.webui.keyword.builtin.MouseOverKeyword.mouseOver(MouseOverKeyword.groovy:90)
	at com.kms.katalon.core.webui.keyword.builtin.MouseOverKeyword.execute(MouseOverKeyword.groovy:67)
	at com.kms.katalon.core.keyword.internal.KeywordExecutor.executeKeywordForPlatform(KeywordExecutor.groovy:56)
	at com.kms.katalon.core.webui.keyword.WebUiBuiltInKeywords.mouseOver(WebUiBuiltInKeywords.groovy:776)
	at com.kms.katalon.core.webui.keyword.WebUiBuiltInKeywords$mouseOver$5.call(Unknown Source)
	at Script1557366414486.run(Script1557366414486.groovy:26)
	... 13 more]]></system-err>
   </testsuite>
</testsuites>
