<?xml version="1.0" encoding="UTF-8"?>
<testsuites name="1_Regression_Test" time="231" tests="11" failures="1" errors="0">
   <testsuite name="1_Regression_Test" tests="11" failures="1" errors="0" time="231" timestamp="2018-12-17 13:38:18" hostname="Junaid.Tariq - Junaid.instepinc.com" id="Test Suites/1_Regression_Test">
      <properties>
         <property name="deviceName" value=""/>
         <property name="devicePlatform" value=""/>
         <property name="logFolder" value="D:\\Katalon\\Projects\\Trade_Funds\\TF_Regression\\Reports\\1_Regression_Test\\20181217_133816"/>
         <property name="logFiles" value="D:\\Katalon\\Projects\\Trade_Funds\\TF_Regression\\Reports\\1_Regression_Test\\20181217_133816\\execution0.log"/>
         <property name="attachments" value="D:\\Katalon\\Projects\\Trade_Funds\\TF_Regression\\Reports\\1_Regression_Test\\20181217_133816\\1545035946696.png"/>
         <property name="hostName" value="Junaid.Tariq - Junaid.instepinc.com"/>
         <property name="os" value="Windows 7 64bit"/>
         <property name="katalonVersion" value="5.9.0.1"/>
         <property name="browser" value="Chrome 70.0.3538.110"/>
         <property name="hostAddress" value="200.199.80.62"/>
         <property name="sessionId" value="1aeb62ff6af05e1e2e050ec2ac7391ab"/>
         <property name="seleniumVersion" value="3.7.1"/>
         <property name="proxyInformation" value="ProxyInformation{proxyOption=NO_PROXY, proxyServerType=HTTP, password=, proxyServerAddress=, proxyServerPort=0}"/>
         <property name="platform" value="Windows 7"/>
      </properties>
      <testcase name="Test Cases/General_Login_Logout/Login" classname="Test Cases/General_Login_Logout/Login" status="PASSED">
         <system-out><![CDATA[2018-12-17 13:38:18 - [TEST_CASE][PASSED] - Test Cases/General_Login_Logout/Login: Test Cases/General_Login_Logout/Login

2018-12-17 13:38:18 - [TEST_STEP][PASSED] - com.oracledb.regressiontest.LoginTFCustomer(User, Password): com.oracledb.regressiontest.LoginTFCustomer is PASSED

2018-12-17 13:38:18 - [MESSAGE][INFO] - Starting 'Chrome' driver

2018-12-17 13:38:18 - [MESSAGE][INFO] - Action delay is set to 0 seconds

2018-12-17 13:38:21 - [MESSAGE][PASSED] - Browser is opened with url: ''

2018-12-17 13:38:21 - [MESSAGE][PASSED] - Wait for page load successfully

2018-12-17 13:38:22 - [MESSAGE][PASSED] - Current window maximized

2018-12-17 13:38:28 - [MESSAGE][PASSED] - Navigate to 'https://52.6.78.242:7008/e360/com.informatica.tools.mdm.web.auth/login' successfully

2018-12-17 13:38:28 - [MESSAGE][PASSED] - Text 'junaid_sm' is set on object 'Object Repository/Page_ Login/Txt_Username'

2018-12-17 13:38:28 - [MESSAGE][PASSED] - Text 'str0ng_2' is set on object 'Object Repository/Page_ Login/Txt_Password'

2018-12-17 13:38:28 - [MESSAGE][PASSED] - Object: 'Object Repository/Page_ Login/Btn_Login' is clicked on

2018-12-17 13:38:28 - [MESSAGE][PASSED] - Wait for page load successfully

2018-12-17 13:38:36 - [MESSAGE][PASSED] - Object: 'Object Repository/Page_ Login/Project_Selection/div_Trade Funds Customer' is clicked on

2018-12-17 13:38:37 - [MESSAGE][PASSED] - Delayed 1 second(s)

2018-12-17 13:38:37 - [MESSAGE][PASSED] - com.oracledb.regressiontest.LoginTFCustomer is PASSED]]></system-out>
         <system-err><![CDATA[]]></system-err>
      </testcase>
      <testcase name="Test Cases/Regression_TF_Customer/Create_Record/TC_1_Create_Banner" classname="Test Cases/Regression_TF_Customer/Create_Record/TC_1_Create_Banner" status="FAILED">
         <failure type="FAILED" message="Test Cases/Regression_TF_Customer/Create_Record/TC_1_Create_Banner FAILED.
Reason:
com.kms.katalon.core.exception.StepFailedException: Unable to click on object 'Object Repository/TF_Customer_Create/3_Common_Action_Buttons/Click_Save_Button/btn_Save' (Root cause: org.openqa.selenium.WebDriverException: unknown error: Element &lt;td class=&quot;middle&quot;>...&lt;/td> is not clickable at point (1497, 52). Other element would receive the click: &lt;div class=&quot;blockUI blockOverlay&quot; style=&quot;z-index: 1000; border: none; margin: 0px; padding: 0px; width: 100%; height: 100%; top: 0px; left: 0px; background-color: transparent; opacity: 0.281163; cursor: default; position: fixed;&quot;>&lt;/div>
  (Session info: chrome=70.0.3538.110)
  (Driver info: chromedriver=2.43.600210 (68dcf5eebde37173d4027fa8635e332711d2874a),platform=Windows NT 6.1.7601 SP1 x86_64) (WARNING: The server did not provide any stacktrace information)
Command duration or timeout: 0 milliseconds
Build info: version: '3.7.1', revision: '8a0099a', time: '2017-11-06T21:07:36.161Z'
System info: host: 'JUNAID', ip: '200.199.80.62', os.name: 'Windows 7', os.arch: 'amd64', os.version: '6.1', java.version: '1.8.0_181'
Driver info: com.kms.katalon.selenium.driver.CChromeDriver
Capabilities {acceptInsecureCerts: false, acceptSslCerts: false, applicationCacheEnabled: false, browserConnectionEnabled: false, browserName: chrome, chrome: {chromedriverVersion: 2.43.600210 (68dcf5eebde371..., userDataDir: C:\Users\JUNAID~1.TAR\AppDa...}, cssSelectorsEnabled: true, databaseEnabled: false, goog:chromeOptions: {debuggerAddress: localhost:49954}, handlesAlerts: true, hasTouchScreen: false, javascriptEnabled: true, locationContextEnabled: true, mobileEmulationEnabled: false, nativeEvents: true, networkConnectionEnabled: false, pageLoadStrategy: normal, platform: XP, platformName: XP, rotatable: false, setWindowRect: true, takesHeapSnapshot: true, takesScreenshot: true, unexpectedAlertBehaviour: , unhandledPromptBehavior: , version: 70.0.3538.110, webStorageEnabled: true}
Session ID: 1aeb62ff6af05e1e2e050ec2ac7391ab)
	at com.kms.katalon.core.keyword.internal.KeywordMain.stepFailed(KeywordMain.groovy:36)
	at com.kms.katalon.core.webui.keyword.internal.WebUIKeywordMain.stepFailed(WebUIKeywordMain.groovy:65)
	at com.kms.katalon.core.webui.keyword.internal.WebUIKeywordMain.runKeyword(WebUIKeywordMain.groovy:27)
	at com.kms.katalon.core.webui.keyword.builtin.ClickKeyword.click(ClickKeyword.groovy:86)
	at com.kms.katalon.core.webui.keyword.builtin.ClickKeyword.execute(ClickKeyword.groovy:67)
	at com.kms.katalon.core.keyword.internal.KeywordExecutor.executeKeywordForPlatform(KeywordExecutor.groovy:53)
	at com.kms.katalon.core.webui.keyword.WebUiBuiltInKeywords.click(WebUiBuiltInKeywords.groovy:616)
	at com.kms.katalon.core.webui.keyword.WebUiBuiltInKeywords$click$4.call(Unknown Source)
	at TC_1_Create_Banner.run(TC_1_Create_Banner:49)
	at com.kms.katalon.core.main.ScriptEngine.run(ScriptEngine.java:194)
	at com.kms.katalon.core.main.ScriptEngine.runScriptAsRawText(ScriptEngine.java:119)
	at com.kms.katalon.core.main.TestCaseExecutor.runScript(TestCaseExecutor.java:321)
	at com.kms.katalon.core.main.TestCaseExecutor.doExecute(TestCaseExecutor.java:312)
	at com.kms.katalon.core.main.TestCaseExecutor.processExecutionPhase(TestCaseExecutor.java:291)
	at com.kms.katalon.core.main.TestCaseExecutor.accessMainPhase(TestCaseExecutor.java:283)
	at com.kms.katalon.core.main.TestCaseExecutor.execute(TestCaseExecutor.java:222)
	at com.kms.katalon.core.main.TestSuiteExecutor.accessTestCaseMainPhase(TestSuiteExecutor.java:129)
	at com.kms.katalon.core.main.TestSuiteExecutor.accessTestSuiteMainPhase(TestSuiteExecutor.java:112)
	at com.kms.katalon.core.main.TestSuiteExecutor.execute(TestSuiteExecutor.java:81)
	at com.kms.katalon.core.main.TestCaseMain.startTestSuite(TestCaseMain.java:149)
	at com.kms.katalon.core.main.TestCaseMain$startTestSuite$0.call(Unknown Source)
	at TempTestSuite1545035896839.run(TempTestSuite1545035896839.groovy:36)
"/>
         <system-out><![CDATA[2018-12-17 13:38:37 - [TEST_CASE][FAILED] - Test Cases/Regression_TF_Customer/Create_Record/TC_1_Create_Banner: Test Cases/Regression_TF_Customer/Create_Record/TC_1_Create_Banner FAILED.
Reason:
com.kms.katalon.core.exception.StepFailedException: Unable to click on object 'Object Repository/TF_Customer_Create/3_Common_Action_Buttons/Click_Save_Button/btn_Save' (Root cause: org.openqa.selenium.WebDriverException: unknown error: Element <td class="middle">...</td> is not clickable at point (1497, 52). Other element would receive the click: <div class="blockUI blockOverlay" style="z-index: 1000; border: none; margin: 0px; padding: 0px; width: 100%; height: 100%; top: 0px; left: 0px; background-color: transparent; opacity: 0.281163; cursor: default; position: fixed;"></div>
  (Session info: chrome=70.0.3538.110)
  (Driver info: chromedriver=2.43.600210 (68dcf5eebde37173d4027fa8635e332711d2874a),platform=Windows NT 6.1.7601 SP1 x86_64) (WARNING: The server did not provide any stacktrace information)
Command duration or timeout: 0 milliseconds
Build info: version: '3.7.1', revision: '8a0099a', time: '2017-11-06T21:07:36.161Z'
System info: host: 'JUNAID', ip: '200.199.80.62', os.name: 'Windows 7', os.arch: 'amd64', os.version: '6.1', java.version: '1.8.0_181'
Driver info: com.kms.katalon.selenium.driver.CChromeDriver
Capabilities {acceptInsecureCerts: false, acceptSslCerts: false, applicationCacheEnabled: false, browserConnectionEnabled: false, browserName: chrome, chrome: {chromedriverVersion: 2.43.600210 (68dcf5eebde371..., userDataDir: C:\Users\JUNAID~1.TAR\AppDa...}, cssSelectorsEnabled: true, databaseEnabled: false, goog:chromeOptions: {debuggerAddress: localhost:49954}, handlesAlerts: true, hasTouchScreen: false, javascriptEnabled: true, locationContextEnabled: true, mobileEmulationEnabled: false, nativeEvents: true, networkConnectionEnabled: false, pageLoadStrategy: normal, platform: XP, platformName: XP, rotatable: false, setWindowRect: true, takesHeapSnapshot: true, takesScreenshot: true, unexpectedAlertBehaviour: , unhandledPromptBehavior: , version: 70.0.3538.110, webStorageEnabled: true}
Session ID: 1aeb62ff6af05e1e2e050ec2ac7391ab)
	at com.kms.katalon.core.keyword.internal.KeywordMain.stepFailed(KeywordMain.groovy:36)
	at com.kms.katalon.core.webui.keyword.internal.WebUIKeywordMain.stepFailed(WebUIKeywordMain.groovy:65)
	at com.kms.katalon.core.webui.keyword.internal.WebUIKeywordMain.runKeyword(WebUIKeywordMain.groovy:27)
	at com.kms.katalon.core.webui.keyword.builtin.ClickKeyword.click(ClickKeyword.groovy:86)
	at com.kms.katalon.core.webui.keyword.builtin.ClickKeyword.execute(ClickKeyword.groovy:67)
	at com.kms.katalon.core.keyword.internal.KeywordExecutor.executeKeywordForPlatform(KeywordExecutor.groovy:53)
	at com.kms.katalon.core.webui.keyword.WebUiBuiltInKeywords.click(WebUiBuiltInKeywords.groovy:616)
	at com.kms.katalon.core.webui.keyword.WebUiBuiltInKeywords$click$4.call(Unknown Source)
	at TC_1_Create_Banner.run(TC_1_Create_Banner:49)
	at com.kms.katalon.core.main.ScriptEngine.run(ScriptEngine.java:194)
	at com.kms.katalon.core.main.ScriptEngine.runScriptAsRawText(ScriptEngine.java:119)
	at com.kms.katalon.core.main.TestCaseExecutor.runScript(TestCaseExecutor.java:321)
	at com.kms.katalon.core.main.TestCaseExecutor.doExecute(TestCaseExecutor.java:312)
	at com.kms.katalon.core.main.TestCaseExecutor.processExecutionPhase(TestCaseExecutor.java:291)
	at com.kms.katalon.core.main.TestCaseExecutor.accessMainPhase(TestCaseExecutor.java:283)
	at com.kms.katalon.core.main.TestCaseExecutor.execute(TestCaseExecutor.java:222)
	at com.kms.katalon.core.main.TestSuiteExecutor.accessTestCaseMainPhase(TestSuiteExecutor.java:129)
	at com.kms.katalon.core.main.TestSuiteExecutor.accessTestSuiteMainPhase(TestSuiteExecutor.java:112)
	at com.kms.katalon.core.main.TestSuiteExecutor.execute(TestSuiteExecutor.java:81)
	at com.kms.katalon.core.main.TestCaseMain.startTestSuite(TestCaseMain.java:149)
	at com.kms.katalon.core.main.TestCaseMain$startTestSuite$0.call(Unknown Source)
	at TempTestSuite1545035896839.run(TempTestSuite1545035896839.groovy:36)


2018-12-17 13:38:38 - [TEST_STEP][PASSED] - delay(6): Delayed 6 second(s)

2018-12-17 13:38:44 - [MESSAGE][PASSED] - Delayed 6 second(s)

2018-12-17 13:38:44 - [TEST_STEP][PASSED] - mouseOver(findTestObject("TF_Customer_Create/1_Menu_Navigation_To_Open_All_Pages/0_Menu_Create_In_Data_View")): Object: 'Object Repository/TF_Customer_Create/1_Menu_Navigation_To_Open_All_Pages/0_Menu_Create_In_Data_View' is hovered

2018-12-17 13:38:44 - [MESSAGE][PASSED] - Object: 'Object Repository/TF_Customer_Create/1_Menu_Navigation_To_Open_All_Pages/0_Menu_Create_In_Data_View' is hovered

2018-12-17 13:38:44 - [TEST_STEP][PASSED] - waitForPageLoad(G_Timeout): Wait for page load successfully

2018-12-17 13:38:44 - [MESSAGE][PASSED] - Wait for page load successfully

2018-12-17 13:38:44 - [TEST_STEP][PASSED] - mouseOver(findTestObject("TF_Customer_Create/1_Menu_Navigation_To_Open_All_Pages/1_Menu_Create_Master_Data")): Object: 'Object Repository/TF_Customer_Create/1_Menu_Navigation_To_Open_All_Pages/1_Menu_Create_Master_Data' is hovered

2018-12-17 13:38:44 - [MESSAGE][PASSED] - Object: 'Object Repository/TF_Customer_Create/1_Menu_Navigation_To_Open_All_Pages/1_Menu_Create_Master_Data' is hovered

2018-12-17 13:38:44 - [TEST_STEP][PASSED] - waitForPageLoad(G_Timeout): Wait for page load successfully

2018-12-17 13:38:44 - [MESSAGE][PASSED] - Wait for page load successfully

2018-12-17 13:38:44 - [TEST_STEP][PASSED] - click(findTestObject("TF_Customer_Create/2_Select_Menu_Options(All)/1_Menu_Banner")): Object: 'Object Repository/TF_Customer_Create/2_Select_Menu_Options(All)/1_Menu_Banner' is clicked on

2018-12-17 13:38:45 - [MESSAGE][PASSED] - Object: 'Object Repository/TF_Customer_Create/2_Select_Menu_Options(All)/1_Menu_Banner' is clicked on

2018-12-17 13:38:45 - [TEST_STEP][PASSED] - waitForPageLoad(G_Timeout): Wait for page load successfully

2018-12-17 13:38:45 - [MESSAGE][PASSED] - Wait for page load successfully

2018-12-17 13:38:45 - [TEST_STEP][PASSED] - delay(4): Delayed 4 second(s)

2018-12-17 13:38:49 - [MESSAGE][PASSED] - Delayed 4 second(s)

2018-12-17 13:38:49 - [TEST_STEP][PASSED] - setText(findTestObject("TF_Customer_Create/4_Create_Objects_And_Save/1_Create_Banner/Input_Banner_Name/input_Banner_Nm"), Inpt_Banner_Name): Text 'TEST_BANNER_214' is set on object 'Object Repository/TF_Customer_Create/4_Create_Objects_And_Save/1_Create_Banner/Input_Banner_Name/input_Banner_Nm'

2018-12-17 13:38:49 - [MESSAGE][PASSED] - Text 'TEST_BANNER_214' is set on object 'Object Repository/TF_Customer_Create/4_Create_Objects_And_Save/1_Create_Banner/Input_Banner_Name/input_Banner_Nm'

2018-12-17 13:38:49 - [TEST_STEP][PASSED] - delay(3): Delayed 3 second(s)

2018-12-17 13:38:52 - [MESSAGE][PASSED] - Delayed 3 second(s)

2018-12-17 13:38:52 - [TEST_STEP][PASSED] - click(findTestObject("TF_Customer_Create/3_Common_Action_Buttons/Click_Apply_Button/td_Apply")): Object: 'Object Repository/TF_Customer_Create/3_Common_Action_Buttons/Click_Apply_Button/td_Apply' is clicked on

2018-12-17 13:38:52 - [MESSAGE][PASSED] - Object: 'Object Repository/TF_Customer_Create/3_Common_Action_Buttons/Click_Apply_Button/td_Apply' is clicked on

2018-12-17 13:38:52 - [TEST_STEP][PASSED] - delay(2): Delayed 2 second(s)

2018-12-17 13:38:54 - [MESSAGE][PASSED] - Delayed 2 second(s)

2018-12-17 13:38:54 - [TEST_STEP][FAILED] - click(findTestObject("TF_Customer_Create/3_Common_Action_Buttons/Click_Save_Button/btn_Save")): click(findTestObject("TF_Customer_Create/3_Common_Action_Buttons/Click_Save_Button/btn_Save")) FAILED.
Reason:
com.kms.katalon.core.exception.StepFailedException: Unable to click on object 'Object Repository/TF_Customer_Create/3_Common_Action_Buttons/Click_Save_Button/btn_Save' (Root cause: org.openqa.selenium.WebDriverException: unknown error: Element <td class="middle">...</td> is not clickable at point (1497, 52). Other element would receive the click: <div class="blockUI blockOverlay" style="z-index: 1000; border: none; margin: 0px; padding: 0px; width: 100%; height: 100%; top: 0px; left: 0px; background-color: transparent; opacity: 0.281163; cursor: default; position: fixed;"></div>
  (Session info: chrome=70.0.3538.110)
  (Driver info: chromedriver=2.43.600210 (68dcf5eebde37173d4027fa8635e332711d2874a),platform=Windows NT 6.1.7601 SP1 x86_64) (WARNING: The server did not provide any stacktrace information)
Command duration or timeout: 0 milliseconds
Build info: version: '3.7.1', revision: '8a0099a', time: '2017-11-06T21:07:36.161Z'
System info: host: 'JUNAID', ip: '200.199.80.62', os.name: 'Windows 7', os.arch: 'amd64', os.version: '6.1', java.version: '1.8.0_181'
Driver info: com.kms.katalon.selenium.driver.CChromeDriver
Capabilities {acceptInsecureCerts: false, acceptSslCerts: false, applicationCacheEnabled: false, browserConnectionEnabled: false, browserName: chrome, chrome: {chromedriverVersion: 2.43.600210 (68dcf5eebde371..., userDataDir: C:\Users\JUNAID~1.TAR\AppDa...}, cssSelectorsEnabled: true, databaseEnabled: false, goog:chromeOptions: {debuggerAddress: localhost:49954}, handlesAlerts: true, hasTouchScreen: false, javascriptEnabled: true, locationContextEnabled: true, mobileEmulationEnabled: false, nativeEvents: true, networkConnectionEnabled: false, pageLoadStrategy: normal, platform: XP, platformName: XP, rotatable: false, setWindowRect: true, takesHeapSnapshot: true, takesScreenshot: true, unexpectedAlertBehaviour: , unhandledPromptBehavior: , version: 70.0.3538.110, webStorageEnabled: true}
Session ID: 1aeb62ff6af05e1e2e050ec2ac7391ab)
	at com.kms.katalon.core.keyword.internal.KeywordMain.stepFailed(KeywordMain.groovy:36)
	at com.kms.katalon.core.webui.keyword.internal.WebUIKeywordMain.stepFailed(WebUIKeywordMain.groovy:65)
	at com.kms.katalon.core.webui.keyword.internal.WebUIKeywordMain.runKeyword(WebUIKeywordMain.groovy:27)
	at com.kms.katalon.core.webui.keyword.builtin.ClickKeyword.click(ClickKeyword.groovy:86)
	at com.kms.katalon.core.webui.keyword.builtin.ClickKeyword.execute(ClickKeyword.groovy:67)
	at com.kms.katalon.core.keyword.internal.KeywordExecutor.executeKeywordForPlatform(KeywordExecutor.groovy:53)
	at com.kms.katalon.core.webui.keyword.WebUiBuiltInKeywords.click(WebUiBuiltInKeywords.groovy:616)
	at com.kms.katalon.core.webui.keyword.WebUiBuiltInKeywords$click$4.call(Unknown Source)
	at TC_1_Create_Banner.run(TC_1_Create_Banner:49)
	at com.kms.katalon.core.main.ScriptEngine.run(ScriptEngine.java:194)
	at com.kms.katalon.core.main.ScriptEngine.runScriptAsRawText(ScriptEngine.java:119)
	at com.kms.katalon.core.main.TestCaseExecutor.runScript(TestCaseExecutor.java:321)
	at com.kms.katalon.core.main.TestCaseExecutor.doExecute(TestCaseExecutor.java:312)
	at com.kms.katalon.core.main.TestCaseExecutor.processExecutionPhase(TestCaseExecutor.java:291)
	at com.kms.katalon.core.main.TestCaseExecutor.accessMainPhase(TestCaseExecutor.java:283)
	at com.kms.katalon.core.main.TestCaseExecutor.execute(TestCaseExecutor.java:222)
	at com.kms.katalon.core.main.TestSuiteExecutor.accessTestCaseMainPhase(TestSuiteExecutor.java:129)
	at com.kms.katalon.core.main.TestSuiteExecutor.accessTestSuiteMainPhase(TestSuiteExecutor.java:112)
	at com.kms.katalon.core.main.TestSuiteExecutor.execute(TestSuiteExecutor.java:81)
	at com.kms.katalon.core.main.TestCaseMain.startTestSuite(TestCaseMain.java:149)
	at com.kms.katalon.core.main.TestCaseMain$startTestSuite$0.call(Unknown Source)
	at TempTestSuite1545035896839.run(TempTestSuite1545035896839.groovy:36)


2018-12-17 13:39:07 - [MESSAGE][FAILED] - Unable to click on object 'Object Repository/TF_Customer_Create/3_Common_Action_Buttons/Click_Save_Button/btn_Save' (Root cause: org.openqa.selenium.WebDriverException: unknown error: Element <td class="middle">...</td> is not clickable at point (1497, 52). Other element would receive the click: <div class="blockUI blockOverlay" style="z-index: 1000; border: none; margin: 0px; padding: 0px; width: 100%; height: 100%; top: 0px; left: 0px; background-color: transparent; opacity: 0.281163; cursor: default; position: fixed;"></div>
  (Session info: chrome=70.0.3538.110)
  (Driver info: chromedriver=2.43.600210 (68dcf5eebde37173d4027fa8635e332711d2874a),platform=Windows NT 6.1.7601 SP1 x86_64) (WARNING: The server did not provide any stacktrace information)
Command duration or timeout: 0 milliseconds
Build info: version: '3.7.1', revision: '8a0099a', time: '2017-11-06T21:07:36.161Z'
System info: host: 'JUNAID', ip: '200.199.80.62', os.name: 'Windows 7', os.arch: 'amd64', os.version: '6.1', java.version: '1.8.0_181'
Driver info: com.kms.katalon.selenium.driver.CChromeDriver
Capabilities {acceptInsecureCerts: false, acceptSslCerts: false, applicationCacheEnabled: false, browserConnectionEnabled: false, browserName: chrome, chrome: {chromedriverVersion: 2.43.600210 (68dcf5eebde371..., userDataDir: C:\Users\JUNAID~1.TAR\AppDa...}, cssSelectorsEnabled: true, databaseEnabled: false, goog:chromeOptions: {debuggerAddress: localhost:49954}, handlesAlerts: true, hasTouchScreen: false, javascriptEnabled: true, locationContextEnabled: true, mobileEmulationEnabled: false, nativeEvents: true, networkConnectionEnabled: false, pageLoadStrategy: normal, platform: XP, platformName: XP, rotatable: false, setWindowRect: true, takesHeapSnapshot: true, takesScreenshot: true, unexpectedAlertBehaviour: , unhandledPromptBehavior: , version: 70.0.3538.110, webStorageEnabled: true}
Session ID: 1aeb62ff6af05e1e2e050ec2ac7391ab)
[[ATTACHMENT|D:\\Katalon\\Projects\\Trade_Funds\\TF_Regression\\Reports\\1_Regression_Test\\20181217_133816\\1545035946696.png]]

2018-12-17 13:39:07 - [MESSAGE][FAILED] - click(findTestObject("TF_Customer_Create/3_Common_Action_Buttons/Click_Save_Button/btn_Save")) FAILED.
Reason:
com.kms.katalon.core.exception.StepFailedException: Unable to click on object 'Object Repository/TF_Customer_Create/3_Common_Action_Buttons/Click_Save_Button/btn_Save' (Root cause: org.openqa.selenium.WebDriverException: unknown error: Element <td class="middle">...</td> is not clickable at point (1497, 52). Other element would receive the click: <div class="blockUI blockOverlay" style="z-index: 1000; border: none; margin: 0px; padding: 0px; width: 100%; height: 100%; top: 0px; left: 0px; background-color: transparent; opacity: 0.281163; cursor: default; position: fixed;"></div>
  (Session info: chrome=70.0.3538.110)
  (Driver info: chromedriver=2.43.600210 (68dcf5eebde37173d4027fa8635e332711d2874a),platform=Windows NT 6.1.7601 SP1 x86_64) (WARNING: The server did not provide any stacktrace information)
Command duration or timeout: 0 milliseconds
Build info: version: '3.7.1', revision: '8a0099a', time: '2017-11-06T21:07:36.161Z'
System info: host: 'JUNAID', ip: '200.199.80.62', os.name: 'Windows 7', os.arch: 'amd64', os.version: '6.1', java.version: '1.8.0_181'
Driver info: com.kms.katalon.selenium.driver.CChromeDriver
Capabilities {acceptInsecureCerts: false, acceptSslCerts: false, applicationCacheEnabled: false, browserConnectionEnabled: false, browserName: chrome, chrome: {chromedriverVersion: 2.43.600210 (68dcf5eebde371..., userDataDir: C:\Users\JUNAID~1.TAR\AppDa...}, cssSelectorsEnabled: true, databaseEnabled: false, goog:chromeOptions: {debuggerAddress: localhost:49954}, handlesAlerts: true, hasTouchScreen: false, javascriptEnabled: true, locationContextEnabled: true, mobileEmulationEnabled: false, nativeEvents: true, networkConnectionEnabled: false, pageLoadStrategy: normal, platform: XP, platformName: XP, rotatable: false, setWindowRect: true, takesHeapSnapshot: true, takesScreenshot: true, unexpectedAlertBehaviour: , unhandledPromptBehavior: , version: 70.0.3538.110, webStorageEnabled: true}
Session ID: 1aeb62ff6af05e1e2e050ec2ac7391ab)
	at com.kms.katalon.core.keyword.internal.KeywordMain.stepFailed(KeywordMain.groovy:36)
	at com.kms.katalon.core.webui.keyword.internal.WebUIKeywordMain.stepFailed(WebUIKeywordMain.groovy:65)
	at com.kms.katalon.core.webui.keyword.internal.WebUIKeywordMain.runKeyword(WebUIKeywordMain.groovy:27)
	at com.kms.katalon.core.webui.keyword.builtin.ClickKeyword.click(ClickKeyword.groovy:86)
	at com.kms.katalon.core.webui.keyword.builtin.ClickKeyword.execute(ClickKeyword.groovy:67)
	at com.kms.katalon.core.keyword.internal.KeywordExecutor.executeKeywordForPlatform(KeywordExecutor.groovy:53)
	at com.kms.katalon.core.webui.keyword.WebUiBuiltInKeywords.click(WebUiBuiltInKeywords.groovy:616)
	at com.kms.katalon.core.webui.keyword.WebUiBuiltInKeywords$click$4.call(Unknown Source)
	at TC_1_Create_Banner.run(TC_1_Create_Banner:49)
	at com.kms.katalon.core.main.ScriptEngine.run(ScriptEngine.java:194)
	at com.kms.katalon.core.main.ScriptEngine.runScriptAsRawText(ScriptEngine.java:119)
	at com.kms.katalon.core.main.TestCaseExecutor.runScript(TestCaseExecutor.java:321)
	at com.kms.katalon.core.main.TestCaseExecutor.doExecute(TestCaseExecutor.java:312)
	at com.kms.katalon.core.main.TestCaseExecutor.processExecutionPhase(TestCaseExecutor.java:291)
	at com.kms.katalon.core.main.TestCaseExecutor.accessMainPhase(TestCaseExecutor.java:283)
	at com.kms.katalon.core.main.TestCaseExecutor.execute(TestCaseExecutor.java:222)
	at com.kms.katalon.core.main.TestSuiteExecutor.accessTestCaseMainPhase(TestSuiteExecutor.java:129)
	at com.kms.katalon.core.main.TestSuiteExecutor.accessTestSuiteMainPhase(TestSuiteExecutor.java:112)
	at com.kms.katalon.core.main.TestSuiteExecutor.execute(TestSuiteExecutor.java:81)
	at com.kms.katalon.core.main.TestCaseMain.startTestSuite(TestCaseMain.java:149)
	at com.kms.katalon.core.main.TestCaseMain$startTestSuite$0.call(Unknown Source)
	at TempTestSuite1545035896839.run(TempTestSuite1545035896839.groovy:36)]]></system-out>
         <system-err><![CDATA[2018-12-17 13:38:37 - [TEST_CASE][FAILED] - Test Cases/Regression_TF_Customer/Create_Record/TC_1_Create_Banner: Test Cases/Regression_TF_Customer/Create_Record/TC_1_Create_Banner FAILED.
Reason:
com.kms.katalon.core.exception.StepFailedException: Unable to click on object 'Object Repository/TF_Customer_Create/3_Common_Action_Buttons/Click_Save_Button/btn_Save' (Root cause: org.openqa.selenium.WebDriverException: unknown error: Element <td class="middle">...</td> is not clickable at point (1497, 52). Other element would receive the click: <div class="blockUI blockOverlay" style="z-index: 1000; border: none; margin: 0px; padding: 0px; width: 100%; height: 100%; top: 0px; left: 0px; background-color: transparent; opacity: 0.281163; cursor: default; position: fixed;"></div>
  (Session info: chrome=70.0.3538.110)
  (Driver info: chromedriver=2.43.600210 (68dcf5eebde37173d4027fa8635e332711d2874a),platform=Windows NT 6.1.7601 SP1 x86_64) (WARNING: The server did not provide any stacktrace information)
Command duration or timeout: 0 milliseconds
Build info: version: '3.7.1', revision: '8a0099a', time: '2017-11-06T21:07:36.161Z'
System info: host: 'JUNAID', ip: '200.199.80.62', os.name: 'Windows 7', os.arch: 'amd64', os.version: '6.1', java.version: '1.8.0_181'
Driver info: com.kms.katalon.selenium.driver.CChromeDriver
Capabilities {acceptInsecureCerts: false, acceptSslCerts: false, applicationCacheEnabled: false, browserConnectionEnabled: false, browserName: chrome, chrome: {chromedriverVersion: 2.43.600210 (68dcf5eebde371..., userDataDir: C:\Users\JUNAID~1.TAR\AppDa...}, cssSelectorsEnabled: true, databaseEnabled: false, goog:chromeOptions: {debuggerAddress: localhost:49954}, handlesAlerts: true, hasTouchScreen: false, javascriptEnabled: true, locationContextEnabled: true, mobileEmulationEnabled: false, nativeEvents: true, networkConnectionEnabled: false, pageLoadStrategy: normal, platform: XP, platformName: XP, rotatable: false, setWindowRect: true, takesHeapSnapshot: true, takesScreenshot: true, unexpectedAlertBehaviour: , unhandledPromptBehavior: , version: 70.0.3538.110, webStorageEnabled: true}
Session ID: 1aeb62ff6af05e1e2e050ec2ac7391ab)
	at com.kms.katalon.core.keyword.internal.KeywordMain.stepFailed(KeywordMain.groovy:36)
	at com.kms.katalon.core.webui.keyword.internal.WebUIKeywordMain.stepFailed(WebUIKeywordMain.groovy:65)
	at com.kms.katalon.core.webui.keyword.internal.WebUIKeywordMain.runKeyword(WebUIKeywordMain.groovy:27)
	at com.kms.katalon.core.webui.keyword.builtin.ClickKeyword.click(ClickKeyword.groovy:86)
	at com.kms.katalon.core.webui.keyword.builtin.ClickKeyword.execute(ClickKeyword.groovy:67)
	at com.kms.katalon.core.keyword.internal.KeywordExecutor.executeKeywordForPlatform(KeywordExecutor.groovy:53)
	at com.kms.katalon.core.webui.keyword.WebUiBuiltInKeywords.click(WebUiBuiltInKeywords.groovy:616)
	at com.kms.katalon.core.webui.keyword.WebUiBuiltInKeywords$click$4.call(Unknown Source)
	at TC_1_Create_Banner.run(TC_1_Create_Banner:49)
	at com.kms.katalon.core.main.ScriptEngine.run(ScriptEngine.java:194)
	at com.kms.katalon.core.main.ScriptEngine.runScriptAsRawText(ScriptEngine.java:119)
	at com.kms.katalon.core.main.TestCaseExecutor.runScript(TestCaseExecutor.java:321)
	at com.kms.katalon.core.main.TestCaseExecutor.doExecute(TestCaseExecutor.java:312)
	at com.kms.katalon.core.main.TestCaseExecutor.processExecutionPhase(TestCaseExecutor.java:291)
	at com.kms.katalon.core.main.TestCaseExecutor.accessMainPhase(TestCaseExecutor.java:283)
	at com.kms.katalon.core.main.TestCaseExecutor.execute(TestCaseExecutor.java:222)
	at com.kms.katalon.core.main.TestSuiteExecutor.accessTestCaseMainPhase(TestSuiteExecutor.java:129)
	at com.kms.katalon.core.main.TestSuiteExecutor.accessTestSuiteMainPhase(TestSuiteExecutor.java:112)
	at com.kms.katalon.core.main.TestSuiteExecutor.execute(TestSuiteExecutor.java:81)
	at com.kms.katalon.core.main.TestCaseMain.startTestSuite(TestCaseMain.java:149)
	at com.kms.katalon.core.main.TestCaseMain$startTestSuite$0.call(Unknown Source)
	at TempTestSuite1545035896839.run(TempTestSuite1545035896839.groovy:36)]]></system-err>
      </testcase>
      <testcase name="Test Cases/Regression_TF_Customer/Create_Record/TC_2_Create_RGM_Designated_Baseline" classname="Test Cases/Regression_TF_Customer/Create_Record/TC_2_Create_RGM_Designated_Baseline" status="PASSED">
         <system-out><![CDATA[2018-12-17 13:39:07 - [TEST_CASE][PASSED] - Test Cases/Regression_TF_Customer/Create_Record/TC_2_Create_RGM_Designated_Baseline: Test Cases/Regression_TF_Customer/Create_Record/TC_2_Create_RGM_Designated_Baseline

2018-12-17 13:39:07 - [TEST_STEP][PASSED] - waitForPageLoad(G_Timeout): Wait for page load successfully

2018-12-17 13:39:07 - [MESSAGE][PASSED] - Wait for page load successfully

2018-12-17 13:39:07 - [TEST_STEP][PASSED] - mouseOver(findTestObject("TF_Customer_Create/1_Menu_Navigation_To_Open_All_Pages/0_Menu_Create_In_Data_View")): Object: 'Object Repository/TF_Customer_Create/1_Menu_Navigation_To_Open_All_Pages/0_Menu_Create_In_Data_View' is hovered

2018-12-17 13:39:07 - [MESSAGE][PASSED] - Object: 'Object Repository/TF_Customer_Create/1_Menu_Navigation_To_Open_All_Pages/0_Menu_Create_In_Data_View' is hovered

2018-12-17 13:39:07 - [TEST_STEP][PASSED] - waitForPageLoad(G_Timeout): Wait for page load successfully

2018-12-17 13:39:07 - [MESSAGE][PASSED] - Wait for page load successfully

2018-12-17 13:39:07 - [TEST_STEP][PASSED] - mouseOver(findTestObject("TF_Customer_Create/1_Menu_Navigation_To_Open_All_Pages/1_Menu_Create_Master_Data")): Object: 'Object Repository/TF_Customer_Create/1_Menu_Navigation_To_Open_All_Pages/1_Menu_Create_Master_Data' is hovered

2018-12-17 13:39:07 - [MESSAGE][PASSED] - Object: 'Object Repository/TF_Customer_Create/1_Menu_Navigation_To_Open_All_Pages/1_Menu_Create_Master_Data' is hovered

2018-12-17 13:39:07 - [TEST_STEP][PASSED] - waitForPageLoad(G_Timeout): Wait for page load successfully

2018-12-17 13:39:07 - [MESSAGE][PASSED] - Wait for page load successfully

2018-12-17 13:39:07 - [TEST_STEP][PASSED] - click(findTestObject("TF_Customer_Create/2_Select_Menu_Options(All)/2_Menu_RGM Designated Baseline")): Object: 'Object Repository/TF_Customer_Create/2_Select_Menu_Options(All)/2_Menu_RGM Designated Baseline' is clicked on

2018-12-17 13:39:07 - [MESSAGE][PASSED] - Object: 'Object Repository/TF_Customer_Create/2_Select_Menu_Options(All)/2_Menu_RGM Designated Baseline' is clicked on

2018-12-17 13:39:07 - [TEST_STEP][PASSED] - waitForPageLoad(G_Timeout): Wait for page load successfully

2018-12-17 13:39:07 - [MESSAGE][PASSED] - Wait for page load successfully

2018-12-17 13:39:07 - [TEST_STEP][PASSED] - delay(3): Delayed 3 second(s)

2018-12-17 13:39:10 - [MESSAGE][PASSED] - Delayed 3 second(s)

2018-12-17 13:39:10 - [TEST_STEP][PASSED] - setText(findTestObject("TF_Customer_Create/4_Create_Objects_And_Save/2_Create_RGM_Designated_Baseline/Input_RGM_Name/input_RGM_Nm"), input_RGM_Name): Text 'TEST_RGM_021' is set on object 'Object Repository/TF_Customer_Create/4_Create_Objects_And_Save/2_Create_RGM_Designated_Baseline/Input_RGM_Name/input_RGM_Nm'

2018-12-17 13:39:11 - [MESSAGE][PASSED] - Text 'TEST_RGM_021' is set on object 'Object Repository/TF_Customer_Create/4_Create_Objects_And_Save/2_Create_RGM_Designated_Baseline/Input_RGM_Name/input_RGM_Nm'

2018-12-17 13:39:11 - [TEST_STEP][PASSED] - delay(2): Delayed 2 second(s)

2018-12-17 13:39:13 - [MESSAGE][PASSED] - Delayed 2 second(s)

2018-12-17 13:39:13 - [TEST_STEP][PASSED] - click(findTestObject("TF_Customer_Create/3_Common_Action_Buttons/Click_Apply_Button/td_Apply")): Object: 'Object Repository/TF_Customer_Create/3_Common_Action_Buttons/Click_Apply_Button/td_Apply' is clicked on

2018-12-17 13:39:13 - [MESSAGE][PASSED] - Object: 'Object Repository/TF_Customer_Create/3_Common_Action_Buttons/Click_Apply_Button/td_Apply' is clicked on

2018-12-17 13:39:13 - [TEST_STEP][PASSED] - delay(2): Delayed 2 second(s)

2018-12-17 13:39:15 - [MESSAGE][PASSED] - Delayed 2 second(s)

2018-12-17 13:39:15 - [TEST_STEP][PASSED] - click(findTestObject("TF_Customer_Create/3_Common_Action_Buttons/Click_Save_Button/btn_Save")): Object: 'Object Repository/TF_Customer_Create/3_Common_Action_Buttons/Click_Save_Button/btn_Save' is clicked on

2018-12-17 13:39:15 - [MESSAGE][PASSED] - Object: 'Object Repository/TF_Customer_Create/3_Common_Action_Buttons/Click_Save_Button/btn_Save' is clicked on

2018-12-17 13:39:15 - [TEST_STEP][PASSED] - delay(2): Delayed 2 second(s)

2018-12-17 13:39:17 - [MESSAGE][PASSED] - Delayed 2 second(s)

2018-12-17 13:39:17 - [TEST_STEP][PASSED] - verifyElementText(findTestObject("TF_Customer_Create/3_Common_Action_Buttons/Verify_Success_Message/Success_Message"), "Record has been saved successfully.", CONTINUE_ON_FAILURE): Actual text and expected text of test object 'Object Repository/TF_Customer_Create/3_Common_Action_Buttons/Verify_Success_Message/Success_Message' are matched.

2018-12-17 13:39:18 - [MESSAGE][PASSED] - Actual text and expected text of test object 'Object Repository/TF_Customer_Create/3_Common_Action_Buttons/Verify_Success_Message/Success_Message' are matched.

2018-12-17 13:39:18 - [TEST_STEP][PASSED] - click(findTestObject("TF_Customer_Create/3_Common_Action_Buttons/Click_Data_Tab/span_Data_Tab")): Object: 'Object Repository/TF_Customer_Create/3_Common_Action_Buttons/Click_Data_Tab/span_Data_Tab' is clicked on

2018-12-17 13:39:18 - [MESSAGE][PASSED] - Object: 'Object Repository/TF_Customer_Create/3_Common_Action_Buttons/Click_Data_Tab/span_Data_Tab' is clicked on

2018-12-17 13:39:18 - [TEST_STEP][PASSED] - delay(1): Delayed 1 second(s)

2018-12-17 13:39:19 - [MESSAGE][PASSED] - Delayed 1 second(s)

2018-12-17 13:39:19 - [TEST_STEP][PASSED] - click(findTestObject("TF_Customer_Create/3_Common_Action_Buttons/Click_Close_Button/btn_Close")): Object: 'Object Repository/TF_Customer_Create/3_Common_Action_Buttons/Click_Close_Button/btn_Close' is clicked on

2018-12-17 13:39:19 - [MESSAGE][PASSED] - Object: 'Object Repository/TF_Customer_Create/3_Common_Action_Buttons/Click_Close_Button/btn_Close' is clicked on

2018-12-17 13:39:19 - [TEST_STEP][PASSED] - delay(1): Delayed 1 second(s)

2018-12-17 13:39:20 - [MESSAGE][PASSED] - Delayed 1 second(s)

2018-12-17 13:39:20 - [TEST_STEP][PASSED] - vrfy_RGM = com.oracledb.regressiontest.verifyRGM(ora_connt, ora_usr, ora_psswrd, ora_schema, input_RGM_Name): com.oracledb.regressiontest.verifyRGM is PASSED

2018-12-17 13:39:23 - [MESSAGE][PASSED] - com.oracledb.regressiontest.verifyRGM is PASSED

2018-12-17 13:39:23 - [TEST_STEP][PASSED] - println("RGM_DESG_BASELINE_NAME"): null

2018-12-17 13:39:23 - [TEST_STEP][PASSED] - verifyEqual(RGM_DESG_BASELINE_NAME, input_RGM_Name): Actual object 'TEST_RGM_021' and expected object 'TEST_RGM_021' are equal

2018-12-17 13:39:23 - [MESSAGE][PASSED] - Actual object 'TEST_RGM_021' and expected object 'TEST_RGM_021' are equal]]></system-out>
         <system-err><![CDATA[]]></system-err>
      </testcase>
      <testcase name="Test Cases/Regression_TF_Customer/Create_Record/TC_3_Create_JMS_Sales_Org" classname="Test Cases/Regression_TF_Customer/Create_Record/TC_3_Create_JMS_Sales_Org" status="PASSED">
         <system-out><![CDATA[2018-12-17 13:39:23 - [TEST_CASE][PASSED] - Test Cases/Regression_TF_Customer/Create_Record/TC_3_Create_JMS_Sales_Org: Test Cases/Regression_TF_Customer/Create_Record/TC_3_Create_JMS_Sales_Org

2018-12-17 13:39:23 - [TEST_STEP][PASSED] - waitForPageLoad(G_Timeout): Wait for page load successfully

2018-12-17 13:39:23 - [MESSAGE][PASSED] - Wait for page load successfully

2018-12-17 13:39:23 - [TEST_STEP][PASSED] - mouseOver(findTestObject("TF_Customer_Create/1_Menu_Navigation_To_Open_All_Pages/0_Menu_Create_In_Data_View")): Object: 'Object Repository/TF_Customer_Create/1_Menu_Navigation_To_Open_All_Pages/0_Menu_Create_In_Data_View' is hovered

2018-12-17 13:39:23 - [MESSAGE][PASSED] - Object: 'Object Repository/TF_Customer_Create/1_Menu_Navigation_To_Open_All_Pages/0_Menu_Create_In_Data_View' is hovered

2018-12-17 13:39:23 - [TEST_STEP][PASSED] - waitForPageLoad(G_Timeout): Wait for page load successfully

2018-12-17 13:39:23 - [MESSAGE][PASSED] - Wait for page load successfully

2018-12-17 13:39:23 - [TEST_STEP][PASSED] - mouseOver(findTestObject("TF_Customer_Create/1_Menu_Navigation_To_Open_All_Pages/1_Menu_Create_Master_Data")): Object: 'Object Repository/TF_Customer_Create/1_Menu_Navigation_To_Open_All_Pages/1_Menu_Create_Master_Data' is hovered

2018-12-17 13:39:23 - [MESSAGE][PASSED] - Object: 'Object Repository/TF_Customer_Create/1_Menu_Navigation_To_Open_All_Pages/1_Menu_Create_Master_Data' is hovered

2018-12-17 13:39:23 - [TEST_STEP][PASSED] - waitForPageLoad(G_Timeout): Wait for page load successfully

2018-12-17 13:39:23 - [MESSAGE][PASSED] - Wait for page load successfully

2018-12-17 13:39:23 - [TEST_STEP][PASSED] - click(findTestObject("TF_Customer_Create/2_Select_Menu_Options(All)/3_Menu_JMS Sales Organizations")): Object: 'Object Repository/TF_Customer_Create/2_Select_Menu_Options(All)/3_Menu_JMS Sales Organizations' is clicked on

2018-12-17 13:39:24 - [MESSAGE][PASSED] - Object: 'Object Repository/TF_Customer_Create/2_Select_Menu_Options(All)/3_Menu_JMS Sales Organizations' is clicked on

2018-12-17 13:39:24 - [TEST_STEP][PASSED] - waitForPageLoad(G_Timeout): Wait for page load successfully

2018-12-17 13:39:24 - [MESSAGE][PASSED] - Wait for page load successfully

2018-12-17 13:39:24 - [TEST_STEP][PASSED] - delay(3): Delayed 3 second(s)

2018-12-17 13:39:27 - [MESSAGE][PASSED] - Delayed 3 second(s)

2018-12-17 13:39:27 - [TEST_STEP][PASSED] - setText(findTestObject("TF_Customer_Create/4_Create_Objects_And_Save/3_Create_Sales_Org/Input_RGM_Code/input_Sales_Org_Code"), input_Sales_Org_Cd): Text '0322' is set on object 'Object Repository/TF_Customer_Create/4_Create_Objects_And_Save/3_Create_Sales_Org/Input_RGM_Code/input_Sales_Org_Code'

2018-12-17 13:39:27 - [MESSAGE][PASSED] - Text '0322' is set on object 'Object Repository/TF_Customer_Create/4_Create_Objects_And_Save/3_Create_Sales_Org/Input_RGM_Code/input_Sales_Org_Code'

2018-12-17 13:39:27 - [TEST_STEP][PASSED] - setText(findTestObject("TF_Customer_Create/4_Create_Objects_And_Save/3_Create_Sales_Org/Input_RGM_Name/input_Sales_Org_Name"), input_Sales_Org_Nm): Text 'TEST_SALES_ORG_022' is set on object 'Object Repository/TF_Customer_Create/4_Create_Objects_And_Save/3_Create_Sales_Org/Input_RGM_Name/input_Sales_Org_Name'

2018-12-17 13:39:27 - [MESSAGE][PASSED] - Text 'TEST_SALES_ORG_022' is set on object 'Object Repository/TF_Customer_Create/4_Create_Objects_And_Save/3_Create_Sales_Org/Input_RGM_Name/input_Sales_Org_Name'

2018-12-17 13:39:27 - [TEST_STEP][PASSED] - delay(2): Delayed 2 second(s)

2018-12-17 13:39:29 - [MESSAGE][PASSED] - Delayed 2 second(s)

2018-12-17 13:39:29 - [TEST_STEP][PASSED] - click(findTestObject("TF_Customer_Create/3_Common_Action_Buttons/Click_Apply_Button/td_Apply")): Object: 'Object Repository/TF_Customer_Create/3_Common_Action_Buttons/Click_Apply_Button/td_Apply' is clicked on

2018-12-17 13:39:29 - [MESSAGE][PASSED] - Object: 'Object Repository/TF_Customer_Create/3_Common_Action_Buttons/Click_Apply_Button/td_Apply' is clicked on

2018-12-17 13:39:29 - [TEST_STEP][PASSED] - delay(2): Delayed 2 second(s)

2018-12-17 13:39:31 - [MESSAGE][PASSED] - Delayed 2 second(s)

2018-12-17 13:39:31 - [TEST_STEP][PASSED] - click(findTestObject("TF_Customer_Create/3_Common_Action_Buttons/Click_Save_Button/btn_Save")): Object: 'Object Repository/TF_Customer_Create/3_Common_Action_Buttons/Click_Save_Button/btn_Save' is clicked on

2018-12-17 13:39:32 - [MESSAGE][PASSED] - Object: 'Object Repository/TF_Customer_Create/3_Common_Action_Buttons/Click_Save_Button/btn_Save' is clicked on

2018-12-17 13:39:32 - [TEST_STEP][PASSED] - delay(2): Delayed 2 second(s)

2018-12-17 13:39:34 - [MESSAGE][PASSED] - Delayed 2 second(s)

2018-12-17 13:39:34 - [TEST_STEP][PASSED] - verifyElementText(findTestObject("TF_Customer_Create/3_Common_Action_Buttons/Verify_Success_Message/Success_Message"), "Record has been saved successfully.", CONTINUE_ON_FAILURE): Actual text and expected text of test object 'Object Repository/TF_Customer_Create/3_Common_Action_Buttons/Verify_Success_Message/Success_Message' are matched.

2018-12-17 13:39:34 - [MESSAGE][PASSED] - Actual text and expected text of test object 'Object Repository/TF_Customer_Create/3_Common_Action_Buttons/Verify_Success_Message/Success_Message' are matched.

2018-12-17 13:39:34 - [TEST_STEP][PASSED] - click(findTestObject("TF_Customer_Create/3_Common_Action_Buttons/Click_Data_Tab/span_Data_Tab")): Object: 'Object Repository/TF_Customer_Create/3_Common_Action_Buttons/Click_Data_Tab/span_Data_Tab' is clicked on

2018-12-17 13:39:34 - [MESSAGE][PASSED] - Object: 'Object Repository/TF_Customer_Create/3_Common_Action_Buttons/Click_Data_Tab/span_Data_Tab' is clicked on

2018-12-17 13:39:34 - [TEST_STEP][PASSED] - delay(1): Delayed 1 second(s)

2018-12-17 13:39:35 - [MESSAGE][PASSED] - Delayed 1 second(s)

2018-12-17 13:39:35 - [TEST_STEP][PASSED] - click(findTestObject("TF_Customer_Create/3_Common_Action_Buttons/Click_Close_Button/btn_Close")): Object: 'Object Repository/TF_Customer_Create/3_Common_Action_Buttons/Click_Close_Button/btn_Close' is clicked on

2018-12-17 13:39:35 - [MESSAGE][PASSED] - Object: 'Object Repository/TF_Customer_Create/3_Common_Action_Buttons/Click_Close_Button/btn_Close' is clicked on

2018-12-17 13:39:35 - [TEST_STEP][PASSED] - delay(1): Delayed 1 second(s)

2018-12-17 13:39:36 - [MESSAGE][PASSED] - Delayed 1 second(s)

2018-12-17 13:39:36 - [TEST_STEP][PASSED] - vrfy_JMSORG = com.oracledb.regressiontest.verifySalesOrg(ora_connt, ora_usr, ora_psswrd, ora_schema, input_Sales_Org_Cd): com.oracledb.regressiontest.verifySalesOrg is PASSED

2018-12-17 13:39:39 - [MESSAGE][PASSED] - com.oracledb.regressiontest.verifySalesOrg is PASSED

2018-12-17 13:39:39 - [TEST_STEP][PASSED] - println("JMS SALES ORG CODE"): null

2018-12-17 13:39:39 - [TEST_STEP][PASSED] - verifyEqual(JMS_SALES_ORG_CODE, input_Sales_Org_Cd): Actual object '0322' and expected object '0322' are equal

2018-12-17 13:39:39 - [MESSAGE][PASSED] - Actual object '0322' and expected object '0322' are equal]]></system-out>
         <system-err><![CDATA[]]></system-err>
      </testcase>
      <testcase name="Test Cases/Regression_TF_Customer/Create_Record/TC_4_Create_Consumption_Baseline_Source" classname="Test Cases/Regression_TF_Customer/Create_Record/TC_4_Create_Consumption_Baseline_Source" status="PASSED">
         <system-out><![CDATA[2018-12-17 13:39:39 - [TEST_CASE][PASSED] - Test Cases/Regression_TF_Customer/Create_Record/TC_4_Create_Consumption_Baseline_Source: Test Cases/Regression_TF_Customer/Create_Record/TC_4_Create_Consumption_Baseline_Source

2018-12-17 13:39:39 - [TEST_STEP][PASSED] - waitForPageLoad(G_Timeout): Wait for page load successfully

2018-12-17 13:39:39 - [MESSAGE][PASSED] - Wait for page load successfully

2018-12-17 13:39:39 - [TEST_STEP][PASSED] - mouseOver(findTestObject("TF_Customer_Create/1_Menu_Navigation_To_Open_All_Pages/0_Menu_Create_In_Data_View")): Object: 'Object Repository/TF_Customer_Create/1_Menu_Navigation_To_Open_All_Pages/0_Menu_Create_In_Data_View' is hovered

2018-12-17 13:39:39 - [MESSAGE][PASSED] - Object: 'Object Repository/TF_Customer_Create/1_Menu_Navigation_To_Open_All_Pages/0_Menu_Create_In_Data_View' is hovered

2018-12-17 13:39:39 - [TEST_STEP][PASSED] - waitForPageLoad(G_Timeout): Wait for page load successfully

2018-12-17 13:39:39 - [MESSAGE][PASSED] - Wait for page load successfully

2018-12-17 13:39:39 - [TEST_STEP][PASSED] - mouseOver(findTestObject("TF_Customer_Create/1_Menu_Navigation_To_Open_All_Pages/1_Menu_Create_Master_Data")): Object: 'Object Repository/TF_Customer_Create/1_Menu_Navigation_To_Open_All_Pages/1_Menu_Create_Master_Data' is hovered

2018-12-17 13:39:39 - [MESSAGE][PASSED] - Object: 'Object Repository/TF_Customer_Create/1_Menu_Navigation_To_Open_All_Pages/1_Menu_Create_Master_Data' is hovered

2018-12-17 13:39:39 - [TEST_STEP][PASSED] - waitForPageLoad(G_Timeout): Wait for page load successfully

2018-12-17 13:39:39 - [MESSAGE][PASSED] - Wait for page load successfully

2018-12-17 13:39:39 - [TEST_STEP][PASSED] - click(findTestObject("TF_Customer_Create/2_Select_Menu_Options(All)/4_Menu_Consumption Baseline Source")): Object: 'Object Repository/TF_Customer_Create/2_Select_Menu_Options(All)/4_Menu_Consumption Baseline Source' is clicked on

2018-12-17 13:39:40 - [MESSAGE][PASSED] - Object: 'Object Repository/TF_Customer_Create/2_Select_Menu_Options(All)/4_Menu_Consumption Baseline Source' is clicked on

2018-12-17 13:39:40 - [TEST_STEP][PASSED] - waitForPageLoad(G_Timeout): Wait for page load successfully

2018-12-17 13:39:40 - [MESSAGE][PASSED] - Wait for page load successfully

2018-12-17 13:39:40 - [TEST_STEP][PASSED] - delay(4): Delayed 4 second(s)

2018-12-17 13:39:44 - [MESSAGE][PASSED] - Delayed 4 second(s)

2018-12-17 13:39:44 - [TEST_STEP][PASSED] - setText(findTestObject("TF_Customer_Create/4_Create_Objects_And_Save/4_Create_Consumption_Baseline_Source/Input_CBS_Name/input_CBS_Nm"), input_CBS_Nm): Text 'TEST_CBS_0021' is set on object 'Object Repository/TF_Customer_Create/4_Create_Objects_And_Save/4_Create_Consumption_Baseline_Source/Input_CBS_Name/input_CBS_Nm'

2018-12-17 13:39:44 - [MESSAGE][PASSED] - Text 'TEST_CBS_0021' is set on object 'Object Repository/TF_Customer_Create/4_Create_Objects_And_Save/4_Create_Consumption_Baseline_Source/Input_CBS_Name/input_CBS_Nm'

2018-12-17 13:39:44 - [TEST_STEP][PASSED] - delay(2): Delayed 2 second(s)

2018-12-17 13:39:46 - [MESSAGE][PASSED] - Delayed 2 second(s)

2018-12-17 13:39:46 - [TEST_STEP][PASSED] - click(findTestObject("TF_Customer_Create/3_Common_Action_Buttons/Click_Apply_Button/td_Apply")): Object: 'Object Repository/TF_Customer_Create/3_Common_Action_Buttons/Click_Apply_Button/td_Apply' is clicked on

2018-12-17 13:39:46 - [MESSAGE][PASSED] - Object: 'Object Repository/TF_Customer_Create/3_Common_Action_Buttons/Click_Apply_Button/td_Apply' is clicked on

2018-12-17 13:39:46 - [TEST_STEP][PASSED] - delay(2): Delayed 2 second(s)

2018-12-17 13:39:48 - [MESSAGE][PASSED] - Delayed 2 second(s)

2018-12-17 13:39:48 - [TEST_STEP][PASSED] - click(findTestObject("TF_Customer_Create/3_Common_Action_Buttons/Click_Save_Button/btn_Save")): Object: 'Object Repository/TF_Customer_Create/3_Common_Action_Buttons/Click_Save_Button/btn_Save' is clicked on

2018-12-17 13:39:48 - [MESSAGE][PASSED] - Object: 'Object Repository/TF_Customer_Create/3_Common_Action_Buttons/Click_Save_Button/btn_Save' is clicked on

2018-12-17 13:39:48 - [TEST_STEP][PASSED] - delay(2): Delayed 2 second(s)

2018-12-17 13:39:50 - [MESSAGE][PASSED] - Delayed 2 second(s)

2018-12-17 13:39:50 - [TEST_STEP][PASSED] - verifyElementText(findTestObject("TF_Customer_Create/3_Common_Action_Buttons/Verify_Success_Message/Success_Message"), "Record has been saved successfully.", CONTINUE_ON_FAILURE): Actual text and expected text of test object 'Object Repository/TF_Customer_Create/3_Common_Action_Buttons/Verify_Success_Message/Success_Message' are matched.

2018-12-17 13:39:51 - [MESSAGE][PASSED] - Actual text and expected text of test object 'Object Repository/TF_Customer_Create/3_Common_Action_Buttons/Verify_Success_Message/Success_Message' are matched.

2018-12-17 13:39:51 - [TEST_STEP][PASSED] - click(findTestObject("TF_Customer_Create/3_Common_Action_Buttons/Click_Data_Tab/span_Data_Tab")): Object: 'Object Repository/TF_Customer_Create/3_Common_Action_Buttons/Click_Data_Tab/span_Data_Tab' is clicked on

2018-12-17 13:39:51 - [MESSAGE][PASSED] - Object: 'Object Repository/TF_Customer_Create/3_Common_Action_Buttons/Click_Data_Tab/span_Data_Tab' is clicked on

2018-12-17 13:39:51 - [TEST_STEP][PASSED] - delay(1): Delayed 1 second(s)

2018-12-17 13:39:52 - [MESSAGE][PASSED] - Delayed 1 second(s)

2018-12-17 13:39:52 - [TEST_STEP][PASSED] - click(findTestObject("TF_Customer_Create/3_Common_Action_Buttons/Click_Close_Button/btn_Close")): Object: 'Object Repository/TF_Customer_Create/3_Common_Action_Buttons/Click_Close_Button/btn_Close' is clicked on

2018-12-17 13:39:52 - [MESSAGE][PASSED] - Object: 'Object Repository/TF_Customer_Create/3_Common_Action_Buttons/Click_Close_Button/btn_Close' is clicked on

2018-12-17 13:39:52 - [TEST_STEP][PASSED] - delay(1): Delayed 1 second(s)

2018-12-17 13:39:53 - [MESSAGE][PASSED] - Delayed 1 second(s)

2018-12-17 13:39:53 - [TEST_STEP][PASSED] - vrfy_CBS = com.oracledb.regressiontest.verifyCBS(ora_connt, ora_usr, ora_psswrd, ora_schema, input_CBS_Nm): com.oracledb.regressiontest.verifyCBS is PASSED

2018-12-17 13:39:55 - [MESSAGE][PASSED] - com.oracledb.regressiontest.verifyCBS is PASSED

2018-12-17 13:39:55 - [TEST_STEP][PASSED] - println("Baseline Source Name"): null

2018-12-17 13:39:55 - [TEST_STEP][PASSED] - verifyEqual(CNSMP_BASLN_SRC_NAME, input_CBS_Nm): Actual object 'TEST_CBS_0021' and expected object 'TEST_CBS_0021' are equal

2018-12-17 13:39:55 - [MESSAGE][PASSED] - Actual object 'TEST_CBS_0021' and expected object 'TEST_CBS_0021' are equal]]></system-out>
         <system-err><![CDATA[]]></system-err>
      </testcase>
      <testcase name="Test Cases/Regression_TF_Customer/Create_Record/TC_6_Create_SHL1_SBU" classname="Test Cases/Regression_TF_Customer/Create_Record/TC_6_Create_SHL1_SBU" status="PASSED">
         <system-out><![CDATA[2018-12-17 13:39:55 - [TEST_CASE][PASSED] - Test Cases/Regression_TF_Customer/Create_Record/TC_6_Create_SHL1_SBU: Test Cases/Regression_TF_Customer/Create_Record/TC_6_Create_SHL1_SBU

2018-12-17 13:39:55 - [TEST_STEP][PASSED] - waitForPageLoad(G_Timeout): Wait for page load successfully

2018-12-17 13:39:55 - [MESSAGE][PASSED] - Wait for page load successfully

2018-12-17 13:39:55 - [TEST_STEP][PASSED] - mouseOver(findTestObject("TF_Customer_Create/1_Menu_Navigation_To_Open_All_Pages/0_Menu_Create_In_Data_View")): Object: 'Object Repository/TF_Customer_Create/1_Menu_Navigation_To_Open_All_Pages/0_Menu_Create_In_Data_View' is hovered

2018-12-17 13:39:55 - [MESSAGE][PASSED] - Object: 'Object Repository/TF_Customer_Create/1_Menu_Navigation_To_Open_All_Pages/0_Menu_Create_In_Data_View' is hovered

2018-12-17 13:39:55 - [TEST_STEP][PASSED] - waitForPageLoad(G_Timeout): Wait for page load successfully

2018-12-17 13:39:55 - [MESSAGE][PASSED] - Wait for page load successfully

2018-12-17 13:39:55 - [TEST_STEP][PASSED] - mouseOver(findTestObject("TF_Customer_Create/1_Menu_Navigation_To_Open_All_Pages/1_Menu_Create_Master_Data")): Object: 'Object Repository/TF_Customer_Create/1_Menu_Navigation_To_Open_All_Pages/1_Menu_Create_Master_Data' is hovered

2018-12-17 13:39:55 - [MESSAGE][PASSED] - Object: 'Object Repository/TF_Customer_Create/1_Menu_Navigation_To_Open_All_Pages/1_Menu_Create_Master_Data' is hovered

2018-12-17 13:39:55 - [TEST_STEP][PASSED] - waitForPageLoad(G_Timeout): Wait for page load successfully

2018-12-17 13:39:55 - [MESSAGE][PASSED] - Wait for page load successfully

2018-12-17 13:39:55 - [TEST_STEP][PASSED] - mouseOver(findTestObject("TF_Customer_Create/1_Menu_Navigation_To_Open_All_Pages/2_Sales_Hierarchy_Level_Hoverover")): Object: 'Object Repository/TF_Customer_Create/1_Menu_Navigation_To_Open_All_Pages/2_Sales_Hierarchy_Level_Hoverover' is hovered

2018-12-17 13:39:56 - [MESSAGE][PASSED] - Object: 'Object Repository/TF_Customer_Create/1_Menu_Navigation_To_Open_All_Pages/2_Sales_Hierarchy_Level_Hoverover' is hovered

2018-12-17 13:39:56 - [TEST_STEP][PASSED] - waitForPageLoad(G_Timeout): Wait for page load successfully

2018-12-17 13:39:56 - [MESSAGE][PASSED] - Wait for page load successfully

2018-12-17 13:39:56 - [TEST_STEP][PASSED] - click(findTestObject("TF_Customer_Create/2_Select_Menu_Options(All)/Sales_Hierarchy_Level/1_Menu_SBU (Sales Business Unit)")): Object: 'Object Repository/TF_Customer_Create/2_Select_Menu_Options(All)/Sales_Hierarchy_Level/1_Menu_SBU (Sales Business Unit)' is clicked on

2018-12-17 13:39:57 - [MESSAGE][PASSED] - Object: 'Object Repository/TF_Customer_Create/2_Select_Menu_Options(All)/Sales_Hierarchy_Level/1_Menu_SBU (Sales Business Unit)' is clicked on

2018-12-17 13:39:57 - [TEST_STEP][PASSED] - waitForPageLoad(G_Timeout): Wait for page load successfully

2018-12-17 13:39:57 - [MESSAGE][PASSED] - Wait for page load successfully

2018-12-17 13:39:57 - [TEST_STEP][PASSED] - delay(3): Delayed 3 second(s)

2018-12-17 13:40:00 - [MESSAGE][PASSED] - Delayed 3 second(s)

2018-12-17 13:40:00 - [TEST_STEP][PASSED] - setText(findTestObject("TF_Customer_Create/4_Create_Objects_And_Save/6_Create_SHL1_SBU/Input_SBU_Name/input_SBU_Nm"), input_SBU_Name): Text 'TEST_SBU_023' is set on object 'Object Repository/TF_Customer_Create/4_Create_Objects_And_Save/6_Create_SHL1_SBU/Input_SBU_Name/input_SBU_Nm'

2018-12-17 13:40:00 - [MESSAGE][PASSED] - Text 'TEST_SBU_023' is set on object 'Object Repository/TF_Customer_Create/4_Create_Objects_And_Save/6_Create_SHL1_SBU/Input_SBU_Name/input_SBU_Nm'

2018-12-17 13:40:00 - [TEST_STEP][PASSED] - delay(2): Delayed 2 second(s)

2018-12-17 13:40:02 - [MESSAGE][PASSED] - Delayed 2 second(s)

2018-12-17 13:40:02 - [TEST_STEP][PASSED] - sendKeys(findTestObject("TF_Customer_Create/4_Create_Objects_And_Save/6_Create_SHL1_SBU/Input_SBU_Name/input_SBU_Nm"), Keys.chord(TAB)): Keys 'TAB + ' sent to object: 'Object Repository/TF_Customer_Create/4_Create_Objects_And_Save/6_Create_SHL1_SBU/Input_SBU_Name/input_SBU_Nm'

2018-12-17 13:40:02 - [MESSAGE][PASSED] - Keys 'TAB + ' sent to object: 'Object Repository/TF_Customer_Create/4_Create_Objects_And_Save/6_Create_SHL1_SBU/Input_SBU_Name/input_SBU_Nm'

2018-12-17 13:40:02 - [TEST_STEP][PASSED] - click(findTestObject("TF_Customer_Create/3_Common_Action_Buttons/Click_Data_Tab/span_Data_Tab")): Object: 'Object Repository/TF_Customer_Create/3_Common_Action_Buttons/Click_Data_Tab/span_Data_Tab' is clicked on

2018-12-17 13:40:02 - [MESSAGE][PASSED] - Object: 'Object Repository/TF_Customer_Create/3_Common_Action_Buttons/Click_Data_Tab/span_Data_Tab' is clicked on

2018-12-17 13:40:02 - [TEST_STEP][PASSED] - click(findTestObject("TF_Customer_Create/4_Create_Objects_And_Save/Choose_Sales_Org/Click_Sales_Org_DD"), STOP_ON_FAILURE): Object: 'Object Repository/TF_Customer_Create/4_Create_Objects_And_Save/Choose_Sales_Org/Click_Sales_Org_DD' is clicked on

2018-12-17 13:40:02 - [MESSAGE][PASSED] - Object: 'Object Repository/TF_Customer_Create/4_Create_Objects_And_Save/Choose_Sales_Org/Click_Sales_Org_DD' is clicked on

2018-12-17 13:40:02 - [TEST_STEP][PASSED] - click(findTestObject("TF_Customer_Create/4_Create_Objects_And_Save/Choose_Sales_Org/CA_Object")): Object: 'Object Repository/TF_Customer_Create/4_Create_Objects_And_Save/Choose_Sales_Org/CA_Object' is clicked on

2018-12-17 13:40:02 - [MESSAGE][PASSED] - Object: 'Object Repository/TF_Customer_Create/4_Create_Objects_And_Save/Choose_Sales_Org/CA_Object' is clicked on

2018-12-17 13:40:02 - [TEST_STEP][PASSED] - delay(4): Delayed 4 second(s)

2018-12-17 13:40:06 - [MESSAGE][PASSED] - Delayed 4 second(s)

2018-12-17 13:40:06 - [TEST_STEP][PASSED] - click(findTestObject("TF_Customer_Create/3_Common_Action_Buttons/Click_Apply_Button/td_Apply")): Object: 'Object Repository/TF_Customer_Create/3_Common_Action_Buttons/Click_Apply_Button/td_Apply' is clicked on

2018-12-17 13:40:06 - [MESSAGE][PASSED] - Object: 'Object Repository/TF_Customer_Create/3_Common_Action_Buttons/Click_Apply_Button/td_Apply' is clicked on

2018-12-17 13:40:06 - [TEST_STEP][PASSED] - delay(2): Delayed 2 second(s)

2018-12-17 13:40:08 - [MESSAGE][PASSED] - Delayed 2 second(s)

2018-12-17 13:40:08 - [TEST_STEP][PASSED] - click(findTestObject("TF_Customer_Create/3_Common_Action_Buttons/Click_Save_Button/btn_Save")): Object: 'Object Repository/TF_Customer_Create/3_Common_Action_Buttons/Click_Save_Button/btn_Save' is clicked on

2018-12-17 13:40:08 - [MESSAGE][PASSED] - Object: 'Object Repository/TF_Customer_Create/3_Common_Action_Buttons/Click_Save_Button/btn_Save' is clicked on

2018-12-17 13:40:08 - [TEST_STEP][PASSED] - delay(2): Delayed 2 second(s)

2018-12-17 13:40:10 - [MESSAGE][PASSED] - Delayed 2 second(s)

2018-12-17 13:40:10 - [TEST_STEP][PASSED] - verifyElementText(findTestObject("TF_Customer_Create/3_Common_Action_Buttons/Verify_Success_Message/Success_Message"), "Record has been saved successfully.", CONTINUE_ON_FAILURE): Actual text and expected text of test object 'Object Repository/TF_Customer_Create/3_Common_Action_Buttons/Verify_Success_Message/Success_Message' are matched.

2018-12-17 13:40:11 - [MESSAGE][PASSED] - Actual text and expected text of test object 'Object Repository/TF_Customer_Create/3_Common_Action_Buttons/Verify_Success_Message/Success_Message' are matched.

2018-12-17 13:40:11 - [TEST_STEP][PASSED] - click(findTestObject("TF_Customer_Create/3_Common_Action_Buttons/Click_Data_Tab/span_Data_Tab")): Object: 'Object Repository/TF_Customer_Create/3_Common_Action_Buttons/Click_Data_Tab/span_Data_Tab' is clicked on

2018-12-17 13:40:11 - [MESSAGE][PASSED] - Object: 'Object Repository/TF_Customer_Create/3_Common_Action_Buttons/Click_Data_Tab/span_Data_Tab' is clicked on

2018-12-17 13:40:11 - [TEST_STEP][PASSED] - delay(1): Delayed 1 second(s)

2018-12-17 13:40:12 - [MESSAGE][PASSED] - Delayed 1 second(s)

2018-12-17 13:40:12 - [TEST_STEP][PASSED] - click(findTestObject("TF_Customer_Create/3_Common_Action_Buttons/Click_Close_Button/btn_Close")): Object: 'Object Repository/TF_Customer_Create/3_Common_Action_Buttons/Click_Close_Button/btn_Close' is clicked on

2018-12-17 13:40:12 - [MESSAGE][PASSED] - Object: 'Object Repository/TF_Customer_Create/3_Common_Action_Buttons/Click_Close_Button/btn_Close' is clicked on

2018-12-17 13:40:12 - [TEST_STEP][PASSED] - delay(2): Delayed 2 second(s)

2018-12-17 13:40:14 - [MESSAGE][PASSED] - Delayed 2 second(s)

2018-12-17 13:40:14 - [TEST_STEP][PASSED] - vrfy_SBU = com.oracledb.regressiontest.verifySBU(ora_connt, ora_usr, ora_psswrd, ora_schema, input_SBU_Name): com.oracledb.regressiontest.verifySBU is PASSED

2018-12-17 13:40:16 - [MESSAGE][PASSED] - com.oracledb.regressiontest.verifySBU is PASSED

2018-12-17 13:40:16 - [TEST_STEP][PASSED] - println("SBU Name"): null

2018-12-17 13:40:16 - [TEST_STEP][PASSED] - verifyEqual(HIERARCHY_NODE_NAME, input_SBU_Name): Actual object 'TEST_SBU_023' and expected object 'TEST_SBU_023' are equal

2018-12-17 13:40:16 - [MESSAGE][PASSED] - Actual object 'TEST_SBU_023' and expected object 'TEST_SBU_023' are equal]]></system-out>
         <system-err><![CDATA[]]></system-err>
      </testcase>
      <testcase name="Test Cases/Regression_TF_Customer/Create_Record/TC_7_Create_SHL2_Sales_Segment" classname="Test Cases/Regression_TF_Customer/Create_Record/TC_7_Create_SHL2_Sales_Segment" status="PASSED">
         <system-out><![CDATA[2018-12-17 13:40:16 - [TEST_CASE][PASSED] - Test Cases/Regression_TF_Customer/Create_Record/TC_7_Create_SHL2_Sales_Segment: Test Cases/Regression_TF_Customer/Create_Record/TC_7_Create_SHL2_Sales_Segment

2018-12-17 13:40:17 - [TEST_STEP][PASSED] - waitForPageLoad(G_Timeout): Wait for page load successfully

2018-12-17 13:40:17 - [MESSAGE][PASSED] - Wait for page load successfully

2018-12-17 13:40:17 - [TEST_STEP][PASSED] - mouseOver(findTestObject("TF_Customer_Create/1_Menu_Navigation_To_Open_All_Pages/0_Menu_Create_In_Data_View")): Object: 'Object Repository/TF_Customer_Create/1_Menu_Navigation_To_Open_All_Pages/0_Menu_Create_In_Data_View' is hovered

2018-12-17 13:40:17 - [MESSAGE][PASSED] - Object: 'Object Repository/TF_Customer_Create/1_Menu_Navigation_To_Open_All_Pages/0_Menu_Create_In_Data_View' is hovered

2018-12-17 13:40:17 - [TEST_STEP][PASSED] - waitForPageLoad(G_Timeout): Wait for page load successfully

2018-12-17 13:40:17 - [MESSAGE][PASSED] - Wait for page load successfully

2018-12-17 13:40:17 - [TEST_STEP][PASSED] - mouseOver(findTestObject("TF_Customer_Create/1_Menu_Navigation_To_Open_All_Pages/1_Menu_Create_Master_Data")): Object: 'Object Repository/TF_Customer_Create/1_Menu_Navigation_To_Open_All_Pages/1_Menu_Create_Master_Data' is hovered

2018-12-17 13:40:17 - [MESSAGE][PASSED] - Object: 'Object Repository/TF_Customer_Create/1_Menu_Navigation_To_Open_All_Pages/1_Menu_Create_Master_Data' is hovered

2018-12-17 13:40:17 - [TEST_STEP][PASSED] - waitForPageLoad(G_Timeout): Wait for page load successfully

2018-12-17 13:40:17 - [MESSAGE][PASSED] - Wait for page load successfully

2018-12-17 13:40:17 - [TEST_STEP][PASSED] - mouseOver(findTestObject("TF_Customer_Create/1_Menu_Navigation_To_Open_All_Pages/2_Sales_Hierarchy_Level_Hoverover")): Object: 'Object Repository/TF_Customer_Create/1_Menu_Navigation_To_Open_All_Pages/2_Sales_Hierarchy_Level_Hoverover' is hovered

2018-12-17 13:40:17 - [MESSAGE][PASSED] - Object: 'Object Repository/TF_Customer_Create/1_Menu_Navigation_To_Open_All_Pages/2_Sales_Hierarchy_Level_Hoverover' is hovered

2018-12-17 13:40:17 - [TEST_STEP][PASSED] - waitForPageLoad(G_Timeout): Wait for page load successfully

2018-12-17 13:40:17 - [MESSAGE][PASSED] - Wait for page load successfully

2018-12-17 13:40:17 - [TEST_STEP][PASSED] - click(findTestObject("TF_Customer_Create/2_Select_Menu_Options(All)/Sales_Hierarchy_Level/2_Menu_Sales Segment")): Object: 'Object Repository/TF_Customer_Create/2_Select_Menu_Options(All)/Sales_Hierarchy_Level/2_Menu_Sales Segment' is clicked on

2018-12-17 13:40:18 - [MESSAGE][PASSED] - Object: 'Object Repository/TF_Customer_Create/2_Select_Menu_Options(All)/Sales_Hierarchy_Level/2_Menu_Sales Segment' is clicked on

2018-12-17 13:40:18 - [TEST_STEP][PASSED] - waitForPageLoad(G_Timeout): Wait for page load successfully

2018-12-17 13:40:18 - [MESSAGE][PASSED] - Wait for page load successfully

2018-12-17 13:40:18 - [TEST_STEP][PASSED] - delay(3): Delayed 3 second(s)

2018-12-17 13:40:21 - [MESSAGE][PASSED] - Delayed 3 second(s)

2018-12-17 13:40:21 - [TEST_STEP][PASSED] - setText(findTestObject("TF_Customer_Create/4_Create_Objects_And_Save/7_Create_SHL2_Sales_Segment/Input_Sales_Segment_Name/input_Sales_Segment_Nm"), input_Segement_Nm): Text 'TEST_SALES_SEGMENT_0023' is set on object 'Object Repository/TF_Customer_Create/4_Create_Objects_And_Save/7_Create_SHL2_Sales_Segment/Input_Sales_Segment_Name/input_Sales_Segment_Nm'

2018-12-17 13:40:21 - [MESSAGE][PASSED] - Text 'TEST_SALES_SEGMENT_0023' is set on object 'Object Repository/TF_Customer_Create/4_Create_Objects_And_Save/7_Create_SHL2_Sales_Segment/Input_Sales_Segment_Name/input_Sales_Segment_Nm'

2018-12-17 13:40:21 - [TEST_STEP][PASSED] - delay(2): Delayed 2 second(s)

2018-12-17 13:40:23 - [MESSAGE][PASSED] - Delayed 2 second(s)

2018-12-17 13:40:23 - [TEST_STEP][PASSED] - click(findTestObject("TF_Customer_Create/4_Create_Objects_And_Save/Choose_Sales_Org/Click_Sales_Org_DD"), CONTINUE_ON_FAILURE): Object: 'Object Repository/TF_Customer_Create/4_Create_Objects_And_Save/Choose_Sales_Org/Click_Sales_Org_DD' is clicked on

2018-12-17 13:40:23 - [MESSAGE][PASSED] - Object: 'Object Repository/TF_Customer_Create/4_Create_Objects_And_Save/Choose_Sales_Org/Click_Sales_Org_DD' is clicked on

2018-12-17 13:40:23 - [TEST_STEP][PASSED] - click(findTestObject("TF_Customer_Create/4_Create_Objects_And_Save/Choose_Sales_Org/CA_Object"), CONTINUE_ON_FAILURE): Object: 'Object Repository/TF_Customer_Create/4_Create_Objects_And_Save/Choose_Sales_Org/CA_Object' is clicked on

2018-12-17 13:40:23 - [MESSAGE][PASSED] - Object: 'Object Repository/TF_Customer_Create/4_Create_Objects_And_Save/Choose_Sales_Org/CA_Object' is clicked on

2018-12-17 13:40:23 - [TEST_STEP][PASSED] - delay(3): Delayed 3 second(s)

2018-12-17 13:40:26 - [MESSAGE][PASSED] - Delayed 3 second(s)

2018-12-17 13:40:26 - [TEST_STEP][PASSED] - click(findTestObject("TF_Customer_Create/3_Common_Action_Buttons/Click_Apply_Button/td_Apply")): Object: 'Object Repository/TF_Customer_Create/3_Common_Action_Buttons/Click_Apply_Button/td_Apply' is clicked on

2018-12-17 13:40:27 - [MESSAGE][PASSED] - Object: 'Object Repository/TF_Customer_Create/3_Common_Action_Buttons/Click_Apply_Button/td_Apply' is clicked on

2018-12-17 13:40:27 - [TEST_STEP][PASSED] - delay(2): Delayed 2 second(s)

2018-12-17 13:40:29 - [MESSAGE][PASSED] - Delayed 2 second(s)

2018-12-17 13:40:29 - [TEST_STEP][PASSED] - click(findTestObject("TF_Customer_Create/3_Common_Action_Buttons/Click_Save_Button/btn_Save")): Object: 'Object Repository/TF_Customer_Create/3_Common_Action_Buttons/Click_Save_Button/btn_Save' is clicked on

2018-12-17 13:40:29 - [MESSAGE][PASSED] - Object: 'Object Repository/TF_Customer_Create/3_Common_Action_Buttons/Click_Save_Button/btn_Save' is clicked on

2018-12-17 13:40:29 - [TEST_STEP][PASSED] - delay(2): Delayed 2 second(s)

2018-12-17 13:40:31 - [MESSAGE][PASSED] - Delayed 2 second(s)

2018-12-17 13:40:31 - [TEST_STEP][NOT_RUN] - verifyElementText(findTestObject("TF_Customer_Create/3_Common_Action_Buttons/Verify_Success_Message/Success_Message"), "Record has been saved successfully.", CONTINUE_ON_FAILURE): NOT_RUN: verifyElementText(findTestObject("TF_Customer_Create/3_Common_Action_Buttons/Verify_Success_Message/Success_Message"), "Record has been saved successfully.", CONTINUE_ON_FAILURE)

2018-12-17 13:40:31 - [MESSAGE][NOT_RUN] - NOT_RUN: verifyElementText(findTestObject("TF_Customer_Create/3_Common_Action_Buttons/Verify_Success_Message/Success_Message"), "Record has been saved successfully.", CONTINUE_ON_FAILURE)

2018-12-17 13:40:31 - [TEST_STEP][NOT_RUN] - click(findTestObject("TF_Customer_Create/3_Common_Action_Buttons/Click_Data_Tab/span_Data_Tab")): NOT_RUN: click(findTestObject("TF_Customer_Create/3_Common_Action_Buttons/Click_Data_Tab/span_Data_Tab"))

2018-12-17 13:40:31 - [MESSAGE][NOT_RUN] - NOT_RUN: click(findTestObject("TF_Customer_Create/3_Common_Action_Buttons/Click_Data_Tab/span_Data_Tab"))

2018-12-17 13:40:31 - [TEST_STEP][NOT_RUN] - delay(1): NOT_RUN: delay(1)

2018-12-17 13:40:31 - [MESSAGE][NOT_RUN] - NOT_RUN: delay(1)

2018-12-17 13:40:31 - [TEST_STEP][NOT_RUN] - click(findTestObject("TF_Customer_Create/3_Common_Action_Buttons/Click_Close_Button/btn_Close")): NOT_RUN: click(findTestObject("TF_Customer_Create/3_Common_Action_Buttons/Click_Close_Button/btn_Close"))

2018-12-17 13:40:31 - [MESSAGE][NOT_RUN] - NOT_RUN: click(findTestObject("TF_Customer_Create/3_Common_Action_Buttons/Click_Close_Button/btn_Close"))

2018-12-17 13:40:31 - [TEST_STEP][PASSED] - delay(2): Delayed 2 second(s)

2018-12-17 13:40:33 - [MESSAGE][PASSED] - Delayed 2 second(s)

2018-12-17 13:40:33 - [TEST_STEP][PASSED] - vrfy_SSEGMENT = com.oracledb.regressiontest.verifySSEGMENT(ora_connt, ora_usr, ora_psswrd, ora_schema, input_Segement_Nm): com.oracledb.regressiontest.verifySSEGMENT is PASSED

2018-12-17 13:40:35 - [MESSAGE][PASSED] - com.oracledb.regressiontest.verifySSEGMENT is PASSED

2018-12-17 13:40:35 - [TEST_STEP][PASSED] - println("Sales Segment Name"): null

2018-12-17 13:40:35 - [TEST_STEP][PASSED] - verifyEqual(HIERARCHY_NODE_NAME, input_Segement_Nm): Actual object 'TEST_SALES_SEGMENT_0023' and expected object 'TEST_SALES_SEGMENT_0023' are equal

2018-12-17 13:40:35 - [MESSAGE][PASSED] - Actual object 'TEST_SALES_SEGMENT_0023' and expected object 'TEST_SALES_SEGMENT_0023' are equal]]></system-out>
         <system-err><![CDATA[]]></system-err>
      </testcase>
      <testcase name="Test Cases/Regression_TF_Customer/Create_Record/TC_8_Create_SHL3_Sales_Division" classname="Test Cases/Regression_TF_Customer/Create_Record/TC_8_Create_SHL3_Sales_Division" status="PASSED">
         <system-out><![CDATA[2018-12-17 13:40:35 - [TEST_CASE][PASSED] - Test Cases/Regression_TF_Customer/Create_Record/TC_8_Create_SHL3_Sales_Division: Test Cases/Regression_TF_Customer/Create_Record/TC_8_Create_SHL3_Sales_Division

2018-12-17 13:40:35 - [TEST_STEP][PASSED] - waitForPageLoad(G_Timeout): Wait for page load successfully

2018-12-17 13:40:35 - [MESSAGE][PASSED] - Wait for page load successfully

2018-12-17 13:40:35 - [TEST_STEP][PASSED] - mouseOver(findTestObject("TF_Customer_Create/1_Menu_Navigation_To_Open_All_Pages/0_Menu_Create_In_Data_View")): Object: 'Object Repository/TF_Customer_Create/1_Menu_Navigation_To_Open_All_Pages/0_Menu_Create_In_Data_View' is hovered

2018-12-17 13:40:35 - [MESSAGE][PASSED] - Object: 'Object Repository/TF_Customer_Create/1_Menu_Navigation_To_Open_All_Pages/0_Menu_Create_In_Data_View' is hovered

2018-12-17 13:40:35 - [TEST_STEP][PASSED] - waitForPageLoad(G_Timeout): Wait for page load successfully

2018-12-17 13:40:35 - [MESSAGE][PASSED] - Wait for page load successfully

2018-12-17 13:40:35 - [TEST_STEP][PASSED] - mouseOver(findTestObject("TF_Customer_Create/1_Menu_Navigation_To_Open_All_Pages/1_Menu_Create_Master_Data")): Object: 'Object Repository/TF_Customer_Create/1_Menu_Navigation_To_Open_All_Pages/1_Menu_Create_Master_Data' is hovered

2018-12-17 13:40:35 - [MESSAGE][PASSED] - Object: 'Object Repository/TF_Customer_Create/1_Menu_Navigation_To_Open_All_Pages/1_Menu_Create_Master_Data' is hovered

2018-12-17 13:40:35 - [TEST_STEP][PASSED] - waitForPageLoad(G_Timeout): Wait for page load successfully

2018-12-17 13:40:35 - [MESSAGE][PASSED] - Wait for page load successfully

2018-12-17 13:40:35 - [TEST_STEP][PASSED] - mouseOver(findTestObject("TF_Customer_Create/1_Menu_Navigation_To_Open_All_Pages/2_Sales_Hierarchy_Level_Hoverover")): Object: 'Object Repository/TF_Customer_Create/1_Menu_Navigation_To_Open_All_Pages/2_Sales_Hierarchy_Level_Hoverover' is hovered

2018-12-17 13:40:36 - [MESSAGE][PASSED] - Object: 'Object Repository/TF_Customer_Create/1_Menu_Navigation_To_Open_All_Pages/2_Sales_Hierarchy_Level_Hoverover' is hovered

2018-12-17 13:40:36 - [TEST_STEP][PASSED] - waitForPageLoad(G_Timeout): Wait for page load successfully

2018-12-17 13:40:36 - [MESSAGE][PASSED] - Wait for page load successfully

2018-12-17 13:40:36 - [TEST_STEP][PASSED] - click(findTestObject("TF_Customer_Create/2_Select_Menu_Options(All)/Sales_Hierarchy_Level/3_Menu_Sales Division")): Object: 'Object Repository/TF_Customer_Create/2_Select_Menu_Options(All)/Sales_Hierarchy_Level/3_Menu_Sales Division' is clicked on

2018-12-17 13:40:36 - [MESSAGE][PASSED] - Object: 'Object Repository/TF_Customer_Create/2_Select_Menu_Options(All)/Sales_Hierarchy_Level/3_Menu_Sales Division' is clicked on

2018-12-17 13:40:36 - [TEST_STEP][PASSED] - waitForPageLoad(G_Timeout): Wait for page load successfully

2018-12-17 13:40:36 - [MESSAGE][PASSED] - Wait for page load successfully

2018-12-17 13:40:36 - [TEST_STEP][PASSED] - delay(3): Delayed 3 second(s)

2018-12-17 13:40:39 - [MESSAGE][PASSED] - Delayed 3 second(s)

2018-12-17 13:40:39 - [TEST_STEP][PASSED] - setText(findTestObject("TF_Customer_Create/4_Create_Objects_And_Save/8_Create_SHL3_Sales_Division/Input_Sales_Division_Name/input_Sales_Division_Nm"), input_Sales_Div_Nm): Text 'TEST_SALES_DIV_017' is set on object 'Object Repository/TF_Customer_Create/4_Create_Objects_And_Save/8_Create_SHL3_Sales_Division/Input_Sales_Division_Name/input_Sales_Division_Nm'

2018-12-17 13:40:40 - [MESSAGE][PASSED] - Text 'TEST_SALES_DIV_017' is set on object 'Object Repository/TF_Customer_Create/4_Create_Objects_And_Save/8_Create_SHL3_Sales_Division/Input_Sales_Division_Name/input_Sales_Division_Nm'

2018-12-17 13:40:40 - [TEST_STEP][PASSED] - delay(3): Delayed 3 second(s)

2018-12-17 13:40:43 - [MESSAGE][PASSED] - Delayed 3 second(s)

2018-12-17 13:40:43 - [TEST_STEP][PASSED] - click(findTestObject("TF_Customer_Create/4_Create_Objects_And_Save/Choose_Sales_Org/Click_Sales_Org_DD"), CONTINUE_ON_FAILURE): Object: 'Object Repository/TF_Customer_Create/4_Create_Objects_And_Save/Choose_Sales_Org/Click_Sales_Org_DD' is clicked on

2018-12-17 13:40:43 - [MESSAGE][PASSED] - Object: 'Object Repository/TF_Customer_Create/4_Create_Objects_And_Save/Choose_Sales_Org/Click_Sales_Org_DD' is clicked on

2018-12-17 13:40:43 - [TEST_STEP][PASSED] - click(findTestObject("TF_Customer_Create/4_Create_Objects_And_Save/Choose_Sales_Org/CA_Object"), CONTINUE_ON_FAILURE): Object: 'Object Repository/TF_Customer_Create/4_Create_Objects_And_Save/Choose_Sales_Org/CA_Object' is clicked on

2018-12-17 13:40:43 - [MESSAGE][PASSED] - Object: 'Object Repository/TF_Customer_Create/4_Create_Objects_And_Save/Choose_Sales_Org/CA_Object' is clicked on

2018-12-17 13:40:43 - [TEST_STEP][PASSED] - delay(3): Delayed 3 second(s)

2018-12-17 13:40:46 - [MESSAGE][PASSED] - Delayed 3 second(s)

2018-12-17 13:40:46 - [TEST_STEP][PASSED] - click(findTestObject("TF_Customer_Create/3_Common_Action_Buttons/Click_Apply_Button/td_Apply")): Object: 'Object Repository/TF_Customer_Create/3_Common_Action_Buttons/Click_Apply_Button/td_Apply' is clicked on

2018-12-17 13:40:46 - [MESSAGE][PASSED] - Object: 'Object Repository/TF_Customer_Create/3_Common_Action_Buttons/Click_Apply_Button/td_Apply' is clicked on

2018-12-17 13:40:46 - [TEST_STEP][PASSED] - delay(2): Delayed 2 second(s)

2018-12-17 13:40:48 - [MESSAGE][PASSED] - Delayed 2 second(s)

2018-12-17 13:40:48 - [TEST_STEP][PASSED] - click(findTestObject("TF_Customer_Create/3_Common_Action_Buttons/Click_Save_Button/btn_Save")): Object: 'Object Repository/TF_Customer_Create/3_Common_Action_Buttons/Click_Save_Button/btn_Save' is clicked on

2018-12-17 13:40:48 - [MESSAGE][PASSED] - Object: 'Object Repository/TF_Customer_Create/3_Common_Action_Buttons/Click_Save_Button/btn_Save' is clicked on

2018-12-17 13:40:48 - [TEST_STEP][PASSED] - delay(2): Delayed 2 second(s)

2018-12-17 13:40:50 - [MESSAGE][PASSED] - Delayed 2 second(s)

2018-12-17 13:40:50 - [TEST_STEP][NOT_RUN] - verifyElementText(findTestObject("TF_Customer_Create/3_Common_Action_Buttons/Verify_Success_Message/Success_Message"), "Record has been saved successfully.", CONTINUE_ON_FAILURE): NOT_RUN: verifyElementText(findTestObject("TF_Customer_Create/3_Common_Action_Buttons/Verify_Success_Message/Success_Message"), "Record has been saved successfully.", CONTINUE_ON_FAILURE)

2018-12-17 13:40:50 - [MESSAGE][NOT_RUN] - NOT_RUN: verifyElementText(findTestObject("TF_Customer_Create/3_Common_Action_Buttons/Verify_Success_Message/Success_Message"), "Record has been saved successfully.", CONTINUE_ON_FAILURE)

2018-12-17 13:40:50 - [TEST_STEP][NOT_RUN] - click(findTestObject("TF_Customer_Create/3_Common_Action_Buttons/Click_Data_Tab/span_Data_Tab")): NOT_RUN: click(findTestObject("TF_Customer_Create/3_Common_Action_Buttons/Click_Data_Tab/span_Data_Tab"))

2018-12-17 13:40:50 - [MESSAGE][NOT_RUN] - NOT_RUN: click(findTestObject("TF_Customer_Create/3_Common_Action_Buttons/Click_Data_Tab/span_Data_Tab"))

2018-12-17 13:40:50 - [TEST_STEP][NOT_RUN] - delay(1): NOT_RUN: delay(1)

2018-12-17 13:40:50 - [MESSAGE][NOT_RUN] - NOT_RUN: delay(1)

2018-12-17 13:40:50 - [TEST_STEP][NOT_RUN] - click(findTestObject("TF_Customer_Create/3_Common_Action_Buttons/Click_Close_Button/btn_Close")): NOT_RUN: click(findTestObject("TF_Customer_Create/3_Common_Action_Buttons/Click_Close_Button/btn_Close"))

2018-12-17 13:40:50 - [MESSAGE][NOT_RUN] - NOT_RUN: click(findTestObject("TF_Customer_Create/3_Common_Action_Buttons/Click_Close_Button/btn_Close"))

2018-12-17 13:40:50 - [TEST_STEP][NOT_RUN] - delay(1): NOT_RUN: delay(1)

2018-12-17 13:40:50 - [MESSAGE][NOT_RUN] - NOT_RUN: delay(1)

2018-12-17 13:40:50 - [TEST_STEP][PASSED] - vrfy_SDIV = com.oracledb.regressiontest.verifySDIV(ora_connt, ora_usr, ora_psswrd, ora_schema, input_Sales_Div_Nm): com.oracledb.regressiontest.verifySDIV is PASSED

2018-12-17 13:40:53 - [MESSAGE][PASSED] - com.oracledb.regressiontest.verifySDIV is PASSED

2018-12-17 13:40:53 - [TEST_STEP][PASSED] - println("Sales Division Name"): null

2018-12-17 13:40:53 - [TEST_STEP][PASSED] - verifyEqual(HIERARCHY_NODE_NAME, input_Sales_Div_Nm): Actual object 'TEST_SALES_DIV_017' and expected object 'TEST_SALES_DIV_017' are equal

2018-12-17 13:40:53 - [MESSAGE][PASSED] - Actual object 'TEST_SALES_DIV_017' and expected object 'TEST_SALES_DIV_017' are equal]]></system-out>
         <system-err><![CDATA[]]></system-err>
      </testcase>
      <testcase name="Test Cases/Regression_TF_Customer/Create_Record/TC_9_Create_SHL4_Sales_Region" classname="Test Cases/Regression_TF_Customer/Create_Record/TC_9_Create_SHL4_Sales_Region" status="PASSED">
         <system-out><![CDATA[2018-12-17 13:40:53 - [TEST_CASE][PASSED] - Test Cases/Regression_TF_Customer/Create_Record/TC_9_Create_SHL4_Sales_Region: Test Cases/Regression_TF_Customer/Create_Record/TC_9_Create_SHL4_Sales_Region

2018-12-17 13:40:53 - [TEST_STEP][PASSED] - waitForPageLoad(G_Timeout): Wait for page load successfully

2018-12-17 13:40:53 - [MESSAGE][PASSED] - Wait for page load successfully

2018-12-17 13:40:53 - [TEST_STEP][PASSED] - mouseOver(findTestObject("TF_Customer_Create/1_Menu_Navigation_To_Open_All_Pages/0_Menu_Create_In_Data_View")): Object: 'Object Repository/TF_Customer_Create/1_Menu_Navigation_To_Open_All_Pages/0_Menu_Create_In_Data_View' is hovered

2018-12-17 13:40:53 - [MESSAGE][PASSED] - Object: 'Object Repository/TF_Customer_Create/1_Menu_Navigation_To_Open_All_Pages/0_Menu_Create_In_Data_View' is hovered

2018-12-17 13:40:53 - [TEST_STEP][PASSED] - waitForPageLoad(G_Timeout): Wait for page load successfully

2018-12-17 13:40:53 - [MESSAGE][PASSED] - Wait for page load successfully

2018-12-17 13:40:53 - [TEST_STEP][PASSED] - mouseOver(findTestObject("TF_Customer_Create/1_Menu_Navigation_To_Open_All_Pages/1_Menu_Create_Master_Data")): Object: 'Object Repository/TF_Customer_Create/1_Menu_Navigation_To_Open_All_Pages/1_Menu_Create_Master_Data' is hovered

2018-12-17 13:40:53 - [MESSAGE][PASSED] - Object: 'Object Repository/TF_Customer_Create/1_Menu_Navigation_To_Open_All_Pages/1_Menu_Create_Master_Data' is hovered

2018-12-17 13:40:53 - [TEST_STEP][PASSED] - waitForPageLoad(G_Timeout): Wait for page load successfully

2018-12-17 13:40:53 - [MESSAGE][PASSED] - Wait for page load successfully

2018-12-17 13:40:53 - [TEST_STEP][PASSED] - mouseOver(findTestObject("TF_Customer_Create/1_Menu_Navigation_To_Open_All_Pages/2_Sales_Hierarchy_Level_Hoverover")): Object: 'Object Repository/TF_Customer_Create/1_Menu_Navigation_To_Open_All_Pages/2_Sales_Hierarchy_Level_Hoverover' is hovered

2018-12-17 13:40:54 - [MESSAGE][PASSED] - Object: 'Object Repository/TF_Customer_Create/1_Menu_Navigation_To_Open_All_Pages/2_Sales_Hierarchy_Level_Hoverover' is hovered

2018-12-17 13:40:54 - [TEST_STEP][PASSED] - waitForPageLoad(G_Timeout): Wait for page load successfully

2018-12-17 13:40:54 - [MESSAGE][PASSED] - Wait for page load successfully

2018-12-17 13:40:54 - [TEST_STEP][PASSED] - click(findTestObject("TF_Customer_Create/2_Select_Menu_Options(All)/Sales_Hierarchy_Level/4_Menu_Sales Region")): Object: 'Object Repository/TF_Customer_Create/2_Select_Menu_Options(All)/Sales_Hierarchy_Level/4_Menu_Sales Region' is clicked on

2018-12-17 13:40:54 - [MESSAGE][PASSED] - Object: 'Object Repository/TF_Customer_Create/2_Select_Menu_Options(All)/Sales_Hierarchy_Level/4_Menu_Sales Region' is clicked on

2018-12-17 13:40:54 - [TEST_STEP][PASSED] - waitForPageLoad(G_Timeout): Wait for page load successfully

2018-12-17 13:40:54 - [MESSAGE][PASSED] - Wait for page load successfully

2018-12-17 13:40:54 - [TEST_STEP][PASSED] - delay(3): Delayed 3 second(s)

2018-12-17 13:40:57 - [MESSAGE][PASSED] - Delayed 3 second(s)

2018-12-17 13:40:57 - [TEST_STEP][PASSED] - setText(findTestObject("TF_Customer_Create/4_Create_Objects_And_Save/9_Create_SHL4_Sales_Region/Input_Sales_Region_Code/input_Sales_Region_Cd"), input_Sales_Reg_Cd): Text '1017' is set on object 'Object Repository/TF_Customer_Create/4_Create_Objects_And_Save/9_Create_SHL4_Sales_Region/Input_Sales_Region_Code/input_Sales_Region_Cd'

2018-12-17 13:40:57 - [MESSAGE][PASSED] - Text '1017' is set on object 'Object Repository/TF_Customer_Create/4_Create_Objects_And_Save/9_Create_SHL4_Sales_Region/Input_Sales_Region_Code/input_Sales_Region_Cd'

2018-12-17 13:40:57 - [TEST_STEP][PASSED] - setText(findTestObject("TF_Customer_Create/4_Create_Objects_And_Save/9_Create_SHL4_Sales_Region/Input_Sales_Region_Name/input_Sales_Region_Nm"), input_Sales_Reg_Nm): Text 'Test_Sales_Reg_0017' is set on object 'Object Repository/TF_Customer_Create/4_Create_Objects_And_Save/9_Create_SHL4_Sales_Region/Input_Sales_Region_Name/input_Sales_Region_Nm'

2018-12-17 13:40:58 - [MESSAGE][PASSED] - Text 'Test_Sales_Reg_0017' is set on object 'Object Repository/TF_Customer_Create/4_Create_Objects_And_Save/9_Create_SHL4_Sales_Region/Input_Sales_Region_Name/input_Sales_Region_Nm'

2018-12-17 13:40:58 - [TEST_STEP][PASSED] - delay(2): Delayed 2 second(s)

2018-12-17 13:41:00 - [MESSAGE][PASSED] - Delayed 2 second(s)

2018-12-17 13:41:00 - [TEST_STEP][PASSED] - click(findTestObject("TF_Customer_Create/4_Create_Objects_And_Save/Choose_Sales_Org/Click_Sales_Org_DD"), CONTINUE_ON_FAILURE): Object: 'Object Repository/TF_Customer_Create/4_Create_Objects_And_Save/Choose_Sales_Org/Click_Sales_Org_DD' is clicked on

2018-12-17 13:41:00 - [MESSAGE][PASSED] - Object: 'Object Repository/TF_Customer_Create/4_Create_Objects_And_Save/Choose_Sales_Org/Click_Sales_Org_DD' is clicked on

2018-12-17 13:41:00 - [TEST_STEP][PASSED] - click(findTestObject("TF_Customer_Create/4_Create_Objects_And_Save/Choose_Sales_Org/CA_Object"), CONTINUE_ON_FAILURE): Object: 'Object Repository/TF_Customer_Create/4_Create_Objects_And_Save/Choose_Sales_Org/CA_Object' is clicked on

2018-12-17 13:41:00 - [MESSAGE][PASSED] - Object: 'Object Repository/TF_Customer_Create/4_Create_Objects_And_Save/Choose_Sales_Org/CA_Object' is clicked on

2018-12-17 13:41:00 - [TEST_STEP][PASSED] - delay(3): Delayed 3 second(s)

2018-12-17 13:41:03 - [MESSAGE][PASSED] - Delayed 3 second(s)

2018-12-17 13:41:03 - [TEST_STEP][PASSED] - click(findTestObject("TF_Customer_Create/3_Common_Action_Buttons/Click_Apply_Button/td_Apply")): Object: 'Object Repository/TF_Customer_Create/3_Common_Action_Buttons/Click_Apply_Button/td_Apply' is clicked on

2018-12-17 13:41:03 - [MESSAGE][PASSED] - Object: 'Object Repository/TF_Customer_Create/3_Common_Action_Buttons/Click_Apply_Button/td_Apply' is clicked on

2018-12-17 13:41:03 - [TEST_STEP][PASSED] - delay(2): Delayed 2 second(s)

2018-12-17 13:41:05 - [MESSAGE][PASSED] - Delayed 2 second(s)

2018-12-17 13:41:05 - [TEST_STEP][PASSED] - click(findTestObject("TF_Customer_Create/3_Common_Action_Buttons/Click_Save_Button/btn_Save")): Object: 'Object Repository/TF_Customer_Create/3_Common_Action_Buttons/Click_Save_Button/btn_Save' is clicked on

2018-12-17 13:41:05 - [MESSAGE][PASSED] - Object: 'Object Repository/TF_Customer_Create/3_Common_Action_Buttons/Click_Save_Button/btn_Save' is clicked on

2018-12-17 13:41:05 - [TEST_STEP][PASSED] - delay(2): Delayed 2 second(s)

2018-12-17 13:41:07 - [MESSAGE][PASSED] - Delayed 2 second(s)

2018-12-17 13:41:07 - [TEST_STEP][NOT_RUN] - verifyElementText(findTestObject("TF_Customer_Create/3_Common_Action_Buttons/Verify_Success_Message/Success_Message"), "Record has been saved successfully.", CONTINUE_ON_FAILURE): NOT_RUN: verifyElementText(findTestObject("TF_Customer_Create/3_Common_Action_Buttons/Verify_Success_Message/Success_Message"), "Record has been saved successfully.", CONTINUE_ON_FAILURE)

2018-12-17 13:41:07 - [MESSAGE][NOT_RUN] - NOT_RUN: verifyElementText(findTestObject("TF_Customer_Create/3_Common_Action_Buttons/Verify_Success_Message/Success_Message"), "Record has been saved successfully.", CONTINUE_ON_FAILURE)

2018-12-17 13:41:07 - [TEST_STEP][NOT_RUN] - click(findTestObject("TF_Customer_Create/3_Common_Action_Buttons/Click_Data_Tab/span_Data_Tab")): NOT_RUN: click(findTestObject("TF_Customer_Create/3_Common_Action_Buttons/Click_Data_Tab/span_Data_Tab"))

2018-12-17 13:41:07 - [MESSAGE][NOT_RUN] - NOT_RUN: click(findTestObject("TF_Customer_Create/3_Common_Action_Buttons/Click_Data_Tab/span_Data_Tab"))

2018-12-17 13:41:07 - [TEST_STEP][NOT_RUN] - delay(1): NOT_RUN: delay(1)

2018-12-17 13:41:07 - [MESSAGE][NOT_RUN] - NOT_RUN: delay(1)

2018-12-17 13:41:07 - [TEST_STEP][NOT_RUN] - click(findTestObject("TF_Customer_Create/3_Common_Action_Buttons/Click_Close_Button/btn_Close")): NOT_RUN: click(findTestObject("TF_Customer_Create/3_Common_Action_Buttons/Click_Close_Button/btn_Close"))

2018-12-17 13:41:07 - [MESSAGE][NOT_RUN] - NOT_RUN: click(findTestObject("TF_Customer_Create/3_Common_Action_Buttons/Click_Close_Button/btn_Close"))

2018-12-17 13:41:07 - [TEST_STEP][NOT_RUN] - delay(1): NOT_RUN: delay(1)

2018-12-17 13:41:07 - [MESSAGE][NOT_RUN] - NOT_RUN: delay(1)

2018-12-17 13:41:07 - [TEST_STEP][PASSED] - vrfy_SREG = com.oracledb.regressiontest.verifySREG(ora_connt, ora_usr, ora_psswrd, ora_schema, input_Sales_Reg_Cd): com.oracledb.regressiontest.verifySREG is PASSED

2018-12-17 13:41:09 - [MESSAGE][PASSED] - com.oracledb.regressiontest.verifySREG is PASSED

2018-12-17 13:41:09 - [TEST_STEP][PASSED] - println("Sales Region Code"): null

2018-12-17 13:41:09 - [TEST_STEP][PASSED] - verifyEqual(HIERARCHY_NODE_CODE, input_Sales_Reg_Cd): Actual object '1017' and expected object '1017' are equal

2018-12-17 13:41:09 - [MESSAGE][PASSED] - Actual object '1017' and expected object '1017' are equal]]></system-out>
         <system-err><![CDATA[]]></system-err>
      </testcase>
      <testcase name="Test Cases/Regression_TF_Customer/Create_Record/TC_10_Create_SHL5_Sales_Market" classname="Test Cases/Regression_TF_Customer/Create_Record/TC_10_Create_SHL5_Sales_Market" status="PASSED">
         <system-out><![CDATA[2018-12-17 13:41:09 - [TEST_CASE][PASSED] - Test Cases/Regression_TF_Customer/Create_Record/TC_10_Create_SHL5_Sales_Market: Test Cases/Regression_TF_Customer/Create_Record/TC_10_Create_SHL5_Sales_Market

2018-12-17 13:41:10 - [TEST_STEP][PASSED] - waitForPageLoad(G_Timeout): Wait for page load successfully

2018-12-17 13:41:10 - [MESSAGE][PASSED] - Wait for page load successfully

2018-12-17 13:41:10 - [TEST_STEP][PASSED] - mouseOver(findTestObject("TF_Customer_Create/1_Menu_Navigation_To_Open_All_Pages/0_Menu_Create_In_Data_View")): Object: 'Object Repository/TF_Customer_Create/1_Menu_Navigation_To_Open_All_Pages/0_Menu_Create_In_Data_View' is hovered

2018-12-17 13:41:10 - [MESSAGE][PASSED] - Object: 'Object Repository/TF_Customer_Create/1_Menu_Navigation_To_Open_All_Pages/0_Menu_Create_In_Data_View' is hovered

2018-12-17 13:41:10 - [TEST_STEP][PASSED] - waitForPageLoad(G_Timeout): Wait for page load successfully

2018-12-17 13:41:10 - [MESSAGE][PASSED] - Wait for page load successfully

2018-12-17 13:41:10 - [TEST_STEP][PASSED] - mouseOver(findTestObject("TF_Customer_Create/1_Menu_Navigation_To_Open_All_Pages/1_Menu_Create_Master_Data")): Object: 'Object Repository/TF_Customer_Create/1_Menu_Navigation_To_Open_All_Pages/1_Menu_Create_Master_Data' is hovered

2018-12-17 13:41:10 - [MESSAGE][PASSED] - Object: 'Object Repository/TF_Customer_Create/1_Menu_Navigation_To_Open_All_Pages/1_Menu_Create_Master_Data' is hovered

2018-12-17 13:41:10 - [TEST_STEP][PASSED] - waitForPageLoad(G_Timeout): Wait for page load successfully

2018-12-17 13:41:10 - [MESSAGE][PASSED] - Wait for page load successfully

2018-12-17 13:41:10 - [TEST_STEP][PASSED] - mouseOver(findTestObject("TF_Customer_Create/1_Menu_Navigation_To_Open_All_Pages/2_Sales_Hierarchy_Level_Hoverover")): Object: 'Object Repository/TF_Customer_Create/1_Menu_Navigation_To_Open_All_Pages/2_Sales_Hierarchy_Level_Hoverover' is hovered

2018-12-17 13:41:10 - [MESSAGE][PASSED] - Object: 'Object Repository/TF_Customer_Create/1_Menu_Navigation_To_Open_All_Pages/2_Sales_Hierarchy_Level_Hoverover' is hovered

2018-12-17 13:41:10 - [TEST_STEP][PASSED] - waitForPageLoad(G_Timeout): Wait for page load successfully

2018-12-17 13:41:10 - [MESSAGE][PASSED] - Wait for page load successfully

2018-12-17 13:41:10 - [TEST_STEP][PASSED] - click(findTestObject("TF_Customer_Create/2_Select_Menu_Options(All)/Sales_Hierarchy_Level/5_Menu_Sales Market")): Object: 'Object Repository/TF_Customer_Create/2_Select_Menu_Options(All)/Sales_Hierarchy_Level/5_Menu_Sales Market' is clicked on

2018-12-17 13:41:11 - [MESSAGE][PASSED] - Object: 'Object Repository/TF_Customer_Create/2_Select_Menu_Options(All)/Sales_Hierarchy_Level/5_Menu_Sales Market' is clicked on

2018-12-17 13:41:11 - [TEST_STEP][PASSED] - waitForPageLoad(G_Timeout): Wait for page load successfully

2018-12-17 13:41:11 - [MESSAGE][PASSED] - Wait for page load successfully

2018-12-17 13:41:11 - [TEST_STEP][PASSED] - delay(3): Delayed 3 second(s)

2018-12-17 13:41:14 - [MESSAGE][PASSED] - Delayed 3 second(s)

2018-12-17 13:41:14 - [TEST_STEP][PASSED] - setText(findTestObject("TF_Customer_Create/4_Create_Objects_And_Save/10_Create_SHL5_Sales_Market/Input_Sales_Market_Code/input_Sales_Market_Cd"), input_Sales_Mkt_Cd): Text '20018' is set on object 'Object Repository/TF_Customer_Create/4_Create_Objects_And_Save/10_Create_SHL5_Sales_Market/Input_Sales_Market_Code/input_Sales_Market_Cd'

2018-12-17 13:41:14 - [MESSAGE][PASSED] - Text '20018' is set on object 'Object Repository/TF_Customer_Create/4_Create_Objects_And_Save/10_Create_SHL5_Sales_Market/Input_Sales_Market_Code/input_Sales_Market_Cd'

2018-12-17 13:41:14 - [TEST_STEP][PASSED] - setText(findTestObject("TF_Customer_Create/4_Create_Objects_And_Save/10_Create_SHL5_Sales_Market/Input_Sales_Market_Name/input_Sales_Market_Nm"), input_Sales_Mkt_Nm): Text 'Test_Sales_Mkt_0018' is set on object 'Object Repository/TF_Customer_Create/4_Create_Objects_And_Save/10_Create_SHL5_Sales_Market/Input_Sales_Market_Name/input_Sales_Market_Nm'

2018-12-17 13:41:14 - [MESSAGE][PASSED] - Text 'Test_Sales_Mkt_0018' is set on object 'Object Repository/TF_Customer_Create/4_Create_Objects_And_Save/10_Create_SHL5_Sales_Market/Input_Sales_Market_Name/input_Sales_Market_Nm'

2018-12-17 13:41:14 - [TEST_STEP][PASSED] - delay(2): Delayed 2 second(s)

2018-12-17 13:41:16 - [MESSAGE][PASSED] - Delayed 2 second(s)

2018-12-17 13:41:16 - [TEST_STEP][PASSED] - click(findTestObject("TF_Customer_Create/4_Create_Objects_And_Save/Choose_Sales_Org/Click_Sales_Org_DD"), CONTINUE_ON_FAILURE): Object: 'Object Repository/TF_Customer_Create/4_Create_Objects_And_Save/Choose_Sales_Org/Click_Sales_Org_DD' is clicked on

2018-12-17 13:41:16 - [MESSAGE][PASSED] - Object: 'Object Repository/TF_Customer_Create/4_Create_Objects_And_Save/Choose_Sales_Org/Click_Sales_Org_DD' is clicked on

2018-12-17 13:41:16 - [TEST_STEP][PASSED] - click(findTestObject("TF_Customer_Create/4_Create_Objects_And_Save/Choose_Sales_Org/CA_Object"), CONTINUE_ON_FAILURE): Object: 'Object Repository/TF_Customer_Create/4_Create_Objects_And_Save/Choose_Sales_Org/CA_Object' is clicked on

2018-12-17 13:41:16 - [MESSAGE][PASSED] - Object: 'Object Repository/TF_Customer_Create/4_Create_Objects_And_Save/Choose_Sales_Org/CA_Object' is clicked on

2018-12-17 13:41:16 - [TEST_STEP][PASSED] - delay(3): Delayed 3 second(s)

2018-12-17 13:41:19 - [MESSAGE][PASSED] - Delayed 3 second(s)

2018-12-17 13:41:19 - [TEST_STEP][PASSED] - click(findTestObject("TF_Customer_Create/3_Common_Action_Buttons/Click_Apply_Button/td_Apply")): Object: 'Object Repository/TF_Customer_Create/3_Common_Action_Buttons/Click_Apply_Button/td_Apply' is clicked on

2018-12-17 13:41:20 - [MESSAGE][PASSED] - Object: 'Object Repository/TF_Customer_Create/3_Common_Action_Buttons/Click_Apply_Button/td_Apply' is clicked on

2018-12-17 13:41:20 - [TEST_STEP][PASSED] - delay(2): Delayed 2 second(s)

2018-12-17 13:41:22 - [MESSAGE][PASSED] - Delayed 2 second(s)

2018-12-17 13:41:22 - [TEST_STEP][PASSED] - click(findTestObject("TF_Customer_Create/3_Common_Action_Buttons/Click_Save_Button/btn_Save")): Object: 'Object Repository/TF_Customer_Create/3_Common_Action_Buttons/Click_Save_Button/btn_Save' is clicked on

2018-12-17 13:41:22 - [MESSAGE][PASSED] - Object: 'Object Repository/TF_Customer_Create/3_Common_Action_Buttons/Click_Save_Button/btn_Save' is clicked on

2018-12-17 13:41:22 - [TEST_STEP][PASSED] - delay(2): Delayed 2 second(s)

2018-12-17 13:41:24 - [MESSAGE][PASSED] - Delayed 2 second(s)

2018-12-17 13:41:24 - [TEST_STEP][NOT_RUN] - verifyElementText(findTestObject("TF_Customer_Create/3_Common_Action_Buttons/Verify_Success_Message/Success_Message"), "Record has been saved successfully.", CONTINUE_ON_FAILURE): NOT_RUN: verifyElementText(findTestObject("TF_Customer_Create/3_Common_Action_Buttons/Verify_Success_Message/Success_Message"), "Record has been saved successfully.", CONTINUE_ON_FAILURE)

2018-12-17 13:41:24 - [MESSAGE][NOT_RUN] - NOT_RUN: verifyElementText(findTestObject("TF_Customer_Create/3_Common_Action_Buttons/Verify_Success_Message/Success_Message"), "Record has been saved successfully.", CONTINUE_ON_FAILURE)

2018-12-17 13:41:24 - [TEST_STEP][NOT_RUN] - click(findTestObject("TF_Customer_Create/3_Common_Action_Buttons/Click_Data_Tab/span_Data_Tab")): NOT_RUN: click(findTestObject("TF_Customer_Create/3_Common_Action_Buttons/Click_Data_Tab/span_Data_Tab"))

2018-12-17 13:41:24 - [MESSAGE][NOT_RUN] - NOT_RUN: click(findTestObject("TF_Customer_Create/3_Common_Action_Buttons/Click_Data_Tab/span_Data_Tab"))

2018-12-17 13:41:24 - [TEST_STEP][NOT_RUN] - delay(1): NOT_RUN: delay(1)

2018-12-17 13:41:24 - [MESSAGE][NOT_RUN] - NOT_RUN: delay(1)

2018-12-17 13:41:24 - [TEST_STEP][NOT_RUN] - click(findTestObject("TF_Customer_Create/3_Common_Action_Buttons/Click_Close_Button/btn_Close")): NOT_RUN: click(findTestObject("TF_Customer_Create/3_Common_Action_Buttons/Click_Close_Button/btn_Close"))

2018-12-17 13:41:24 - [MESSAGE][NOT_RUN] - NOT_RUN: click(findTestObject("TF_Customer_Create/3_Common_Action_Buttons/Click_Close_Button/btn_Close"))

2018-12-17 13:41:24 - [TEST_STEP][NOT_RUN] - delay(1): NOT_RUN: delay(1)

2018-12-17 13:41:24 - [MESSAGE][NOT_RUN] - NOT_RUN: delay(1)

2018-12-17 13:41:24 - [TEST_STEP][PASSED] - vrfy_SMKT = com.oracledb.regressiontest.verifySMKT(ora_connt, ora_usr, ora_psswrd, ora_schema, input_Sales_Mkt_Cd): com.oracledb.regressiontest.verifySMKT is PASSED

2018-12-17 13:41:26 - [MESSAGE][PASSED] - com.oracledb.regressiontest.verifySMKT is PASSED

2018-12-17 13:41:26 - [TEST_STEP][PASSED] - println("Sales Market Code"): null

2018-12-17 13:41:26 - [TEST_STEP][PASSED] - verifyEqual(HIERARCHY_NODE_CODE, input_Sales_Mkt_Cd): Actual object '20018' and expected object '20018' are equal

2018-12-17 13:41:26 - [MESSAGE][PASSED] - Actual object '20018' and expected object '20018' are equal]]></system-out>
         <system-err><![CDATA[]]></system-err>
      </testcase>
      <testcase name="Test Cases/Regression_TF_Customer/Create_Record/TC_11_Open_PA_Planning_Account" classname="Test Cases/Regression_TF_Customer/Create_Record/TC_11_Open_PA_Planning_Account" status="PASSED">
         <system-out><![CDATA[2018-12-17 13:41:26 - [TEST_CASE][PASSED] - Test Cases/Regression_TF_Customer/Create_Record/TC_11_Open_PA_Planning_Account: Test Cases/Regression_TF_Customer/Create_Record/TC_11_Open_PA_Planning_Account

2018-12-17 13:41:26 - [TEST_STEP][PASSED] - waitForPageLoad(G_Timeout): Wait for page load successfully

2018-12-17 13:41:26 - [MESSAGE][PASSED] - Wait for page load successfully

2018-12-17 13:41:26 - [TEST_STEP][PASSED] - mouseOver(findTestObject("TF_Customer_Create/1_Menu_Navigation_To_Open_All_Pages/0_Menu_Create_In_Data_View")): Object: 'Object Repository/TF_Customer_Create/1_Menu_Navigation_To_Open_All_Pages/0_Menu_Create_In_Data_View' is hovered

2018-12-17 13:41:26 - [MESSAGE][PASSED] - Object: 'Object Repository/TF_Customer_Create/1_Menu_Navigation_To_Open_All_Pages/0_Menu_Create_In_Data_View' is hovered

2018-12-17 13:41:26 - [TEST_STEP][PASSED] - waitForPageLoad(G_Timeout): Wait for page load successfully

2018-12-17 13:41:26 - [MESSAGE][PASSED] - Wait for page load successfully

2018-12-17 13:41:26 - [TEST_STEP][PASSED] - mouseOver(findTestObject("TF_Customer_Create/1_Menu_Navigation_To_Open_All_Pages/1_Menu_Create_Master_Data")): Object: 'Object Repository/TF_Customer_Create/1_Menu_Navigation_To_Open_All_Pages/1_Menu_Create_Master_Data' is hovered

2018-12-17 13:41:26 - [MESSAGE][PASSED] - Object: 'Object Repository/TF_Customer_Create/1_Menu_Navigation_To_Open_All_Pages/1_Menu_Create_Master_Data' is hovered

2018-12-17 13:41:26 - [TEST_STEP][PASSED] - waitForPageLoad(G_Timeout): Wait for page load successfully

2018-12-17 13:41:26 - [MESSAGE][PASSED] - Wait for page load successfully

2018-12-17 13:41:26 - [TEST_STEP][PASSED] - mouseOver(findTestObject("TF_Customer_Create/1_Menu_Navigation_To_Open_All_Pages/3_Planning_Account_Hoverover_Option")): Object: 'Object Repository/TF_Customer_Create/1_Menu_Navigation_To_Open_All_Pages/3_Planning_Account_Hoverover_Option' is hovered

2018-12-17 13:41:27 - [MESSAGE][PASSED] - Object: 'Object Repository/TF_Customer_Create/1_Menu_Navigation_To_Open_All_Pages/3_Planning_Account_Hoverover_Option' is hovered

2018-12-17 13:41:27 - [TEST_STEP][PASSED] - waitForPageLoad(G_Timeout): Wait for page load successfully

2018-12-17 13:41:27 - [MESSAGE][PASSED] - Wait for page load successfully

2018-12-17 13:41:27 - [TEST_STEP][PASSED] - click(findTestObject("TF_Customer_Create/2_Select_Menu_Options(All)/Planning_Account/td_Planning Account_pad")): Object: 'Object Repository/TF_Customer_Create/2_Select_Menu_Options(All)/Planning_Account/td_Planning Account_pad' is clicked on

2018-12-17 13:41:27 - [MESSAGE][PASSED] - Object: 'Object Repository/TF_Customer_Create/2_Select_Menu_Options(All)/Planning_Account/td_Planning Account_pad' is clicked on

2018-12-17 13:41:27 - [TEST_STEP][PASSED] - waitForPageLoad(G_Timeout): Wait for page load successfully

2018-12-17 13:41:27 - [MESSAGE][PASSED] - Wait for page load successfully

2018-12-17 13:41:27 - [TEST_STEP][PASSED] - delay(3): Delayed 3 second(s)

2018-12-17 13:41:30 - [MESSAGE][PASSED] - Delayed 3 second(s)

2018-12-17 13:41:30 - [TEST_STEP][NOT_RUN] - setText(findTestObject("TF_Customer_Create/4_Create_Objects_And_Save/10_Create_SHL5_Sales_Market/Input_Sales_Market_Code/input_Sales_Market_Cd"), input_Sales_Mkt_Cd): NOT_RUN: setText(findTestObject("TF_Customer_Create/4_Create_Objects_And_Save/10_Create_SHL5_Sales_Market/Input_Sales_Market_Code/input_Sales_Market_Cd"), input_Sales_Mkt_Cd)

2018-12-17 13:41:30 - [MESSAGE][NOT_RUN] - NOT_RUN: setText(findTestObject("TF_Customer_Create/4_Create_Objects_And_Save/10_Create_SHL5_Sales_Market/Input_Sales_Market_Code/input_Sales_Market_Cd"), input_Sales_Mkt_Cd)

2018-12-17 13:41:30 - [TEST_STEP][PASSED] - setText(findTestObject("TF_Customer_Create/4_Create_Objects_And_Save/11_Create_Planning_Account/Input_Planning_Account_Name/input_Planning_Account_Nm"), input_Planning_Acct_Nm): Text 'TEST_PLANNING_ACCT_0015' is set on object 'Object Repository/TF_Customer_Create/4_Create_Objects_And_Save/11_Create_Planning_Account/Input_Planning_Account_Name/input_Planning_Account_Nm'

2018-12-17 13:41:31 - [MESSAGE][PASSED] - Text 'TEST_PLANNING_ACCT_0015' is set on object 'Object Repository/TF_Customer_Create/4_Create_Objects_And_Save/11_Create_Planning_Account/Input_Planning_Account_Name/input_Planning_Account_Nm'

2018-12-17 13:41:31 - [TEST_STEP][PASSED] - setText(findTestObject("TF_Customer_Create/4_Create_Objects_And_Save/Set_Effective_Dates/input_Effective_Start_Date"), input_Eff_Start_Dt): Text '14/Dec/2018' is set on object 'Object Repository/TF_Customer_Create/4_Create_Objects_And_Save/Set_Effective_Dates/input_Effective_Start_Date'

2018-12-17 13:41:31 - [MESSAGE][PASSED] - Text '14/Dec/2018' is set on object 'Object Repository/TF_Customer_Create/4_Create_Objects_And_Save/Set_Effective_Dates/input_Effective_Start_Date'

2018-12-17 13:41:31 - [TEST_STEP][PASSED] - setText(findTestObject("TF_Customer_Create/4_Create_Objects_And_Save/Set_Effective_Dates/input_Effective_End_Date"), input_Eff_End_Dt): Text '31/Dec/9999' is set on object 'Object Repository/TF_Customer_Create/4_Create_Objects_And_Save/Set_Effective_Dates/input_Effective_End_Date'

2018-12-17 13:41:31 - [MESSAGE][PASSED] - Text '31/Dec/9999' is set on object 'Object Repository/TF_Customer_Create/4_Create_Objects_And_Save/Set_Effective_Dates/input_Effective_End_Date'

2018-12-17 13:41:31 - [TEST_STEP][PASSED] - delay(2): Delayed 2 second(s)

2018-12-17 13:41:33 - [MESSAGE][PASSED] - Delayed 2 second(s)

2018-12-17 13:41:33 - [TEST_STEP][PASSED] - click(findTestObject("TF_Customer_Create/3_Common_Action_Buttons/Click_Data_Tab/span_Data_Tab")): Object: 'Object Repository/TF_Customer_Create/3_Common_Action_Buttons/Click_Data_Tab/span_Data_Tab' is clicked on

2018-12-17 13:41:33 - [MESSAGE][PASSED] - Object: 'Object Repository/TF_Customer_Create/3_Common_Action_Buttons/Click_Data_Tab/span_Data_Tab' is clicked on

2018-12-17 13:41:33 - [TEST_STEP][PASSED] - click(findTestObject("TF_Customer_Create/4_Create_Objects_And_Save/Choose_Sales_Org/Click_Sales_Org_DD"), CONTINUE_ON_FAILURE): Object: 'Object Repository/TF_Customer_Create/4_Create_Objects_And_Save/Choose_Sales_Org/Click_Sales_Org_DD' is clicked on

2018-12-17 13:41:33 - [MESSAGE][PASSED] - Object: 'Object Repository/TF_Customer_Create/4_Create_Objects_And_Save/Choose_Sales_Org/Click_Sales_Org_DD' is clicked on

2018-12-17 13:41:33 - [TEST_STEP][PASSED] - click(findTestObject("TF_Customer_Create/4_Create_Objects_And_Save/Choose_Sales_Org/CA_Object"), CONTINUE_ON_FAILURE): Object: 'Object Repository/TF_Customer_Create/4_Create_Objects_And_Save/Choose_Sales_Org/CA_Object' is clicked on

2018-12-17 13:41:33 - [MESSAGE][PASSED] - Object: 'Object Repository/TF_Customer_Create/4_Create_Objects_And_Save/Choose_Sales_Org/CA_Object' is clicked on

2018-12-17 13:41:33 - [TEST_STEP][PASSED] - delay(3): Delayed 3 second(s)

2018-12-17 13:41:36 - [MESSAGE][PASSED] - Delayed 3 second(s)

2018-12-17 13:41:36 - [TEST_STEP][PASSED] - click(findTestObject("TF_Customer_Create/3_Common_Action_Buttons/Click_Apply_Button/td_Apply")): Object: 'Object Repository/TF_Customer_Create/3_Common_Action_Buttons/Click_Apply_Button/td_Apply' is clicked on

2018-12-17 13:41:36 - [MESSAGE][PASSED] - Object: 'Object Repository/TF_Customer_Create/3_Common_Action_Buttons/Click_Apply_Button/td_Apply' is clicked on

2018-12-17 13:41:36 - [TEST_STEP][PASSED] - delay(2): Delayed 2 second(s)

2018-12-17 13:41:38 - [MESSAGE][PASSED] - Delayed 2 second(s)

2018-12-17 13:41:38 - [TEST_STEP][PASSED] - click(findTestObject("TF_Customer_Create/3_Common_Action_Buttons/Click_Save_Button/btn_Save")): Object: 'Object Repository/TF_Customer_Create/3_Common_Action_Buttons/Click_Save_Button/btn_Save' is clicked on

2018-12-17 13:41:39 - [MESSAGE][PASSED] - Object: 'Object Repository/TF_Customer_Create/3_Common_Action_Buttons/Click_Save_Button/btn_Save' is clicked on

2018-12-17 13:41:39 - [TEST_STEP][PASSED] - delay(2): Delayed 2 second(s)

2018-12-17 13:41:41 - [MESSAGE][PASSED] - Delayed 2 second(s)

2018-12-17 13:41:41 - [TEST_STEP][PASSED] - verifyElementText(findTestObject("TF_Customer_Create/3_Common_Action_Buttons/Verify_Success_Message/Success_Message"), "Record has been saved successfully.", CONTINUE_ON_FAILURE): Actual text and expected text of test object 'Object Repository/TF_Customer_Create/3_Common_Action_Buttons/Verify_Success_Message/Success_Message' are matched.

2018-12-17 13:41:41 - [MESSAGE][PASSED] - Actual text and expected text of test object 'Object Repository/TF_Customer_Create/3_Common_Action_Buttons/Verify_Success_Message/Success_Message' are matched.

2018-12-17 13:41:41 - [TEST_STEP][PASSED] - click(findTestObject("TF_Customer_Create/3_Common_Action_Buttons/Click_Data_Tab/span_Data_Tab")): Object: 'Object Repository/TF_Customer_Create/3_Common_Action_Buttons/Click_Data_Tab/span_Data_Tab' is clicked on

2018-12-17 13:41:41 - [MESSAGE][PASSED] - Object: 'Object Repository/TF_Customer_Create/3_Common_Action_Buttons/Click_Data_Tab/span_Data_Tab' is clicked on

2018-12-17 13:41:41 - [TEST_STEP][PASSED] - delay(1): Delayed 1 second(s)

2018-12-17 13:41:42 - [MESSAGE][PASSED] - Delayed 1 second(s)

2018-12-17 13:41:42 - [TEST_STEP][PASSED] - click(findTestObject("TF_Customer_Create/3_Common_Action_Buttons/Click_Close_Button/btn_Close")): Object: 'Object Repository/TF_Customer_Create/3_Common_Action_Buttons/Click_Close_Button/btn_Close' is clicked on

2018-12-17 13:41:42 - [MESSAGE][PASSED] - Object: 'Object Repository/TF_Customer_Create/3_Common_Action_Buttons/Click_Close_Button/btn_Close' is clicked on

2018-12-17 13:41:42 - [TEST_STEP][PASSED] - delay(2): Delayed 2 second(s)

2018-12-17 13:41:44 - [MESSAGE][PASSED] - Delayed 2 second(s)

2018-12-17 13:41:44 - [TEST_STEP][PASSED] - vrfy_PLA = com.oracledb.regressiontest.verifyPLA(ora_connt, ora_usr, ora_psswrd, ora_schema, input_Planning_Acct_Nm): com.oracledb.regressiontest.verifyPLA is PASSED

2018-12-17 13:41:47 - [MESSAGE][PASSED] - com.oracledb.regressiontest.verifyPLA is PASSED

2018-12-17 13:41:47 - [TEST_STEP][PASSED] - println("Planning Account Name"): null

2018-12-17 13:41:47 - [TEST_STEP][PASSED] - verifyEqual(PLANNING_ACCOUNT_NAME, input_Planning_Acct_Nm): Actual object 'TEST_PLANNING_ACCT_0015' and expected object 'TEST_PLANNING_ACCT_0015' are equal

2018-12-17 13:41:47 - [MESSAGE][PASSED] - Actual object 'TEST_PLANNING_ACCT_0015' and expected object 'TEST_PLANNING_ACCT_0015' are equal]]></system-out>
         <system-err><![CDATA[]]></system-err>
      </testcase>
      <testcase name="Test Cases/Regression_TF_Customer/Create_Record/TC_12_Open_PA_Sub_Planning_Account" classname="Test Cases/Regression_TF_Customer/Create_Record/TC_12_Open_PA_Sub_Planning_Account" status="PASSED">
         <system-out><![CDATA[2018-12-17 13:41:47 - [TEST_CASE][PASSED] - Test Cases/Regression_TF_Customer/Create_Record/TC_12_Open_PA_Sub_Planning_Account: Test Cases/Regression_TF_Customer/Create_Record/TC_12_Open_PA_Sub_Planning_Account

2018-12-17 13:41:47 - [TEST_STEP][PASSED] - waitForPageLoad(G_Timeout): Wait for page load successfully

2018-12-17 13:41:47 - [MESSAGE][PASSED] - Wait for page load successfully

2018-12-17 13:41:47 - [TEST_STEP][PASSED] - mouseOver(findTestObject("TF_Customer_Create/1_Menu_Navigation_To_Open_All_Pages/0_Menu_Create_In_Data_View")): Object: 'Object Repository/TF_Customer_Create/1_Menu_Navigation_To_Open_All_Pages/0_Menu_Create_In_Data_View' is hovered

2018-12-17 13:41:47 - [MESSAGE][PASSED] - Object: 'Object Repository/TF_Customer_Create/1_Menu_Navigation_To_Open_All_Pages/0_Menu_Create_In_Data_View' is hovered

2018-12-17 13:41:47 - [TEST_STEP][PASSED] - waitForPageLoad(G_Timeout): Wait for page load successfully

2018-12-17 13:41:47 - [MESSAGE][PASSED] - Wait for page load successfully

2018-12-17 13:41:47 - [TEST_STEP][PASSED] - mouseOver(findTestObject("TF_Customer_Create/1_Menu_Navigation_To_Open_All_Pages/1_Menu_Create_Master_Data")): Object: 'Object Repository/TF_Customer_Create/1_Menu_Navigation_To_Open_All_Pages/1_Menu_Create_Master_Data' is hovered

2018-12-17 13:41:47 - [MESSAGE][PASSED] - Object: 'Object Repository/TF_Customer_Create/1_Menu_Navigation_To_Open_All_Pages/1_Menu_Create_Master_Data' is hovered

2018-12-17 13:41:47 - [TEST_STEP][PASSED] - waitForPageLoad(G_Timeout): Wait for page load successfully

2018-12-17 13:41:47 - [MESSAGE][PASSED] - Wait for page load successfully

2018-12-17 13:41:47 - [TEST_STEP][PASSED] - mouseOver(findTestObject("TF_Customer_Create/1_Menu_Navigation_To_Open_All_Pages/3_Planning_Account_Hoverover_Option")): Object: 'Object Repository/TF_Customer_Create/1_Menu_Navigation_To_Open_All_Pages/3_Planning_Account_Hoverover_Option' is hovered

2018-12-17 13:41:48 - [MESSAGE][PASSED] - Object: 'Object Repository/TF_Customer_Create/1_Menu_Navigation_To_Open_All_Pages/3_Planning_Account_Hoverover_Option' is hovered

2018-12-17 13:41:48 - [TEST_STEP][PASSED] - waitForPageLoad(G_Timeout): Wait for page load successfully

2018-12-17 13:41:48 - [MESSAGE][PASSED] - Wait for page load successfully

2018-12-17 13:41:48 - [TEST_STEP][PASSED] - click(findTestObject("TF_Customer_Create/2_Select_Menu_Options(All)/Planning_Account/2_Menu_Sub Planning Account")): Object: 'Object Repository/TF_Customer_Create/2_Select_Menu_Options(All)/Planning_Account/2_Menu_Sub Planning Account' is clicked on

2018-12-17 13:41:48 - [MESSAGE][PASSED] - Object: 'Object Repository/TF_Customer_Create/2_Select_Menu_Options(All)/Planning_Account/2_Menu_Sub Planning Account' is clicked on

2018-12-17 13:41:48 - [TEST_STEP][PASSED] - waitForPageLoad(G_Timeout): Wait for page load successfully

2018-12-17 13:41:48 - [MESSAGE][PASSED] - Wait for page load successfully

2018-12-17 13:41:48 - [TEST_STEP][PASSED] - delay(3): Delayed 3 second(s)

2018-12-17 13:41:51 - [MESSAGE][PASSED] - Delayed 3 second(s)

2018-12-17 13:41:51 - [TEST_STEP][PASSED] - setText(findTestObject("TF_Customer_Create/4_Create_Objects_And_Save/12_Create_Sub_Planning_Account/Input_Sub_Planning_Account_Name/input_Sub_Planning_Account_Nm"), input_SPlanning_Acct_Nm): Text 'TEST_SPLANNING_ACCT_0014' is set on object 'Object Repository/TF_Customer_Create/4_Create_Objects_And_Save/12_Create_Sub_Planning_Account/Input_Sub_Planning_Account_Name/input_Sub_Planning_Account_Nm'

2018-12-17 13:41:52 - [MESSAGE][PASSED] - Text 'TEST_SPLANNING_ACCT_0014' is set on object 'Object Repository/TF_Customer_Create/4_Create_Objects_And_Save/12_Create_Sub_Planning_Account/Input_Sub_Planning_Account_Name/input_Sub_Planning_Account_Nm'

2018-12-17 13:41:52 - [TEST_STEP][PASSED] - setText(findTestObject("TF_Customer_Create/4_Create_Objects_And_Save/Set_Effective_Dates/input_Effective_Start_Date"), input_Eff_Start_Dt): Text '14/Dec/2018' is set on object 'Object Repository/TF_Customer_Create/4_Create_Objects_And_Save/Set_Effective_Dates/input_Effective_Start_Date'

2018-12-17 13:41:52 - [MESSAGE][PASSED] - Text '14/Dec/2018' is set on object 'Object Repository/TF_Customer_Create/4_Create_Objects_And_Save/Set_Effective_Dates/input_Effective_Start_Date'

2018-12-17 13:41:52 - [TEST_STEP][PASSED] - setText(findTestObject("TF_Customer_Create/4_Create_Objects_And_Save/Set_Effective_Dates/input_Effective_End_Date"), input_Eff_End_Dt): Text '31/Dec/9999' is set on object 'Object Repository/TF_Customer_Create/4_Create_Objects_And_Save/Set_Effective_Dates/input_Effective_End_Date'

2018-12-17 13:41:52 - [MESSAGE][PASSED] - Text '31/Dec/9999' is set on object 'Object Repository/TF_Customer_Create/4_Create_Objects_And_Save/Set_Effective_Dates/input_Effective_End_Date'

2018-12-17 13:41:52 - [TEST_STEP][PASSED] - delay(3): Delayed 3 second(s)

2018-12-17 13:41:55 - [MESSAGE][PASSED] - Delayed 3 second(s)

2018-12-17 13:41:55 - [TEST_STEP][PASSED] - click(findTestObject("TF_Customer_Create/3_Common_Action_Buttons/Click_Data_Tab/span_Data_Tab")): Object: 'Object Repository/TF_Customer_Create/3_Common_Action_Buttons/Click_Data_Tab/span_Data_Tab' is clicked on

2018-12-17 13:41:55 - [MESSAGE][PASSED] - Object: 'Object Repository/TF_Customer_Create/3_Common_Action_Buttons/Click_Data_Tab/span_Data_Tab' is clicked on

2018-12-17 13:41:55 - [TEST_STEP][PASSED] - click(findTestObject("TF_Customer_Create/4_Create_Objects_And_Save/Choose_Sales_Org/Click_Sales_Org_DD"), STOP_ON_FAILURE): Object: 'Object Repository/TF_Customer_Create/4_Create_Objects_And_Save/Choose_Sales_Org/Click_Sales_Org_DD' is clicked on

2018-12-17 13:41:55 - [MESSAGE][PASSED] - Object: 'Object Repository/TF_Customer_Create/4_Create_Objects_And_Save/Choose_Sales_Org/Click_Sales_Org_DD' is clicked on

2018-12-17 13:41:55 - [TEST_STEP][PASSED] - click(findTestObject("TF_Customer_Create/4_Create_Objects_And_Save/Choose_Sales_Org/CA_Object")): Object: 'Object Repository/TF_Customer_Create/4_Create_Objects_And_Save/Choose_Sales_Org/CA_Object' is clicked on

2018-12-17 13:41:55 - [MESSAGE][PASSED] - Object: 'Object Repository/TF_Customer_Create/4_Create_Objects_And_Save/Choose_Sales_Org/CA_Object' is clicked on

2018-12-17 13:41:55 - [TEST_STEP][PASSED] - delay(3): Delayed 3 second(s)

2018-12-17 13:41:58 - [MESSAGE][PASSED] - Delayed 3 second(s)

2018-12-17 13:41:58 - [TEST_STEP][PASSED] - click(findTestObject("TF_Customer_Create/3_Common_Action_Buttons/Click_Apply_Button/td_Apply")): Object: 'Object Repository/TF_Customer_Create/3_Common_Action_Buttons/Click_Apply_Button/td_Apply' is clicked on

2018-12-17 13:41:58 - [MESSAGE][PASSED] - Object: 'Object Repository/TF_Customer_Create/3_Common_Action_Buttons/Click_Apply_Button/td_Apply' is clicked on

2018-12-17 13:41:58 - [TEST_STEP][PASSED] - delay(2): Delayed 2 second(s)

2018-12-17 13:42:00 - [MESSAGE][PASSED] - Delayed 2 second(s)

2018-12-17 13:42:00 - [TEST_STEP][PASSED] - click(findTestObject("TF_Customer_Create/3_Common_Action_Buttons/Click_Save_Button/btn_Save")): Object: 'Object Repository/TF_Customer_Create/3_Common_Action_Buttons/Click_Save_Button/btn_Save' is clicked on

2018-12-17 13:42:00 - [MESSAGE][PASSED] - Object: 'Object Repository/TF_Customer_Create/3_Common_Action_Buttons/Click_Save_Button/btn_Save' is clicked on

2018-12-17 13:42:00 - [TEST_STEP][PASSED] - delay(2): Delayed 2 second(s)

2018-12-17 13:42:02 - [MESSAGE][PASSED] - Delayed 2 second(s)

2018-12-17 13:42:02 - [TEST_STEP][PASSED] - verifyElementText(findTestObject("TF_Customer_Create/3_Common_Action_Buttons/Verify_Success_Message/Success_Message"), "Record has been saved successfully.", CONTINUE_ON_FAILURE): Actual text and expected text of test object 'Object Repository/TF_Customer_Create/3_Common_Action_Buttons/Verify_Success_Message/Success_Message' are matched.

2018-12-17 13:42:03 - [MESSAGE][PASSED] - Actual text and expected text of test object 'Object Repository/TF_Customer_Create/3_Common_Action_Buttons/Verify_Success_Message/Success_Message' are matched.

2018-12-17 13:42:03 - [TEST_STEP][PASSED] - click(findTestObject("TF_Customer_Create/3_Common_Action_Buttons/Click_Data_Tab/span_Data_Tab")): Object: 'Object Repository/TF_Customer_Create/3_Common_Action_Buttons/Click_Data_Tab/span_Data_Tab' is clicked on

2018-12-17 13:42:03 - [MESSAGE][PASSED] - Object: 'Object Repository/TF_Customer_Create/3_Common_Action_Buttons/Click_Data_Tab/span_Data_Tab' is clicked on

2018-12-17 13:42:03 - [TEST_STEP][PASSED] - delay(1): Delayed 1 second(s)

2018-12-17 13:42:04 - [MESSAGE][PASSED] - Delayed 1 second(s)

2018-12-17 13:42:04 - [TEST_STEP][PASSED] - click(findTestObject("TF_Customer_Create/3_Common_Action_Buttons/Click_Close_Button/btn_Close")): Object: 'Object Repository/TF_Customer_Create/3_Common_Action_Buttons/Click_Close_Button/btn_Close' is clicked on

2018-12-17 13:42:04 - [MESSAGE][PASSED] - Object: 'Object Repository/TF_Customer_Create/3_Common_Action_Buttons/Click_Close_Button/btn_Close' is clicked on

2018-12-17 13:42:04 - [TEST_STEP][PASSED] - delay(2): Delayed 2 second(s)

2018-12-17 13:42:06 - [MESSAGE][PASSED] - Delayed 2 second(s)

2018-12-17 13:42:06 - [TEST_STEP][PASSED] - vrfy_SPLA = com.oracledb.regressiontest.verifySPLA(ora_connt, ora_usr, ora_psswrd, ora_schema, input_SPlanning_Acct_Nm): com.oracledb.regressiontest.verifySPLA is PASSED

2018-12-17 13:42:09 - [MESSAGE][PASSED] - com.oracledb.regressiontest.verifySPLA is PASSED

2018-12-17 13:42:09 - [TEST_STEP][PASSED] - println("Sub Planning Account Name"): null

2018-12-17 13:42:09 - [TEST_STEP][PASSED] - verifyEqual(PLANNING_ACCOUNT_NAME, input_SPlanning_Acct_Nm): Actual object 'TEST_SPLANNING_ACCT_0014' and expected object 'TEST_SPLANNING_ACCT_0014' are equal

2018-12-17 13:42:09 - [MESSAGE][PASSED] - Actual object 'TEST_SPLANNING_ACCT_0014' and expected object 'TEST_SPLANNING_ACCT_0014' are equal]]></system-out>
         <system-err><![CDATA[]]></system-err>
      </testcase>
      <system-out><![CDATA[2018-12-17 13:38:18 - [TEST_SUITE][FAILED] - 1_Regression_Test: Test Cases/Regression_TF_Customer/Create_Record/TC_1_Create_Banner FAILED.
Reason:
com.kms.katalon.core.exception.StepFailedException: Unable to click on object 'Object Repository/TF_Customer_Create/3_Common_Action_Buttons/Click_Save_Button/btn_Save' (Root cause: org.openqa.selenium.WebDriverException: unknown error: Element <td class="middle">...</td> is not clickable at point (1497, 52). Other element would receive the click: <div class="blockUI blockOverlay" style="z-index: 1000; border: none; margin: 0px; padding: 0px; width: 100%; height: 100%; top: 0px; left: 0px; background-color: transparent; opacity: 0.281163; cursor: default; position: fixed;"></div>
  (Session info: chrome=70.0.3538.110)
  (Driver info: chromedriver=2.43.600210 (68dcf5eebde37173d4027fa8635e332711d2874a),platform=Windows NT 6.1.7601 SP1 x86_64) (WARNING: The server did not provide any stacktrace information)
Command duration or timeout: 0 milliseconds
Build info: version: '3.7.1', revision: '8a0099a', time: '2017-11-06T21:07:36.161Z'
System info: host: 'JUNAID', ip: '200.199.80.62', os.name: 'Windows 7', os.arch: 'amd64', os.version: '6.1', java.version: '1.8.0_181'
Driver info: com.kms.katalon.selenium.driver.CChromeDriver
Capabilities {acceptInsecureCerts: false, acceptSslCerts: false, applicationCacheEnabled: false, browserConnectionEnabled: false, browserName: chrome, chrome: {chromedriverVersion: 2.43.600210 (68dcf5eebde371..., userDataDir: C:\Users\JUNAID~1.TAR\AppDa...}, cssSelectorsEnabled: true, databaseEnabled: false, goog:chromeOptions: {debuggerAddress: localhost:49954}, handlesAlerts: true, hasTouchScreen: false, javascriptEnabled: true, locationContextEnabled: true, mobileEmulationEnabled: false, nativeEvents: true, networkConnectionEnabled: false, pageLoadStrategy: normal, platform: XP, platformName: XP, rotatable: false, setWindowRect: true, takesHeapSnapshot: true, takesScreenshot: true, unexpectedAlertBehaviour: , unhandledPromptBehavior: , version: 70.0.3538.110, webStorageEnabled: true}
Session ID: 1aeb62ff6af05e1e2e050ec2ac7391ab)
	at com.kms.katalon.core.keyword.internal.KeywordMain.stepFailed(KeywordMain.groovy:36)
	at com.kms.katalon.core.webui.keyword.internal.WebUIKeywordMain.stepFailed(WebUIKeywordMain.groovy:65)
	at com.kms.katalon.core.webui.keyword.internal.WebUIKeywordMain.runKeyword(WebUIKeywordMain.groovy:27)
	at com.kms.katalon.core.webui.keyword.builtin.ClickKeyword.click(ClickKeyword.groovy:86)
	at com.kms.katalon.core.webui.keyword.builtin.ClickKeyword.execute(ClickKeyword.groovy:67)
	at com.kms.katalon.core.keyword.internal.KeywordExecutor.executeKeywordForPlatform(KeywordExecutor.groovy:53)
	at com.kms.katalon.core.webui.keyword.WebUiBuiltInKeywords.click(WebUiBuiltInKeywords.groovy:616)
	at com.kms.katalon.core.webui.keyword.WebUiBuiltInKeywords$click$4.call(Unknown Source)
	at TC_1_Create_Banner.run(TC_1_Create_Banner:49)
	at com.kms.katalon.core.main.ScriptEngine.run(ScriptEngine.java:194)
	at com.kms.katalon.core.main.ScriptEngine.runScriptAsRawText(ScriptEngine.java:119)
	at com.kms.katalon.core.main.TestCaseExecutor.runScript(TestCaseExecutor.java:321)
	at com.kms.katalon.core.main.TestCaseExecutor.doExecute(TestCaseExecutor.java:312)
	at com.kms.katalon.core.main.TestCaseExecutor.processExecutionPhase(TestCaseExecutor.java:291)
	at com.kms.katalon.core.main.TestCaseExecutor.accessMainPhase(TestCaseExecutor.java:283)
	at com.kms.katalon.core.main.TestCaseExecutor.execute(TestCaseExecutor.java:222)
	at com.kms.katalon.core.main.TestSuiteExecutor.accessTestCaseMainPhase(TestSuiteExecutor.java:129)
	at com.kms.katalon.core.main.TestSuiteExecutor.accessTestSuiteMainPhase(TestSuiteExecutor.java:112)
	at com.kms.katalon.core.main.TestSuiteExecutor.execute(TestSuiteExecutor.java:81)
	at com.kms.katalon.core.main.TestCaseMain.startTestSuite(TestCaseMain.java:149)
	at com.kms.katalon.core.main.TestCaseMain$startTestSuite$0.call(Unknown Source)
	at TempTestSuite1545035896839.run(TempTestSuite1545035896839.groovy:36)]]></system-out>
      <system-err><![CDATA[2018-12-17 13:38:18 - [TEST_SUITE][FAILED] - 1_Regression_Test: Test Cases/Regression_TF_Customer/Create_Record/TC_1_Create_Banner FAILED.
Reason:
com.kms.katalon.core.exception.StepFailedException: Unable to click on object 'Object Repository/TF_Customer_Create/3_Common_Action_Buttons/Click_Save_Button/btn_Save' (Root cause: org.openqa.selenium.WebDriverException: unknown error: Element <td class="middle">...</td> is not clickable at point (1497, 52). Other element would receive the click: <div class="blockUI blockOverlay" style="z-index: 1000; border: none; margin: 0px; padding: 0px; width: 100%; height: 100%; top: 0px; left: 0px; background-color: transparent; opacity: 0.281163; cursor: default; position: fixed;"></div>
  (Session info: chrome=70.0.3538.110)
  (Driver info: chromedriver=2.43.600210 (68dcf5eebde37173d4027fa8635e332711d2874a),platform=Windows NT 6.1.7601 SP1 x86_64) (WARNING: The server did not provide any stacktrace information)
Command duration or timeout: 0 milliseconds
Build info: version: '3.7.1', revision: '8a0099a', time: '2017-11-06T21:07:36.161Z'
System info: host: 'JUNAID', ip: '200.199.80.62', os.name: 'Windows 7', os.arch: 'amd64', os.version: '6.1', java.version: '1.8.0_181'
Driver info: com.kms.katalon.selenium.driver.CChromeDriver
Capabilities {acceptInsecureCerts: false, acceptSslCerts: false, applicationCacheEnabled: false, browserConnectionEnabled: false, browserName: chrome, chrome: {chromedriverVersion: 2.43.600210 (68dcf5eebde371..., userDataDir: C:\Users\JUNAID~1.TAR\AppDa...}, cssSelectorsEnabled: true, databaseEnabled: false, goog:chromeOptions: {debuggerAddress: localhost:49954}, handlesAlerts: true, hasTouchScreen: false, javascriptEnabled: true, locationContextEnabled: true, mobileEmulationEnabled: false, nativeEvents: true, networkConnectionEnabled: false, pageLoadStrategy: normal, platform: XP, platformName: XP, rotatable: false, setWindowRect: true, takesHeapSnapshot: true, takesScreenshot: true, unexpectedAlertBehaviour: , unhandledPromptBehavior: , version: 70.0.3538.110, webStorageEnabled: true}
Session ID: 1aeb62ff6af05e1e2e050ec2ac7391ab)
	at com.kms.katalon.core.keyword.internal.KeywordMain.stepFailed(KeywordMain.groovy:36)
	at com.kms.katalon.core.webui.keyword.internal.WebUIKeywordMain.stepFailed(WebUIKeywordMain.groovy:65)
	at com.kms.katalon.core.webui.keyword.internal.WebUIKeywordMain.runKeyword(WebUIKeywordMain.groovy:27)
	at com.kms.katalon.core.webui.keyword.builtin.ClickKeyword.click(ClickKeyword.groovy:86)
	at com.kms.katalon.core.webui.keyword.builtin.ClickKeyword.execute(ClickKeyword.groovy:67)
	at com.kms.katalon.core.keyword.internal.KeywordExecutor.executeKeywordForPlatform(KeywordExecutor.groovy:53)
	at com.kms.katalon.core.webui.keyword.WebUiBuiltInKeywords.click(WebUiBuiltInKeywords.groovy:616)
	at com.kms.katalon.core.webui.keyword.WebUiBuiltInKeywords$click$4.call(Unknown Source)
	at TC_1_Create_Banner.run(TC_1_Create_Banner:49)
	at com.kms.katalon.core.main.ScriptEngine.run(ScriptEngine.java:194)
	at com.kms.katalon.core.main.ScriptEngine.runScriptAsRawText(ScriptEngine.java:119)
	at com.kms.katalon.core.main.TestCaseExecutor.runScript(TestCaseExecutor.java:321)
	at com.kms.katalon.core.main.TestCaseExecutor.doExecute(TestCaseExecutor.java:312)
	at com.kms.katalon.core.main.TestCaseExecutor.processExecutionPhase(TestCaseExecutor.java:291)
	at com.kms.katalon.core.main.TestCaseExecutor.accessMainPhase(TestCaseExecutor.java:283)
	at com.kms.katalon.core.main.TestCaseExecutor.execute(TestCaseExecutor.java:222)
	at com.kms.katalon.core.main.TestSuiteExecutor.accessTestCaseMainPhase(TestSuiteExecutor.java:129)
	at com.kms.katalon.core.main.TestSuiteExecutor.accessTestSuiteMainPhase(TestSuiteExecutor.java:112)
	at com.kms.katalon.core.main.TestSuiteExecutor.execute(TestSuiteExecutor.java:81)
	at com.kms.katalon.core.main.TestCaseMain.startTestSuite(TestCaseMain.java:149)
	at com.kms.katalon.core.main.TestCaseMain$startTestSuite$0.call(Unknown Source)
	at TempTestSuite1545035896839.run(TempTestSuite1545035896839.groovy:36)]]></system-err>
   </testsuite>
</testsuites>
