<?xml version="1.0" encoding="UTF-8"?>
<testsuites name="1_Regression_Test" time="294" tests="1" failures="3" errors="10">
   <testsuite name="1_Regression_Test" tests="1" failures="3" errors="10" time="294" timestamp="2018-12-14 15:33:41" hostname="Junaid.Tariq - Junaid.instepinc.com" id="Test Suites/1_Regression_Test">
      <properties>
         <property name="deviceName" value=""/>
         <property name="devicePlatform" value=""/>
         <property name="logFolder" value="D:\\Katalon\\Projects\\Trade_Funds\\TF_Regression\\Reports\\1_Regression_Test\\20181214_153339"/>
         <property name="logFiles" value="D:\\Katalon\\Projects\\Trade_Funds\\TF_Regression\\Reports\\1_Regression_Test\\20181214_153339\\execution0.log"/>
         <property name="attachments" value="D:\\Katalon\\Projects\\Trade_Funds\\TF_Regression\\Reports\\1_Regression_Test\\20181214_153339\\1544783700365.png, D:\\Katalon\\Projects\\Trade_Funds\\TF_Regression\\Reports\\1_Regression_Test\\20181214_153339\\1544783778509.png, D:\\Katalon\\Projects\\Trade_Funds\\TF_Regression\\Reports\\1_Regression_Test\\20181214_153339\\1544783914788.png"/>
         <property name="hostName" value="Junaid.Tariq - Junaid.instepinc.com"/>
         <property name="os" value="Windows 7 64bit"/>
         <property name="katalonVersion" value="5.9.0.1"/>
         <property name="browser" value="Chrome 70.0.3538.110"/>
         <property name="hostAddress" value="200.199.80.62"/>
         <property name="sessionId" value="ff85c9b3241b3aee91c7639e9d1a5304"/>
         <property name="seleniumVersion" value="3.7.1"/>
         <property name="proxyInformation" value="ProxyInformation{proxyOption=NO_PROXY, proxyServerType=HTTP, password=, proxyServerAddress=, proxyServerPort=0}"/>
         <property name="platform" value="Windows 7"/>
      </properties>
      <testcase name="Test Cases/General_Login_Logout/Login" classname="Test Cases/General_Login_Logout/Login" status="PASSED">
         <system-out><![CDATA[2018-12-14 15:33:41 - [TEST_CASE][PASSED] - Test Cases/General_Login_Logout/Login: Test Cases/General_Login_Logout/Login

2018-12-14 15:33:41 - [TEST_STEP][PASSED] - com.oracledb.regressiontest.LoginTFCustomer(User, Password): com.oracledb.regressiontest.LoginTFCustomer is PASSED

2018-12-14 15:33:41 - [MESSAGE][INFO] - Starting 'Chrome' driver

2018-12-14 15:33:41 - [MESSAGE][INFO] - Action delay is set to 0 seconds

2018-12-14 15:33:44 - [MESSAGE][PASSED] - Browser is opened with url: ''

2018-12-14 15:33:44 - [MESSAGE][PASSED] - Wait for page load successfully

2018-12-14 15:33:45 - [MESSAGE][PASSED] - Current window maximized

2018-12-14 15:33:56 - [MESSAGE][PASSED] - Navigate to 'https://52.6.78.242:7008/e360/com.informatica.tools.mdm.web.auth/login' successfully

2018-12-14 15:33:56 - [MESSAGE][PASSED] - Text 'junaid_sm' is set on object 'Object Repository/Page_ Login/Txt_Username'

2018-12-14 15:33:56 - [MESSAGE][PASSED] - Text 'str0ng_2' is set on object 'Object Repository/Page_ Login/Txt_Password'

2018-12-14 15:33:56 - [MESSAGE][PASSED] - Object: 'Object Repository/Page_ Login/Btn_Login' is clicked on

2018-12-14 15:33:56 - [MESSAGE][PASSED] - Wait for page load successfully

2018-12-14 15:34:07 - [MESSAGE][PASSED] - Object: 'Object Repository/Page_ Login/Project_Selection/div_Trade Funds Customer' is clicked on

2018-12-14 15:34:08 - [MESSAGE][PASSED] - Delayed 1 second(s)

2018-12-14 15:34:08 - [MESSAGE][PASSED] - com.oracledb.regressiontest.LoginTFCustomer is PASSED]]></system-out>
         <system-err><![CDATA[]]></system-err>
      </testcase>
      <testcase name="Test Cases/Regression_TF_Customer/Create_Record/TC_1_Create_Banner" classname="Test Cases/Regression_TF_Customer/Create_Record/TC_1_Create_Banner" status="FAILED">
         <failure type="FAILED" message="Test Cases/Regression_TF_Customer/Create_Record/TC_1_Create_Banner FAILED.
Reason:
com.kms.katalon.core.exception.StepFailedException: com.kms.katalon.core.webui.exception.WebElementNotFoundException: Web element with id: 'Object Repository/TF_Customer_Create/3_Common_Action_Buttons/Verify_Success_Message/Success_Message' located by 'By.xpath: //*[@class = 'messageDialogContainer']//span[starts-with(@class,'modalNotificationHeader') and contains (text(),'Record has been saved successfully.')]' not found
	at com.kms.katalon.core.keyword.internal.KeywordMain.stepFailed(KeywordMain.groovy:32)
	at com.kms.katalon.core.webui.keyword.internal.WebUIKeywordMain.stepFailed(WebUIKeywordMain.groovy:65)
	at com.kms.katalon.core.webui.keyword.builtin.VerifyElementTextKeyword$_verifyElementText_closure1.doCall(VerifyElementTextKeyword.groovy:64)
	at com.kms.katalon.core.webui.keyword.builtin.VerifyElementTextKeyword$_verifyElementText_closure1.call(VerifyElementTextKeyword.groovy)
	at com.kms.katalon.core.webui.keyword.internal.WebUIKeywordMain.runKeyword(WebUIKeywordMain.groovy:21)
	at com.kms.katalon.core.webui.keyword.builtin.VerifyElementTextKeyword.verifyElementText(VerifyElementTextKeyword.groovy:72)
	at com.kms.katalon.core.webui.keyword.builtin.VerifyElementTextKeyword.execute(VerifyElementTextKeyword.groovy:40)
	at com.kms.katalon.core.keyword.internal.KeywordExecutor.executeKeywordForPlatform(KeywordExecutor.groovy:53)
	at com.kms.katalon.core.webui.keyword.WebUiBuiltInKeywords.verifyElementText(WebUiBuiltInKeywords.groovy:3647)
	at com.kms.katalon.core.webui.keyword.WebUiBuiltInKeywords$verifyElementText$6.call(Unknown Source)
	at TC_1_Create_Banner.run(TC_1_Create_Banner:53)
	at com.kms.katalon.core.main.ScriptEngine.run(ScriptEngine.java:194)
	at com.kms.katalon.core.main.ScriptEngine.runScriptAsRawText(ScriptEngine.java:119)
	at com.kms.katalon.core.main.TestCaseExecutor.runScript(TestCaseExecutor.java:321)
	at com.kms.katalon.core.main.TestCaseExecutor.doExecute(TestCaseExecutor.java:312)
	at com.kms.katalon.core.main.TestCaseExecutor.processExecutionPhase(TestCaseExecutor.java:291)
	at com.kms.katalon.core.main.TestCaseExecutor.accessMainPhase(TestCaseExecutor.java:283)
	at com.kms.katalon.core.main.TestCaseExecutor.execute(TestCaseExecutor.java:222)
	at com.kms.katalon.core.main.TestSuiteExecutor.accessTestCaseMainPhase(TestSuiteExecutor.java:129)
	at com.kms.katalon.core.main.TestSuiteExecutor.accessTestSuiteMainPhase(TestSuiteExecutor.java:112)
	at com.kms.katalon.core.main.TestSuiteExecutor.execute(TestSuiteExecutor.java:81)
	at com.kms.katalon.core.main.TestCaseMain.startTestSuite(TestCaseMain.java:149)
	at com.kms.katalon.core.main.TestCaseMain$startTestSuite$0.call(Unknown Source)
	at TempTestSuite1544783619637.run(TempTestSuite1544783619637.groovy:36)
"/>
         <system-out><![CDATA[2018-12-14 15:34:08 - [TEST_CASE][FAILED] - Test Cases/Regression_TF_Customer/Create_Record/TC_1_Create_Banner: Test Cases/Regression_TF_Customer/Create_Record/TC_1_Create_Banner FAILED.
Reason:
com.kms.katalon.core.exception.StepFailedException: com.kms.katalon.core.webui.exception.WebElementNotFoundException: Web element with id: 'Object Repository/TF_Customer_Create/3_Common_Action_Buttons/Verify_Success_Message/Success_Message' located by 'By.xpath: //*[@class = 'messageDialogContainer']//span[starts-with(@class,'modalNotificationHeader') and contains (text(),'Record has been saved successfully.')]' not found
	at com.kms.katalon.core.keyword.internal.KeywordMain.stepFailed(KeywordMain.groovy:32)
	at com.kms.katalon.core.webui.keyword.internal.WebUIKeywordMain.stepFailed(WebUIKeywordMain.groovy:65)
	at com.kms.katalon.core.webui.keyword.builtin.VerifyElementTextKeyword$_verifyElementText_closure1.doCall(VerifyElementTextKeyword.groovy:64)
	at com.kms.katalon.core.webui.keyword.builtin.VerifyElementTextKeyword$_verifyElementText_closure1.call(VerifyElementTextKeyword.groovy)
	at com.kms.katalon.core.webui.keyword.internal.WebUIKeywordMain.runKeyword(WebUIKeywordMain.groovy:21)
	at com.kms.katalon.core.webui.keyword.builtin.VerifyElementTextKeyword.verifyElementText(VerifyElementTextKeyword.groovy:72)
	at com.kms.katalon.core.webui.keyword.builtin.VerifyElementTextKeyword.execute(VerifyElementTextKeyword.groovy:40)
	at com.kms.katalon.core.keyword.internal.KeywordExecutor.executeKeywordForPlatform(KeywordExecutor.groovy:53)
	at com.kms.katalon.core.webui.keyword.WebUiBuiltInKeywords.verifyElementText(WebUiBuiltInKeywords.groovy:3647)
	at com.kms.katalon.core.webui.keyword.WebUiBuiltInKeywords$verifyElementText$6.call(Unknown Source)
	at TC_1_Create_Banner.run(TC_1_Create_Banner:53)
	at com.kms.katalon.core.main.ScriptEngine.run(ScriptEngine.java:194)
	at com.kms.katalon.core.main.ScriptEngine.runScriptAsRawText(ScriptEngine.java:119)
	at com.kms.katalon.core.main.TestCaseExecutor.runScript(TestCaseExecutor.java:321)
	at com.kms.katalon.core.main.TestCaseExecutor.doExecute(TestCaseExecutor.java:312)
	at com.kms.katalon.core.main.TestCaseExecutor.processExecutionPhase(TestCaseExecutor.java:291)
	at com.kms.katalon.core.main.TestCaseExecutor.accessMainPhase(TestCaseExecutor.java:283)
	at com.kms.katalon.core.main.TestCaseExecutor.execute(TestCaseExecutor.java:222)
	at com.kms.katalon.core.main.TestSuiteExecutor.accessTestCaseMainPhase(TestSuiteExecutor.java:129)
	at com.kms.katalon.core.main.TestSuiteExecutor.accessTestSuiteMainPhase(TestSuiteExecutor.java:112)
	at com.kms.katalon.core.main.TestSuiteExecutor.execute(TestSuiteExecutor.java:81)
	at com.kms.katalon.core.main.TestCaseMain.startTestSuite(TestCaseMain.java:149)
	at com.kms.katalon.core.main.TestCaseMain$startTestSuite$0.call(Unknown Source)
	at TempTestSuite1544783619637.run(TempTestSuite1544783619637.groovy:36)


2018-12-14 15:34:08 - [TEST_STEP][PASSED] - delay(6): Delayed 6 second(s)

2018-12-14 15:34:14 - [MESSAGE][PASSED] - Delayed 6 second(s)

2018-12-14 15:34:14 - [TEST_STEP][PASSED] - mouseOver(findTestObject("TF_Customer_Create/1_Menu_Navigation_To_Open_All_Pages/0_Menu_Create_In_Data_View")): Object: 'Object Repository/TF_Customer_Create/1_Menu_Navigation_To_Open_All_Pages/0_Menu_Create_In_Data_View' is hovered

2018-12-14 15:34:15 - [MESSAGE][PASSED] - Object: 'Object Repository/TF_Customer_Create/1_Menu_Navigation_To_Open_All_Pages/0_Menu_Create_In_Data_View' is hovered

2018-12-14 15:34:15 - [TEST_STEP][PASSED] - waitForPageLoad(G_Timeout): Wait for page load successfully

2018-12-14 15:34:15 - [MESSAGE][PASSED] - Wait for page load successfully

2018-12-14 15:34:15 - [TEST_STEP][PASSED] - mouseOver(findTestObject("TF_Customer_Create/1_Menu_Navigation_To_Open_All_Pages/1_Menu_Create_Master_Data")): Object: 'Object Repository/TF_Customer_Create/1_Menu_Navigation_To_Open_All_Pages/1_Menu_Create_Master_Data' is hovered

2018-12-14 15:34:15 - [MESSAGE][PASSED] - Object: 'Object Repository/TF_Customer_Create/1_Menu_Navigation_To_Open_All_Pages/1_Menu_Create_Master_Data' is hovered

2018-12-14 15:34:15 - [TEST_STEP][PASSED] - waitForPageLoad(G_Timeout): Wait for page load successfully

2018-12-14 15:34:15 - [MESSAGE][PASSED] - Wait for page load successfully

2018-12-14 15:34:15 - [TEST_STEP][PASSED] - click(findTestObject("TF_Customer_Create/2_Select_Menu_Options(All)/1_Menu_Banner")): Object: 'Object Repository/TF_Customer_Create/2_Select_Menu_Options(All)/1_Menu_Banner' is clicked on

2018-12-14 15:34:16 - [MESSAGE][PASSED] - Object: 'Object Repository/TF_Customer_Create/2_Select_Menu_Options(All)/1_Menu_Banner' is clicked on

2018-12-14 15:34:16 - [TEST_STEP][PASSED] - waitForPageLoad(G_Timeout): Wait for page load successfully

2018-12-14 15:34:16 - [MESSAGE][PASSED] - Wait for page load successfully

2018-12-14 15:34:16 - [TEST_STEP][PASSED] - delay(3): Delayed 3 second(s)

2018-12-14 15:34:19 - [MESSAGE][PASSED] - Delayed 3 second(s)

2018-12-14 15:34:19 - [TEST_STEP][PASSED] - setText(findTestObject("TF_Customer_Create/4_Create_Objects_And_Save/1_Create_Banner/Input_Banner_Name/input_Banner_Nm"), Inpt_Banner_Name): Text 'TEST_BANNER_150' is set on object 'Object Repository/TF_Customer_Create/4_Create_Objects_And_Save/1_Create_Banner/Input_Banner_Name/input_Banner_Nm'

2018-12-14 15:34:21 - [MESSAGE][PASSED] - Text 'TEST_BANNER_150' is set on object 'Object Repository/TF_Customer_Create/4_Create_Objects_And_Save/1_Create_Banner/Input_Banner_Name/input_Banner_Nm'

2018-12-14 15:34:21 - [TEST_STEP][PASSED] - delay(3): Delayed 3 second(s)

2018-12-14 15:34:24 - [MESSAGE][PASSED] - Delayed 3 second(s)

2018-12-14 15:34:24 - [TEST_STEP][PASSED] - click(findTestObject("TF_Customer_Create/3_Common_Action_Buttons/Click_Apply_Button/td_Apply")): Object: 'Object Repository/TF_Customer_Create/3_Common_Action_Buttons/Click_Apply_Button/td_Apply' is clicked on

2018-12-14 15:34:24 - [MESSAGE][PASSED] - Object: 'Object Repository/TF_Customer_Create/3_Common_Action_Buttons/Click_Apply_Button/td_Apply' is clicked on

2018-12-14 15:34:24 - [TEST_STEP][PASSED] - delay(2): Delayed 2 second(s)

2018-12-14 15:34:26 - [MESSAGE][PASSED] - Delayed 2 second(s)

2018-12-14 15:34:26 - [TEST_STEP][PASSED] - click(findTestObject("TF_Customer_Create/3_Common_Action_Buttons/Click_Save_Button/btn_Save")): Object: 'Object Repository/TF_Customer_Create/3_Common_Action_Buttons/Click_Save_Button/btn_Save' is clicked on

2018-12-14 15:34:26 - [MESSAGE][PASSED] - Object: 'Object Repository/TF_Customer_Create/3_Common_Action_Buttons/Click_Save_Button/btn_Save' is clicked on

2018-12-14 15:34:26 - [TEST_STEP][PASSED] - delay(2): Delayed 2 second(s)

2018-12-14 15:34:28 - [MESSAGE][PASSED] - Delayed 2 second(s)

2018-12-14 15:34:28 - [TEST_STEP][FAILED] - verifyElementText(findTestObject("TF_Customer_Create/3_Common_Action_Buttons/Verify_Success_Message/Success_Message"), "Record has been saved successfully.", CONTINUE_ON_FAILURE): com.kms.katalon.core.webui.exception.WebElementNotFoundException: Web element with id: 'Object Repository/TF_Customer_Create/3_Common_Action_Buttons/Verify_Success_Message/Success_Message' located by 'By.xpath: //*[@class = 'messageDialogContainer']//span[starts-with(@class,'modalNotificationHeader') and contains (text(),'Record has been saved successfully.')]' not found

2018-12-14 15:35:00 - [MESSAGE][INFO] - Unable to find the element located by 'By.xpath: //*[@class = 'messageDialogContainer']//span[starts-with(@class,'modalNotificationHeader') and contains (text(),'Record has been saved successfully.')]'. Please recheck the objects properties to make sure the desired element is located. 

2018-12-14 15:35:00 - [MESSAGE][FAILED] - com.kms.katalon.core.webui.exception.WebElementNotFoundException: Web element with id: 'Object Repository/TF_Customer_Create/3_Common_Action_Buttons/Verify_Success_Message/Success_Message' located by 'By.xpath: //*[@class = 'messageDialogContainer']//span[starts-with(@class,'modalNotificationHeader') and contains (text(),'Record has been saved successfully.')]' not found
[[ATTACHMENT|D:\\Katalon\\Projects\\Trade_Funds\\TF_Regression\\Reports\\1_Regression_Test\\20181214_153339\\1544783700365.png]]

2018-12-14 15:35:00 - [TEST_STEP][NOT_RUN] - if (text.contains("Record has been saved successfully.", CONTINUE_ON_FAILURE)): NOT_RUN: if (text.contains("Record has been saved successfully.", CONTINUE_ON_FAILURE))

2018-12-14 15:35:00 - [MESSAGE][NOT_RUN] - NOT_RUN: if (text.contains("Record has been saved successfully.", CONTINUE_ON_FAILURE))

2018-12-14 15:35:00 - [TEST_STEP][PASSED] - click(findTestObject("TF_Customer_Create/3_Common_Action_Buttons/Click_Data_Tab/span_Data_Tab")): Object: 'Object Repository/TF_Customer_Create/3_Common_Action_Buttons/Click_Data_Tab/span_Data_Tab' is clicked on

2018-12-14 15:35:00 - [MESSAGE][PASSED] - Object: 'Object Repository/TF_Customer_Create/3_Common_Action_Buttons/Click_Data_Tab/span_Data_Tab' is clicked on

2018-12-14 15:35:00 - [TEST_STEP][PASSED] - delay(1): Delayed 1 second(s)

2018-12-14 15:35:01 - [MESSAGE][PASSED] - Delayed 1 second(s)

2018-12-14 15:35:01 - [TEST_STEP][PASSED] - click(findTestObject("TF_Customer_Create/3_Common_Action_Buttons/Click_Close_Button/btn_Close")): Object: 'Object Repository/TF_Customer_Create/3_Common_Action_Buttons/Click_Close_Button/btn_Close' is clicked on

2018-12-14 15:35:01 - [MESSAGE][PASSED] - Object: 'Object Repository/TF_Customer_Create/3_Common_Action_Buttons/Click_Close_Button/btn_Close' is clicked on

2018-12-14 15:35:01 - [TEST_STEP][PASSED] - delay(1): Delayed 1 second(s)

2018-12-14 15:35:02 - [MESSAGE][PASSED] - Delayed 1 second(s)

2018-12-14 15:35:02 - [TEST_STEP][FAILED] - vrfy_BNR = com.oracledb.regressiontest.verifyBanner(ora_connt, ora_usr, ora_psswrd, ora_schema, Inpt_Banner_Name): vrfy_BNR = com.oracledb.regressiontest.verifyBanner(ora_connt, ora_usr, ora_psswrd, ora_schema, Inpt_Banner_Name) FAILED.
Reason:
com.kms.katalon.core.exception.StepFailedException: com.kms.katalon.core.webui.exception.WebElementNotFoundException: Web element with id: 'Object Repository/TF_Customer_Create/3_Common_Action_Buttons/Verify_Success_Message/Success_Message' located by 'By.xpath: //*[@class = 'messageDialogContainer']//span[starts-with(@class,'modalNotificationHeader') and contains (text(),'Record has been saved successfully.')]' not found
	at com.kms.katalon.core.keyword.internal.KeywordMain.stepFailed(KeywordMain.groovy:32)
	at com.kms.katalon.core.webui.keyword.internal.WebUIKeywordMain.stepFailed(WebUIKeywordMain.groovy:65)
	at com.kms.katalon.core.webui.keyword.builtin.VerifyElementTextKeyword$_verifyElementText_closure1.doCall(VerifyElementTextKeyword.groovy:64)
	at com.kms.katalon.core.webui.keyword.builtin.VerifyElementTextKeyword$_verifyElementText_closure1.call(VerifyElementTextKeyword.groovy)
	at com.kms.katalon.core.webui.keyword.internal.WebUIKeywordMain.runKeyword(WebUIKeywordMain.groovy:21)
	at com.kms.katalon.core.webui.keyword.builtin.VerifyElementTextKeyword.verifyElementText(VerifyElementTextKeyword.groovy:72)
	at com.kms.katalon.core.webui.keyword.builtin.VerifyElementTextKeyword.execute(VerifyElementTextKeyword.groovy:40)
	at com.kms.katalon.core.keyword.internal.KeywordExecutor.executeKeywordForPlatform(KeywordExecutor.groovy:53)
	at com.kms.katalon.core.webui.keyword.WebUiBuiltInKeywords.verifyElementText(WebUiBuiltInKeywords.groovy:3647)
	at com.kms.katalon.core.webui.keyword.WebUiBuiltInKeywords$verifyElementText$6.call(Unknown Source)
	at TC_1_Create_Banner.run(TC_1_Create_Banner:53)
	at com.kms.katalon.core.main.ScriptEngine.run(ScriptEngine.java:194)
	at com.kms.katalon.core.main.ScriptEngine.runScriptAsRawText(ScriptEngine.java:119)
	at com.kms.katalon.core.main.TestCaseExecutor.runScript(TestCaseExecutor.java:321)
	at com.kms.katalon.core.main.TestCaseExecutor.doExecute(TestCaseExecutor.java:312)
	at com.kms.katalon.core.main.TestCaseExecutor.processExecutionPhase(TestCaseExecutor.java:291)
	at com.kms.katalon.core.main.TestCaseExecutor.accessMainPhase(TestCaseExecutor.java:283)
	at com.kms.katalon.core.main.TestCaseExecutor.execute(TestCaseExecutor.java:222)
	at com.kms.katalon.core.main.TestSuiteExecutor.accessTestCaseMainPhase(TestSuiteExecutor.java:129)
	at com.kms.katalon.core.main.TestSuiteExecutor.accessTestSuiteMainPhase(TestSuiteExecutor.java:112)
	at com.kms.katalon.core.main.TestSuiteExecutor.execute(TestSuiteExecutor.java:81)
	at com.kms.katalon.core.main.TestCaseMain.startTestSuite(TestCaseMain.java:149)
	at com.kms.katalon.core.main.TestCaseMain$startTestSuite$0.call(Unknown Source)
	at TempTestSuite1544783619637.run(TempTestSuite1544783619637.groovy:36)


2018-12-14 15:35:03 - [MESSAGE][ERROR] - java.sql.SQLException: The url cannot be null

2018-12-14 15:35:03 - [MESSAGE][FAILED] - vrfy_BNR = com.oracledb.regressiontest.verifyBanner(ora_connt, ora_usr, ora_psswrd, ora_schema, Inpt_Banner_Name) FAILED.
Reason:
com.kms.katalon.core.exception.StepFailedException: com.kms.katalon.core.webui.exception.WebElementNotFoundException: Web element with id: 'Object Repository/TF_Customer_Create/3_Common_Action_Buttons/Verify_Success_Message/Success_Message' located by 'By.xpath: //*[@class = 'messageDialogContainer']//span[starts-with(@class,'modalNotificationHeader') and contains (text(),'Record has been saved successfully.')]' not found
	at com.kms.katalon.core.keyword.internal.KeywordMain.stepFailed(KeywordMain.groovy:32)
	at com.kms.katalon.core.webui.keyword.internal.WebUIKeywordMain.stepFailed(WebUIKeywordMain.groovy:65)
	at com.kms.katalon.core.webui.keyword.builtin.VerifyElementTextKeyword$_verifyElementText_closure1.doCall(VerifyElementTextKeyword.groovy:64)
	at com.kms.katalon.core.webui.keyword.builtin.VerifyElementTextKeyword$_verifyElementText_closure1.call(VerifyElementTextKeyword.groovy)
	at com.kms.katalon.core.webui.keyword.internal.WebUIKeywordMain.runKeyword(WebUIKeywordMain.groovy:21)
	at com.kms.katalon.core.webui.keyword.builtin.VerifyElementTextKeyword.verifyElementText(VerifyElementTextKeyword.groovy:72)
	at com.kms.katalon.core.webui.keyword.builtin.VerifyElementTextKeyword.execute(VerifyElementTextKeyword.groovy:40)
	at com.kms.katalon.core.keyword.internal.KeywordExecutor.executeKeywordForPlatform(KeywordExecutor.groovy:53)
	at com.kms.katalon.core.webui.keyword.WebUiBuiltInKeywords.verifyElementText(WebUiBuiltInKeywords.groovy:3647)
	at com.kms.katalon.core.webui.keyword.WebUiBuiltInKeywords$verifyElementText$6.call(Unknown Source)
	at TC_1_Create_Banner.run(TC_1_Create_Banner:53)
	at com.kms.katalon.core.main.ScriptEngine.run(ScriptEngine.java:194)
	at com.kms.katalon.core.main.ScriptEngine.runScriptAsRawText(ScriptEngine.java:119)
	at com.kms.katalon.core.main.TestCaseExecutor.runScript(TestCaseExecutor.java:321)
	at com.kms.katalon.core.main.TestCaseExecutor.doExecute(TestCaseExecutor.java:312)
	at com.kms.katalon.core.main.TestCaseExecutor.processExecutionPhase(TestCaseExecutor.java:291)
	at com.kms.katalon.core.main.TestCaseExecutor.accessMainPhase(TestCaseExecutor.java:283)
	at com.kms.katalon.core.main.TestCaseExecutor.execute(TestCaseExecutor.java:222)
	at com.kms.katalon.core.main.TestSuiteExecutor.accessTestCaseMainPhase(TestSuiteExecutor.java:129)
	at com.kms.katalon.core.main.TestSuiteExecutor.accessTestSuiteMainPhase(TestSuiteExecutor.java:112)
	at com.kms.katalon.core.main.TestSuiteExecutor.execute(TestSuiteExecutor.java:81)
	at com.kms.katalon.core.main.TestCaseMain.startTestSuite(TestCaseMain.java:149)
	at com.kms.katalon.core.main.TestCaseMain$startTestSuite$0.call(Unknown Source)
	at TempTestSuite1544783619637.run(TempTestSuite1544783619637.groovy:36)]]></system-out>
         <system-err><![CDATA[2018-12-14 15:34:08 - [TEST_CASE][FAILED] - Test Cases/Regression_TF_Customer/Create_Record/TC_1_Create_Banner: Test Cases/Regression_TF_Customer/Create_Record/TC_1_Create_Banner FAILED.
Reason:
com.kms.katalon.core.exception.StepFailedException: com.kms.katalon.core.webui.exception.WebElementNotFoundException: Web element with id: 'Object Repository/TF_Customer_Create/3_Common_Action_Buttons/Verify_Success_Message/Success_Message' located by 'By.xpath: //*[@class = 'messageDialogContainer']//span[starts-with(@class,'modalNotificationHeader') and contains (text(),'Record has been saved successfully.')]' not found
	at com.kms.katalon.core.keyword.internal.KeywordMain.stepFailed(KeywordMain.groovy:32)
	at com.kms.katalon.core.webui.keyword.internal.WebUIKeywordMain.stepFailed(WebUIKeywordMain.groovy:65)
	at com.kms.katalon.core.webui.keyword.builtin.VerifyElementTextKeyword$_verifyElementText_closure1.doCall(VerifyElementTextKeyword.groovy:64)
	at com.kms.katalon.core.webui.keyword.builtin.VerifyElementTextKeyword$_verifyElementText_closure1.call(VerifyElementTextKeyword.groovy)
	at com.kms.katalon.core.webui.keyword.internal.WebUIKeywordMain.runKeyword(WebUIKeywordMain.groovy:21)
	at com.kms.katalon.core.webui.keyword.builtin.VerifyElementTextKeyword.verifyElementText(VerifyElementTextKeyword.groovy:72)
	at com.kms.katalon.core.webui.keyword.builtin.VerifyElementTextKeyword.execute(VerifyElementTextKeyword.groovy:40)
	at com.kms.katalon.core.keyword.internal.KeywordExecutor.executeKeywordForPlatform(KeywordExecutor.groovy:53)
	at com.kms.katalon.core.webui.keyword.WebUiBuiltInKeywords.verifyElementText(WebUiBuiltInKeywords.groovy:3647)
	at com.kms.katalon.core.webui.keyword.WebUiBuiltInKeywords$verifyElementText$6.call(Unknown Source)
	at TC_1_Create_Banner.run(TC_1_Create_Banner:53)
	at com.kms.katalon.core.main.ScriptEngine.run(ScriptEngine.java:194)
	at com.kms.katalon.core.main.ScriptEngine.runScriptAsRawText(ScriptEngine.java:119)
	at com.kms.katalon.core.main.TestCaseExecutor.runScript(TestCaseExecutor.java:321)
	at com.kms.katalon.core.main.TestCaseExecutor.doExecute(TestCaseExecutor.java:312)
	at com.kms.katalon.core.main.TestCaseExecutor.processExecutionPhase(TestCaseExecutor.java:291)
	at com.kms.katalon.core.main.TestCaseExecutor.accessMainPhase(TestCaseExecutor.java:283)
	at com.kms.katalon.core.main.TestCaseExecutor.execute(TestCaseExecutor.java:222)
	at com.kms.katalon.core.main.TestSuiteExecutor.accessTestCaseMainPhase(TestSuiteExecutor.java:129)
	at com.kms.katalon.core.main.TestSuiteExecutor.accessTestSuiteMainPhase(TestSuiteExecutor.java:112)
	at com.kms.katalon.core.main.TestSuiteExecutor.execute(TestSuiteExecutor.java:81)
	at com.kms.katalon.core.main.TestCaseMain.startTestSuite(TestCaseMain.java:149)
	at com.kms.katalon.core.main.TestCaseMain$startTestSuite$0.call(Unknown Source)
	at TempTestSuite1544783619637.run(TempTestSuite1544783619637.groovy:36)]]></system-err>
      </testcase>
      <testcase name="Test Cases/Regression_TF_Customer/Create_Record/TC_2_Create_RGM_Designated_Baseline" classname="Test Cases/Regression_TF_Customer/Create_Record/TC_2_Create_RGM_Designated_Baseline" status="ERROR">
         <error type="ERROR" message="Test Cases/Regression_TF_Customer/Create_Record/TC_2_Create_RGM_Designated_Baseline FAILED.
Reason:
org.codehaus.groovy.runtime.InvokerInvocationException: java.sql.SQLException: The url cannot be null
	at com.oracledb.regressiontest.invokeMethod(regressiontest.groovy)
	at com.kms.katalon.core.main.CustomKeywordDelegatingMetaClass.invokeStaticMethod(CustomKeywordDelegatingMetaClass.java:49)
	at TC_2_Create_RGM_Designated_Baseline.run(TC_2_Create_RGM_Designated_Baseline:62)
	at com.kms.katalon.core.main.ScriptEngine.run(ScriptEngine.java:194)
	at com.kms.katalon.core.main.ScriptEngine.runScriptAsRawText(ScriptEngine.java:119)
	at com.kms.katalon.core.main.TestCaseExecutor.runScript(TestCaseExecutor.java:321)
	at com.kms.katalon.core.main.TestCaseExecutor.doExecute(TestCaseExecutor.java:312)
	at com.kms.katalon.core.main.TestCaseExecutor.processExecutionPhase(TestCaseExecutor.java:291)
	at com.kms.katalon.core.main.TestCaseExecutor.accessMainPhase(TestCaseExecutor.java:283)
	at com.kms.katalon.core.main.TestCaseExecutor.execute(TestCaseExecutor.java:222)
	at com.kms.katalon.core.main.TestSuiteExecutor.accessTestCaseMainPhase(TestSuiteExecutor.java:129)
	at com.kms.katalon.core.main.TestSuiteExecutor.accessTestSuiteMainPhase(TestSuiteExecutor.java:112)
	at com.kms.katalon.core.main.TestSuiteExecutor.execute(TestSuiteExecutor.java:81)
	at com.kms.katalon.core.main.TestCaseMain.startTestSuite(TestCaseMain.java:149)
	at com.kms.katalon.core.main.TestCaseMain$startTestSuite$0.call(Unknown Source)
	at TempTestSuite1544783619637.run(TempTestSuite1544783619637.groovy:36)
Caused by: java.sql.SQLException: The url cannot be null
	at com.oracledb.regressiontest.verifyRGM(regressiontest.groovy:144)
	at com.oracledb.regressiontest.invokeMethod(regressiontest.groovy)
	at com.kms.katalon.core.main.CustomKeywordDelegatingMetaClass.invokeStaticMethod(CustomKeywordDelegatingMetaClass.java:49)
	at Script1542006830121.run(Script1542006830121.groovy:62)
	... 13 more
"/>
         <system-out><![CDATA[2018-12-14 15:35:03 - [TEST_CASE][ERROR] - Test Cases/Regression_TF_Customer/Create_Record/TC_2_Create_RGM_Designated_Baseline: Test Cases/Regression_TF_Customer/Create_Record/TC_2_Create_RGM_Designated_Baseline FAILED.
Reason:
org.codehaus.groovy.runtime.InvokerInvocationException: java.sql.SQLException: The url cannot be null
	at com.oracledb.regressiontest.invokeMethod(regressiontest.groovy)
	at com.kms.katalon.core.main.CustomKeywordDelegatingMetaClass.invokeStaticMethod(CustomKeywordDelegatingMetaClass.java:49)
	at TC_2_Create_RGM_Designated_Baseline.run(TC_2_Create_RGM_Designated_Baseline:62)
	at com.kms.katalon.core.main.ScriptEngine.run(ScriptEngine.java:194)
	at com.kms.katalon.core.main.ScriptEngine.runScriptAsRawText(ScriptEngine.java:119)
	at com.kms.katalon.core.main.TestCaseExecutor.runScript(TestCaseExecutor.java:321)
	at com.kms.katalon.core.main.TestCaseExecutor.doExecute(TestCaseExecutor.java:312)
	at com.kms.katalon.core.main.TestCaseExecutor.processExecutionPhase(TestCaseExecutor.java:291)
	at com.kms.katalon.core.main.TestCaseExecutor.accessMainPhase(TestCaseExecutor.java:283)
	at com.kms.katalon.core.main.TestCaseExecutor.execute(TestCaseExecutor.java:222)
	at com.kms.katalon.core.main.TestSuiteExecutor.accessTestCaseMainPhase(TestSuiteExecutor.java:129)
	at com.kms.katalon.core.main.TestSuiteExecutor.accessTestSuiteMainPhase(TestSuiteExecutor.java:112)
	at com.kms.katalon.core.main.TestSuiteExecutor.execute(TestSuiteExecutor.java:81)
	at com.kms.katalon.core.main.TestCaseMain.startTestSuite(TestCaseMain.java:149)
	at com.kms.katalon.core.main.TestCaseMain$startTestSuite$0.call(Unknown Source)
	at TempTestSuite1544783619637.run(TempTestSuite1544783619637.groovy:36)
Caused by: java.sql.SQLException: The url cannot be null
	at com.oracledb.regressiontest.verifyRGM(regressiontest.groovy:144)
	at com.oracledb.regressiontest.invokeMethod(regressiontest.groovy)
	at com.kms.katalon.core.main.CustomKeywordDelegatingMetaClass.invokeStaticMethod(CustomKeywordDelegatingMetaClass.java:49)
	at Script1542006830121.run(Script1542006830121.groovy:62)
	... 13 more


2018-12-14 15:35:03 - [TEST_STEP][PASSED] - waitForPageLoad(G_Timeout): Wait for page load successfully

2018-12-14 15:35:03 - [MESSAGE][PASSED] - Wait for page load successfully

2018-12-14 15:35:03 - [TEST_STEP][PASSED] - mouseOver(findTestObject("TF_Customer_Create/1_Menu_Navigation_To_Open_All_Pages/0_Menu_Create_In_Data_View")): Object: 'Object Repository/TF_Customer_Create/1_Menu_Navigation_To_Open_All_Pages/0_Menu_Create_In_Data_View' is hovered

2018-12-14 15:35:03 - [MESSAGE][PASSED] - Object: 'Object Repository/TF_Customer_Create/1_Menu_Navigation_To_Open_All_Pages/0_Menu_Create_In_Data_View' is hovered

2018-12-14 15:35:03 - [TEST_STEP][PASSED] - waitForPageLoad(G_Timeout): Wait for page load successfully

2018-12-14 15:35:03 - [MESSAGE][PASSED] - Wait for page load successfully

2018-12-14 15:35:03 - [TEST_STEP][PASSED] - mouseOver(findTestObject("TF_Customer_Create/1_Menu_Navigation_To_Open_All_Pages/1_Menu_Create_Master_Data")): Object: 'Object Repository/TF_Customer_Create/1_Menu_Navigation_To_Open_All_Pages/1_Menu_Create_Master_Data' is hovered

2018-12-14 15:35:03 - [MESSAGE][PASSED] - Object: 'Object Repository/TF_Customer_Create/1_Menu_Navigation_To_Open_All_Pages/1_Menu_Create_Master_Data' is hovered

2018-12-14 15:35:03 - [TEST_STEP][PASSED] - waitForPageLoad(G_Timeout): Wait for page load successfully

2018-12-14 15:35:03 - [MESSAGE][PASSED] - Wait for page load successfully

2018-12-14 15:35:03 - [TEST_STEP][PASSED] - click(findTestObject("TF_Customer_Create/2_Select_Menu_Options(All)/2_Menu_RGM Designated Baseline")): Object: 'Object Repository/TF_Customer_Create/2_Select_Menu_Options(All)/2_Menu_RGM Designated Baseline' is clicked on

2018-12-14 15:35:04 - [MESSAGE][PASSED] - Object: 'Object Repository/TF_Customer_Create/2_Select_Menu_Options(All)/2_Menu_RGM Designated Baseline' is clicked on

2018-12-14 15:35:04 - [TEST_STEP][PASSED] - waitForPageLoad(G_Timeout): Wait for page load successfully

2018-12-14 15:35:04 - [MESSAGE][PASSED] - Wait for page load successfully

2018-12-14 15:35:04 - [TEST_STEP][PASSED] - delay(3): Delayed 3 second(s)

2018-12-14 15:35:07 - [MESSAGE][PASSED] - Delayed 3 second(s)

2018-12-14 15:35:07 - [TEST_STEP][PASSED] - setText(findTestObject("TF_Customer_Create/4_Create_Objects_And_Save/2_Create_RGM_Designated_Baseline/Input_RGM_Name/input_RGM_Nm"), input_RGM_Name): Text 'TEST_RGM_018' is set on object 'Object Repository/TF_Customer_Create/4_Create_Objects_And_Save/2_Create_RGM_Designated_Baseline/Input_RGM_Name/input_RGM_Nm'

2018-12-14 15:35:07 - [MESSAGE][PASSED] - Text 'TEST_RGM_018' is set on object 'Object Repository/TF_Customer_Create/4_Create_Objects_And_Save/2_Create_RGM_Designated_Baseline/Input_RGM_Name/input_RGM_Nm'

2018-12-14 15:35:07 - [TEST_STEP][PASSED] - delay(2): Delayed 2 second(s)

2018-12-14 15:35:09 - [MESSAGE][PASSED] - Delayed 2 second(s)

2018-12-14 15:35:09 - [TEST_STEP][PASSED] - click(findTestObject("TF_Customer_Create/3_Common_Action_Buttons/Click_Apply_Button/td_Apply")): Object: 'Object Repository/TF_Customer_Create/3_Common_Action_Buttons/Click_Apply_Button/td_Apply' is clicked on

2018-12-14 15:35:09 - [MESSAGE][PASSED] - Object: 'Object Repository/TF_Customer_Create/3_Common_Action_Buttons/Click_Apply_Button/td_Apply' is clicked on

2018-12-14 15:35:09 - [TEST_STEP][PASSED] - delay(2): Delayed 2 second(s)

2018-12-14 15:35:11 - [MESSAGE][PASSED] - Delayed 2 second(s)

2018-12-14 15:35:11 - [TEST_STEP][PASSED] - click(findTestObject("TF_Customer_Create/3_Common_Action_Buttons/Click_Save_Button/btn_Save")): Object: 'Object Repository/TF_Customer_Create/3_Common_Action_Buttons/Click_Save_Button/btn_Save' is clicked on

2018-12-14 15:35:11 - [MESSAGE][PASSED] - Object: 'Object Repository/TF_Customer_Create/3_Common_Action_Buttons/Click_Save_Button/btn_Save' is clicked on

2018-12-14 15:35:11 - [TEST_STEP][PASSED] - delay(2): Delayed 2 second(s)

2018-12-14 15:35:13 - [MESSAGE][PASSED] - Delayed 2 second(s)

2018-12-14 15:35:13 - [TEST_STEP][PASSED] - verifyElementText(findTestObject("TF_Customer_Create/3_Common_Action_Buttons/Verify_Success_Message/Success_Message"), "Record has been saved successfully.", CONTINUE_ON_FAILURE): Actual text and expected text of test object 'Object Repository/TF_Customer_Create/3_Common_Action_Buttons/Verify_Success_Message/Success_Message' are matched.

2018-12-14 15:35:15 - [MESSAGE][PASSED] - Actual text and expected text of test object 'Object Repository/TF_Customer_Create/3_Common_Action_Buttons/Verify_Success_Message/Success_Message' are matched.

2018-12-14 15:35:15 - [TEST_STEP][PASSED] - click(findTestObject("TF_Customer_Create/3_Common_Action_Buttons/Click_Data_Tab/span_Data_Tab")): Object: 'Object Repository/TF_Customer_Create/3_Common_Action_Buttons/Click_Data_Tab/span_Data_Tab' is clicked on

2018-12-14 15:35:15 - [MESSAGE][PASSED] - Object: 'Object Repository/TF_Customer_Create/3_Common_Action_Buttons/Click_Data_Tab/span_Data_Tab' is clicked on

2018-12-14 15:35:15 - [TEST_STEP][PASSED] - delay(1): Delayed 1 second(s)

2018-12-14 15:35:16 - [MESSAGE][PASSED] - Delayed 1 second(s)

2018-12-14 15:35:16 - [TEST_STEP][PASSED] - click(findTestObject("TF_Customer_Create/3_Common_Action_Buttons/Click_Close_Button/btn_Close")): Object: 'Object Repository/TF_Customer_Create/3_Common_Action_Buttons/Click_Close_Button/btn_Close' is clicked on

2018-12-14 15:35:16 - [MESSAGE][PASSED] - Object: 'Object Repository/TF_Customer_Create/3_Common_Action_Buttons/Click_Close_Button/btn_Close' is clicked on

2018-12-14 15:35:16 - [TEST_STEP][PASSED] - delay(1): Delayed 1 second(s)

2018-12-14 15:35:17 - [MESSAGE][PASSED] - Delayed 1 second(s)

2018-12-14 15:35:17 - [TEST_STEP][ERROR] - vrfy_RGM = com.oracledb.regressiontest.verifyRGM(ora_connt, ora_usr, ora_psswrd, ora_schema, input_RGM_Name): vrfy_RGM = com.oracledb.regressiontest.verifyRGM(ora_connt, ora_usr, ora_psswrd, ora_schema, input_RGM_Name) FAILED.
Reason:
org.codehaus.groovy.runtime.InvokerInvocationException: java.sql.SQLException: The url cannot be null
	at com.oracledb.regressiontest.invokeMethod(regressiontest.groovy)
	at com.kms.katalon.core.main.CustomKeywordDelegatingMetaClass.invokeStaticMethod(CustomKeywordDelegatingMetaClass.java:49)
	at TC_2_Create_RGM_Designated_Baseline.run(TC_2_Create_RGM_Designated_Baseline:62)
	at com.kms.katalon.core.main.ScriptEngine.run(ScriptEngine.java:194)
	at com.kms.katalon.core.main.ScriptEngine.runScriptAsRawText(ScriptEngine.java:119)
	at com.kms.katalon.core.main.TestCaseExecutor.runScript(TestCaseExecutor.java:321)
	at com.kms.katalon.core.main.TestCaseExecutor.doExecute(TestCaseExecutor.java:312)
	at com.kms.katalon.core.main.TestCaseExecutor.processExecutionPhase(TestCaseExecutor.java:291)
	at com.kms.katalon.core.main.TestCaseExecutor.accessMainPhase(TestCaseExecutor.java:283)
	at com.kms.katalon.core.main.TestCaseExecutor.execute(TestCaseExecutor.java:222)
	at com.kms.katalon.core.main.TestSuiteExecutor.accessTestCaseMainPhase(TestSuiteExecutor.java:129)
	at com.kms.katalon.core.main.TestSuiteExecutor.accessTestSuiteMainPhase(TestSuiteExecutor.java:112)
	at com.kms.katalon.core.main.TestSuiteExecutor.execute(TestSuiteExecutor.java:81)
	at com.kms.katalon.core.main.TestCaseMain.startTestSuite(TestCaseMain.java:149)
	at com.kms.katalon.core.main.TestCaseMain$startTestSuite$0.call(Unknown Source)
	at TempTestSuite1544783619637.run(TempTestSuite1544783619637.groovy:36)
Caused by: java.sql.SQLException: The url cannot be null
	at com.oracledb.regressiontest.verifyRGM(regressiontest.groovy:144)
	at com.oracledb.regressiontest.invokeMethod(regressiontest.groovy)
	at com.kms.katalon.core.main.CustomKeywordDelegatingMetaClass.invokeStaticMethod(CustomKeywordDelegatingMetaClass.java:49)
	at Script1542006830121.run(Script1542006830121.groovy:62)
	... 13 more


2018-12-14 15:35:17 - [MESSAGE][ERROR] - java.sql.SQLException: The url cannot be null

2018-12-14 15:35:17 - [MESSAGE][ERROR] - vrfy_RGM = com.oracledb.regressiontest.verifyRGM(ora_connt, ora_usr, ora_psswrd, ora_schema, input_RGM_Name) FAILED.
Reason:
org.codehaus.groovy.runtime.InvokerInvocationException: java.sql.SQLException: The url cannot be null
	at com.oracledb.regressiontest.invokeMethod(regressiontest.groovy)
	at com.kms.katalon.core.main.CustomKeywordDelegatingMetaClass.invokeStaticMethod(CustomKeywordDelegatingMetaClass.java:49)
	at TC_2_Create_RGM_Designated_Baseline.run(TC_2_Create_RGM_Designated_Baseline:62)
	at com.kms.katalon.core.main.ScriptEngine.run(ScriptEngine.java:194)
	at com.kms.katalon.core.main.ScriptEngine.runScriptAsRawText(ScriptEngine.java:119)
	at com.kms.katalon.core.main.TestCaseExecutor.runScript(TestCaseExecutor.java:321)
	at com.kms.katalon.core.main.TestCaseExecutor.doExecute(TestCaseExecutor.java:312)
	at com.kms.katalon.core.main.TestCaseExecutor.processExecutionPhase(TestCaseExecutor.java:291)
	at com.kms.katalon.core.main.TestCaseExecutor.accessMainPhase(TestCaseExecutor.java:283)
	at com.kms.katalon.core.main.TestCaseExecutor.execute(TestCaseExecutor.java:222)
	at com.kms.katalon.core.main.TestSuiteExecutor.accessTestCaseMainPhase(TestSuiteExecutor.java:129)
	at com.kms.katalon.core.main.TestSuiteExecutor.accessTestSuiteMainPhase(TestSuiteExecutor.java:112)
	at com.kms.katalon.core.main.TestSuiteExecutor.execute(TestSuiteExecutor.java:81)
	at com.kms.katalon.core.main.TestCaseMain.startTestSuite(TestCaseMain.java:149)
	at com.kms.katalon.core.main.TestCaseMain$startTestSuite$0.call(Unknown Source)
	at TempTestSuite1544783619637.run(TempTestSuite1544783619637.groovy:36)
Caused by: java.sql.SQLException: The url cannot be null
	at com.oracledb.regressiontest.verifyRGM(regressiontest.groovy:144)
	at com.oracledb.regressiontest.invokeMethod(regressiontest.groovy)
	at com.kms.katalon.core.main.CustomKeywordDelegatingMetaClass.invokeStaticMethod(CustomKeywordDelegatingMetaClass.java:49)
	at Script1542006830121.run(Script1542006830121.groovy:62)
	... 13 more]]></system-out>
         <system-err><![CDATA[2018-12-14 15:35:03 - [TEST_CASE][ERROR] - Test Cases/Regression_TF_Customer/Create_Record/TC_2_Create_RGM_Designated_Baseline: Test Cases/Regression_TF_Customer/Create_Record/TC_2_Create_RGM_Designated_Baseline FAILED.
Reason:
org.codehaus.groovy.runtime.InvokerInvocationException: java.sql.SQLException: The url cannot be null
	at com.oracledb.regressiontest.invokeMethod(regressiontest.groovy)
	at com.kms.katalon.core.main.CustomKeywordDelegatingMetaClass.invokeStaticMethod(CustomKeywordDelegatingMetaClass.java:49)
	at TC_2_Create_RGM_Designated_Baseline.run(TC_2_Create_RGM_Designated_Baseline:62)
	at com.kms.katalon.core.main.ScriptEngine.run(ScriptEngine.java:194)
	at com.kms.katalon.core.main.ScriptEngine.runScriptAsRawText(ScriptEngine.java:119)
	at com.kms.katalon.core.main.TestCaseExecutor.runScript(TestCaseExecutor.java:321)
	at com.kms.katalon.core.main.TestCaseExecutor.doExecute(TestCaseExecutor.java:312)
	at com.kms.katalon.core.main.TestCaseExecutor.processExecutionPhase(TestCaseExecutor.java:291)
	at com.kms.katalon.core.main.TestCaseExecutor.accessMainPhase(TestCaseExecutor.java:283)
	at com.kms.katalon.core.main.TestCaseExecutor.execute(TestCaseExecutor.java:222)
	at com.kms.katalon.core.main.TestSuiteExecutor.accessTestCaseMainPhase(TestSuiteExecutor.java:129)
	at com.kms.katalon.core.main.TestSuiteExecutor.accessTestSuiteMainPhase(TestSuiteExecutor.java:112)
	at com.kms.katalon.core.main.TestSuiteExecutor.execute(TestSuiteExecutor.java:81)
	at com.kms.katalon.core.main.TestCaseMain.startTestSuite(TestCaseMain.java:149)
	at com.kms.katalon.core.main.TestCaseMain$startTestSuite$0.call(Unknown Source)
	at TempTestSuite1544783619637.run(TempTestSuite1544783619637.groovy:36)
Caused by: java.sql.SQLException: The url cannot be null
	at com.oracledb.regressiontest.verifyRGM(regressiontest.groovy:144)
	at com.oracledb.regressiontest.invokeMethod(regressiontest.groovy)
	at com.kms.katalon.core.main.CustomKeywordDelegatingMetaClass.invokeStaticMethod(CustomKeywordDelegatingMetaClass.java:49)
	at Script1542006830121.run(Script1542006830121.groovy:62)
	... 13 more]]></system-err>
      </testcase>
      <testcase name="Test Cases/Regression_TF_Customer/Create_Record/TC_3_Create_JMS_Sales_Org" classname="Test Cases/Regression_TF_Customer/Create_Record/TC_3_Create_JMS_Sales_Org" status="ERROR">
         <error type="ERROR" message="Test Cases/Regression_TF_Customer/Create_Record/TC_3_Create_JMS_Sales_Org FAILED.
Reason:
org.codehaus.groovy.runtime.InvokerInvocationException: java.sql.SQLException: The url cannot be null
	at com.oracledb.regressiontest.invokeMethod(regressiontest.groovy)
	at com.kms.katalon.core.main.CustomKeywordDelegatingMetaClass.invokeStaticMethod(CustomKeywordDelegatingMetaClass.java:49)
	at TC_3_Create_JMS_Sales_Org.run(TC_3_Create_JMS_Sales_Org:65)
	at com.kms.katalon.core.main.ScriptEngine.run(ScriptEngine.java:194)
	at com.kms.katalon.core.main.ScriptEngine.runScriptAsRawText(ScriptEngine.java:119)
	at com.kms.katalon.core.main.TestCaseExecutor.runScript(TestCaseExecutor.java:321)
	at com.kms.katalon.core.main.TestCaseExecutor.doExecute(TestCaseExecutor.java:312)
	at com.kms.katalon.core.main.TestCaseExecutor.processExecutionPhase(TestCaseExecutor.java:291)
	at com.kms.katalon.core.main.TestCaseExecutor.accessMainPhase(TestCaseExecutor.java:283)
	at com.kms.katalon.core.main.TestCaseExecutor.execute(TestCaseExecutor.java:222)
	at com.kms.katalon.core.main.TestSuiteExecutor.accessTestCaseMainPhase(TestSuiteExecutor.java:129)
	at com.kms.katalon.core.main.TestSuiteExecutor.accessTestSuiteMainPhase(TestSuiteExecutor.java:112)
	at com.kms.katalon.core.main.TestSuiteExecutor.execute(TestSuiteExecutor.java:81)
	at com.kms.katalon.core.main.TestCaseMain.startTestSuite(TestCaseMain.java:149)
	at com.kms.katalon.core.main.TestCaseMain$startTestSuite$0.call(Unknown Source)
	at TempTestSuite1544783619637.run(TempTestSuite1544783619637.groovy:36)
Caused by: java.sql.SQLException: The url cannot be null
	at com.oracledb.regressiontest.verifySalesOrg(regressiontest.groovy:154)
	at com.oracledb.regressiontest.invokeMethod(regressiontest.groovy)
	at com.kms.katalon.core.main.CustomKeywordDelegatingMetaClass.invokeStaticMethod(CustomKeywordDelegatingMetaClass.java:49)
	at Script1542009731358.run(Script1542009731358.groovy:65)
	... 13 more
"/>
         <system-out><![CDATA[2018-12-14 15:35:17 - [TEST_CASE][ERROR] - Test Cases/Regression_TF_Customer/Create_Record/TC_3_Create_JMS_Sales_Org: Test Cases/Regression_TF_Customer/Create_Record/TC_3_Create_JMS_Sales_Org FAILED.
Reason:
org.codehaus.groovy.runtime.InvokerInvocationException: java.sql.SQLException: The url cannot be null
	at com.oracledb.regressiontest.invokeMethod(regressiontest.groovy)
	at com.kms.katalon.core.main.CustomKeywordDelegatingMetaClass.invokeStaticMethod(CustomKeywordDelegatingMetaClass.java:49)
	at TC_3_Create_JMS_Sales_Org.run(TC_3_Create_JMS_Sales_Org:65)
	at com.kms.katalon.core.main.ScriptEngine.run(ScriptEngine.java:194)
	at com.kms.katalon.core.main.ScriptEngine.runScriptAsRawText(ScriptEngine.java:119)
	at com.kms.katalon.core.main.TestCaseExecutor.runScript(TestCaseExecutor.java:321)
	at com.kms.katalon.core.main.TestCaseExecutor.doExecute(TestCaseExecutor.java:312)
	at com.kms.katalon.core.main.TestCaseExecutor.processExecutionPhase(TestCaseExecutor.java:291)
	at com.kms.katalon.core.main.TestCaseExecutor.accessMainPhase(TestCaseExecutor.java:283)
	at com.kms.katalon.core.main.TestCaseExecutor.execute(TestCaseExecutor.java:222)
	at com.kms.katalon.core.main.TestSuiteExecutor.accessTestCaseMainPhase(TestSuiteExecutor.java:129)
	at com.kms.katalon.core.main.TestSuiteExecutor.accessTestSuiteMainPhase(TestSuiteExecutor.java:112)
	at com.kms.katalon.core.main.TestSuiteExecutor.execute(TestSuiteExecutor.java:81)
	at com.kms.katalon.core.main.TestCaseMain.startTestSuite(TestCaseMain.java:149)
	at com.kms.katalon.core.main.TestCaseMain$startTestSuite$0.call(Unknown Source)
	at TempTestSuite1544783619637.run(TempTestSuite1544783619637.groovy:36)
Caused by: java.sql.SQLException: The url cannot be null
	at com.oracledb.regressiontest.verifySalesOrg(regressiontest.groovy:154)
	at com.oracledb.regressiontest.invokeMethod(regressiontest.groovy)
	at com.kms.katalon.core.main.CustomKeywordDelegatingMetaClass.invokeStaticMethod(CustomKeywordDelegatingMetaClass.java:49)
	at Script1542009731358.run(Script1542009731358.groovy:65)
	... 13 more


2018-12-14 15:35:17 - [TEST_STEP][PASSED] - waitForPageLoad(G_Timeout): Wait for page load successfully

2018-12-14 15:35:17 - [MESSAGE][PASSED] - Wait for page load successfully

2018-12-14 15:35:17 - [TEST_STEP][PASSED] - mouseOver(findTestObject("TF_Customer_Create/1_Menu_Navigation_To_Open_All_Pages/0_Menu_Create_In_Data_View")): Object: 'Object Repository/TF_Customer_Create/1_Menu_Navigation_To_Open_All_Pages/0_Menu_Create_In_Data_View' is hovered

2018-12-14 15:35:17 - [MESSAGE][PASSED] - Object: 'Object Repository/TF_Customer_Create/1_Menu_Navigation_To_Open_All_Pages/0_Menu_Create_In_Data_View' is hovered

2018-12-14 15:35:17 - [TEST_STEP][PASSED] - waitForPageLoad(G_Timeout): Wait for page load successfully

2018-12-14 15:35:17 - [MESSAGE][PASSED] - Wait for page load successfully

2018-12-14 15:35:17 - [TEST_STEP][PASSED] - mouseOver(findTestObject("TF_Customer_Create/1_Menu_Navigation_To_Open_All_Pages/1_Menu_Create_Master_Data")): Object: 'Object Repository/TF_Customer_Create/1_Menu_Navigation_To_Open_All_Pages/1_Menu_Create_Master_Data' is hovered

2018-12-14 15:35:17 - [MESSAGE][PASSED] - Object: 'Object Repository/TF_Customer_Create/1_Menu_Navigation_To_Open_All_Pages/1_Menu_Create_Master_Data' is hovered

2018-12-14 15:35:17 - [TEST_STEP][PASSED] - waitForPageLoad(G_Timeout): Wait for page load successfully

2018-12-14 15:35:17 - [MESSAGE][PASSED] - Wait for page load successfully

2018-12-14 15:35:17 - [TEST_STEP][PASSED] - click(findTestObject("TF_Customer_Create/2_Select_Menu_Options(All)/3_Menu_JMS Sales Organizations")): Object: 'Object Repository/TF_Customer_Create/2_Select_Menu_Options(All)/3_Menu_JMS Sales Organizations' is clicked on

2018-12-14 15:35:18 - [MESSAGE][PASSED] - Object: 'Object Repository/TF_Customer_Create/2_Select_Menu_Options(All)/3_Menu_JMS Sales Organizations' is clicked on

2018-12-14 15:35:18 - [TEST_STEP][PASSED] - waitForPageLoad(G_Timeout): Wait for page load successfully

2018-12-14 15:35:18 - [MESSAGE][PASSED] - Wait for page load successfully

2018-12-14 15:35:18 - [TEST_STEP][PASSED] - delay(3): Delayed 3 second(s)

2018-12-14 15:35:21 - [MESSAGE][PASSED] - Delayed 3 second(s)

2018-12-14 15:35:21 - [TEST_STEP][PASSED] - setText(findTestObject("TF_Customer_Create/4_Create_Objects_And_Save/3_Create_Sales_Org/Input_RGM_Code/input_Sales_Org_Code"), input_Sales_Org_Cd): Text '0319' is set on object 'Object Repository/TF_Customer_Create/4_Create_Objects_And_Save/3_Create_Sales_Org/Input_RGM_Code/input_Sales_Org_Code'

2018-12-14 15:35:21 - [MESSAGE][PASSED] - Text '0319' is set on object 'Object Repository/TF_Customer_Create/4_Create_Objects_And_Save/3_Create_Sales_Org/Input_RGM_Code/input_Sales_Org_Code'

2018-12-14 15:35:21 - [TEST_STEP][PASSED] - setText(findTestObject("TF_Customer_Create/4_Create_Objects_And_Save/3_Create_Sales_Org/Input_RGM_Name/input_Sales_Org_Name"), input_Sales_Org_Nm): Text 'TEST_SALES_ORG_019' is set on object 'Object Repository/TF_Customer_Create/4_Create_Objects_And_Save/3_Create_Sales_Org/Input_RGM_Name/input_Sales_Org_Name'

2018-12-14 15:35:21 - [MESSAGE][PASSED] - Text 'TEST_SALES_ORG_019' is set on object 'Object Repository/TF_Customer_Create/4_Create_Objects_And_Save/3_Create_Sales_Org/Input_RGM_Name/input_Sales_Org_Name'

2018-12-14 15:35:21 - [TEST_STEP][PASSED] - delay(2): Delayed 2 second(s)

2018-12-14 15:35:23 - [MESSAGE][PASSED] - Delayed 2 second(s)

2018-12-14 15:35:23 - [TEST_STEP][PASSED] - click(findTestObject("TF_Customer_Create/3_Common_Action_Buttons/Click_Apply_Button/td_Apply")): Object: 'Object Repository/TF_Customer_Create/3_Common_Action_Buttons/Click_Apply_Button/td_Apply' is clicked on

2018-12-14 15:35:23 - [MESSAGE][PASSED] - Object: 'Object Repository/TF_Customer_Create/3_Common_Action_Buttons/Click_Apply_Button/td_Apply' is clicked on

2018-12-14 15:35:23 - [TEST_STEP][PASSED] - delay(2): Delayed 2 second(s)

2018-12-14 15:35:25 - [MESSAGE][PASSED] - Delayed 2 second(s)

2018-12-14 15:35:25 - [TEST_STEP][PASSED] - click(findTestObject("TF_Customer_Create/3_Common_Action_Buttons/Click_Save_Button/btn_Save")): Object: 'Object Repository/TF_Customer_Create/3_Common_Action_Buttons/Click_Save_Button/btn_Save' is clicked on

2018-12-14 15:35:25 - [MESSAGE][PASSED] - Object: 'Object Repository/TF_Customer_Create/3_Common_Action_Buttons/Click_Save_Button/btn_Save' is clicked on

2018-12-14 15:35:25 - [TEST_STEP][PASSED] - delay(2): Delayed 2 second(s)

2018-12-14 15:35:27 - [MESSAGE][PASSED] - Delayed 2 second(s)

2018-12-14 15:35:27 - [TEST_STEP][PASSED] - verifyElementText(findTestObject("TF_Customer_Create/3_Common_Action_Buttons/Verify_Success_Message/Success_Message"), "Record has been saved successfully.", CONTINUE_ON_FAILURE): Actual text and expected text of test object 'Object Repository/TF_Customer_Create/3_Common_Action_Buttons/Verify_Success_Message/Success_Message' are matched.

2018-12-14 15:35:29 - [MESSAGE][PASSED] - Actual text and expected text of test object 'Object Repository/TF_Customer_Create/3_Common_Action_Buttons/Verify_Success_Message/Success_Message' are matched.

2018-12-14 15:35:29 - [TEST_STEP][PASSED] - click(findTestObject("TF_Customer_Create/3_Common_Action_Buttons/Click_Data_Tab/span_Data_Tab")): Object: 'Object Repository/TF_Customer_Create/3_Common_Action_Buttons/Click_Data_Tab/span_Data_Tab' is clicked on

2018-12-14 15:35:29 - [MESSAGE][PASSED] - Object: 'Object Repository/TF_Customer_Create/3_Common_Action_Buttons/Click_Data_Tab/span_Data_Tab' is clicked on

2018-12-14 15:35:29 - [TEST_STEP][PASSED] - delay(1): Delayed 1 second(s)

2018-12-14 15:35:30 - [MESSAGE][PASSED] - Delayed 1 second(s)

2018-12-14 15:35:30 - [TEST_STEP][PASSED] - click(findTestObject("TF_Customer_Create/3_Common_Action_Buttons/Click_Close_Button/btn_Close")): Object: 'Object Repository/TF_Customer_Create/3_Common_Action_Buttons/Click_Close_Button/btn_Close' is clicked on

2018-12-14 15:35:30 - [MESSAGE][PASSED] - Object: 'Object Repository/TF_Customer_Create/3_Common_Action_Buttons/Click_Close_Button/btn_Close' is clicked on

2018-12-14 15:35:30 - [TEST_STEP][PASSED] - delay(1): Delayed 1 second(s)

2018-12-14 15:35:31 - [MESSAGE][PASSED] - Delayed 1 second(s)

2018-12-14 15:35:31 - [TEST_STEP][ERROR] - vrfy_JMSORG = com.oracledb.regressiontest.verifySalesOrg(ora_connt, ora_usr, ora_psswrd, ora_schema, input_Sales_Org_Cd): vrfy_JMSORG = com.oracledb.regressiontest.verifySalesOrg(ora_connt, ora_usr, ora_psswrd, ora_schema, input_Sales_Org_Cd) FAILED.
Reason:
org.codehaus.groovy.runtime.InvokerInvocationException: java.sql.SQLException: The url cannot be null
	at com.oracledb.regressiontest.invokeMethod(regressiontest.groovy)
	at com.kms.katalon.core.main.CustomKeywordDelegatingMetaClass.invokeStaticMethod(CustomKeywordDelegatingMetaClass.java:49)
	at TC_3_Create_JMS_Sales_Org.run(TC_3_Create_JMS_Sales_Org:65)
	at com.kms.katalon.core.main.ScriptEngine.run(ScriptEngine.java:194)
	at com.kms.katalon.core.main.ScriptEngine.runScriptAsRawText(ScriptEngine.java:119)
	at com.kms.katalon.core.main.TestCaseExecutor.runScript(TestCaseExecutor.java:321)
	at com.kms.katalon.core.main.TestCaseExecutor.doExecute(TestCaseExecutor.java:312)
	at com.kms.katalon.core.main.TestCaseExecutor.processExecutionPhase(TestCaseExecutor.java:291)
	at com.kms.katalon.core.main.TestCaseExecutor.accessMainPhase(TestCaseExecutor.java:283)
	at com.kms.katalon.core.main.TestCaseExecutor.execute(TestCaseExecutor.java:222)
	at com.kms.katalon.core.main.TestSuiteExecutor.accessTestCaseMainPhase(TestSuiteExecutor.java:129)
	at com.kms.katalon.core.main.TestSuiteExecutor.accessTestSuiteMainPhase(TestSuiteExecutor.java:112)
	at com.kms.katalon.core.main.TestSuiteExecutor.execute(TestSuiteExecutor.java:81)
	at com.kms.katalon.core.main.TestCaseMain.startTestSuite(TestCaseMain.java:149)
	at com.kms.katalon.core.main.TestCaseMain$startTestSuite$0.call(Unknown Source)
	at TempTestSuite1544783619637.run(TempTestSuite1544783619637.groovy:36)
Caused by: java.sql.SQLException: The url cannot be null
	at com.oracledb.regressiontest.verifySalesOrg(regressiontest.groovy:154)
	at com.oracledb.regressiontest.invokeMethod(regressiontest.groovy)
	at com.kms.katalon.core.main.CustomKeywordDelegatingMetaClass.invokeStaticMethod(CustomKeywordDelegatingMetaClass.java:49)
	at Script1542009731358.run(Script1542009731358.groovy:65)
	... 13 more


2018-12-14 15:35:31 - [MESSAGE][ERROR] - java.sql.SQLException: The url cannot be null

2018-12-14 15:35:31 - [MESSAGE][ERROR] - vrfy_JMSORG = com.oracledb.regressiontest.verifySalesOrg(ora_connt, ora_usr, ora_psswrd, ora_schema, input_Sales_Org_Cd) FAILED.
Reason:
org.codehaus.groovy.runtime.InvokerInvocationException: java.sql.SQLException: The url cannot be null
	at com.oracledb.regressiontest.invokeMethod(regressiontest.groovy)
	at com.kms.katalon.core.main.CustomKeywordDelegatingMetaClass.invokeStaticMethod(CustomKeywordDelegatingMetaClass.java:49)
	at TC_3_Create_JMS_Sales_Org.run(TC_3_Create_JMS_Sales_Org:65)
	at com.kms.katalon.core.main.ScriptEngine.run(ScriptEngine.java:194)
	at com.kms.katalon.core.main.ScriptEngine.runScriptAsRawText(ScriptEngine.java:119)
	at com.kms.katalon.core.main.TestCaseExecutor.runScript(TestCaseExecutor.java:321)
	at com.kms.katalon.core.main.TestCaseExecutor.doExecute(TestCaseExecutor.java:312)
	at com.kms.katalon.core.main.TestCaseExecutor.processExecutionPhase(TestCaseExecutor.java:291)
	at com.kms.katalon.core.main.TestCaseExecutor.accessMainPhase(TestCaseExecutor.java:283)
	at com.kms.katalon.core.main.TestCaseExecutor.execute(TestCaseExecutor.java:222)
	at com.kms.katalon.core.main.TestSuiteExecutor.accessTestCaseMainPhase(TestSuiteExecutor.java:129)
	at com.kms.katalon.core.main.TestSuiteExecutor.accessTestSuiteMainPhase(TestSuiteExecutor.java:112)
	at com.kms.katalon.core.main.TestSuiteExecutor.execute(TestSuiteExecutor.java:81)
	at com.kms.katalon.core.main.TestCaseMain.startTestSuite(TestCaseMain.java:149)
	at com.kms.katalon.core.main.TestCaseMain$startTestSuite$0.call(Unknown Source)
	at TempTestSuite1544783619637.run(TempTestSuite1544783619637.groovy:36)
Caused by: java.sql.SQLException: The url cannot be null
	at com.oracledb.regressiontest.verifySalesOrg(regressiontest.groovy:154)
	at com.oracledb.regressiontest.invokeMethod(regressiontest.groovy)
	at com.kms.katalon.core.main.CustomKeywordDelegatingMetaClass.invokeStaticMethod(CustomKeywordDelegatingMetaClass.java:49)
	at Script1542009731358.run(Script1542009731358.groovy:65)
	... 13 more]]></system-out>
         <system-err><![CDATA[2018-12-14 15:35:17 - [TEST_CASE][ERROR] - Test Cases/Regression_TF_Customer/Create_Record/TC_3_Create_JMS_Sales_Org: Test Cases/Regression_TF_Customer/Create_Record/TC_3_Create_JMS_Sales_Org FAILED.
Reason:
org.codehaus.groovy.runtime.InvokerInvocationException: java.sql.SQLException: The url cannot be null
	at com.oracledb.regressiontest.invokeMethod(regressiontest.groovy)
	at com.kms.katalon.core.main.CustomKeywordDelegatingMetaClass.invokeStaticMethod(CustomKeywordDelegatingMetaClass.java:49)
	at TC_3_Create_JMS_Sales_Org.run(TC_3_Create_JMS_Sales_Org:65)
	at com.kms.katalon.core.main.ScriptEngine.run(ScriptEngine.java:194)
	at com.kms.katalon.core.main.ScriptEngine.runScriptAsRawText(ScriptEngine.java:119)
	at com.kms.katalon.core.main.TestCaseExecutor.runScript(TestCaseExecutor.java:321)
	at com.kms.katalon.core.main.TestCaseExecutor.doExecute(TestCaseExecutor.java:312)
	at com.kms.katalon.core.main.TestCaseExecutor.processExecutionPhase(TestCaseExecutor.java:291)
	at com.kms.katalon.core.main.TestCaseExecutor.accessMainPhase(TestCaseExecutor.java:283)
	at com.kms.katalon.core.main.TestCaseExecutor.execute(TestCaseExecutor.java:222)
	at com.kms.katalon.core.main.TestSuiteExecutor.accessTestCaseMainPhase(TestSuiteExecutor.java:129)
	at com.kms.katalon.core.main.TestSuiteExecutor.accessTestSuiteMainPhase(TestSuiteExecutor.java:112)
	at com.kms.katalon.core.main.TestSuiteExecutor.execute(TestSuiteExecutor.java:81)
	at com.kms.katalon.core.main.TestCaseMain.startTestSuite(TestCaseMain.java:149)
	at com.kms.katalon.core.main.TestCaseMain$startTestSuite$0.call(Unknown Source)
	at TempTestSuite1544783619637.run(TempTestSuite1544783619637.groovy:36)
Caused by: java.sql.SQLException: The url cannot be null
	at com.oracledb.regressiontest.verifySalesOrg(regressiontest.groovy:154)
	at com.oracledb.regressiontest.invokeMethod(regressiontest.groovy)
	at com.kms.katalon.core.main.CustomKeywordDelegatingMetaClass.invokeStaticMethod(CustomKeywordDelegatingMetaClass.java:49)
	at Script1542009731358.run(Script1542009731358.groovy:65)
	... 13 more]]></system-err>
      </testcase>
      <testcase name="Test Cases/Regression_TF_Customer/Create_Record/TC_4_Create_Consumption_Baseline_Source" classname="Test Cases/Regression_TF_Customer/Create_Record/TC_4_Create_Consumption_Baseline_Source" status="ERROR">
         <error type="ERROR" message="Test Cases/Regression_TF_Customer/Create_Record/TC_4_Create_Consumption_Baseline_Source FAILED.
Reason:
org.codehaus.groovy.runtime.InvokerInvocationException: java.sql.SQLException: The url cannot be null
	at com.oracledb.regressiontest.invokeMethod(regressiontest.groovy)
	at com.kms.katalon.core.main.CustomKeywordDelegatingMetaClass.invokeStaticMethod(CustomKeywordDelegatingMetaClass.java:49)
	at TC_4_Create_Consumption_Baseline_Source.run(TC_4_Create_Consumption_Baseline_Source:62)
	at com.kms.katalon.core.main.ScriptEngine.run(ScriptEngine.java:194)
	at com.kms.katalon.core.main.ScriptEngine.runScriptAsRawText(ScriptEngine.java:119)
	at com.kms.katalon.core.main.TestCaseExecutor.runScript(TestCaseExecutor.java:321)
	at com.kms.katalon.core.main.TestCaseExecutor.doExecute(TestCaseExecutor.java:312)
	at com.kms.katalon.core.main.TestCaseExecutor.processExecutionPhase(TestCaseExecutor.java:291)
	at com.kms.katalon.core.main.TestCaseExecutor.accessMainPhase(TestCaseExecutor.java:283)
	at com.kms.katalon.core.main.TestCaseExecutor.execute(TestCaseExecutor.java:222)
	at com.kms.katalon.core.main.TestSuiteExecutor.accessTestCaseMainPhase(TestSuiteExecutor.java:129)
	at com.kms.katalon.core.main.TestSuiteExecutor.accessTestSuiteMainPhase(TestSuiteExecutor.java:112)
	at com.kms.katalon.core.main.TestSuiteExecutor.execute(TestSuiteExecutor.java:81)
	at com.kms.katalon.core.main.TestCaseMain.startTestSuite(TestCaseMain.java:149)
	at com.kms.katalon.core.main.TestCaseMain$startTestSuite$0.call(Unknown Source)
	at TempTestSuite1544783619637.run(TempTestSuite1544783619637.groovy:36)
Caused by: java.sql.SQLException: The url cannot be null
	at com.oracledb.regressiontest.verifyCBS(regressiontest.groovy:164)
	at com.oracledb.regressiontest.invokeMethod(regressiontest.groovy)
	at com.kms.katalon.core.main.CustomKeywordDelegatingMetaClass.invokeStaticMethod(CustomKeywordDelegatingMetaClass.java:49)
	at Script1542015701556.run(Script1542015701556.groovy:62)
	... 13 more
"/>
         <system-out><![CDATA[2018-12-14 15:35:31 - [TEST_CASE][ERROR] - Test Cases/Regression_TF_Customer/Create_Record/TC_4_Create_Consumption_Baseline_Source: Test Cases/Regression_TF_Customer/Create_Record/TC_4_Create_Consumption_Baseline_Source FAILED.
Reason:
org.codehaus.groovy.runtime.InvokerInvocationException: java.sql.SQLException: The url cannot be null
	at com.oracledb.regressiontest.invokeMethod(regressiontest.groovy)
	at com.kms.katalon.core.main.CustomKeywordDelegatingMetaClass.invokeStaticMethod(CustomKeywordDelegatingMetaClass.java:49)
	at TC_4_Create_Consumption_Baseline_Source.run(TC_4_Create_Consumption_Baseline_Source:62)
	at com.kms.katalon.core.main.ScriptEngine.run(ScriptEngine.java:194)
	at com.kms.katalon.core.main.ScriptEngine.runScriptAsRawText(ScriptEngine.java:119)
	at com.kms.katalon.core.main.TestCaseExecutor.runScript(TestCaseExecutor.java:321)
	at com.kms.katalon.core.main.TestCaseExecutor.doExecute(TestCaseExecutor.java:312)
	at com.kms.katalon.core.main.TestCaseExecutor.processExecutionPhase(TestCaseExecutor.java:291)
	at com.kms.katalon.core.main.TestCaseExecutor.accessMainPhase(TestCaseExecutor.java:283)
	at com.kms.katalon.core.main.TestCaseExecutor.execute(TestCaseExecutor.java:222)
	at com.kms.katalon.core.main.TestSuiteExecutor.accessTestCaseMainPhase(TestSuiteExecutor.java:129)
	at com.kms.katalon.core.main.TestSuiteExecutor.accessTestSuiteMainPhase(TestSuiteExecutor.java:112)
	at com.kms.katalon.core.main.TestSuiteExecutor.execute(TestSuiteExecutor.java:81)
	at com.kms.katalon.core.main.TestCaseMain.startTestSuite(TestCaseMain.java:149)
	at com.kms.katalon.core.main.TestCaseMain$startTestSuite$0.call(Unknown Source)
	at TempTestSuite1544783619637.run(TempTestSuite1544783619637.groovy:36)
Caused by: java.sql.SQLException: The url cannot be null
	at com.oracledb.regressiontest.verifyCBS(regressiontest.groovy:164)
	at com.oracledb.regressiontest.invokeMethod(regressiontest.groovy)
	at com.kms.katalon.core.main.CustomKeywordDelegatingMetaClass.invokeStaticMethod(CustomKeywordDelegatingMetaClass.java:49)
	at Script1542015701556.run(Script1542015701556.groovy:62)
	... 13 more


2018-12-14 15:35:31 - [TEST_STEP][PASSED] - waitForPageLoad(G_Timeout): Wait for page load successfully

2018-12-14 15:35:31 - [MESSAGE][PASSED] - Wait for page load successfully

2018-12-14 15:35:31 - [TEST_STEP][PASSED] - mouseOver(findTestObject("TF_Customer_Create/1_Menu_Navigation_To_Open_All_Pages/0_Menu_Create_In_Data_View")): Object: 'Object Repository/TF_Customer_Create/1_Menu_Navigation_To_Open_All_Pages/0_Menu_Create_In_Data_View' is hovered

2018-12-14 15:35:31 - [MESSAGE][PASSED] - Object: 'Object Repository/TF_Customer_Create/1_Menu_Navigation_To_Open_All_Pages/0_Menu_Create_In_Data_View' is hovered

2018-12-14 15:35:31 - [TEST_STEP][PASSED] - waitForPageLoad(G_Timeout): Wait for page load successfully

2018-12-14 15:35:31 - [MESSAGE][PASSED] - Wait for page load successfully

2018-12-14 15:35:31 - [TEST_STEP][PASSED] - mouseOver(findTestObject("TF_Customer_Create/1_Menu_Navigation_To_Open_All_Pages/1_Menu_Create_Master_Data")): Object: 'Object Repository/TF_Customer_Create/1_Menu_Navigation_To_Open_All_Pages/1_Menu_Create_Master_Data' is hovered

2018-12-14 15:35:31 - [MESSAGE][PASSED] - Object: 'Object Repository/TF_Customer_Create/1_Menu_Navigation_To_Open_All_Pages/1_Menu_Create_Master_Data' is hovered

2018-12-14 15:35:31 - [TEST_STEP][PASSED] - waitForPageLoad(G_Timeout): Wait for page load successfully

2018-12-14 15:35:31 - [MESSAGE][PASSED] - Wait for page load successfully

2018-12-14 15:35:31 - [TEST_STEP][PASSED] - click(findTestObject("TF_Customer_Create/2_Select_Menu_Options(All)/4_Menu_Consumption Baseline Source")): Object: 'Object Repository/TF_Customer_Create/2_Select_Menu_Options(All)/4_Menu_Consumption Baseline Source' is clicked on

2018-12-14 15:35:32 - [MESSAGE][PASSED] - Object: 'Object Repository/TF_Customer_Create/2_Select_Menu_Options(All)/4_Menu_Consumption Baseline Source' is clicked on

2018-12-14 15:35:32 - [TEST_STEP][PASSED] - waitForPageLoad(G_Timeout): Wait for page load successfully

2018-12-14 15:35:32 - [MESSAGE][PASSED] - Wait for page load successfully

2018-12-14 15:35:32 - [TEST_STEP][PASSED] - delay(4): Delayed 4 second(s)

2018-12-14 15:35:36 - [MESSAGE][PASSED] - Delayed 4 second(s)

2018-12-14 15:35:36 - [TEST_STEP][PASSED] - setText(findTestObject("TF_Customer_Create/4_Create_Objects_And_Save/4_Create_Consumption_Baseline_Source/Input_CBS_Name/input_CBS_Nm"), input_CBS_Nm): Text 'TEST_CBS_0018' is set on object 'Object Repository/TF_Customer_Create/4_Create_Objects_And_Save/4_Create_Consumption_Baseline_Source/Input_CBS_Name/input_CBS_Nm'

2018-12-14 15:35:36 - [MESSAGE][PASSED] - Text 'TEST_CBS_0018' is set on object 'Object Repository/TF_Customer_Create/4_Create_Objects_And_Save/4_Create_Consumption_Baseline_Source/Input_CBS_Name/input_CBS_Nm'

2018-12-14 15:35:36 - [TEST_STEP][PASSED] - delay(2): Delayed 2 second(s)

2018-12-14 15:35:38 - [MESSAGE][PASSED] - Delayed 2 second(s)

2018-12-14 15:35:38 - [TEST_STEP][PASSED] - click(findTestObject("TF_Customer_Create/3_Common_Action_Buttons/Click_Apply_Button/td_Apply")): Object: 'Object Repository/TF_Customer_Create/3_Common_Action_Buttons/Click_Apply_Button/td_Apply' is clicked on

2018-12-14 15:35:38 - [MESSAGE][PASSED] - Object: 'Object Repository/TF_Customer_Create/3_Common_Action_Buttons/Click_Apply_Button/td_Apply' is clicked on

2018-12-14 15:35:38 - [TEST_STEP][PASSED] - delay(2): Delayed 2 second(s)

2018-12-14 15:35:40 - [MESSAGE][PASSED] - Delayed 2 second(s)

2018-12-14 15:35:40 - [TEST_STEP][PASSED] - click(findTestObject("TF_Customer_Create/3_Common_Action_Buttons/Click_Save_Button/btn_Save")): Object: 'Object Repository/TF_Customer_Create/3_Common_Action_Buttons/Click_Save_Button/btn_Save' is clicked on

2018-12-14 15:35:41 - [MESSAGE][PASSED] - Object: 'Object Repository/TF_Customer_Create/3_Common_Action_Buttons/Click_Save_Button/btn_Save' is clicked on

2018-12-14 15:35:41 - [TEST_STEP][PASSED] - delay(2): Delayed 2 second(s)

2018-12-14 15:35:43 - [MESSAGE][PASSED] - Delayed 2 second(s)

2018-12-14 15:35:43 - [TEST_STEP][PASSED] - verifyElementText(findTestObject("TF_Customer_Create/3_Common_Action_Buttons/Verify_Success_Message/Success_Message"), "Record has been saved successfully.", CONTINUE_ON_FAILURE): Actual text and expected text of test object 'Object Repository/TF_Customer_Create/3_Common_Action_Buttons/Verify_Success_Message/Success_Message' are matched.

2018-12-14 15:35:44 - [MESSAGE][PASSED] - Actual text and expected text of test object 'Object Repository/TF_Customer_Create/3_Common_Action_Buttons/Verify_Success_Message/Success_Message' are matched.

2018-12-14 15:35:44 - [TEST_STEP][PASSED] - click(findTestObject("TF_Customer_Create/3_Common_Action_Buttons/Click_Data_Tab/span_Data_Tab")): Object: 'Object Repository/TF_Customer_Create/3_Common_Action_Buttons/Click_Data_Tab/span_Data_Tab' is clicked on

2018-12-14 15:35:44 - [MESSAGE][PASSED] - Object: 'Object Repository/TF_Customer_Create/3_Common_Action_Buttons/Click_Data_Tab/span_Data_Tab' is clicked on

2018-12-14 15:35:44 - [TEST_STEP][PASSED] - delay(1): Delayed 1 second(s)

2018-12-14 15:35:45 - [MESSAGE][PASSED] - Delayed 1 second(s)

2018-12-14 15:35:45 - [TEST_STEP][PASSED] - click(findTestObject("TF_Customer_Create/3_Common_Action_Buttons/Click_Close_Button/btn_Close")): Object: 'Object Repository/TF_Customer_Create/3_Common_Action_Buttons/Click_Close_Button/btn_Close' is clicked on

2018-12-14 15:35:45 - [MESSAGE][PASSED] - Object: 'Object Repository/TF_Customer_Create/3_Common_Action_Buttons/Click_Close_Button/btn_Close' is clicked on

2018-12-14 15:35:45 - [TEST_STEP][PASSED] - delay(1): Delayed 1 second(s)

2018-12-14 15:35:46 - [MESSAGE][PASSED] - Delayed 1 second(s)

2018-12-14 15:35:46 - [TEST_STEP][ERROR] - vrfy_CBS = com.oracledb.regressiontest.verifyCBS(ora_connt, ora_usr, ora_psswrd, ora_schema, input_CBS_Nm): vrfy_CBS = com.oracledb.regressiontest.verifyCBS(ora_connt, ora_usr, ora_psswrd, ora_schema, input_CBS_Nm) FAILED.
Reason:
org.codehaus.groovy.runtime.InvokerInvocationException: java.sql.SQLException: The url cannot be null
	at com.oracledb.regressiontest.invokeMethod(regressiontest.groovy)
	at com.kms.katalon.core.main.CustomKeywordDelegatingMetaClass.invokeStaticMethod(CustomKeywordDelegatingMetaClass.java:49)
	at TC_4_Create_Consumption_Baseline_Source.run(TC_4_Create_Consumption_Baseline_Source:62)
	at com.kms.katalon.core.main.ScriptEngine.run(ScriptEngine.java:194)
	at com.kms.katalon.core.main.ScriptEngine.runScriptAsRawText(ScriptEngine.java:119)
	at com.kms.katalon.core.main.TestCaseExecutor.runScript(TestCaseExecutor.java:321)
	at com.kms.katalon.core.main.TestCaseExecutor.doExecute(TestCaseExecutor.java:312)
	at com.kms.katalon.core.main.TestCaseExecutor.processExecutionPhase(TestCaseExecutor.java:291)
	at com.kms.katalon.core.main.TestCaseExecutor.accessMainPhase(TestCaseExecutor.java:283)
	at com.kms.katalon.core.main.TestCaseExecutor.execute(TestCaseExecutor.java:222)
	at com.kms.katalon.core.main.TestSuiteExecutor.accessTestCaseMainPhase(TestSuiteExecutor.java:129)
	at com.kms.katalon.core.main.TestSuiteExecutor.accessTestSuiteMainPhase(TestSuiteExecutor.java:112)
	at com.kms.katalon.core.main.TestSuiteExecutor.execute(TestSuiteExecutor.java:81)
	at com.kms.katalon.core.main.TestCaseMain.startTestSuite(TestCaseMain.java:149)
	at com.kms.katalon.core.main.TestCaseMain$startTestSuite$0.call(Unknown Source)
	at TempTestSuite1544783619637.run(TempTestSuite1544783619637.groovy:36)
Caused by: java.sql.SQLException: The url cannot be null
	at com.oracledb.regressiontest.verifyCBS(regressiontest.groovy:164)
	at com.oracledb.regressiontest.invokeMethod(regressiontest.groovy)
	at com.kms.katalon.core.main.CustomKeywordDelegatingMetaClass.invokeStaticMethod(CustomKeywordDelegatingMetaClass.java:49)
	at Script1542015701556.run(Script1542015701556.groovy:62)
	... 13 more


2018-12-14 15:35:46 - [MESSAGE][ERROR] - java.sql.SQLException: The url cannot be null

2018-12-14 15:35:46 - [MESSAGE][ERROR] - vrfy_CBS = com.oracledb.regressiontest.verifyCBS(ora_connt, ora_usr, ora_psswrd, ora_schema, input_CBS_Nm) FAILED.
Reason:
org.codehaus.groovy.runtime.InvokerInvocationException: java.sql.SQLException: The url cannot be null
	at com.oracledb.regressiontest.invokeMethod(regressiontest.groovy)
	at com.kms.katalon.core.main.CustomKeywordDelegatingMetaClass.invokeStaticMethod(CustomKeywordDelegatingMetaClass.java:49)
	at TC_4_Create_Consumption_Baseline_Source.run(TC_4_Create_Consumption_Baseline_Source:62)
	at com.kms.katalon.core.main.ScriptEngine.run(ScriptEngine.java:194)
	at com.kms.katalon.core.main.ScriptEngine.runScriptAsRawText(ScriptEngine.java:119)
	at com.kms.katalon.core.main.TestCaseExecutor.runScript(TestCaseExecutor.java:321)
	at com.kms.katalon.core.main.TestCaseExecutor.doExecute(TestCaseExecutor.java:312)
	at com.kms.katalon.core.main.TestCaseExecutor.processExecutionPhase(TestCaseExecutor.java:291)
	at com.kms.katalon.core.main.TestCaseExecutor.accessMainPhase(TestCaseExecutor.java:283)
	at com.kms.katalon.core.main.TestCaseExecutor.execute(TestCaseExecutor.java:222)
	at com.kms.katalon.core.main.TestSuiteExecutor.accessTestCaseMainPhase(TestSuiteExecutor.java:129)
	at com.kms.katalon.core.main.TestSuiteExecutor.accessTestSuiteMainPhase(TestSuiteExecutor.java:112)
	at com.kms.katalon.core.main.TestSuiteExecutor.execute(TestSuiteExecutor.java:81)
	at com.kms.katalon.core.main.TestCaseMain.startTestSuite(TestCaseMain.java:149)
	at com.kms.katalon.core.main.TestCaseMain$startTestSuite$0.call(Unknown Source)
	at TempTestSuite1544783619637.run(TempTestSuite1544783619637.groovy:36)
Caused by: java.sql.SQLException: The url cannot be null
	at com.oracledb.regressiontest.verifyCBS(regressiontest.groovy:164)
	at com.oracledb.regressiontest.invokeMethod(regressiontest.groovy)
	at com.kms.katalon.core.main.CustomKeywordDelegatingMetaClass.invokeStaticMethod(CustomKeywordDelegatingMetaClass.java:49)
	at Script1542015701556.run(Script1542015701556.groovy:62)
	... 13 more]]></system-out>
         <system-err><![CDATA[2018-12-14 15:35:31 - [TEST_CASE][ERROR] - Test Cases/Regression_TF_Customer/Create_Record/TC_4_Create_Consumption_Baseline_Source: Test Cases/Regression_TF_Customer/Create_Record/TC_4_Create_Consumption_Baseline_Source FAILED.
Reason:
org.codehaus.groovy.runtime.InvokerInvocationException: java.sql.SQLException: The url cannot be null
	at com.oracledb.regressiontest.invokeMethod(regressiontest.groovy)
	at com.kms.katalon.core.main.CustomKeywordDelegatingMetaClass.invokeStaticMethod(CustomKeywordDelegatingMetaClass.java:49)
	at TC_4_Create_Consumption_Baseline_Source.run(TC_4_Create_Consumption_Baseline_Source:62)
	at com.kms.katalon.core.main.ScriptEngine.run(ScriptEngine.java:194)
	at com.kms.katalon.core.main.ScriptEngine.runScriptAsRawText(ScriptEngine.java:119)
	at com.kms.katalon.core.main.TestCaseExecutor.runScript(TestCaseExecutor.java:321)
	at com.kms.katalon.core.main.TestCaseExecutor.doExecute(TestCaseExecutor.java:312)
	at com.kms.katalon.core.main.TestCaseExecutor.processExecutionPhase(TestCaseExecutor.java:291)
	at com.kms.katalon.core.main.TestCaseExecutor.accessMainPhase(TestCaseExecutor.java:283)
	at com.kms.katalon.core.main.TestCaseExecutor.execute(TestCaseExecutor.java:222)
	at com.kms.katalon.core.main.TestSuiteExecutor.accessTestCaseMainPhase(TestSuiteExecutor.java:129)
	at com.kms.katalon.core.main.TestSuiteExecutor.accessTestSuiteMainPhase(TestSuiteExecutor.java:112)
	at com.kms.katalon.core.main.TestSuiteExecutor.execute(TestSuiteExecutor.java:81)
	at com.kms.katalon.core.main.TestCaseMain.startTestSuite(TestCaseMain.java:149)
	at com.kms.katalon.core.main.TestCaseMain$startTestSuite$0.call(Unknown Source)
	at TempTestSuite1544783619637.run(TempTestSuite1544783619637.groovy:36)
Caused by: java.sql.SQLException: The url cannot be null
	at com.oracledb.regressiontest.verifyCBS(regressiontest.groovy:164)
	at com.oracledb.regressiontest.invokeMethod(regressiontest.groovy)
	at com.kms.katalon.core.main.CustomKeywordDelegatingMetaClass.invokeStaticMethod(CustomKeywordDelegatingMetaClass.java:49)
	at Script1542015701556.run(Script1542015701556.groovy:62)
	... 13 more]]></system-err>
      </testcase>
      <testcase name="Test Cases/Regression_TF_Customer/Create_Record/TC_5_Create_Corporate_Customer" classname="Test Cases/Regression_TF_Customer/Create_Record/TC_5_Create_Corporate_Customer" status="FAILED">
         <failure type="FAILED" message="Test Cases/Regression_TF_Customer/Create_Record/TC_5_Create_Corporate_Customer FAILED.
Reason:
com.kms.katalon.core.exception.StepFailedException: Unable to click on object 'Object Repository/TF_Customer_Create/2_Select_Menu_Options(All)/5_Menu_Corporate Customer' (Root cause: com.kms.katalon.core.webui.exception.WebElementNotFoundException: Web element with id: 'Object Repository/TF_Customer_Create/2_Select_Menu_Options(All)/5_Menu_Corporate Customer' located by 'By.xpath: //td[(text() = 'Corporate Customer' or . = 'Corporate Customer')]' not found)
	at com.kms.katalon.core.keyword.internal.KeywordMain.stepFailed(KeywordMain.groovy:36)
	at com.kms.katalon.core.webui.keyword.internal.WebUIKeywordMain.stepFailed(WebUIKeywordMain.groovy:65)
	at com.kms.katalon.core.webui.keyword.internal.WebUIKeywordMain.runKeyword(WebUIKeywordMain.groovy:27)
	at com.kms.katalon.core.webui.keyword.builtin.ClickKeyword.click(ClickKeyword.groovy:86)
	at com.kms.katalon.core.webui.keyword.builtin.ClickKeyword.execute(ClickKeyword.groovy:67)
	at com.kms.katalon.core.keyword.internal.KeywordExecutor.executeKeywordForPlatform(KeywordExecutor.groovy:53)
	at com.kms.katalon.core.webui.keyword.WebUiBuiltInKeywords.click(WebUiBuiltInKeywords.groovy:616)
	at com.kms.katalon.core.webui.keyword.WebUiBuiltInKeywords$click$4.call(Unknown Source)
	at TC_5_Create_Corporate_Customer.run(TC_5_Create_Corporate_Customer:32)
	at com.kms.katalon.core.main.ScriptEngine.run(ScriptEngine.java:194)
	at com.kms.katalon.core.main.ScriptEngine.runScriptAsRawText(ScriptEngine.java:119)
	at com.kms.katalon.core.main.TestCaseExecutor.runScript(TestCaseExecutor.java:321)
	at com.kms.katalon.core.main.TestCaseExecutor.doExecute(TestCaseExecutor.java:312)
	at com.kms.katalon.core.main.TestCaseExecutor.processExecutionPhase(TestCaseExecutor.java:291)
	at com.kms.katalon.core.main.TestCaseExecutor.accessMainPhase(TestCaseExecutor.java:283)
	at com.kms.katalon.core.main.TestCaseExecutor.execute(TestCaseExecutor.java:222)
	at com.kms.katalon.core.main.TestSuiteExecutor.accessTestCaseMainPhase(TestSuiteExecutor.java:129)
	at com.kms.katalon.core.main.TestSuiteExecutor.accessTestSuiteMainPhase(TestSuiteExecutor.java:112)
	at com.kms.katalon.core.main.TestSuiteExecutor.execute(TestSuiteExecutor.java:81)
	at com.kms.katalon.core.main.TestCaseMain.startTestSuite(TestCaseMain.java:149)
	at com.kms.katalon.core.main.TestCaseMain$startTestSuite$0.call(Unknown Source)
	at TempTestSuite1544783619637.run(TempTestSuite1544783619637.groovy:36)
"/>
         <system-out><![CDATA[2018-12-14 15:35:46 - [TEST_CASE][FAILED] - Test Cases/Regression_TF_Customer/Create_Record/TC_5_Create_Corporate_Customer: Test Cases/Regression_TF_Customer/Create_Record/TC_5_Create_Corporate_Customer FAILED.
Reason:
com.kms.katalon.core.exception.StepFailedException: Unable to click on object 'Object Repository/TF_Customer_Create/2_Select_Menu_Options(All)/5_Menu_Corporate Customer' (Root cause: com.kms.katalon.core.webui.exception.WebElementNotFoundException: Web element with id: 'Object Repository/TF_Customer_Create/2_Select_Menu_Options(All)/5_Menu_Corporate Customer' located by 'By.xpath: //td[(text() = 'Corporate Customer' or . = 'Corporate Customer')]' not found)
	at com.kms.katalon.core.keyword.internal.KeywordMain.stepFailed(KeywordMain.groovy:36)
	at com.kms.katalon.core.webui.keyword.internal.WebUIKeywordMain.stepFailed(WebUIKeywordMain.groovy:65)
	at com.kms.katalon.core.webui.keyword.internal.WebUIKeywordMain.runKeyword(WebUIKeywordMain.groovy:27)
	at com.kms.katalon.core.webui.keyword.builtin.ClickKeyword.click(ClickKeyword.groovy:86)
	at com.kms.katalon.core.webui.keyword.builtin.ClickKeyword.execute(ClickKeyword.groovy:67)
	at com.kms.katalon.core.keyword.internal.KeywordExecutor.executeKeywordForPlatform(KeywordExecutor.groovy:53)
	at com.kms.katalon.core.webui.keyword.WebUiBuiltInKeywords.click(WebUiBuiltInKeywords.groovy:616)
	at com.kms.katalon.core.webui.keyword.WebUiBuiltInKeywords$click$4.call(Unknown Source)
	at TC_5_Create_Corporate_Customer.run(TC_5_Create_Corporate_Customer:32)
	at com.kms.katalon.core.main.ScriptEngine.run(ScriptEngine.java:194)
	at com.kms.katalon.core.main.ScriptEngine.runScriptAsRawText(ScriptEngine.java:119)
	at com.kms.katalon.core.main.TestCaseExecutor.runScript(TestCaseExecutor.java:321)
	at com.kms.katalon.core.main.TestCaseExecutor.doExecute(TestCaseExecutor.java:312)
	at com.kms.katalon.core.main.TestCaseExecutor.processExecutionPhase(TestCaseExecutor.java:291)
	at com.kms.katalon.core.main.TestCaseExecutor.accessMainPhase(TestCaseExecutor.java:283)
	at com.kms.katalon.core.main.TestCaseExecutor.execute(TestCaseExecutor.java:222)
	at com.kms.katalon.core.main.TestSuiteExecutor.accessTestCaseMainPhase(TestSuiteExecutor.java:129)
	at com.kms.katalon.core.main.TestSuiteExecutor.accessTestSuiteMainPhase(TestSuiteExecutor.java:112)
	at com.kms.katalon.core.main.TestSuiteExecutor.execute(TestSuiteExecutor.java:81)
	at com.kms.katalon.core.main.TestCaseMain.startTestSuite(TestCaseMain.java:149)
	at com.kms.katalon.core.main.TestCaseMain$startTestSuite$0.call(Unknown Source)
	at TempTestSuite1544783619637.run(TempTestSuite1544783619637.groovy:36)


2018-12-14 15:35:47 - [TEST_STEP][PASSED] - waitForPageLoad(G_Timeout): Wait for page load successfully

2018-12-14 15:35:47 - [MESSAGE][PASSED] - Wait for page load successfully

2018-12-14 15:35:47 - [TEST_STEP][PASSED] - mouseOver(findTestObject("TF_Customer_Create/1_Menu_Navigation_To_Open_All_Pages/0_Menu_Create_In_Data_View")): Object: 'Object Repository/TF_Customer_Create/1_Menu_Navigation_To_Open_All_Pages/0_Menu_Create_In_Data_View' is hovered

2018-12-14 15:35:47 - [MESSAGE][PASSED] - Object: 'Object Repository/TF_Customer_Create/1_Menu_Navigation_To_Open_All_Pages/0_Menu_Create_In_Data_View' is hovered

2018-12-14 15:35:47 - [TEST_STEP][PASSED] - waitForPageLoad(G_Timeout): Wait for page load successfully

2018-12-14 15:35:47 - [MESSAGE][PASSED] - Wait for page load successfully

2018-12-14 15:35:47 - [TEST_STEP][PASSED] - mouseOver(findTestObject("TF_Customer_Create/1_Menu_Navigation_To_Open_All_Pages/1_Menu_Create_Master_Data")): Object: 'Object Repository/TF_Customer_Create/1_Menu_Navigation_To_Open_All_Pages/1_Menu_Create_Master_Data' is hovered

2018-12-14 15:35:47 - [MESSAGE][PASSED] - Object: 'Object Repository/TF_Customer_Create/1_Menu_Navigation_To_Open_All_Pages/1_Menu_Create_Master_Data' is hovered

2018-12-14 15:35:47 - [TEST_STEP][PASSED] - waitForPageLoad(G_Timeout): Wait for page load successfully

2018-12-14 15:35:47 - [MESSAGE][PASSED] - Wait for page load successfully

2018-12-14 15:35:47 - [TEST_STEP][FAILED] - click(findTestObject("TF_Customer_Create/2_Select_Menu_Options(All)/5_Menu_Corporate Customer")): click(findTestObject("TF_Customer_Create/2_Select_Menu_Options(All)/5_Menu_Corporate Customer")) FAILED.
Reason:
com.kms.katalon.core.exception.StepFailedException: Unable to click on object 'Object Repository/TF_Customer_Create/2_Select_Menu_Options(All)/5_Menu_Corporate Customer' (Root cause: com.kms.katalon.core.webui.exception.WebElementNotFoundException: Web element with id: 'Object Repository/TF_Customer_Create/2_Select_Menu_Options(All)/5_Menu_Corporate Customer' located by 'By.xpath: //td[(text() = 'Corporate Customer' or . = 'Corporate Customer')]' not found)
	at com.kms.katalon.core.keyword.internal.KeywordMain.stepFailed(KeywordMain.groovy:36)
	at com.kms.katalon.core.webui.keyword.internal.WebUIKeywordMain.stepFailed(WebUIKeywordMain.groovy:65)
	at com.kms.katalon.core.webui.keyword.internal.WebUIKeywordMain.runKeyword(WebUIKeywordMain.groovy:27)
	at com.kms.katalon.core.webui.keyword.builtin.ClickKeyword.click(ClickKeyword.groovy:86)
	at com.kms.katalon.core.webui.keyword.builtin.ClickKeyword.execute(ClickKeyword.groovy:67)
	at com.kms.katalon.core.keyword.internal.KeywordExecutor.executeKeywordForPlatform(KeywordExecutor.groovy:53)
	at com.kms.katalon.core.webui.keyword.WebUiBuiltInKeywords.click(WebUiBuiltInKeywords.groovy:616)
	at com.kms.katalon.core.webui.keyword.WebUiBuiltInKeywords$click$4.call(Unknown Source)
	at TC_5_Create_Corporate_Customer.run(TC_5_Create_Corporate_Customer:32)
	at com.kms.katalon.core.main.ScriptEngine.run(ScriptEngine.java:194)
	at com.kms.katalon.core.main.ScriptEngine.runScriptAsRawText(ScriptEngine.java:119)
	at com.kms.katalon.core.main.TestCaseExecutor.runScript(TestCaseExecutor.java:321)
	at com.kms.katalon.core.main.TestCaseExecutor.doExecute(TestCaseExecutor.java:312)
	at com.kms.katalon.core.main.TestCaseExecutor.processExecutionPhase(TestCaseExecutor.java:291)
	at com.kms.katalon.core.main.TestCaseExecutor.accessMainPhase(TestCaseExecutor.java:283)
	at com.kms.katalon.core.main.TestCaseExecutor.execute(TestCaseExecutor.java:222)
	at com.kms.katalon.core.main.TestSuiteExecutor.accessTestCaseMainPhase(TestSuiteExecutor.java:129)
	at com.kms.katalon.core.main.TestSuiteExecutor.accessTestSuiteMainPhase(TestSuiteExecutor.java:112)
	at com.kms.katalon.core.main.TestSuiteExecutor.execute(TestSuiteExecutor.java:81)
	at com.kms.katalon.core.main.TestCaseMain.startTestSuite(TestCaseMain.java:149)
	at com.kms.katalon.core.main.TestCaseMain$startTestSuite$0.call(Unknown Source)
	at TempTestSuite1544783619637.run(TempTestSuite1544783619637.groovy:36)


2018-12-14 15:36:18 - [MESSAGE][INFO] - Unable to find the element located by 'By.xpath: //td[(text() = 'Corporate Customer' or . = 'Corporate Customer')]'. Please recheck the objects properties to make sure the desired element is located. 

2018-12-14 15:36:18 - [MESSAGE][FAILED] - Unable to click on object 'Object Repository/TF_Customer_Create/2_Select_Menu_Options(All)/5_Menu_Corporate Customer' (Root cause: com.kms.katalon.core.webui.exception.WebElementNotFoundException: Web element with id: 'Object Repository/TF_Customer_Create/2_Select_Menu_Options(All)/5_Menu_Corporate Customer' located by 'By.xpath: //td[(text() = 'Corporate Customer' or . = 'Corporate Customer')]' not found)
[[ATTACHMENT|D:\\Katalon\\Projects\\Trade_Funds\\TF_Regression\\Reports\\1_Regression_Test\\20181214_153339\\1544783778509.png]]

2018-12-14 15:36:18 - [MESSAGE][FAILED] - click(findTestObject("TF_Customer_Create/2_Select_Menu_Options(All)/5_Menu_Corporate Customer")) FAILED.
Reason:
com.kms.katalon.core.exception.StepFailedException: Unable to click on object 'Object Repository/TF_Customer_Create/2_Select_Menu_Options(All)/5_Menu_Corporate Customer' (Root cause: com.kms.katalon.core.webui.exception.WebElementNotFoundException: Web element with id: 'Object Repository/TF_Customer_Create/2_Select_Menu_Options(All)/5_Menu_Corporate Customer' located by 'By.xpath: //td[(text() = 'Corporate Customer' or . = 'Corporate Customer')]' not found)
	at com.kms.katalon.core.keyword.internal.KeywordMain.stepFailed(KeywordMain.groovy:36)
	at com.kms.katalon.core.webui.keyword.internal.WebUIKeywordMain.stepFailed(WebUIKeywordMain.groovy:65)
	at com.kms.katalon.core.webui.keyword.internal.WebUIKeywordMain.runKeyword(WebUIKeywordMain.groovy:27)
	at com.kms.katalon.core.webui.keyword.builtin.ClickKeyword.click(ClickKeyword.groovy:86)
	at com.kms.katalon.core.webui.keyword.builtin.ClickKeyword.execute(ClickKeyword.groovy:67)
	at com.kms.katalon.core.keyword.internal.KeywordExecutor.executeKeywordForPlatform(KeywordExecutor.groovy:53)
	at com.kms.katalon.core.webui.keyword.WebUiBuiltInKeywords.click(WebUiBuiltInKeywords.groovy:616)
	at com.kms.katalon.core.webui.keyword.WebUiBuiltInKeywords$click$4.call(Unknown Source)
	at TC_5_Create_Corporate_Customer.run(TC_5_Create_Corporate_Customer:32)
	at com.kms.katalon.core.main.ScriptEngine.run(ScriptEngine.java:194)
	at com.kms.katalon.core.main.ScriptEngine.runScriptAsRawText(ScriptEngine.java:119)
	at com.kms.katalon.core.main.TestCaseExecutor.runScript(TestCaseExecutor.java:321)
	at com.kms.katalon.core.main.TestCaseExecutor.doExecute(TestCaseExecutor.java:312)
	at com.kms.katalon.core.main.TestCaseExecutor.processExecutionPhase(TestCaseExecutor.java:291)
	at com.kms.katalon.core.main.TestCaseExecutor.accessMainPhase(TestCaseExecutor.java:283)
	at com.kms.katalon.core.main.TestCaseExecutor.execute(TestCaseExecutor.java:222)
	at com.kms.katalon.core.main.TestSuiteExecutor.accessTestCaseMainPhase(TestSuiteExecutor.java:129)
	at com.kms.katalon.core.main.TestSuiteExecutor.accessTestSuiteMainPhase(TestSuiteExecutor.java:112)
	at com.kms.katalon.core.main.TestSuiteExecutor.execute(TestSuiteExecutor.java:81)
	at com.kms.katalon.core.main.TestCaseMain.startTestSuite(TestCaseMain.java:149)
	at com.kms.katalon.core.main.TestCaseMain$startTestSuite$0.call(Unknown Source)
	at TempTestSuite1544783619637.run(TempTestSuite1544783619637.groovy:36)]]></system-out>
         <system-err><![CDATA[2018-12-14 15:35:46 - [TEST_CASE][FAILED] - Test Cases/Regression_TF_Customer/Create_Record/TC_5_Create_Corporate_Customer: Test Cases/Regression_TF_Customer/Create_Record/TC_5_Create_Corporate_Customer FAILED.
Reason:
com.kms.katalon.core.exception.StepFailedException: Unable to click on object 'Object Repository/TF_Customer_Create/2_Select_Menu_Options(All)/5_Menu_Corporate Customer' (Root cause: com.kms.katalon.core.webui.exception.WebElementNotFoundException: Web element with id: 'Object Repository/TF_Customer_Create/2_Select_Menu_Options(All)/5_Menu_Corporate Customer' located by 'By.xpath: //td[(text() = 'Corporate Customer' or . = 'Corporate Customer')]' not found)
	at com.kms.katalon.core.keyword.internal.KeywordMain.stepFailed(KeywordMain.groovy:36)
	at com.kms.katalon.core.webui.keyword.internal.WebUIKeywordMain.stepFailed(WebUIKeywordMain.groovy:65)
	at com.kms.katalon.core.webui.keyword.internal.WebUIKeywordMain.runKeyword(WebUIKeywordMain.groovy:27)
	at com.kms.katalon.core.webui.keyword.builtin.ClickKeyword.click(ClickKeyword.groovy:86)
	at com.kms.katalon.core.webui.keyword.builtin.ClickKeyword.execute(ClickKeyword.groovy:67)
	at com.kms.katalon.core.keyword.internal.KeywordExecutor.executeKeywordForPlatform(KeywordExecutor.groovy:53)
	at com.kms.katalon.core.webui.keyword.WebUiBuiltInKeywords.click(WebUiBuiltInKeywords.groovy:616)
	at com.kms.katalon.core.webui.keyword.WebUiBuiltInKeywords$click$4.call(Unknown Source)
	at TC_5_Create_Corporate_Customer.run(TC_5_Create_Corporate_Customer:32)
	at com.kms.katalon.core.main.ScriptEngine.run(ScriptEngine.java:194)
	at com.kms.katalon.core.main.ScriptEngine.runScriptAsRawText(ScriptEngine.java:119)
	at com.kms.katalon.core.main.TestCaseExecutor.runScript(TestCaseExecutor.java:321)
	at com.kms.katalon.core.main.TestCaseExecutor.doExecute(TestCaseExecutor.java:312)
	at com.kms.katalon.core.main.TestCaseExecutor.processExecutionPhase(TestCaseExecutor.java:291)
	at com.kms.katalon.core.main.TestCaseExecutor.accessMainPhase(TestCaseExecutor.java:283)
	at com.kms.katalon.core.main.TestCaseExecutor.execute(TestCaseExecutor.java:222)
	at com.kms.katalon.core.main.TestSuiteExecutor.accessTestCaseMainPhase(TestSuiteExecutor.java:129)
	at com.kms.katalon.core.main.TestSuiteExecutor.accessTestSuiteMainPhase(TestSuiteExecutor.java:112)
	at com.kms.katalon.core.main.TestSuiteExecutor.execute(TestSuiteExecutor.java:81)
	at com.kms.katalon.core.main.TestCaseMain.startTestSuite(TestCaseMain.java:149)
	at com.kms.katalon.core.main.TestCaseMain$startTestSuite$0.call(Unknown Source)
	at TempTestSuite1544783619637.run(TempTestSuite1544783619637.groovy:36)]]></system-err>
      </testcase>
      <testcase name="Test Cases/Regression_TF_Customer/Create_Record/TC_6_Create_SHL1_SBU" classname="Test Cases/Regression_TF_Customer/Create_Record/TC_6_Create_SHL1_SBU" status="ERROR">
         <error type="ERROR" message="Test Cases/Regression_TF_Customer/Create_Record/TC_6_Create_SHL1_SBU FAILED.
Reason:
org.codehaus.groovy.runtime.InvokerInvocationException: java.sql.SQLException: The url cannot be null
	at com.oracledb.regressiontest.invokeMethod(regressiontest.groovy)
	at com.kms.katalon.core.main.CustomKeywordDelegatingMetaClass.invokeStaticMethod(CustomKeywordDelegatingMetaClass.java:49)
	at TC_6_Create_SHL1_SBU.run(TC_6_Create_SHL1_SBU:84)
	at com.kms.katalon.core.main.ScriptEngine.run(ScriptEngine.java:194)
	at com.kms.katalon.core.main.ScriptEngine.runScriptAsRawText(ScriptEngine.java:119)
	at com.kms.katalon.core.main.TestCaseExecutor.runScript(TestCaseExecutor.java:321)
	at com.kms.katalon.core.main.TestCaseExecutor.doExecute(TestCaseExecutor.java:312)
	at com.kms.katalon.core.main.TestCaseExecutor.processExecutionPhase(TestCaseExecutor.java:291)
	at com.kms.katalon.core.main.TestCaseExecutor.accessMainPhase(TestCaseExecutor.java:283)
	at com.kms.katalon.core.main.TestCaseExecutor.execute(TestCaseExecutor.java:222)
	at com.kms.katalon.core.main.TestSuiteExecutor.accessTestCaseMainPhase(TestSuiteExecutor.java:129)
	at com.kms.katalon.core.main.TestSuiteExecutor.accessTestSuiteMainPhase(TestSuiteExecutor.java:112)
	at com.kms.katalon.core.main.TestSuiteExecutor.execute(TestSuiteExecutor.java:81)
	at com.kms.katalon.core.main.TestCaseMain.startTestSuite(TestCaseMain.java:149)
	at com.kms.katalon.core.main.TestCaseMain$startTestSuite$0.call(Unknown Source)
	at TempTestSuite1544783619637.run(TempTestSuite1544783619637.groovy:36)
Caused by: java.sql.SQLException: The url cannot be null
	at com.oracledb.regressiontest.verifySBU(regressiontest.groovy:184)
	at com.oracledb.regressiontest.invokeMethod(regressiontest.groovy)
	at com.kms.katalon.core.main.CustomKeywordDelegatingMetaClass.invokeStaticMethod(CustomKeywordDelegatingMetaClass.java:49)
	at Script1542017063277.run(Script1542017063277.groovy:84)
	... 13 more
"/>
         <system-out><![CDATA[2018-12-14 15:36:18 - [TEST_CASE][ERROR] - Test Cases/Regression_TF_Customer/Create_Record/TC_6_Create_SHL1_SBU: Test Cases/Regression_TF_Customer/Create_Record/TC_6_Create_SHL1_SBU FAILED.
Reason:
org.codehaus.groovy.runtime.InvokerInvocationException: java.sql.SQLException: The url cannot be null
	at com.oracledb.regressiontest.invokeMethod(regressiontest.groovy)
	at com.kms.katalon.core.main.CustomKeywordDelegatingMetaClass.invokeStaticMethod(CustomKeywordDelegatingMetaClass.java:49)
	at TC_6_Create_SHL1_SBU.run(TC_6_Create_SHL1_SBU:84)
	at com.kms.katalon.core.main.ScriptEngine.run(ScriptEngine.java:194)
	at com.kms.katalon.core.main.ScriptEngine.runScriptAsRawText(ScriptEngine.java:119)
	at com.kms.katalon.core.main.TestCaseExecutor.runScript(TestCaseExecutor.java:321)
	at com.kms.katalon.core.main.TestCaseExecutor.doExecute(TestCaseExecutor.java:312)
	at com.kms.katalon.core.main.TestCaseExecutor.processExecutionPhase(TestCaseExecutor.java:291)
	at com.kms.katalon.core.main.TestCaseExecutor.accessMainPhase(TestCaseExecutor.java:283)
	at com.kms.katalon.core.main.TestCaseExecutor.execute(TestCaseExecutor.java:222)
	at com.kms.katalon.core.main.TestSuiteExecutor.accessTestCaseMainPhase(TestSuiteExecutor.java:129)
	at com.kms.katalon.core.main.TestSuiteExecutor.accessTestSuiteMainPhase(TestSuiteExecutor.java:112)
	at com.kms.katalon.core.main.TestSuiteExecutor.execute(TestSuiteExecutor.java:81)
	at com.kms.katalon.core.main.TestCaseMain.startTestSuite(TestCaseMain.java:149)
	at com.kms.katalon.core.main.TestCaseMain$startTestSuite$0.call(Unknown Source)
	at TempTestSuite1544783619637.run(TempTestSuite1544783619637.groovy:36)
Caused by: java.sql.SQLException: The url cannot be null
	at com.oracledb.regressiontest.verifySBU(regressiontest.groovy:184)
	at com.oracledb.regressiontest.invokeMethod(regressiontest.groovy)
	at com.kms.katalon.core.main.CustomKeywordDelegatingMetaClass.invokeStaticMethod(CustomKeywordDelegatingMetaClass.java:49)
	at Script1542017063277.run(Script1542017063277.groovy:84)
	... 13 more


2018-12-14 15:36:18 - [TEST_STEP][PASSED] - waitForPageLoad(G_Timeout): Wait for page load successfully

2018-12-14 15:36:18 - [MESSAGE][PASSED] - Wait for page load successfully

2018-12-14 15:36:18 - [TEST_STEP][PASSED] - mouseOver(findTestObject("TF_Customer_Create/1_Menu_Navigation_To_Open_All_Pages/0_Menu_Create_In_Data_View")): Object: 'Object Repository/TF_Customer_Create/1_Menu_Navigation_To_Open_All_Pages/0_Menu_Create_In_Data_View' is hovered

2018-12-14 15:36:19 - [MESSAGE][PASSED] - Object: 'Object Repository/TF_Customer_Create/1_Menu_Navigation_To_Open_All_Pages/0_Menu_Create_In_Data_View' is hovered

2018-12-14 15:36:19 - [TEST_STEP][PASSED] - waitForPageLoad(G_Timeout): Wait for page load successfully

2018-12-14 15:36:19 - [MESSAGE][PASSED] - Wait for page load successfully

2018-12-14 15:36:19 - [TEST_STEP][PASSED] - mouseOver(findTestObject("TF_Customer_Create/1_Menu_Navigation_To_Open_All_Pages/1_Menu_Create_Master_Data")): Object: 'Object Repository/TF_Customer_Create/1_Menu_Navigation_To_Open_All_Pages/1_Menu_Create_Master_Data' is hovered

2018-12-14 15:36:19 - [MESSAGE][PASSED] - Object: 'Object Repository/TF_Customer_Create/1_Menu_Navigation_To_Open_All_Pages/1_Menu_Create_Master_Data' is hovered

2018-12-14 15:36:19 - [TEST_STEP][PASSED] - waitForPageLoad(G_Timeout): Wait for page load successfully

2018-12-14 15:36:19 - [MESSAGE][PASSED] - Wait for page load successfully

2018-12-14 15:36:19 - [TEST_STEP][PASSED] - mouseOver(findTestObject("TF_Customer_Create/1_Menu_Navigation_To_Open_All_Pages/2_Sales_Hierarchy_Level_Hoverover")): Object: 'Object Repository/TF_Customer_Create/1_Menu_Navigation_To_Open_All_Pages/2_Sales_Hierarchy_Level_Hoverover' is hovered

2018-12-14 15:36:19 - [MESSAGE][PASSED] - Object: 'Object Repository/TF_Customer_Create/1_Menu_Navigation_To_Open_All_Pages/2_Sales_Hierarchy_Level_Hoverover' is hovered

2018-12-14 15:36:19 - [TEST_STEP][PASSED] - waitForPageLoad(G_Timeout): Wait for page load successfully

2018-12-14 15:36:19 - [MESSAGE][PASSED] - Wait for page load successfully

2018-12-14 15:36:19 - [TEST_STEP][PASSED] - click(findTestObject("TF_Customer_Create/2_Select_Menu_Options(All)/Sales_Hierarchy_Level/1_Menu_SBU (Sales Business Unit)")): Object: 'Object Repository/TF_Customer_Create/2_Select_Menu_Options(All)/Sales_Hierarchy_Level/1_Menu_SBU (Sales Business Unit)' is clicked on

2018-12-14 15:36:19 - [MESSAGE][PASSED] - Object: 'Object Repository/TF_Customer_Create/2_Select_Menu_Options(All)/Sales_Hierarchy_Level/1_Menu_SBU (Sales Business Unit)' is clicked on

2018-12-14 15:36:19 - [TEST_STEP][PASSED] - waitForPageLoad(G_Timeout): Wait for page load successfully

2018-12-14 15:36:19 - [MESSAGE][PASSED] - Wait for page load successfully

2018-12-14 15:36:19 - [TEST_STEP][PASSED] - delay(3): Delayed 3 second(s)

2018-12-14 15:36:22 - [MESSAGE][PASSED] - Delayed 3 second(s)

2018-12-14 15:36:22 - [TEST_STEP][PASSED] - setText(findTestObject("TF_Customer_Create/4_Create_Objects_And_Save/6_Create_SHL1_SBU/Input_SBU_Name/input_SBU_Nm"), input_SBU_Name): Text 'TEST_SBU_020' is set on object 'Object Repository/TF_Customer_Create/4_Create_Objects_And_Save/6_Create_SHL1_SBU/Input_SBU_Name/input_SBU_Nm'

2018-12-14 15:36:22 - [MESSAGE][PASSED] - Text 'TEST_SBU_020' is set on object 'Object Repository/TF_Customer_Create/4_Create_Objects_And_Save/6_Create_SHL1_SBU/Input_SBU_Name/input_SBU_Nm'

2018-12-14 15:36:22 - [TEST_STEP][PASSED] - delay(2): Delayed 2 second(s)

2018-12-14 15:36:24 - [MESSAGE][PASSED] - Delayed 2 second(s)

2018-12-14 15:36:24 - [TEST_STEP][PASSED] - sendKeys(findTestObject("TF_Customer_Create/4_Create_Objects_And_Save/6_Create_SHL1_SBU/Input_SBU_Name/input_SBU_Nm"), Keys.chord(TAB)): Keys 'TAB + ' sent to object: 'Object Repository/TF_Customer_Create/4_Create_Objects_And_Save/6_Create_SHL1_SBU/Input_SBU_Name/input_SBU_Nm'

2018-12-14 15:36:25 - [MESSAGE][PASSED] - Keys 'TAB + ' sent to object: 'Object Repository/TF_Customer_Create/4_Create_Objects_And_Save/6_Create_SHL1_SBU/Input_SBU_Name/input_SBU_Nm'

2018-12-14 15:36:25 - [TEST_STEP][PASSED] - click(findTestObject("TF_Customer_Create/3_Common_Action_Buttons/Click_Data_Tab/span_Data_Tab")): Object: 'Object Repository/TF_Customer_Create/3_Common_Action_Buttons/Click_Data_Tab/span_Data_Tab' is clicked on

2018-12-14 15:36:25 - [MESSAGE][PASSED] - Object: 'Object Repository/TF_Customer_Create/3_Common_Action_Buttons/Click_Data_Tab/span_Data_Tab' is clicked on

2018-12-14 15:36:25 - [TEST_STEP][PASSED] - click(findTestObject("TF_Customer_Create/4_Create_Objects_And_Save/Choose_Sales_Org/Click_Sales_Org_DD"), STOP_ON_FAILURE): Object: 'Object Repository/TF_Customer_Create/4_Create_Objects_And_Save/Choose_Sales_Org/Click_Sales_Org_DD' is clicked on

2018-12-14 15:36:25 - [MESSAGE][PASSED] - Object: 'Object Repository/TF_Customer_Create/4_Create_Objects_And_Save/Choose_Sales_Org/Click_Sales_Org_DD' is clicked on

2018-12-14 15:36:25 - [TEST_STEP][PASSED] - click(findTestObject("TF_Customer_Create/4_Create_Objects_And_Save/Choose_Sales_Org/CA_Object")): Object: 'Object Repository/TF_Customer_Create/4_Create_Objects_And_Save/Choose_Sales_Org/CA_Object' is clicked on

2018-12-14 15:36:25 - [MESSAGE][PASSED] - Object: 'Object Repository/TF_Customer_Create/4_Create_Objects_And_Save/Choose_Sales_Org/CA_Object' is clicked on

2018-12-14 15:36:25 - [TEST_STEP][PASSED] - delay(2): Delayed 2 second(s)

2018-12-14 15:36:27 - [MESSAGE][PASSED] - Delayed 2 second(s)

2018-12-14 15:36:27 - [TEST_STEP][PASSED] - click(findTestObject("TF_Customer_Create/3_Common_Action_Buttons/Click_Apply_Button/td_Apply")): Object: 'Object Repository/TF_Customer_Create/3_Common_Action_Buttons/Click_Apply_Button/td_Apply' is clicked on

2018-12-14 15:36:27 - [MESSAGE][PASSED] - Object: 'Object Repository/TF_Customer_Create/3_Common_Action_Buttons/Click_Apply_Button/td_Apply' is clicked on

2018-12-14 15:36:27 - [TEST_STEP][PASSED] - delay(2): Delayed 2 second(s)

2018-12-14 15:36:29 - [MESSAGE][PASSED] - Delayed 2 second(s)

2018-12-14 15:36:29 - [TEST_STEP][PASSED] - click(findTestObject("TF_Customer_Create/3_Common_Action_Buttons/Click_Save_Button/btn_Save")): Object: 'Object Repository/TF_Customer_Create/3_Common_Action_Buttons/Click_Save_Button/btn_Save' is clicked on

2018-12-14 15:36:29 - [MESSAGE][PASSED] - Object: 'Object Repository/TF_Customer_Create/3_Common_Action_Buttons/Click_Save_Button/btn_Save' is clicked on

2018-12-14 15:36:29 - [TEST_STEP][PASSED] - delay(2): Delayed 2 second(s)

2018-12-14 15:36:31 - [MESSAGE][PASSED] - Delayed 2 second(s)

2018-12-14 15:36:31 - [TEST_STEP][PASSED] - verifyElementText(findTestObject("TF_Customer_Create/3_Common_Action_Buttons/Verify_Success_Message/Success_Message"), "Record has been saved successfully.", CONTINUE_ON_FAILURE): Actual text and expected text of test object 'Object Repository/TF_Customer_Create/3_Common_Action_Buttons/Verify_Success_Message/Success_Message' are matched.

2018-12-14 15:36:32 - [MESSAGE][PASSED] - Actual text and expected text of test object 'Object Repository/TF_Customer_Create/3_Common_Action_Buttons/Verify_Success_Message/Success_Message' are matched.

2018-12-14 15:36:32 - [TEST_STEP][PASSED] - click(findTestObject("TF_Customer_Create/3_Common_Action_Buttons/Click_Data_Tab/span_Data_Tab")): Object: 'Object Repository/TF_Customer_Create/3_Common_Action_Buttons/Click_Data_Tab/span_Data_Tab' is clicked on

2018-12-14 15:36:32 - [MESSAGE][PASSED] - Object: 'Object Repository/TF_Customer_Create/3_Common_Action_Buttons/Click_Data_Tab/span_Data_Tab' is clicked on

2018-12-14 15:36:32 - [TEST_STEP][PASSED] - delay(1): Delayed 1 second(s)

2018-12-14 15:36:33 - [MESSAGE][PASSED] - Delayed 1 second(s)

2018-12-14 15:36:33 - [TEST_STEP][PASSED] - click(findTestObject("TF_Customer_Create/3_Common_Action_Buttons/Click_Close_Button/btn_Close")): Object: 'Object Repository/TF_Customer_Create/3_Common_Action_Buttons/Click_Close_Button/btn_Close' is clicked on

2018-12-14 15:36:33 - [MESSAGE][PASSED] - Object: 'Object Repository/TF_Customer_Create/3_Common_Action_Buttons/Click_Close_Button/btn_Close' is clicked on

2018-12-14 15:36:33 - [TEST_STEP][PASSED] - delay(1): Delayed 1 second(s)

2018-12-14 15:36:34 - [MESSAGE][PASSED] - Delayed 1 second(s)

2018-12-14 15:36:34 - [TEST_STEP][ERROR] - vrfy_SBU = com.oracledb.regressiontest.verifySBU(ora_connt, ora_usr, ora_psswrd, ora_schema, input_SBU_Name): vrfy_SBU = com.oracledb.regressiontest.verifySBU(ora_connt, ora_usr, ora_psswrd, ora_schema, input_SBU_Name) FAILED.
Reason:
org.codehaus.groovy.runtime.InvokerInvocationException: java.sql.SQLException: The url cannot be null
	at com.oracledb.regressiontest.invokeMethod(regressiontest.groovy)
	at com.kms.katalon.core.main.CustomKeywordDelegatingMetaClass.invokeStaticMethod(CustomKeywordDelegatingMetaClass.java:49)
	at TC_6_Create_SHL1_SBU.run(TC_6_Create_SHL1_SBU:84)
	at com.kms.katalon.core.main.ScriptEngine.run(ScriptEngine.java:194)
	at com.kms.katalon.core.main.ScriptEngine.runScriptAsRawText(ScriptEngine.java:119)
	at com.kms.katalon.core.main.TestCaseExecutor.runScript(TestCaseExecutor.java:321)
	at com.kms.katalon.core.main.TestCaseExecutor.doExecute(TestCaseExecutor.java:312)
	at com.kms.katalon.core.main.TestCaseExecutor.processExecutionPhase(TestCaseExecutor.java:291)
	at com.kms.katalon.core.main.TestCaseExecutor.accessMainPhase(TestCaseExecutor.java:283)
	at com.kms.katalon.core.main.TestCaseExecutor.execute(TestCaseExecutor.java:222)
	at com.kms.katalon.core.main.TestSuiteExecutor.accessTestCaseMainPhase(TestSuiteExecutor.java:129)
	at com.kms.katalon.core.main.TestSuiteExecutor.accessTestSuiteMainPhase(TestSuiteExecutor.java:112)
	at com.kms.katalon.core.main.TestSuiteExecutor.execute(TestSuiteExecutor.java:81)
	at com.kms.katalon.core.main.TestCaseMain.startTestSuite(TestCaseMain.java:149)
	at com.kms.katalon.core.main.TestCaseMain$startTestSuite$0.call(Unknown Source)
	at TempTestSuite1544783619637.run(TempTestSuite1544783619637.groovy:36)
Caused by: java.sql.SQLException: The url cannot be null
	at com.oracledb.regressiontest.verifySBU(regressiontest.groovy:184)
	at com.oracledb.regressiontest.invokeMethod(regressiontest.groovy)
	at com.kms.katalon.core.main.CustomKeywordDelegatingMetaClass.invokeStaticMethod(CustomKeywordDelegatingMetaClass.java:49)
	at Script1542017063277.run(Script1542017063277.groovy:84)
	... 13 more


2018-12-14 15:36:34 - [MESSAGE][ERROR] - java.sql.SQLException: The url cannot be null

2018-12-14 15:36:34 - [MESSAGE][ERROR] - vrfy_SBU = com.oracledb.regressiontest.verifySBU(ora_connt, ora_usr, ora_psswrd, ora_schema, input_SBU_Name) FAILED.
Reason:
org.codehaus.groovy.runtime.InvokerInvocationException: java.sql.SQLException: The url cannot be null
	at com.oracledb.regressiontest.invokeMethod(regressiontest.groovy)
	at com.kms.katalon.core.main.CustomKeywordDelegatingMetaClass.invokeStaticMethod(CustomKeywordDelegatingMetaClass.java:49)
	at TC_6_Create_SHL1_SBU.run(TC_6_Create_SHL1_SBU:84)
	at com.kms.katalon.core.main.ScriptEngine.run(ScriptEngine.java:194)
	at com.kms.katalon.core.main.ScriptEngine.runScriptAsRawText(ScriptEngine.java:119)
	at com.kms.katalon.core.main.TestCaseExecutor.runScript(TestCaseExecutor.java:321)
	at com.kms.katalon.core.main.TestCaseExecutor.doExecute(TestCaseExecutor.java:312)
	at com.kms.katalon.core.main.TestCaseExecutor.processExecutionPhase(TestCaseExecutor.java:291)
	at com.kms.katalon.core.main.TestCaseExecutor.accessMainPhase(TestCaseExecutor.java:283)
	at com.kms.katalon.core.main.TestCaseExecutor.execute(TestCaseExecutor.java:222)
	at com.kms.katalon.core.main.TestSuiteExecutor.accessTestCaseMainPhase(TestSuiteExecutor.java:129)
	at com.kms.katalon.core.main.TestSuiteExecutor.accessTestSuiteMainPhase(TestSuiteExecutor.java:112)
	at com.kms.katalon.core.main.TestSuiteExecutor.execute(TestSuiteExecutor.java:81)
	at com.kms.katalon.core.main.TestCaseMain.startTestSuite(TestCaseMain.java:149)
	at com.kms.katalon.core.main.TestCaseMain$startTestSuite$0.call(Unknown Source)
	at TempTestSuite1544783619637.run(TempTestSuite1544783619637.groovy:36)
Caused by: java.sql.SQLException: The url cannot be null
	at com.oracledb.regressiontest.verifySBU(regressiontest.groovy:184)
	at com.oracledb.regressiontest.invokeMethod(regressiontest.groovy)
	at com.kms.katalon.core.main.CustomKeywordDelegatingMetaClass.invokeStaticMethod(CustomKeywordDelegatingMetaClass.java:49)
	at Script1542017063277.run(Script1542017063277.groovy:84)
	... 13 more]]></system-out>
         <system-err><![CDATA[2018-12-14 15:36:18 - [TEST_CASE][ERROR] - Test Cases/Regression_TF_Customer/Create_Record/TC_6_Create_SHL1_SBU: Test Cases/Regression_TF_Customer/Create_Record/TC_6_Create_SHL1_SBU FAILED.
Reason:
org.codehaus.groovy.runtime.InvokerInvocationException: java.sql.SQLException: The url cannot be null
	at com.oracledb.regressiontest.invokeMethod(regressiontest.groovy)
	at com.kms.katalon.core.main.CustomKeywordDelegatingMetaClass.invokeStaticMethod(CustomKeywordDelegatingMetaClass.java:49)
	at TC_6_Create_SHL1_SBU.run(TC_6_Create_SHL1_SBU:84)
	at com.kms.katalon.core.main.ScriptEngine.run(ScriptEngine.java:194)
	at com.kms.katalon.core.main.ScriptEngine.runScriptAsRawText(ScriptEngine.java:119)
	at com.kms.katalon.core.main.TestCaseExecutor.runScript(TestCaseExecutor.java:321)
	at com.kms.katalon.core.main.TestCaseExecutor.doExecute(TestCaseExecutor.java:312)
	at com.kms.katalon.core.main.TestCaseExecutor.processExecutionPhase(TestCaseExecutor.java:291)
	at com.kms.katalon.core.main.TestCaseExecutor.accessMainPhase(TestCaseExecutor.java:283)
	at com.kms.katalon.core.main.TestCaseExecutor.execute(TestCaseExecutor.java:222)
	at com.kms.katalon.core.main.TestSuiteExecutor.accessTestCaseMainPhase(TestSuiteExecutor.java:129)
	at com.kms.katalon.core.main.TestSuiteExecutor.accessTestSuiteMainPhase(TestSuiteExecutor.java:112)
	at com.kms.katalon.core.main.TestSuiteExecutor.execute(TestSuiteExecutor.java:81)
	at com.kms.katalon.core.main.TestCaseMain.startTestSuite(TestCaseMain.java:149)
	at com.kms.katalon.core.main.TestCaseMain$startTestSuite$0.call(Unknown Source)
	at TempTestSuite1544783619637.run(TempTestSuite1544783619637.groovy:36)
Caused by: java.sql.SQLException: The url cannot be null
	at com.oracledb.regressiontest.verifySBU(regressiontest.groovy:184)
	at com.oracledb.regressiontest.invokeMethod(regressiontest.groovy)
	at com.kms.katalon.core.main.CustomKeywordDelegatingMetaClass.invokeStaticMethod(CustomKeywordDelegatingMetaClass.java:49)
	at Script1542017063277.run(Script1542017063277.groovy:84)
	... 13 more]]></system-err>
      </testcase>
      <testcase name="Test Cases/Regression_TF_Customer/Create_Record/TC_7_Create_SHL2_Sales_Segment" classname="Test Cases/Regression_TF_Customer/Create_Record/TC_7_Create_SHL2_Sales_Segment" status="ERROR">
         <error type="ERROR" message="Test Cases/Regression_TF_Customer/Create_Record/TC_7_Create_SHL2_Sales_Segment FAILED.
Reason:
org.codehaus.groovy.runtime.InvokerInvocationException: java.sql.SQLException: The url cannot be null
	at com.oracledb.regressiontest.invokeMethod(regressiontest.groovy)
	at com.kms.katalon.core.main.CustomKeywordDelegatingMetaClass.invokeStaticMethod(CustomKeywordDelegatingMetaClass.java:49)
	at TC_7_Create_SHL2_Sales_Segment.run(TC_7_Create_SHL2_Sales_Segment:76)
	at com.kms.katalon.core.main.ScriptEngine.run(ScriptEngine.java:194)
	at com.kms.katalon.core.main.ScriptEngine.runScriptAsRawText(ScriptEngine.java:119)
	at com.kms.katalon.core.main.TestCaseExecutor.runScript(TestCaseExecutor.java:321)
	at com.kms.katalon.core.main.TestCaseExecutor.doExecute(TestCaseExecutor.java:312)
	at com.kms.katalon.core.main.TestCaseExecutor.processExecutionPhase(TestCaseExecutor.java:291)
	at com.kms.katalon.core.main.TestCaseExecutor.accessMainPhase(TestCaseExecutor.java:283)
	at com.kms.katalon.core.main.TestCaseExecutor.execute(TestCaseExecutor.java:222)
	at com.kms.katalon.core.main.TestSuiteExecutor.accessTestCaseMainPhase(TestSuiteExecutor.java:129)
	at com.kms.katalon.core.main.TestSuiteExecutor.accessTestSuiteMainPhase(TestSuiteExecutor.java:112)
	at com.kms.katalon.core.main.TestSuiteExecutor.execute(TestSuiteExecutor.java:81)
	at com.kms.katalon.core.main.TestCaseMain.startTestSuite(TestCaseMain.java:149)
	at com.kms.katalon.core.main.TestCaseMain$startTestSuite$0.call(Unknown Source)
	at TempTestSuite1544783619637.run(TempTestSuite1544783619637.groovy:36)
Caused by: java.sql.SQLException: The url cannot be null
	at com.oracledb.regressiontest.verifySSEGMENT(regressiontest.groovy:195)
	at com.oracledb.regressiontest.invokeMethod(regressiontest.groovy)
	at com.kms.katalon.core.main.CustomKeywordDelegatingMetaClass.invokeStaticMethod(CustomKeywordDelegatingMetaClass.java:49)
	at Script1542189885569.run(Script1542189885569.groovy:76)
	... 13 more
"/>
         <system-out><![CDATA[2018-12-14 15:36:34 - [TEST_CASE][ERROR] - Test Cases/Regression_TF_Customer/Create_Record/TC_7_Create_SHL2_Sales_Segment: Test Cases/Regression_TF_Customer/Create_Record/TC_7_Create_SHL2_Sales_Segment FAILED.
Reason:
org.codehaus.groovy.runtime.InvokerInvocationException: java.sql.SQLException: The url cannot be null
	at com.oracledb.regressiontest.invokeMethod(regressiontest.groovy)
	at com.kms.katalon.core.main.CustomKeywordDelegatingMetaClass.invokeStaticMethod(CustomKeywordDelegatingMetaClass.java:49)
	at TC_7_Create_SHL2_Sales_Segment.run(TC_7_Create_SHL2_Sales_Segment:76)
	at com.kms.katalon.core.main.ScriptEngine.run(ScriptEngine.java:194)
	at com.kms.katalon.core.main.ScriptEngine.runScriptAsRawText(ScriptEngine.java:119)
	at com.kms.katalon.core.main.TestCaseExecutor.runScript(TestCaseExecutor.java:321)
	at com.kms.katalon.core.main.TestCaseExecutor.doExecute(TestCaseExecutor.java:312)
	at com.kms.katalon.core.main.TestCaseExecutor.processExecutionPhase(TestCaseExecutor.java:291)
	at com.kms.katalon.core.main.TestCaseExecutor.accessMainPhase(TestCaseExecutor.java:283)
	at com.kms.katalon.core.main.TestCaseExecutor.execute(TestCaseExecutor.java:222)
	at com.kms.katalon.core.main.TestSuiteExecutor.accessTestCaseMainPhase(TestSuiteExecutor.java:129)
	at com.kms.katalon.core.main.TestSuiteExecutor.accessTestSuiteMainPhase(TestSuiteExecutor.java:112)
	at com.kms.katalon.core.main.TestSuiteExecutor.execute(TestSuiteExecutor.java:81)
	at com.kms.katalon.core.main.TestCaseMain.startTestSuite(TestCaseMain.java:149)
	at com.kms.katalon.core.main.TestCaseMain$startTestSuite$0.call(Unknown Source)
	at TempTestSuite1544783619637.run(TempTestSuite1544783619637.groovy:36)
Caused by: java.sql.SQLException: The url cannot be null
	at com.oracledb.regressiontest.verifySSEGMENT(regressiontest.groovy:195)
	at com.oracledb.regressiontest.invokeMethod(regressiontest.groovy)
	at com.kms.katalon.core.main.CustomKeywordDelegatingMetaClass.invokeStaticMethod(CustomKeywordDelegatingMetaClass.java:49)
	at Script1542189885569.run(Script1542189885569.groovy:76)
	... 13 more


2018-12-14 15:36:34 - [TEST_STEP][PASSED] - waitForPageLoad(G_Timeout): Wait for page load successfully

2018-12-14 15:36:34 - [MESSAGE][PASSED] - Wait for page load successfully

2018-12-14 15:36:34 - [TEST_STEP][PASSED] - mouseOver(findTestObject("TF_Customer_Create/1_Menu_Navigation_To_Open_All_Pages/0_Menu_Create_In_Data_View")): Object: 'Object Repository/TF_Customer_Create/1_Menu_Navigation_To_Open_All_Pages/0_Menu_Create_In_Data_View' is hovered

2018-12-14 15:36:34 - [MESSAGE][PASSED] - Object: 'Object Repository/TF_Customer_Create/1_Menu_Navigation_To_Open_All_Pages/0_Menu_Create_In_Data_View' is hovered

2018-12-14 15:36:34 - [TEST_STEP][PASSED] - waitForPageLoad(G_Timeout): Wait for page load successfully

2018-12-14 15:36:34 - [MESSAGE][PASSED] - Wait for page load successfully

2018-12-14 15:36:34 - [TEST_STEP][PASSED] - mouseOver(findTestObject("TF_Customer_Create/1_Menu_Navigation_To_Open_All_Pages/1_Menu_Create_Master_Data")): Object: 'Object Repository/TF_Customer_Create/1_Menu_Navigation_To_Open_All_Pages/1_Menu_Create_Master_Data' is hovered

2018-12-14 15:36:34 - [MESSAGE][PASSED] - Object: 'Object Repository/TF_Customer_Create/1_Menu_Navigation_To_Open_All_Pages/1_Menu_Create_Master_Data' is hovered

2018-12-14 15:36:34 - [TEST_STEP][PASSED] - waitForPageLoad(G_Timeout): Wait for page load successfully

2018-12-14 15:36:34 - [MESSAGE][PASSED] - Wait for page load successfully

2018-12-14 15:36:34 - [TEST_STEP][PASSED] - mouseOver(findTestObject("TF_Customer_Create/1_Menu_Navigation_To_Open_All_Pages/2_Sales_Hierarchy_Level_Hoverover")): Object: 'Object Repository/TF_Customer_Create/1_Menu_Navigation_To_Open_All_Pages/2_Sales_Hierarchy_Level_Hoverover' is hovered

2018-12-14 15:36:35 - [MESSAGE][PASSED] - Object: 'Object Repository/TF_Customer_Create/1_Menu_Navigation_To_Open_All_Pages/2_Sales_Hierarchy_Level_Hoverover' is hovered

2018-12-14 15:36:35 - [TEST_STEP][PASSED] - waitForPageLoad(G_Timeout): Wait for page load successfully

2018-12-14 15:36:35 - [MESSAGE][PASSED] - Wait for page load successfully

2018-12-14 15:36:35 - [TEST_STEP][PASSED] - click(findTestObject("TF_Customer_Create/2_Select_Menu_Options(All)/Sales_Hierarchy_Level/2_Menu_Sales Segment")): Object: 'Object Repository/TF_Customer_Create/2_Select_Menu_Options(All)/Sales_Hierarchy_Level/2_Menu_Sales Segment' is clicked on

2018-12-14 15:36:35 - [MESSAGE][PASSED] - Object: 'Object Repository/TF_Customer_Create/2_Select_Menu_Options(All)/Sales_Hierarchy_Level/2_Menu_Sales Segment' is clicked on

2018-12-14 15:36:35 - [TEST_STEP][PASSED] - waitForPageLoad(G_Timeout): Wait for page load successfully

2018-12-14 15:36:35 - [MESSAGE][PASSED] - Wait for page load successfully

2018-12-14 15:36:35 - [TEST_STEP][PASSED] - delay(3): Delayed 3 second(s)

2018-12-14 15:36:38 - [MESSAGE][PASSED] - Delayed 3 second(s)

2018-12-14 15:36:38 - [TEST_STEP][PASSED] - setText(findTestObject("TF_Customer_Create/4_Create_Objects_And_Save/7_Create_SHL2_Sales_Segment/Input_Sales_Segment_Name/input_Sales_Segment_Nm"), input_Segement_Nm): Text 'TEST_SALES_SEGMENT_0020' is set on object 'Object Repository/TF_Customer_Create/4_Create_Objects_And_Save/7_Create_SHL2_Sales_Segment/Input_Sales_Segment_Name/input_Sales_Segment_Nm'

2018-12-14 15:36:39 - [MESSAGE][PASSED] - Text 'TEST_SALES_SEGMENT_0020' is set on object 'Object Repository/TF_Customer_Create/4_Create_Objects_And_Save/7_Create_SHL2_Sales_Segment/Input_Sales_Segment_Name/input_Sales_Segment_Nm'

2018-12-14 15:36:39 - [TEST_STEP][PASSED] - delay(2): Delayed 2 second(s)

2018-12-14 15:36:41 - [MESSAGE][PASSED] - Delayed 2 second(s)

2018-12-14 15:36:41 - [TEST_STEP][PASSED] - click(findTestObject("TF_Customer_Create/4_Create_Objects_And_Save/Choose_Sales_Org/Click_Sales_Org_DD"), CONTINUE_ON_FAILURE): Object: 'Object Repository/TF_Customer_Create/4_Create_Objects_And_Save/Choose_Sales_Org/Click_Sales_Org_DD' is clicked on

2018-12-14 15:36:41 - [MESSAGE][PASSED] - Object: 'Object Repository/TF_Customer_Create/4_Create_Objects_And_Save/Choose_Sales_Org/Click_Sales_Org_DD' is clicked on

2018-12-14 15:36:41 - [TEST_STEP][PASSED] - click(findTestObject("TF_Customer_Create/4_Create_Objects_And_Save/Choose_Sales_Org/CA_Object"), CONTINUE_ON_FAILURE): Object: 'Object Repository/TF_Customer_Create/4_Create_Objects_And_Save/Choose_Sales_Org/CA_Object' is clicked on

2018-12-14 15:36:41 - [MESSAGE][PASSED] - Object: 'Object Repository/TF_Customer_Create/4_Create_Objects_And_Save/Choose_Sales_Org/CA_Object' is clicked on

2018-12-14 15:36:41 - [TEST_STEP][PASSED] - delay(2): Delayed 2 second(s)

2018-12-14 15:36:43 - [MESSAGE][PASSED] - Delayed 2 second(s)

2018-12-14 15:36:43 - [TEST_STEP][PASSED] - click(findTestObject("TF_Customer_Create/3_Common_Action_Buttons/Click_Apply_Button/td_Apply")): Object: 'Object Repository/TF_Customer_Create/3_Common_Action_Buttons/Click_Apply_Button/td_Apply' is clicked on

2018-12-14 15:36:43 - [MESSAGE][PASSED] - Object: 'Object Repository/TF_Customer_Create/3_Common_Action_Buttons/Click_Apply_Button/td_Apply' is clicked on

2018-12-14 15:36:43 - [TEST_STEP][PASSED] - delay(2): Delayed 2 second(s)

2018-12-14 15:36:45 - [MESSAGE][PASSED] - Delayed 2 second(s)

2018-12-14 15:36:45 - [TEST_STEP][PASSED] - click(findTestObject("TF_Customer_Create/3_Common_Action_Buttons/Click_Save_Button/btn_Save")): Object: 'Object Repository/TF_Customer_Create/3_Common_Action_Buttons/Click_Save_Button/btn_Save' is clicked on

2018-12-14 15:36:45 - [MESSAGE][PASSED] - Object: 'Object Repository/TF_Customer_Create/3_Common_Action_Buttons/Click_Save_Button/btn_Save' is clicked on

2018-12-14 15:36:45 - [TEST_STEP][PASSED] - delay(2): Delayed 2 second(s)

2018-12-14 15:36:47 - [MESSAGE][PASSED] - Delayed 2 second(s)

2018-12-14 15:36:47 - [TEST_STEP][NOT_RUN] - verifyElementText(findTestObject("TF_Customer_Create/3_Common_Action_Buttons/Verify_Success_Message/Success_Message"), "Record has been saved successfully.", CONTINUE_ON_FAILURE): NOT_RUN: verifyElementText(findTestObject("TF_Customer_Create/3_Common_Action_Buttons/Verify_Success_Message/Success_Message"), "Record has been saved successfully.", CONTINUE_ON_FAILURE)

2018-12-14 15:36:47 - [MESSAGE][NOT_RUN] - NOT_RUN: verifyElementText(findTestObject("TF_Customer_Create/3_Common_Action_Buttons/Verify_Success_Message/Success_Message"), "Record has been saved successfully.", CONTINUE_ON_FAILURE)

2018-12-14 15:36:47 - [TEST_STEP][NOT_RUN] - click(findTestObject("TF_Customer_Create/3_Common_Action_Buttons/Click_Data_Tab/span_Data_Tab")): NOT_RUN: click(findTestObject("TF_Customer_Create/3_Common_Action_Buttons/Click_Data_Tab/span_Data_Tab"))

2018-12-14 15:36:47 - [MESSAGE][NOT_RUN] - NOT_RUN: click(findTestObject("TF_Customer_Create/3_Common_Action_Buttons/Click_Data_Tab/span_Data_Tab"))

2018-12-14 15:36:47 - [TEST_STEP][NOT_RUN] - delay(1): NOT_RUN: delay(1)

2018-12-14 15:36:47 - [MESSAGE][NOT_RUN] - NOT_RUN: delay(1)

2018-12-14 15:36:47 - [TEST_STEP][NOT_RUN] - click(findTestObject("TF_Customer_Create/3_Common_Action_Buttons/Click_Close_Button/btn_Close")): NOT_RUN: click(findTestObject("TF_Customer_Create/3_Common_Action_Buttons/Click_Close_Button/btn_Close"))

2018-12-14 15:36:47 - [MESSAGE][NOT_RUN] - NOT_RUN: click(findTestObject("TF_Customer_Create/3_Common_Action_Buttons/Click_Close_Button/btn_Close"))

2018-12-14 15:36:47 - [TEST_STEP][PASSED] - delay(1): Delayed 1 second(s)

2018-12-14 15:36:48 - [MESSAGE][PASSED] - Delayed 1 second(s)

2018-12-14 15:36:48 - [TEST_STEP][ERROR] - vrfy_SSEGMENT = com.oracledb.regressiontest.verifySSEGMENT(ora_connt, ora_usr, ora_psswrd, ora_schema, input_Segement_Nm): vrfy_SSEGMENT = com.oracledb.regressiontest.verifySSEGMENT(ora_connt, ora_usr, ora_psswrd, ora_schema, input_Segement_Nm) FAILED.
Reason:
org.codehaus.groovy.runtime.InvokerInvocationException: java.sql.SQLException: The url cannot be null
	at com.oracledb.regressiontest.invokeMethod(regressiontest.groovy)
	at com.kms.katalon.core.main.CustomKeywordDelegatingMetaClass.invokeStaticMethod(CustomKeywordDelegatingMetaClass.java:49)
	at TC_7_Create_SHL2_Sales_Segment.run(TC_7_Create_SHL2_Sales_Segment:76)
	at com.kms.katalon.core.main.ScriptEngine.run(ScriptEngine.java:194)
	at com.kms.katalon.core.main.ScriptEngine.runScriptAsRawText(ScriptEngine.java:119)
	at com.kms.katalon.core.main.TestCaseExecutor.runScript(TestCaseExecutor.java:321)
	at com.kms.katalon.core.main.TestCaseExecutor.doExecute(TestCaseExecutor.java:312)
	at com.kms.katalon.core.main.TestCaseExecutor.processExecutionPhase(TestCaseExecutor.java:291)
	at com.kms.katalon.core.main.TestCaseExecutor.accessMainPhase(TestCaseExecutor.java:283)
	at com.kms.katalon.core.main.TestCaseExecutor.execute(TestCaseExecutor.java:222)
	at com.kms.katalon.core.main.TestSuiteExecutor.accessTestCaseMainPhase(TestSuiteExecutor.java:129)
	at com.kms.katalon.core.main.TestSuiteExecutor.accessTestSuiteMainPhase(TestSuiteExecutor.java:112)
	at com.kms.katalon.core.main.TestSuiteExecutor.execute(TestSuiteExecutor.java:81)
	at com.kms.katalon.core.main.TestCaseMain.startTestSuite(TestCaseMain.java:149)
	at com.kms.katalon.core.main.TestCaseMain$startTestSuite$0.call(Unknown Source)
	at TempTestSuite1544783619637.run(TempTestSuite1544783619637.groovy:36)
Caused by: java.sql.SQLException: The url cannot be null
	at com.oracledb.regressiontest.verifySSEGMENT(regressiontest.groovy:195)
	at com.oracledb.regressiontest.invokeMethod(regressiontest.groovy)
	at com.kms.katalon.core.main.CustomKeywordDelegatingMetaClass.invokeStaticMethod(CustomKeywordDelegatingMetaClass.java:49)
	at Script1542189885569.run(Script1542189885569.groovy:76)
	... 13 more


2018-12-14 15:36:48 - [MESSAGE][ERROR] - java.sql.SQLException: The url cannot be null

2018-12-14 15:36:48 - [MESSAGE][ERROR] - vrfy_SSEGMENT = com.oracledb.regressiontest.verifySSEGMENT(ora_connt, ora_usr, ora_psswrd, ora_schema, input_Segement_Nm) FAILED.
Reason:
org.codehaus.groovy.runtime.InvokerInvocationException: java.sql.SQLException: The url cannot be null
	at com.oracledb.regressiontest.invokeMethod(regressiontest.groovy)
	at com.kms.katalon.core.main.CustomKeywordDelegatingMetaClass.invokeStaticMethod(CustomKeywordDelegatingMetaClass.java:49)
	at TC_7_Create_SHL2_Sales_Segment.run(TC_7_Create_SHL2_Sales_Segment:76)
	at com.kms.katalon.core.main.ScriptEngine.run(ScriptEngine.java:194)
	at com.kms.katalon.core.main.ScriptEngine.runScriptAsRawText(ScriptEngine.java:119)
	at com.kms.katalon.core.main.TestCaseExecutor.runScript(TestCaseExecutor.java:321)
	at com.kms.katalon.core.main.TestCaseExecutor.doExecute(TestCaseExecutor.java:312)
	at com.kms.katalon.core.main.TestCaseExecutor.processExecutionPhase(TestCaseExecutor.java:291)
	at com.kms.katalon.core.main.TestCaseExecutor.accessMainPhase(TestCaseExecutor.java:283)
	at com.kms.katalon.core.main.TestCaseExecutor.execute(TestCaseExecutor.java:222)
	at com.kms.katalon.core.main.TestSuiteExecutor.accessTestCaseMainPhase(TestSuiteExecutor.java:129)
	at com.kms.katalon.core.main.TestSuiteExecutor.accessTestSuiteMainPhase(TestSuiteExecutor.java:112)
	at com.kms.katalon.core.main.TestSuiteExecutor.execute(TestSuiteExecutor.java:81)
	at com.kms.katalon.core.main.TestCaseMain.startTestSuite(TestCaseMain.java:149)
	at com.kms.katalon.core.main.TestCaseMain$startTestSuite$0.call(Unknown Source)
	at TempTestSuite1544783619637.run(TempTestSuite1544783619637.groovy:36)
Caused by: java.sql.SQLException: The url cannot be null
	at com.oracledb.regressiontest.verifySSEGMENT(regressiontest.groovy:195)
	at com.oracledb.regressiontest.invokeMethod(regressiontest.groovy)
	at com.kms.katalon.core.main.CustomKeywordDelegatingMetaClass.invokeStaticMethod(CustomKeywordDelegatingMetaClass.java:49)
	at Script1542189885569.run(Script1542189885569.groovy:76)
	... 13 more]]></system-out>
         <system-err><![CDATA[2018-12-14 15:36:34 - [TEST_CASE][ERROR] - Test Cases/Regression_TF_Customer/Create_Record/TC_7_Create_SHL2_Sales_Segment: Test Cases/Regression_TF_Customer/Create_Record/TC_7_Create_SHL2_Sales_Segment FAILED.
Reason:
org.codehaus.groovy.runtime.InvokerInvocationException: java.sql.SQLException: The url cannot be null
	at com.oracledb.regressiontest.invokeMethod(regressiontest.groovy)
	at com.kms.katalon.core.main.CustomKeywordDelegatingMetaClass.invokeStaticMethod(CustomKeywordDelegatingMetaClass.java:49)
	at TC_7_Create_SHL2_Sales_Segment.run(TC_7_Create_SHL2_Sales_Segment:76)
	at com.kms.katalon.core.main.ScriptEngine.run(ScriptEngine.java:194)
	at com.kms.katalon.core.main.ScriptEngine.runScriptAsRawText(ScriptEngine.java:119)
	at com.kms.katalon.core.main.TestCaseExecutor.runScript(TestCaseExecutor.java:321)
	at com.kms.katalon.core.main.TestCaseExecutor.doExecute(TestCaseExecutor.java:312)
	at com.kms.katalon.core.main.TestCaseExecutor.processExecutionPhase(TestCaseExecutor.java:291)
	at com.kms.katalon.core.main.TestCaseExecutor.accessMainPhase(TestCaseExecutor.java:283)
	at com.kms.katalon.core.main.TestCaseExecutor.execute(TestCaseExecutor.java:222)
	at com.kms.katalon.core.main.TestSuiteExecutor.accessTestCaseMainPhase(TestSuiteExecutor.java:129)
	at com.kms.katalon.core.main.TestSuiteExecutor.accessTestSuiteMainPhase(TestSuiteExecutor.java:112)
	at com.kms.katalon.core.main.TestSuiteExecutor.execute(TestSuiteExecutor.java:81)
	at com.kms.katalon.core.main.TestCaseMain.startTestSuite(TestCaseMain.java:149)
	at com.kms.katalon.core.main.TestCaseMain$startTestSuite$0.call(Unknown Source)
	at TempTestSuite1544783619637.run(TempTestSuite1544783619637.groovy:36)
Caused by: java.sql.SQLException: The url cannot be null
	at com.oracledb.regressiontest.verifySSEGMENT(regressiontest.groovy:195)
	at com.oracledb.regressiontest.invokeMethod(regressiontest.groovy)
	at com.kms.katalon.core.main.CustomKeywordDelegatingMetaClass.invokeStaticMethod(CustomKeywordDelegatingMetaClass.java:49)
	at Script1542189885569.run(Script1542189885569.groovy:76)
	... 13 more]]></system-err>
      </testcase>
      <testcase name="Test Cases/Regression_TF_Customer/Create_Record/TC_8_Create_SHL3_Sales_Division" classname="Test Cases/Regression_TF_Customer/Create_Record/TC_8_Create_SHL3_Sales_Division" status="ERROR">
         <error type="ERROR" message="Test Cases/Regression_TF_Customer/Create_Record/TC_8_Create_SHL3_Sales_Division FAILED.
Reason:
org.codehaus.groovy.runtime.InvokerInvocationException: java.sql.SQLException: The url cannot be null
	at com.oracledb.regressiontest.invokeMethod(regressiontest.groovy)
	at com.kms.katalon.core.main.CustomKeywordDelegatingMetaClass.invokeStaticMethod(CustomKeywordDelegatingMetaClass.java:49)
	at TC_8_Create_SHL3_Sales_Division.run(TC_8_Create_SHL3_Sales_Division:77)
	at com.kms.katalon.core.main.ScriptEngine.run(ScriptEngine.java:194)
	at com.kms.katalon.core.main.ScriptEngine.runScriptAsRawText(ScriptEngine.java:119)
	at com.kms.katalon.core.main.TestCaseExecutor.runScript(TestCaseExecutor.java:321)
	at com.kms.katalon.core.main.TestCaseExecutor.doExecute(TestCaseExecutor.java:312)
	at com.kms.katalon.core.main.TestCaseExecutor.processExecutionPhase(TestCaseExecutor.java:291)
	at com.kms.katalon.core.main.TestCaseExecutor.accessMainPhase(TestCaseExecutor.java:283)
	at com.kms.katalon.core.main.TestCaseExecutor.execute(TestCaseExecutor.java:222)
	at com.kms.katalon.core.main.TestSuiteExecutor.accessTestCaseMainPhase(TestSuiteExecutor.java:129)
	at com.kms.katalon.core.main.TestSuiteExecutor.accessTestSuiteMainPhase(TestSuiteExecutor.java:112)
	at com.kms.katalon.core.main.TestSuiteExecutor.execute(TestSuiteExecutor.java:81)
	at com.kms.katalon.core.main.TestCaseMain.startTestSuite(TestCaseMain.java:149)
	at com.kms.katalon.core.main.TestCaseMain$startTestSuite$0.call(Unknown Source)
	at TempTestSuite1544783619637.run(TempTestSuite1544783619637.groovy:36)
Caused by: java.sql.SQLException: The url cannot be null
	at com.oracledb.regressiontest.verifySDIV(regressiontest.groovy:206)
	at com.oracledb.regressiontest.invokeMethod(regressiontest.groovy)
	at com.kms.katalon.core.main.CustomKeywordDelegatingMetaClass.invokeStaticMethod(CustomKeywordDelegatingMetaClass.java:49)
	at Script1542198105802.run(Script1542198105802.groovy:77)
	... 13 more
"/>
         <system-out><![CDATA[2018-12-14 15:36:48 - [TEST_CASE][ERROR] - Test Cases/Regression_TF_Customer/Create_Record/TC_8_Create_SHL3_Sales_Division: Test Cases/Regression_TF_Customer/Create_Record/TC_8_Create_SHL3_Sales_Division FAILED.
Reason:
org.codehaus.groovy.runtime.InvokerInvocationException: java.sql.SQLException: The url cannot be null
	at com.oracledb.regressiontest.invokeMethod(regressiontest.groovy)
	at com.kms.katalon.core.main.CustomKeywordDelegatingMetaClass.invokeStaticMethod(CustomKeywordDelegatingMetaClass.java:49)
	at TC_8_Create_SHL3_Sales_Division.run(TC_8_Create_SHL3_Sales_Division:77)
	at com.kms.katalon.core.main.ScriptEngine.run(ScriptEngine.java:194)
	at com.kms.katalon.core.main.ScriptEngine.runScriptAsRawText(ScriptEngine.java:119)
	at com.kms.katalon.core.main.TestCaseExecutor.runScript(TestCaseExecutor.java:321)
	at com.kms.katalon.core.main.TestCaseExecutor.doExecute(TestCaseExecutor.java:312)
	at com.kms.katalon.core.main.TestCaseExecutor.processExecutionPhase(TestCaseExecutor.java:291)
	at com.kms.katalon.core.main.TestCaseExecutor.accessMainPhase(TestCaseExecutor.java:283)
	at com.kms.katalon.core.main.TestCaseExecutor.execute(TestCaseExecutor.java:222)
	at com.kms.katalon.core.main.TestSuiteExecutor.accessTestCaseMainPhase(TestSuiteExecutor.java:129)
	at com.kms.katalon.core.main.TestSuiteExecutor.accessTestSuiteMainPhase(TestSuiteExecutor.java:112)
	at com.kms.katalon.core.main.TestSuiteExecutor.execute(TestSuiteExecutor.java:81)
	at com.kms.katalon.core.main.TestCaseMain.startTestSuite(TestCaseMain.java:149)
	at com.kms.katalon.core.main.TestCaseMain$startTestSuite$0.call(Unknown Source)
	at TempTestSuite1544783619637.run(TempTestSuite1544783619637.groovy:36)
Caused by: java.sql.SQLException: The url cannot be null
	at com.oracledb.regressiontest.verifySDIV(regressiontest.groovy:206)
	at com.oracledb.regressiontest.invokeMethod(regressiontest.groovy)
	at com.kms.katalon.core.main.CustomKeywordDelegatingMetaClass.invokeStaticMethod(CustomKeywordDelegatingMetaClass.java:49)
	at Script1542198105802.run(Script1542198105802.groovy:77)
	... 13 more


2018-12-14 15:36:48 - [TEST_STEP][PASSED] - waitForPageLoad(G_Timeout): Wait for page load successfully

2018-12-14 15:36:48 - [MESSAGE][PASSED] - Wait for page load successfully

2018-12-14 15:36:48 - [TEST_STEP][PASSED] - mouseOver(findTestObject("TF_Customer_Create/1_Menu_Navigation_To_Open_All_Pages/0_Menu_Create_In_Data_View")): Object: 'Object Repository/TF_Customer_Create/1_Menu_Navigation_To_Open_All_Pages/0_Menu_Create_In_Data_View' is hovered

2018-12-14 15:36:48 - [MESSAGE][PASSED] - Object: 'Object Repository/TF_Customer_Create/1_Menu_Navigation_To_Open_All_Pages/0_Menu_Create_In_Data_View' is hovered

2018-12-14 15:36:48 - [TEST_STEP][PASSED] - waitForPageLoad(G_Timeout): Wait for page load successfully

2018-12-14 15:36:48 - [MESSAGE][PASSED] - Wait for page load successfully

2018-12-14 15:36:48 - [TEST_STEP][PASSED] - mouseOver(findTestObject("TF_Customer_Create/1_Menu_Navigation_To_Open_All_Pages/1_Menu_Create_Master_Data")): Object: 'Object Repository/TF_Customer_Create/1_Menu_Navigation_To_Open_All_Pages/1_Menu_Create_Master_Data' is hovered

2018-12-14 15:36:48 - [MESSAGE][PASSED] - Object: 'Object Repository/TF_Customer_Create/1_Menu_Navigation_To_Open_All_Pages/1_Menu_Create_Master_Data' is hovered

2018-12-14 15:36:48 - [TEST_STEP][PASSED] - waitForPageLoad(G_Timeout): Wait for page load successfully

2018-12-14 15:36:48 - [MESSAGE][PASSED] - Wait for page load successfully

2018-12-14 15:36:48 - [TEST_STEP][PASSED] - mouseOver(findTestObject("TF_Customer_Create/1_Menu_Navigation_To_Open_All_Pages/2_Sales_Hierarchy_Level_Hoverover")): Object: 'Object Repository/TF_Customer_Create/1_Menu_Navigation_To_Open_All_Pages/2_Sales_Hierarchy_Level_Hoverover' is hovered

2018-12-14 15:36:49 - [MESSAGE][PASSED] - Object: 'Object Repository/TF_Customer_Create/1_Menu_Navigation_To_Open_All_Pages/2_Sales_Hierarchy_Level_Hoverover' is hovered

2018-12-14 15:36:49 - [TEST_STEP][PASSED] - waitForPageLoad(G_Timeout): Wait for page load successfully

2018-12-14 15:36:49 - [MESSAGE][PASSED] - Wait for page load successfully

2018-12-14 15:36:49 - [TEST_STEP][PASSED] - click(findTestObject("TF_Customer_Create/2_Select_Menu_Options(All)/Sales_Hierarchy_Level/3_Menu_Sales Division")): Object: 'Object Repository/TF_Customer_Create/2_Select_Menu_Options(All)/Sales_Hierarchy_Level/3_Menu_Sales Division' is clicked on

2018-12-14 15:36:50 - [MESSAGE][PASSED] - Object: 'Object Repository/TF_Customer_Create/2_Select_Menu_Options(All)/Sales_Hierarchy_Level/3_Menu_Sales Division' is clicked on

2018-12-14 15:36:50 - [TEST_STEP][PASSED] - waitForPageLoad(G_Timeout): Wait for page load successfully

2018-12-14 15:36:50 - [MESSAGE][PASSED] - Wait for page load successfully

2018-12-14 15:36:50 - [TEST_STEP][PASSED] - delay(3): Delayed 3 second(s)

2018-12-14 15:36:53 - [MESSAGE][PASSED] - Delayed 3 second(s)

2018-12-14 15:36:53 - [TEST_STEP][PASSED] - setText(findTestObject("TF_Customer_Create/4_Create_Objects_And_Save/8_Create_SHL3_Sales_Division/Input_Sales_Division_Name/input_Sales_Division_Nm"), input_Sales_Div_Nm): Text 'TEST_SALES_DIV_014' is set on object 'Object Repository/TF_Customer_Create/4_Create_Objects_And_Save/8_Create_SHL3_Sales_Division/Input_Sales_Division_Name/input_Sales_Division_Nm'

2018-12-14 15:36:53 - [MESSAGE][PASSED] - Text 'TEST_SALES_DIV_014' is set on object 'Object Repository/TF_Customer_Create/4_Create_Objects_And_Save/8_Create_SHL3_Sales_Division/Input_Sales_Division_Name/input_Sales_Division_Nm'

2018-12-14 15:36:53 - [TEST_STEP][PASSED] - delay(3): Delayed 3 second(s)

2018-12-14 15:36:56 - [MESSAGE][PASSED] - Delayed 3 second(s)

2018-12-14 15:36:56 - [TEST_STEP][PASSED] - click(findTestObject("TF_Customer_Create/4_Create_Objects_And_Save/Choose_Sales_Org/Click_Sales_Org_DD"), CONTINUE_ON_FAILURE): Object: 'Object Repository/TF_Customer_Create/4_Create_Objects_And_Save/Choose_Sales_Org/Click_Sales_Org_DD' is clicked on

2018-12-14 15:36:56 - [MESSAGE][PASSED] - Object: 'Object Repository/TF_Customer_Create/4_Create_Objects_And_Save/Choose_Sales_Org/Click_Sales_Org_DD' is clicked on

2018-12-14 15:36:56 - [TEST_STEP][PASSED] - click(findTestObject("TF_Customer_Create/4_Create_Objects_And_Save/Choose_Sales_Org/CA_Object"), CONTINUE_ON_FAILURE): Object: 'Object Repository/TF_Customer_Create/4_Create_Objects_And_Save/Choose_Sales_Org/CA_Object' is clicked on

2018-12-14 15:36:56 - [MESSAGE][PASSED] - Object: 'Object Repository/TF_Customer_Create/4_Create_Objects_And_Save/Choose_Sales_Org/CA_Object' is clicked on

2018-12-14 15:36:56 - [TEST_STEP][PASSED] - delay(2): Delayed 2 second(s)

2018-12-14 15:36:58 - [MESSAGE][PASSED] - Delayed 2 second(s)

2018-12-14 15:36:58 - [TEST_STEP][PASSED] - click(findTestObject("TF_Customer_Create/3_Common_Action_Buttons/Click_Apply_Button/td_Apply")): Object: 'Object Repository/TF_Customer_Create/3_Common_Action_Buttons/Click_Apply_Button/td_Apply' is clicked on

2018-12-14 15:36:58 - [MESSAGE][PASSED] - Object: 'Object Repository/TF_Customer_Create/3_Common_Action_Buttons/Click_Apply_Button/td_Apply' is clicked on

2018-12-14 15:36:58 - [TEST_STEP][PASSED] - delay(2): Delayed 2 second(s)

2018-12-14 15:37:00 - [MESSAGE][PASSED] - Delayed 2 second(s)

2018-12-14 15:37:00 - [TEST_STEP][PASSED] - click(findTestObject("TF_Customer_Create/3_Common_Action_Buttons/Click_Save_Button/btn_Save")): Object: 'Object Repository/TF_Customer_Create/3_Common_Action_Buttons/Click_Save_Button/btn_Save' is clicked on

2018-12-14 15:37:00 - [MESSAGE][PASSED] - Object: 'Object Repository/TF_Customer_Create/3_Common_Action_Buttons/Click_Save_Button/btn_Save' is clicked on

2018-12-14 15:37:00 - [TEST_STEP][PASSED] - delay(2): Delayed 2 second(s)

2018-12-14 15:37:02 - [MESSAGE][PASSED] - Delayed 2 second(s)

2018-12-14 15:37:02 - [TEST_STEP][NOT_RUN] - verifyElementText(findTestObject("TF_Customer_Create/3_Common_Action_Buttons/Verify_Success_Message/Success_Message"), "Record has been saved successfully.", CONTINUE_ON_FAILURE): NOT_RUN: verifyElementText(findTestObject("TF_Customer_Create/3_Common_Action_Buttons/Verify_Success_Message/Success_Message"), "Record has been saved successfully.", CONTINUE_ON_FAILURE)

2018-12-14 15:37:02 - [MESSAGE][NOT_RUN] - NOT_RUN: verifyElementText(findTestObject("TF_Customer_Create/3_Common_Action_Buttons/Verify_Success_Message/Success_Message"), "Record has been saved successfully.", CONTINUE_ON_FAILURE)

2018-12-14 15:37:02 - [TEST_STEP][NOT_RUN] - click(findTestObject("TF_Customer_Create/3_Common_Action_Buttons/Click_Data_Tab/span_Data_Tab")): NOT_RUN: click(findTestObject("TF_Customer_Create/3_Common_Action_Buttons/Click_Data_Tab/span_Data_Tab"))

2018-12-14 15:37:02 - [MESSAGE][NOT_RUN] - NOT_RUN: click(findTestObject("TF_Customer_Create/3_Common_Action_Buttons/Click_Data_Tab/span_Data_Tab"))

2018-12-14 15:37:02 - [TEST_STEP][NOT_RUN] - delay(1): NOT_RUN: delay(1)

2018-12-14 15:37:02 - [MESSAGE][NOT_RUN] - NOT_RUN: delay(1)

2018-12-14 15:37:02 - [TEST_STEP][NOT_RUN] - click(findTestObject("TF_Customer_Create/3_Common_Action_Buttons/Click_Close_Button/btn_Close")): NOT_RUN: click(findTestObject("TF_Customer_Create/3_Common_Action_Buttons/Click_Close_Button/btn_Close"))

2018-12-14 15:37:02 - [MESSAGE][NOT_RUN] - NOT_RUN: click(findTestObject("TF_Customer_Create/3_Common_Action_Buttons/Click_Close_Button/btn_Close"))

2018-12-14 15:37:02 - [TEST_STEP][NOT_RUN] - delay(1): NOT_RUN: delay(1)

2018-12-14 15:37:02 - [MESSAGE][NOT_RUN] - NOT_RUN: delay(1)

2018-12-14 15:37:02 - [TEST_STEP][ERROR] - vrfy_SDIV = com.oracledb.regressiontest.verifySDIV(ora_connt, ora_usr, ora_psswrd, ora_schema, input_Sales_Div_Nm): vrfy_SDIV = com.oracledb.regressiontest.verifySDIV(ora_connt, ora_usr, ora_psswrd, ora_schema, input_Sales_Div_Nm) FAILED.
Reason:
org.codehaus.groovy.runtime.InvokerInvocationException: java.sql.SQLException: The url cannot be null
	at com.oracledb.regressiontest.invokeMethod(regressiontest.groovy)
	at com.kms.katalon.core.main.CustomKeywordDelegatingMetaClass.invokeStaticMethod(CustomKeywordDelegatingMetaClass.java:49)
	at TC_8_Create_SHL3_Sales_Division.run(TC_8_Create_SHL3_Sales_Division:77)
	at com.kms.katalon.core.main.ScriptEngine.run(ScriptEngine.java:194)
	at com.kms.katalon.core.main.ScriptEngine.runScriptAsRawText(ScriptEngine.java:119)
	at com.kms.katalon.core.main.TestCaseExecutor.runScript(TestCaseExecutor.java:321)
	at com.kms.katalon.core.main.TestCaseExecutor.doExecute(TestCaseExecutor.java:312)
	at com.kms.katalon.core.main.TestCaseExecutor.processExecutionPhase(TestCaseExecutor.java:291)
	at com.kms.katalon.core.main.TestCaseExecutor.accessMainPhase(TestCaseExecutor.java:283)
	at com.kms.katalon.core.main.TestCaseExecutor.execute(TestCaseExecutor.java:222)
	at com.kms.katalon.core.main.TestSuiteExecutor.accessTestCaseMainPhase(TestSuiteExecutor.java:129)
	at com.kms.katalon.core.main.TestSuiteExecutor.accessTestSuiteMainPhase(TestSuiteExecutor.java:112)
	at com.kms.katalon.core.main.TestSuiteExecutor.execute(TestSuiteExecutor.java:81)
	at com.kms.katalon.core.main.TestCaseMain.startTestSuite(TestCaseMain.java:149)
	at com.kms.katalon.core.main.TestCaseMain$startTestSuite$0.call(Unknown Source)
	at TempTestSuite1544783619637.run(TempTestSuite1544783619637.groovy:36)
Caused by: java.sql.SQLException: The url cannot be null
	at com.oracledb.regressiontest.verifySDIV(regressiontest.groovy:206)
	at com.oracledb.regressiontest.invokeMethod(regressiontest.groovy)
	at com.kms.katalon.core.main.CustomKeywordDelegatingMetaClass.invokeStaticMethod(CustomKeywordDelegatingMetaClass.java:49)
	at Script1542198105802.run(Script1542198105802.groovy:77)
	... 13 more


2018-12-14 15:37:02 - [MESSAGE][ERROR] - java.sql.SQLException: The url cannot be null

2018-12-14 15:37:02 - [MESSAGE][ERROR] - vrfy_SDIV = com.oracledb.regressiontest.verifySDIV(ora_connt, ora_usr, ora_psswrd, ora_schema, input_Sales_Div_Nm) FAILED.
Reason:
org.codehaus.groovy.runtime.InvokerInvocationException: java.sql.SQLException: The url cannot be null
	at com.oracledb.regressiontest.invokeMethod(regressiontest.groovy)
	at com.kms.katalon.core.main.CustomKeywordDelegatingMetaClass.invokeStaticMethod(CustomKeywordDelegatingMetaClass.java:49)
	at TC_8_Create_SHL3_Sales_Division.run(TC_8_Create_SHL3_Sales_Division:77)
	at com.kms.katalon.core.main.ScriptEngine.run(ScriptEngine.java:194)
	at com.kms.katalon.core.main.ScriptEngine.runScriptAsRawText(ScriptEngine.java:119)
	at com.kms.katalon.core.main.TestCaseExecutor.runScript(TestCaseExecutor.java:321)
	at com.kms.katalon.core.main.TestCaseExecutor.doExecute(TestCaseExecutor.java:312)
	at com.kms.katalon.core.main.TestCaseExecutor.processExecutionPhase(TestCaseExecutor.java:291)
	at com.kms.katalon.core.main.TestCaseExecutor.accessMainPhase(TestCaseExecutor.java:283)
	at com.kms.katalon.core.main.TestCaseExecutor.execute(TestCaseExecutor.java:222)
	at com.kms.katalon.core.main.TestSuiteExecutor.accessTestCaseMainPhase(TestSuiteExecutor.java:129)
	at com.kms.katalon.core.main.TestSuiteExecutor.accessTestSuiteMainPhase(TestSuiteExecutor.java:112)
	at com.kms.katalon.core.main.TestSuiteExecutor.execute(TestSuiteExecutor.java:81)
	at com.kms.katalon.core.main.TestCaseMain.startTestSuite(TestCaseMain.java:149)
	at com.kms.katalon.core.main.TestCaseMain$startTestSuite$0.call(Unknown Source)
	at TempTestSuite1544783619637.run(TempTestSuite1544783619637.groovy:36)
Caused by: java.sql.SQLException: The url cannot be null
	at com.oracledb.regressiontest.verifySDIV(regressiontest.groovy:206)
	at com.oracledb.regressiontest.invokeMethod(regressiontest.groovy)
	at com.kms.katalon.core.main.CustomKeywordDelegatingMetaClass.invokeStaticMethod(CustomKeywordDelegatingMetaClass.java:49)
	at Script1542198105802.run(Script1542198105802.groovy:77)
	... 13 more]]></system-out>
         <system-err><![CDATA[2018-12-14 15:36:48 - [TEST_CASE][ERROR] - Test Cases/Regression_TF_Customer/Create_Record/TC_8_Create_SHL3_Sales_Division: Test Cases/Regression_TF_Customer/Create_Record/TC_8_Create_SHL3_Sales_Division FAILED.
Reason:
org.codehaus.groovy.runtime.InvokerInvocationException: java.sql.SQLException: The url cannot be null
	at com.oracledb.regressiontest.invokeMethod(regressiontest.groovy)
	at com.kms.katalon.core.main.CustomKeywordDelegatingMetaClass.invokeStaticMethod(CustomKeywordDelegatingMetaClass.java:49)
	at TC_8_Create_SHL3_Sales_Division.run(TC_8_Create_SHL3_Sales_Division:77)
	at com.kms.katalon.core.main.ScriptEngine.run(ScriptEngine.java:194)
	at com.kms.katalon.core.main.ScriptEngine.runScriptAsRawText(ScriptEngine.java:119)
	at com.kms.katalon.core.main.TestCaseExecutor.runScript(TestCaseExecutor.java:321)
	at com.kms.katalon.core.main.TestCaseExecutor.doExecute(TestCaseExecutor.java:312)
	at com.kms.katalon.core.main.TestCaseExecutor.processExecutionPhase(TestCaseExecutor.java:291)
	at com.kms.katalon.core.main.TestCaseExecutor.accessMainPhase(TestCaseExecutor.java:283)
	at com.kms.katalon.core.main.TestCaseExecutor.execute(TestCaseExecutor.java:222)
	at com.kms.katalon.core.main.TestSuiteExecutor.accessTestCaseMainPhase(TestSuiteExecutor.java:129)
	at com.kms.katalon.core.main.TestSuiteExecutor.accessTestSuiteMainPhase(TestSuiteExecutor.java:112)
	at com.kms.katalon.core.main.TestSuiteExecutor.execute(TestSuiteExecutor.java:81)
	at com.kms.katalon.core.main.TestCaseMain.startTestSuite(TestCaseMain.java:149)
	at com.kms.katalon.core.main.TestCaseMain$startTestSuite$0.call(Unknown Source)
	at TempTestSuite1544783619637.run(TempTestSuite1544783619637.groovy:36)
Caused by: java.sql.SQLException: The url cannot be null
	at com.oracledb.regressiontest.verifySDIV(regressiontest.groovy:206)
	at com.oracledb.regressiontest.invokeMethod(regressiontest.groovy)
	at com.kms.katalon.core.main.CustomKeywordDelegatingMetaClass.invokeStaticMethod(CustomKeywordDelegatingMetaClass.java:49)
	at Script1542198105802.run(Script1542198105802.groovy:77)
	... 13 more]]></system-err>
      </testcase>
      <testcase name="Test Cases/Regression_TF_Customer/Create_Record/TC_9_Create_SHL4_Sales_Region" classname="Test Cases/Regression_TF_Customer/Create_Record/TC_9_Create_SHL4_Sales_Region" status="ERROR">
         <error type="ERROR" message="Test Cases/Regression_TF_Customer/Create_Record/TC_9_Create_SHL4_Sales_Region FAILED.
Reason:
org.codehaus.groovy.runtime.InvokerInvocationException: java.sql.SQLException: The url cannot be null
	at com.oracledb.regressiontest.invokeMethod(regressiontest.groovy)
	at com.kms.katalon.core.main.CustomKeywordDelegatingMetaClass.invokeStaticMethod(CustomKeywordDelegatingMetaClass.java:49)
	at TC_9_Create_SHL4_Sales_Region.run(TC_9_Create_SHL4_Sales_Region:80)
	at com.kms.katalon.core.main.ScriptEngine.run(ScriptEngine.java:194)
	at com.kms.katalon.core.main.ScriptEngine.runScriptAsRawText(ScriptEngine.java:119)
	at com.kms.katalon.core.main.TestCaseExecutor.runScript(TestCaseExecutor.java:321)
	at com.kms.katalon.core.main.TestCaseExecutor.doExecute(TestCaseExecutor.java:312)
	at com.kms.katalon.core.main.TestCaseExecutor.processExecutionPhase(TestCaseExecutor.java:291)
	at com.kms.katalon.core.main.TestCaseExecutor.accessMainPhase(TestCaseExecutor.java:283)
	at com.kms.katalon.core.main.TestCaseExecutor.execute(TestCaseExecutor.java:222)
	at com.kms.katalon.core.main.TestSuiteExecutor.accessTestCaseMainPhase(TestSuiteExecutor.java:129)
	at com.kms.katalon.core.main.TestSuiteExecutor.accessTestSuiteMainPhase(TestSuiteExecutor.java:112)
	at com.kms.katalon.core.main.TestSuiteExecutor.execute(TestSuiteExecutor.java:81)
	at com.kms.katalon.core.main.TestCaseMain.startTestSuite(TestCaseMain.java:149)
	at com.kms.katalon.core.main.TestCaseMain$startTestSuite$0.call(Unknown Source)
	at TempTestSuite1544783619637.run(TempTestSuite1544783619637.groovy:36)
Caused by: java.sql.SQLException: The url cannot be null
	at com.oracledb.regressiontest.verifySREG(regressiontest.groovy:217)
	at com.oracledb.regressiontest.invokeMethod(regressiontest.groovy)
	at com.kms.katalon.core.main.CustomKeywordDelegatingMetaClass.invokeStaticMethod(CustomKeywordDelegatingMetaClass.java:49)
	at Script1542199427498.run(Script1542199427498.groovy:80)
	... 13 more
"/>
         <system-out><![CDATA[2018-12-14 15:37:02 - [TEST_CASE][ERROR] - Test Cases/Regression_TF_Customer/Create_Record/TC_9_Create_SHL4_Sales_Region: Test Cases/Regression_TF_Customer/Create_Record/TC_9_Create_SHL4_Sales_Region FAILED.
Reason:
org.codehaus.groovy.runtime.InvokerInvocationException: java.sql.SQLException: The url cannot be null
	at com.oracledb.regressiontest.invokeMethod(regressiontest.groovy)
	at com.kms.katalon.core.main.CustomKeywordDelegatingMetaClass.invokeStaticMethod(CustomKeywordDelegatingMetaClass.java:49)
	at TC_9_Create_SHL4_Sales_Region.run(TC_9_Create_SHL4_Sales_Region:80)
	at com.kms.katalon.core.main.ScriptEngine.run(ScriptEngine.java:194)
	at com.kms.katalon.core.main.ScriptEngine.runScriptAsRawText(ScriptEngine.java:119)
	at com.kms.katalon.core.main.TestCaseExecutor.runScript(TestCaseExecutor.java:321)
	at com.kms.katalon.core.main.TestCaseExecutor.doExecute(TestCaseExecutor.java:312)
	at com.kms.katalon.core.main.TestCaseExecutor.processExecutionPhase(TestCaseExecutor.java:291)
	at com.kms.katalon.core.main.TestCaseExecutor.accessMainPhase(TestCaseExecutor.java:283)
	at com.kms.katalon.core.main.TestCaseExecutor.execute(TestCaseExecutor.java:222)
	at com.kms.katalon.core.main.TestSuiteExecutor.accessTestCaseMainPhase(TestSuiteExecutor.java:129)
	at com.kms.katalon.core.main.TestSuiteExecutor.accessTestSuiteMainPhase(TestSuiteExecutor.java:112)
	at com.kms.katalon.core.main.TestSuiteExecutor.execute(TestSuiteExecutor.java:81)
	at com.kms.katalon.core.main.TestCaseMain.startTestSuite(TestCaseMain.java:149)
	at com.kms.katalon.core.main.TestCaseMain$startTestSuite$0.call(Unknown Source)
	at TempTestSuite1544783619637.run(TempTestSuite1544783619637.groovy:36)
Caused by: java.sql.SQLException: The url cannot be null
	at com.oracledb.regressiontest.verifySREG(regressiontest.groovy:217)
	at com.oracledb.regressiontest.invokeMethod(regressiontest.groovy)
	at com.kms.katalon.core.main.CustomKeywordDelegatingMetaClass.invokeStaticMethod(CustomKeywordDelegatingMetaClass.java:49)
	at Script1542199427498.run(Script1542199427498.groovy:80)
	... 13 more


2018-12-14 15:37:03 - [TEST_STEP][PASSED] - waitForPageLoad(G_Timeout): Wait for page load successfully

2018-12-14 15:37:03 - [MESSAGE][PASSED] - Wait for page load successfully

2018-12-14 15:37:03 - [TEST_STEP][PASSED] - mouseOver(findTestObject("TF_Customer_Create/1_Menu_Navigation_To_Open_All_Pages/0_Menu_Create_In_Data_View")): Object: 'Object Repository/TF_Customer_Create/1_Menu_Navigation_To_Open_All_Pages/0_Menu_Create_In_Data_View' is hovered

2018-12-14 15:37:03 - [MESSAGE][PASSED] - Object: 'Object Repository/TF_Customer_Create/1_Menu_Navigation_To_Open_All_Pages/0_Menu_Create_In_Data_View' is hovered

2018-12-14 15:37:03 - [TEST_STEP][PASSED] - waitForPageLoad(G_Timeout): Wait for page load successfully

2018-12-14 15:37:03 - [MESSAGE][PASSED] - Wait for page load successfully

2018-12-14 15:37:03 - [TEST_STEP][PASSED] - mouseOver(findTestObject("TF_Customer_Create/1_Menu_Navigation_To_Open_All_Pages/1_Menu_Create_Master_Data")): Object: 'Object Repository/TF_Customer_Create/1_Menu_Navigation_To_Open_All_Pages/1_Menu_Create_Master_Data' is hovered

2018-12-14 15:37:03 - [MESSAGE][PASSED] - Object: 'Object Repository/TF_Customer_Create/1_Menu_Navigation_To_Open_All_Pages/1_Menu_Create_Master_Data' is hovered

2018-12-14 15:37:03 - [TEST_STEP][PASSED] - waitForPageLoad(G_Timeout): Wait for page load successfully

2018-12-14 15:37:03 - [MESSAGE][PASSED] - Wait for page load successfully

2018-12-14 15:37:03 - [TEST_STEP][PASSED] - mouseOver(findTestObject("TF_Customer_Create/1_Menu_Navigation_To_Open_All_Pages/2_Sales_Hierarchy_Level_Hoverover")): Object: 'Object Repository/TF_Customer_Create/1_Menu_Navigation_To_Open_All_Pages/2_Sales_Hierarchy_Level_Hoverover' is hovered

2018-12-14 15:37:03 - [MESSAGE][PASSED] - Object: 'Object Repository/TF_Customer_Create/1_Menu_Navigation_To_Open_All_Pages/2_Sales_Hierarchy_Level_Hoverover' is hovered

2018-12-14 15:37:03 - [TEST_STEP][PASSED] - waitForPageLoad(G_Timeout): Wait for page load successfully

2018-12-14 15:37:03 - [MESSAGE][PASSED] - Wait for page load successfully

2018-12-14 15:37:03 - [TEST_STEP][PASSED] - click(findTestObject("TF_Customer_Create/2_Select_Menu_Options(All)/Sales_Hierarchy_Level/4_Menu_Sales Region")): Object: 'Object Repository/TF_Customer_Create/2_Select_Menu_Options(All)/Sales_Hierarchy_Level/4_Menu_Sales Region' is clicked on

2018-12-14 15:37:04 - [MESSAGE][PASSED] - Object: 'Object Repository/TF_Customer_Create/2_Select_Menu_Options(All)/Sales_Hierarchy_Level/4_Menu_Sales Region' is clicked on

2018-12-14 15:37:04 - [TEST_STEP][PASSED] - waitForPageLoad(G_Timeout): Wait for page load successfully

2018-12-14 15:37:04 - [MESSAGE][PASSED] - Wait for page load successfully

2018-12-14 15:37:04 - [TEST_STEP][PASSED] - delay(3): Delayed 3 second(s)

2018-12-14 15:37:07 - [MESSAGE][PASSED] - Delayed 3 second(s)

2018-12-14 15:37:07 - [TEST_STEP][PASSED] - setText(findTestObject("TF_Customer_Create/4_Create_Objects_And_Save/9_Create_SHL4_Sales_Region/Input_Sales_Region_Code/input_Sales_Region_Cd"), input_Sales_Reg_Cd): Text '1014' is set on object 'Object Repository/TF_Customer_Create/4_Create_Objects_And_Save/9_Create_SHL4_Sales_Region/Input_Sales_Region_Code/input_Sales_Region_Cd'

2018-12-14 15:37:07 - [MESSAGE][PASSED] - Text '1014' is set on object 'Object Repository/TF_Customer_Create/4_Create_Objects_And_Save/9_Create_SHL4_Sales_Region/Input_Sales_Region_Code/input_Sales_Region_Cd'

2018-12-14 15:37:07 - [TEST_STEP][PASSED] - setText(findTestObject("TF_Customer_Create/4_Create_Objects_And_Save/9_Create_SHL4_Sales_Region/Input_Sales_Region_Name/input_Sales_Region_Nm"), input_Sales_Reg_Nm): Text 'Test_Sales_Reg_0014' is set on object 'Object Repository/TF_Customer_Create/4_Create_Objects_And_Save/9_Create_SHL4_Sales_Region/Input_Sales_Region_Name/input_Sales_Region_Nm'

2018-12-14 15:37:07 - [MESSAGE][PASSED] - Text 'Test_Sales_Reg_0014' is set on object 'Object Repository/TF_Customer_Create/4_Create_Objects_And_Save/9_Create_SHL4_Sales_Region/Input_Sales_Region_Name/input_Sales_Region_Nm'

2018-12-14 15:37:07 - [TEST_STEP][PASSED] - delay(2): Delayed 2 second(s)

2018-12-14 15:37:09 - [MESSAGE][PASSED] - Delayed 2 second(s)

2018-12-14 15:37:09 - [TEST_STEP][PASSED] - click(findTestObject("TF_Customer_Create/4_Create_Objects_And_Save/Choose_Sales_Org/Click_Sales_Org_DD"), CONTINUE_ON_FAILURE): Object: 'Object Repository/TF_Customer_Create/4_Create_Objects_And_Save/Choose_Sales_Org/Click_Sales_Org_DD' is clicked on

2018-12-14 15:37:09 - [MESSAGE][PASSED] - Object: 'Object Repository/TF_Customer_Create/4_Create_Objects_And_Save/Choose_Sales_Org/Click_Sales_Org_DD' is clicked on

2018-12-14 15:37:09 - [TEST_STEP][PASSED] - click(findTestObject("TF_Customer_Create/4_Create_Objects_And_Save/Choose_Sales_Org/CA_Object"), CONTINUE_ON_FAILURE): Object: 'Object Repository/TF_Customer_Create/4_Create_Objects_And_Save/Choose_Sales_Org/CA_Object' is clicked on

2018-12-14 15:37:09 - [MESSAGE][PASSED] - Object: 'Object Repository/TF_Customer_Create/4_Create_Objects_And_Save/Choose_Sales_Org/CA_Object' is clicked on

2018-12-14 15:37:09 - [TEST_STEP][PASSED] - delay(2): Delayed 2 second(s)

2018-12-14 15:37:11 - [MESSAGE][PASSED] - Delayed 2 second(s)

2018-12-14 15:37:11 - [TEST_STEP][PASSED] - click(findTestObject("TF_Customer_Create/3_Common_Action_Buttons/Click_Apply_Button/td_Apply")): Object: 'Object Repository/TF_Customer_Create/3_Common_Action_Buttons/Click_Apply_Button/td_Apply' is clicked on

2018-12-14 15:37:12 - [MESSAGE][PASSED] - Object: 'Object Repository/TF_Customer_Create/3_Common_Action_Buttons/Click_Apply_Button/td_Apply' is clicked on

2018-12-14 15:37:12 - [TEST_STEP][PASSED] - delay(2): Delayed 2 second(s)

2018-12-14 15:37:14 - [MESSAGE][PASSED] - Delayed 2 second(s)

2018-12-14 15:37:14 - [TEST_STEP][PASSED] - click(findTestObject("TF_Customer_Create/3_Common_Action_Buttons/Click_Save_Button/btn_Save")): Object: 'Object Repository/TF_Customer_Create/3_Common_Action_Buttons/Click_Save_Button/btn_Save' is clicked on

2018-12-14 15:37:14 - [MESSAGE][PASSED] - Object: 'Object Repository/TF_Customer_Create/3_Common_Action_Buttons/Click_Save_Button/btn_Save' is clicked on

2018-12-14 15:37:14 - [TEST_STEP][PASSED] - delay(2): Delayed 2 second(s)

2018-12-14 15:37:16 - [MESSAGE][PASSED] - Delayed 2 second(s)

2018-12-14 15:37:16 - [TEST_STEP][NOT_RUN] - verifyElementText(findTestObject("TF_Customer_Create/3_Common_Action_Buttons/Verify_Success_Message/Success_Message"), "Record has been saved successfully.", CONTINUE_ON_FAILURE): NOT_RUN: verifyElementText(findTestObject("TF_Customer_Create/3_Common_Action_Buttons/Verify_Success_Message/Success_Message"), "Record has been saved successfully.", CONTINUE_ON_FAILURE)

2018-12-14 15:37:16 - [MESSAGE][NOT_RUN] - NOT_RUN: verifyElementText(findTestObject("TF_Customer_Create/3_Common_Action_Buttons/Verify_Success_Message/Success_Message"), "Record has been saved successfully.", CONTINUE_ON_FAILURE)

2018-12-14 15:37:16 - [TEST_STEP][NOT_RUN] - click(findTestObject("TF_Customer_Create/3_Common_Action_Buttons/Click_Data_Tab/span_Data_Tab")): NOT_RUN: click(findTestObject("TF_Customer_Create/3_Common_Action_Buttons/Click_Data_Tab/span_Data_Tab"))

2018-12-14 15:37:16 - [MESSAGE][NOT_RUN] - NOT_RUN: click(findTestObject("TF_Customer_Create/3_Common_Action_Buttons/Click_Data_Tab/span_Data_Tab"))

2018-12-14 15:37:16 - [TEST_STEP][NOT_RUN] - delay(1): NOT_RUN: delay(1)

2018-12-14 15:37:16 - [MESSAGE][NOT_RUN] - NOT_RUN: delay(1)

2018-12-14 15:37:16 - [TEST_STEP][NOT_RUN] - click(findTestObject("TF_Customer_Create/3_Common_Action_Buttons/Click_Close_Button/btn_Close")): NOT_RUN: click(findTestObject("TF_Customer_Create/3_Common_Action_Buttons/Click_Close_Button/btn_Close"))

2018-12-14 15:37:16 - [MESSAGE][NOT_RUN] - NOT_RUN: click(findTestObject("TF_Customer_Create/3_Common_Action_Buttons/Click_Close_Button/btn_Close"))

2018-12-14 15:37:16 - [TEST_STEP][NOT_RUN] - delay(1): NOT_RUN: delay(1)

2018-12-14 15:37:16 - [MESSAGE][NOT_RUN] - NOT_RUN: delay(1)

2018-12-14 15:37:16 - [TEST_STEP][ERROR] - vrfy_SREG = com.oracledb.regressiontest.verifySREG(ora_connt, ora_usr, ora_psswrd, ora_schema, input_Sales_Reg_Cd): vrfy_SREG = com.oracledb.regressiontest.verifySREG(ora_connt, ora_usr, ora_psswrd, ora_schema, input_Sales_Reg_Cd) FAILED.
Reason:
org.codehaus.groovy.runtime.InvokerInvocationException: java.sql.SQLException: The url cannot be null
	at com.oracledb.regressiontest.invokeMethod(regressiontest.groovy)
	at com.kms.katalon.core.main.CustomKeywordDelegatingMetaClass.invokeStaticMethod(CustomKeywordDelegatingMetaClass.java:49)
	at TC_9_Create_SHL4_Sales_Region.run(TC_9_Create_SHL4_Sales_Region:80)
	at com.kms.katalon.core.main.ScriptEngine.run(ScriptEngine.java:194)
	at com.kms.katalon.core.main.ScriptEngine.runScriptAsRawText(ScriptEngine.java:119)
	at com.kms.katalon.core.main.TestCaseExecutor.runScript(TestCaseExecutor.java:321)
	at com.kms.katalon.core.main.TestCaseExecutor.doExecute(TestCaseExecutor.java:312)
	at com.kms.katalon.core.main.TestCaseExecutor.processExecutionPhase(TestCaseExecutor.java:291)
	at com.kms.katalon.core.main.TestCaseExecutor.accessMainPhase(TestCaseExecutor.java:283)
	at com.kms.katalon.core.main.TestCaseExecutor.execute(TestCaseExecutor.java:222)
	at com.kms.katalon.core.main.TestSuiteExecutor.accessTestCaseMainPhase(TestSuiteExecutor.java:129)
	at com.kms.katalon.core.main.TestSuiteExecutor.accessTestSuiteMainPhase(TestSuiteExecutor.java:112)
	at com.kms.katalon.core.main.TestSuiteExecutor.execute(TestSuiteExecutor.java:81)
	at com.kms.katalon.core.main.TestCaseMain.startTestSuite(TestCaseMain.java:149)
	at com.kms.katalon.core.main.TestCaseMain$startTestSuite$0.call(Unknown Source)
	at TempTestSuite1544783619637.run(TempTestSuite1544783619637.groovy:36)
Caused by: java.sql.SQLException: The url cannot be null
	at com.oracledb.regressiontest.verifySREG(regressiontest.groovy:217)
	at com.oracledb.regressiontest.invokeMethod(regressiontest.groovy)
	at com.kms.katalon.core.main.CustomKeywordDelegatingMetaClass.invokeStaticMethod(CustomKeywordDelegatingMetaClass.java:49)
	at Script1542199427498.run(Script1542199427498.groovy:80)
	... 13 more


2018-12-14 15:37:16 - [MESSAGE][ERROR] - java.sql.SQLException: The url cannot be null

2018-12-14 15:37:16 - [MESSAGE][ERROR] - vrfy_SREG = com.oracledb.regressiontest.verifySREG(ora_connt, ora_usr, ora_psswrd, ora_schema, input_Sales_Reg_Cd) FAILED.
Reason:
org.codehaus.groovy.runtime.InvokerInvocationException: java.sql.SQLException: The url cannot be null
	at com.oracledb.regressiontest.invokeMethod(regressiontest.groovy)
	at com.kms.katalon.core.main.CustomKeywordDelegatingMetaClass.invokeStaticMethod(CustomKeywordDelegatingMetaClass.java:49)
	at TC_9_Create_SHL4_Sales_Region.run(TC_9_Create_SHL4_Sales_Region:80)
	at com.kms.katalon.core.main.ScriptEngine.run(ScriptEngine.java:194)
	at com.kms.katalon.core.main.ScriptEngine.runScriptAsRawText(ScriptEngine.java:119)
	at com.kms.katalon.core.main.TestCaseExecutor.runScript(TestCaseExecutor.java:321)
	at com.kms.katalon.core.main.TestCaseExecutor.doExecute(TestCaseExecutor.java:312)
	at com.kms.katalon.core.main.TestCaseExecutor.processExecutionPhase(TestCaseExecutor.java:291)
	at com.kms.katalon.core.main.TestCaseExecutor.accessMainPhase(TestCaseExecutor.java:283)
	at com.kms.katalon.core.main.TestCaseExecutor.execute(TestCaseExecutor.java:222)
	at com.kms.katalon.core.main.TestSuiteExecutor.accessTestCaseMainPhase(TestSuiteExecutor.java:129)
	at com.kms.katalon.core.main.TestSuiteExecutor.accessTestSuiteMainPhase(TestSuiteExecutor.java:112)
	at com.kms.katalon.core.main.TestSuiteExecutor.execute(TestSuiteExecutor.java:81)
	at com.kms.katalon.core.main.TestCaseMain.startTestSuite(TestCaseMain.java:149)
	at com.kms.katalon.core.main.TestCaseMain$startTestSuite$0.call(Unknown Source)
	at TempTestSuite1544783619637.run(TempTestSuite1544783619637.groovy:36)
Caused by: java.sql.SQLException: The url cannot be null
	at com.oracledb.regressiontest.verifySREG(regressiontest.groovy:217)
	at com.oracledb.regressiontest.invokeMethod(regressiontest.groovy)
	at com.kms.katalon.core.main.CustomKeywordDelegatingMetaClass.invokeStaticMethod(CustomKeywordDelegatingMetaClass.java:49)
	at Script1542199427498.run(Script1542199427498.groovy:80)
	... 13 more]]></system-out>
         <system-err><![CDATA[2018-12-14 15:37:02 - [TEST_CASE][ERROR] - Test Cases/Regression_TF_Customer/Create_Record/TC_9_Create_SHL4_Sales_Region: Test Cases/Regression_TF_Customer/Create_Record/TC_9_Create_SHL4_Sales_Region FAILED.
Reason:
org.codehaus.groovy.runtime.InvokerInvocationException: java.sql.SQLException: The url cannot be null
	at com.oracledb.regressiontest.invokeMethod(regressiontest.groovy)
	at com.kms.katalon.core.main.CustomKeywordDelegatingMetaClass.invokeStaticMethod(CustomKeywordDelegatingMetaClass.java:49)
	at TC_9_Create_SHL4_Sales_Region.run(TC_9_Create_SHL4_Sales_Region:80)
	at com.kms.katalon.core.main.ScriptEngine.run(ScriptEngine.java:194)
	at com.kms.katalon.core.main.ScriptEngine.runScriptAsRawText(ScriptEngine.java:119)
	at com.kms.katalon.core.main.TestCaseExecutor.runScript(TestCaseExecutor.java:321)
	at com.kms.katalon.core.main.TestCaseExecutor.doExecute(TestCaseExecutor.java:312)
	at com.kms.katalon.core.main.TestCaseExecutor.processExecutionPhase(TestCaseExecutor.java:291)
	at com.kms.katalon.core.main.TestCaseExecutor.accessMainPhase(TestCaseExecutor.java:283)
	at com.kms.katalon.core.main.TestCaseExecutor.execute(TestCaseExecutor.java:222)
	at com.kms.katalon.core.main.TestSuiteExecutor.accessTestCaseMainPhase(TestSuiteExecutor.java:129)
	at com.kms.katalon.core.main.TestSuiteExecutor.accessTestSuiteMainPhase(TestSuiteExecutor.java:112)
	at com.kms.katalon.core.main.TestSuiteExecutor.execute(TestSuiteExecutor.java:81)
	at com.kms.katalon.core.main.TestCaseMain.startTestSuite(TestCaseMain.java:149)
	at com.kms.katalon.core.main.TestCaseMain$startTestSuite$0.call(Unknown Source)
	at TempTestSuite1544783619637.run(TempTestSuite1544783619637.groovy:36)
Caused by: java.sql.SQLException: The url cannot be null
	at com.oracledb.regressiontest.verifySREG(regressiontest.groovy:217)
	at com.oracledb.regressiontest.invokeMethod(regressiontest.groovy)
	at com.kms.katalon.core.main.CustomKeywordDelegatingMetaClass.invokeStaticMethod(CustomKeywordDelegatingMetaClass.java:49)
	at Script1542199427498.run(Script1542199427498.groovy:80)
	... 13 more]]></system-err>
      </testcase>
      <testcase name="Test Cases/Regression_TF_Customer/Create_Record/TC_10_Create_SHL5_Sales_Market" classname="Test Cases/Regression_TF_Customer/Create_Record/TC_10_Create_SHL5_Sales_Market" status="ERROR">
         <error type="ERROR" message="Test Cases/Regression_TF_Customer/Create_Record/TC_10_Create_SHL5_Sales_Market FAILED.
Reason:
org.codehaus.groovy.runtime.InvokerInvocationException: java.sql.SQLException: The url cannot be null
	at com.oracledb.regressiontest.invokeMethod(regressiontest.groovy)
	at com.kms.katalon.core.main.CustomKeywordDelegatingMetaClass.invokeStaticMethod(CustomKeywordDelegatingMetaClass.java:49)
	at TC_10_Create_SHL5_Sales_Market.run(TC_10_Create_SHL5_Sales_Market:78)
	at com.kms.katalon.core.main.ScriptEngine.run(ScriptEngine.java:194)
	at com.kms.katalon.core.main.ScriptEngine.runScriptAsRawText(ScriptEngine.java:119)
	at com.kms.katalon.core.main.TestCaseExecutor.runScript(TestCaseExecutor.java:321)
	at com.kms.katalon.core.main.TestCaseExecutor.doExecute(TestCaseExecutor.java:312)
	at com.kms.katalon.core.main.TestCaseExecutor.processExecutionPhase(TestCaseExecutor.java:291)
	at com.kms.katalon.core.main.TestCaseExecutor.accessMainPhase(TestCaseExecutor.java:283)
	at com.kms.katalon.core.main.TestCaseExecutor.execute(TestCaseExecutor.java:222)
	at com.kms.katalon.core.main.TestSuiteExecutor.accessTestCaseMainPhase(TestSuiteExecutor.java:129)
	at com.kms.katalon.core.main.TestSuiteExecutor.accessTestSuiteMainPhase(TestSuiteExecutor.java:112)
	at com.kms.katalon.core.main.TestSuiteExecutor.execute(TestSuiteExecutor.java:81)
	at com.kms.katalon.core.main.TestCaseMain.startTestSuite(TestCaseMain.java:149)
	at com.kms.katalon.core.main.TestCaseMain$startTestSuite$0.call(Unknown Source)
	at TempTestSuite1544783619637.run(TempTestSuite1544783619637.groovy:36)
Caused by: java.sql.SQLException: The url cannot be null
	at com.oracledb.regressiontest.verifySMKT(regressiontest.groovy:228)
	at com.oracledb.regressiontest.invokeMethod(regressiontest.groovy)
	at com.kms.katalon.core.main.CustomKeywordDelegatingMetaClass.invokeStaticMethod(CustomKeywordDelegatingMetaClass.java:49)
	at Script1542199443752.run(Script1542199443752.groovy:78)
	... 13 more
"/>
         <system-out><![CDATA[2018-12-14 15:37:16 - [TEST_CASE][ERROR] - Test Cases/Regression_TF_Customer/Create_Record/TC_10_Create_SHL5_Sales_Market: Test Cases/Regression_TF_Customer/Create_Record/TC_10_Create_SHL5_Sales_Market FAILED.
Reason:
org.codehaus.groovy.runtime.InvokerInvocationException: java.sql.SQLException: The url cannot be null
	at com.oracledb.regressiontest.invokeMethod(regressiontest.groovy)
	at com.kms.katalon.core.main.CustomKeywordDelegatingMetaClass.invokeStaticMethod(CustomKeywordDelegatingMetaClass.java:49)
	at TC_10_Create_SHL5_Sales_Market.run(TC_10_Create_SHL5_Sales_Market:78)
	at com.kms.katalon.core.main.ScriptEngine.run(ScriptEngine.java:194)
	at com.kms.katalon.core.main.ScriptEngine.runScriptAsRawText(ScriptEngine.java:119)
	at com.kms.katalon.core.main.TestCaseExecutor.runScript(TestCaseExecutor.java:321)
	at com.kms.katalon.core.main.TestCaseExecutor.doExecute(TestCaseExecutor.java:312)
	at com.kms.katalon.core.main.TestCaseExecutor.processExecutionPhase(TestCaseExecutor.java:291)
	at com.kms.katalon.core.main.TestCaseExecutor.accessMainPhase(TestCaseExecutor.java:283)
	at com.kms.katalon.core.main.TestCaseExecutor.execute(TestCaseExecutor.java:222)
	at com.kms.katalon.core.main.TestSuiteExecutor.accessTestCaseMainPhase(TestSuiteExecutor.java:129)
	at com.kms.katalon.core.main.TestSuiteExecutor.accessTestSuiteMainPhase(TestSuiteExecutor.java:112)
	at com.kms.katalon.core.main.TestSuiteExecutor.execute(TestSuiteExecutor.java:81)
	at com.kms.katalon.core.main.TestCaseMain.startTestSuite(TestCaseMain.java:149)
	at com.kms.katalon.core.main.TestCaseMain$startTestSuite$0.call(Unknown Source)
	at TempTestSuite1544783619637.run(TempTestSuite1544783619637.groovy:36)
Caused by: java.sql.SQLException: The url cannot be null
	at com.oracledb.regressiontest.verifySMKT(regressiontest.groovy:228)
	at com.oracledb.regressiontest.invokeMethod(regressiontest.groovy)
	at com.kms.katalon.core.main.CustomKeywordDelegatingMetaClass.invokeStaticMethod(CustomKeywordDelegatingMetaClass.java:49)
	at Script1542199443752.run(Script1542199443752.groovy:78)
	... 13 more


2018-12-14 15:37:16 - [TEST_STEP][PASSED] - waitForPageLoad(G_Timeout): Wait for page load successfully

2018-12-14 15:37:16 - [MESSAGE][PASSED] - Wait for page load successfully

2018-12-14 15:37:16 - [TEST_STEP][PASSED] - mouseOver(findTestObject("TF_Customer_Create/1_Menu_Navigation_To_Open_All_Pages/0_Menu_Create_In_Data_View")): Object: 'Object Repository/TF_Customer_Create/1_Menu_Navigation_To_Open_All_Pages/0_Menu_Create_In_Data_View' is hovered

2018-12-14 15:37:16 - [MESSAGE][PASSED] - Object: 'Object Repository/TF_Customer_Create/1_Menu_Navigation_To_Open_All_Pages/0_Menu_Create_In_Data_View' is hovered

2018-12-14 15:37:16 - [TEST_STEP][PASSED] - waitForPageLoad(G_Timeout): Wait for page load successfully

2018-12-14 15:37:16 - [MESSAGE][PASSED] - Wait for page load successfully

2018-12-14 15:37:16 - [TEST_STEP][PASSED] - mouseOver(findTestObject("TF_Customer_Create/1_Menu_Navigation_To_Open_All_Pages/1_Menu_Create_Master_Data")): Object: 'Object Repository/TF_Customer_Create/1_Menu_Navigation_To_Open_All_Pages/1_Menu_Create_Master_Data' is hovered

2018-12-14 15:37:16 - [MESSAGE][PASSED] - Object: 'Object Repository/TF_Customer_Create/1_Menu_Navigation_To_Open_All_Pages/1_Menu_Create_Master_Data' is hovered

2018-12-14 15:37:16 - [TEST_STEP][PASSED] - waitForPageLoad(G_Timeout): Wait for page load successfully

2018-12-14 15:37:16 - [MESSAGE][PASSED] - Wait for page load successfully

2018-12-14 15:37:16 - [TEST_STEP][PASSED] - mouseOver(findTestObject("TF_Customer_Create/1_Menu_Navigation_To_Open_All_Pages/2_Sales_Hierarchy_Level_Hoverover")): Object: 'Object Repository/TF_Customer_Create/1_Menu_Navigation_To_Open_All_Pages/2_Sales_Hierarchy_Level_Hoverover' is hovered

2018-12-14 15:37:17 - [MESSAGE][PASSED] - Object: 'Object Repository/TF_Customer_Create/1_Menu_Navigation_To_Open_All_Pages/2_Sales_Hierarchy_Level_Hoverover' is hovered

2018-12-14 15:37:17 - [TEST_STEP][PASSED] - waitForPageLoad(G_Timeout): Wait for page load successfully

2018-12-14 15:37:17 - [MESSAGE][PASSED] - Wait for page load successfully

2018-12-14 15:37:17 - [TEST_STEP][PASSED] - click(findTestObject("TF_Customer_Create/2_Select_Menu_Options(All)/Sales_Hierarchy_Level/5_Menu_Sales Market")): Object: 'Object Repository/TF_Customer_Create/2_Select_Menu_Options(All)/Sales_Hierarchy_Level/5_Menu_Sales Market' is clicked on

2018-12-14 15:37:17 - [MESSAGE][PASSED] - Object: 'Object Repository/TF_Customer_Create/2_Select_Menu_Options(All)/Sales_Hierarchy_Level/5_Menu_Sales Market' is clicked on

2018-12-14 15:37:17 - [TEST_STEP][PASSED] - waitForPageLoad(G_Timeout): Wait for page load successfully

2018-12-14 15:37:17 - [MESSAGE][PASSED] - Wait for page load successfully

2018-12-14 15:37:17 - [TEST_STEP][PASSED] - delay(3): Delayed 3 second(s)

2018-12-14 15:37:20 - [MESSAGE][PASSED] - Delayed 3 second(s)

2018-12-14 15:37:20 - [TEST_STEP][PASSED] - setText(findTestObject("TF_Customer_Create/4_Create_Objects_And_Save/10_Create_SHL5_Sales_Market/Input_Sales_Market_Code/input_Sales_Market_Cd"), input_Sales_Mkt_Cd): Text '20015' is set on object 'Object Repository/TF_Customer_Create/4_Create_Objects_And_Save/10_Create_SHL5_Sales_Market/Input_Sales_Market_Code/input_Sales_Market_Cd'

2018-12-14 15:37:20 - [MESSAGE][PASSED] - Text '20015' is set on object 'Object Repository/TF_Customer_Create/4_Create_Objects_And_Save/10_Create_SHL5_Sales_Market/Input_Sales_Market_Code/input_Sales_Market_Cd'

2018-12-14 15:37:20 - [TEST_STEP][PASSED] - setText(findTestObject("TF_Customer_Create/4_Create_Objects_And_Save/10_Create_SHL5_Sales_Market/Input_Sales_Market_Name/input_Sales_Market_Nm"), input_Sales_Mkt_Nm): Text 'Test_Sales_Mkt_0015' is set on object 'Object Repository/TF_Customer_Create/4_Create_Objects_And_Save/10_Create_SHL5_Sales_Market/Input_Sales_Market_Name/input_Sales_Market_Nm'

2018-12-14 15:37:21 - [MESSAGE][PASSED] - Text 'Test_Sales_Mkt_0015' is set on object 'Object Repository/TF_Customer_Create/4_Create_Objects_And_Save/10_Create_SHL5_Sales_Market/Input_Sales_Market_Name/input_Sales_Market_Nm'

2018-12-14 15:37:21 - [TEST_STEP][PASSED] - delay(2): Delayed 2 second(s)

2018-12-14 15:37:23 - [MESSAGE][PASSED] - Delayed 2 second(s)

2018-12-14 15:37:23 - [TEST_STEP][PASSED] - click(findTestObject("TF_Customer_Create/4_Create_Objects_And_Save/Choose_Sales_Org/Click_Sales_Org_DD"), CONTINUE_ON_FAILURE): Object: 'Object Repository/TF_Customer_Create/4_Create_Objects_And_Save/Choose_Sales_Org/Click_Sales_Org_DD' is clicked on

2018-12-14 15:37:23 - [MESSAGE][PASSED] - Object: 'Object Repository/TF_Customer_Create/4_Create_Objects_And_Save/Choose_Sales_Org/Click_Sales_Org_DD' is clicked on

2018-12-14 15:37:23 - [TEST_STEP][PASSED] - click(findTestObject("TF_Customer_Create/4_Create_Objects_And_Save/Choose_Sales_Org/CA_Object"), CONTINUE_ON_FAILURE): Object: 'Object Repository/TF_Customer_Create/4_Create_Objects_And_Save/Choose_Sales_Org/CA_Object' is clicked on

2018-12-14 15:37:23 - [MESSAGE][PASSED] - Object: 'Object Repository/TF_Customer_Create/4_Create_Objects_And_Save/Choose_Sales_Org/CA_Object' is clicked on

2018-12-14 15:37:23 - [TEST_STEP][PASSED] - delay(2): Delayed 2 second(s)

2018-12-14 15:37:25 - [MESSAGE][PASSED] - Delayed 2 second(s)

2018-12-14 15:37:25 - [TEST_STEP][PASSED] - click(findTestObject("TF_Customer_Create/3_Common_Action_Buttons/Click_Apply_Button/td_Apply")): Object: 'Object Repository/TF_Customer_Create/3_Common_Action_Buttons/Click_Apply_Button/td_Apply' is clicked on

2018-12-14 15:37:25 - [MESSAGE][PASSED] - Object: 'Object Repository/TF_Customer_Create/3_Common_Action_Buttons/Click_Apply_Button/td_Apply' is clicked on

2018-12-14 15:37:25 - [TEST_STEP][PASSED] - delay(2): Delayed 2 second(s)

2018-12-14 15:37:27 - [MESSAGE][PASSED] - Delayed 2 second(s)

2018-12-14 15:37:27 - [TEST_STEP][PASSED] - click(findTestObject("TF_Customer_Create/3_Common_Action_Buttons/Click_Save_Button/btn_Save")): Object: 'Object Repository/TF_Customer_Create/3_Common_Action_Buttons/Click_Save_Button/btn_Save' is clicked on

2018-12-14 15:37:27 - [MESSAGE][PASSED] - Object: 'Object Repository/TF_Customer_Create/3_Common_Action_Buttons/Click_Save_Button/btn_Save' is clicked on

2018-12-14 15:37:27 - [TEST_STEP][PASSED] - delay(2): Delayed 2 second(s)

2018-12-14 15:37:29 - [MESSAGE][PASSED] - Delayed 2 second(s)

2018-12-14 15:37:29 - [TEST_STEP][NOT_RUN] - verifyElementText(findTestObject("TF_Customer_Create/3_Common_Action_Buttons/Verify_Success_Message/Success_Message"), "Record has been saved successfully.", CONTINUE_ON_FAILURE): NOT_RUN: verifyElementText(findTestObject("TF_Customer_Create/3_Common_Action_Buttons/Verify_Success_Message/Success_Message"), "Record has been saved successfully.", CONTINUE_ON_FAILURE)

2018-12-14 15:37:29 - [MESSAGE][NOT_RUN] - NOT_RUN: verifyElementText(findTestObject("TF_Customer_Create/3_Common_Action_Buttons/Verify_Success_Message/Success_Message"), "Record has been saved successfully.", CONTINUE_ON_FAILURE)

2018-12-14 15:37:29 - [TEST_STEP][NOT_RUN] - click(findTestObject("TF_Customer_Create/3_Common_Action_Buttons/Click_Data_Tab/span_Data_Tab")): NOT_RUN: click(findTestObject("TF_Customer_Create/3_Common_Action_Buttons/Click_Data_Tab/span_Data_Tab"))

2018-12-14 15:37:29 - [MESSAGE][NOT_RUN] - NOT_RUN: click(findTestObject("TF_Customer_Create/3_Common_Action_Buttons/Click_Data_Tab/span_Data_Tab"))

2018-12-14 15:37:29 - [TEST_STEP][NOT_RUN] - delay(1): NOT_RUN: delay(1)

2018-12-14 15:37:29 - [MESSAGE][NOT_RUN] - NOT_RUN: delay(1)

2018-12-14 15:37:29 - [TEST_STEP][NOT_RUN] - click(findTestObject("TF_Customer_Create/3_Common_Action_Buttons/Click_Close_Button/btn_Close")): NOT_RUN: click(findTestObject("TF_Customer_Create/3_Common_Action_Buttons/Click_Close_Button/btn_Close"))

2018-12-14 15:37:29 - [MESSAGE][NOT_RUN] - NOT_RUN: click(findTestObject("TF_Customer_Create/3_Common_Action_Buttons/Click_Close_Button/btn_Close"))

2018-12-14 15:37:29 - [TEST_STEP][NOT_RUN] - delay(1): NOT_RUN: delay(1)

2018-12-14 15:37:29 - [MESSAGE][NOT_RUN] - NOT_RUN: delay(1)

2018-12-14 15:37:29 - [TEST_STEP][ERROR] - vrfy_SMKT = com.oracledb.regressiontest.verifySMKT(ora_connt, ora_usr, ora_psswrd, ora_schema, input_Sales_Mkt_Cd): vrfy_SMKT = com.oracledb.regressiontest.verifySMKT(ora_connt, ora_usr, ora_psswrd, ora_schema, input_Sales_Mkt_Cd) FAILED.
Reason:
org.codehaus.groovy.runtime.InvokerInvocationException: java.sql.SQLException: The url cannot be null
	at com.oracledb.regressiontest.invokeMethod(regressiontest.groovy)
	at com.kms.katalon.core.main.CustomKeywordDelegatingMetaClass.invokeStaticMethod(CustomKeywordDelegatingMetaClass.java:49)
	at TC_10_Create_SHL5_Sales_Market.run(TC_10_Create_SHL5_Sales_Market:78)
	at com.kms.katalon.core.main.ScriptEngine.run(ScriptEngine.java:194)
	at com.kms.katalon.core.main.ScriptEngine.runScriptAsRawText(ScriptEngine.java:119)
	at com.kms.katalon.core.main.TestCaseExecutor.runScript(TestCaseExecutor.java:321)
	at com.kms.katalon.core.main.TestCaseExecutor.doExecute(TestCaseExecutor.java:312)
	at com.kms.katalon.core.main.TestCaseExecutor.processExecutionPhase(TestCaseExecutor.java:291)
	at com.kms.katalon.core.main.TestCaseExecutor.accessMainPhase(TestCaseExecutor.java:283)
	at com.kms.katalon.core.main.TestCaseExecutor.execute(TestCaseExecutor.java:222)
	at com.kms.katalon.core.main.TestSuiteExecutor.accessTestCaseMainPhase(TestSuiteExecutor.java:129)
	at com.kms.katalon.core.main.TestSuiteExecutor.accessTestSuiteMainPhase(TestSuiteExecutor.java:112)
	at com.kms.katalon.core.main.TestSuiteExecutor.execute(TestSuiteExecutor.java:81)
	at com.kms.katalon.core.main.TestCaseMain.startTestSuite(TestCaseMain.java:149)
	at com.kms.katalon.core.main.TestCaseMain$startTestSuite$0.call(Unknown Source)
	at TempTestSuite1544783619637.run(TempTestSuite1544783619637.groovy:36)
Caused by: java.sql.SQLException: The url cannot be null
	at com.oracledb.regressiontest.verifySMKT(regressiontest.groovy:228)
	at com.oracledb.regressiontest.invokeMethod(regressiontest.groovy)
	at com.kms.katalon.core.main.CustomKeywordDelegatingMetaClass.invokeStaticMethod(CustomKeywordDelegatingMetaClass.java:49)
	at Script1542199443752.run(Script1542199443752.groovy:78)
	... 13 more


2018-12-14 15:37:29 - [MESSAGE][ERROR] - java.sql.SQLException: The url cannot be null

2018-12-14 15:37:29 - [MESSAGE][ERROR] - vrfy_SMKT = com.oracledb.regressiontest.verifySMKT(ora_connt, ora_usr, ora_psswrd, ora_schema, input_Sales_Mkt_Cd) FAILED.
Reason:
org.codehaus.groovy.runtime.InvokerInvocationException: java.sql.SQLException: The url cannot be null
	at com.oracledb.regressiontest.invokeMethod(regressiontest.groovy)
	at com.kms.katalon.core.main.CustomKeywordDelegatingMetaClass.invokeStaticMethod(CustomKeywordDelegatingMetaClass.java:49)
	at TC_10_Create_SHL5_Sales_Market.run(TC_10_Create_SHL5_Sales_Market:78)
	at com.kms.katalon.core.main.ScriptEngine.run(ScriptEngine.java:194)
	at com.kms.katalon.core.main.ScriptEngine.runScriptAsRawText(ScriptEngine.java:119)
	at com.kms.katalon.core.main.TestCaseExecutor.runScript(TestCaseExecutor.java:321)
	at com.kms.katalon.core.main.TestCaseExecutor.doExecute(TestCaseExecutor.java:312)
	at com.kms.katalon.core.main.TestCaseExecutor.processExecutionPhase(TestCaseExecutor.java:291)
	at com.kms.katalon.core.main.TestCaseExecutor.accessMainPhase(TestCaseExecutor.java:283)
	at com.kms.katalon.core.main.TestCaseExecutor.execute(TestCaseExecutor.java:222)
	at com.kms.katalon.core.main.TestSuiteExecutor.accessTestCaseMainPhase(TestSuiteExecutor.java:129)
	at com.kms.katalon.core.main.TestSuiteExecutor.accessTestSuiteMainPhase(TestSuiteExecutor.java:112)
	at com.kms.katalon.core.main.TestSuiteExecutor.execute(TestSuiteExecutor.java:81)
	at com.kms.katalon.core.main.TestCaseMain.startTestSuite(TestCaseMain.java:149)
	at com.kms.katalon.core.main.TestCaseMain$startTestSuite$0.call(Unknown Source)
	at TempTestSuite1544783619637.run(TempTestSuite1544783619637.groovy:36)
Caused by: java.sql.SQLException: The url cannot be null
	at com.oracledb.regressiontest.verifySMKT(regressiontest.groovy:228)
	at com.oracledb.regressiontest.invokeMethod(regressiontest.groovy)
	at com.kms.katalon.core.main.CustomKeywordDelegatingMetaClass.invokeStaticMethod(CustomKeywordDelegatingMetaClass.java:49)
	at Script1542199443752.run(Script1542199443752.groovy:78)
	... 13 more]]></system-out>
         <system-err><![CDATA[2018-12-14 15:37:16 - [TEST_CASE][ERROR] - Test Cases/Regression_TF_Customer/Create_Record/TC_10_Create_SHL5_Sales_Market: Test Cases/Regression_TF_Customer/Create_Record/TC_10_Create_SHL5_Sales_Market FAILED.
Reason:
org.codehaus.groovy.runtime.InvokerInvocationException: java.sql.SQLException: The url cannot be null
	at com.oracledb.regressiontest.invokeMethod(regressiontest.groovy)
	at com.kms.katalon.core.main.CustomKeywordDelegatingMetaClass.invokeStaticMethod(CustomKeywordDelegatingMetaClass.java:49)
	at TC_10_Create_SHL5_Sales_Market.run(TC_10_Create_SHL5_Sales_Market:78)
	at com.kms.katalon.core.main.ScriptEngine.run(ScriptEngine.java:194)
	at com.kms.katalon.core.main.ScriptEngine.runScriptAsRawText(ScriptEngine.java:119)
	at com.kms.katalon.core.main.TestCaseExecutor.runScript(TestCaseExecutor.java:321)
	at com.kms.katalon.core.main.TestCaseExecutor.doExecute(TestCaseExecutor.java:312)
	at com.kms.katalon.core.main.TestCaseExecutor.processExecutionPhase(TestCaseExecutor.java:291)
	at com.kms.katalon.core.main.TestCaseExecutor.accessMainPhase(TestCaseExecutor.java:283)
	at com.kms.katalon.core.main.TestCaseExecutor.execute(TestCaseExecutor.java:222)
	at com.kms.katalon.core.main.TestSuiteExecutor.accessTestCaseMainPhase(TestSuiteExecutor.java:129)
	at com.kms.katalon.core.main.TestSuiteExecutor.accessTestSuiteMainPhase(TestSuiteExecutor.java:112)
	at com.kms.katalon.core.main.TestSuiteExecutor.execute(TestSuiteExecutor.java:81)
	at com.kms.katalon.core.main.TestCaseMain.startTestSuite(TestCaseMain.java:149)
	at com.kms.katalon.core.main.TestCaseMain$startTestSuite$0.call(Unknown Source)
	at TempTestSuite1544783619637.run(TempTestSuite1544783619637.groovy:36)
Caused by: java.sql.SQLException: The url cannot be null
	at com.oracledb.regressiontest.verifySMKT(regressiontest.groovy:228)
	at com.oracledb.regressiontest.invokeMethod(regressiontest.groovy)
	at com.kms.katalon.core.main.CustomKeywordDelegatingMetaClass.invokeStaticMethod(CustomKeywordDelegatingMetaClass.java:49)
	at Script1542199443752.run(Script1542199443752.groovy:78)
	... 13 more]]></system-err>
      </testcase>
      <testcase name="Test Cases/Regression_TF_Customer/Create_Record/TC_11_Open_PA_Planning_Account" classname="Test Cases/Regression_TF_Customer/Create_Record/TC_11_Open_PA_Planning_Account" status="ERROR">
         <error type="ERROR" message="Test Cases/Regression_TF_Customer/Create_Record/TC_11_Open_PA_Planning_Account FAILED.
Reason:
org.codehaus.groovy.runtime.InvokerInvocationException: java.sql.SQLException: The url cannot be null
	at com.oracledb.regressiontest.invokeMethod(regressiontest.groovy)
	at com.kms.katalon.core.main.CustomKeywordDelegatingMetaClass.invokeStaticMethod(CustomKeywordDelegatingMetaClass.java:49)
	at TC_11_Open_PA_Planning_Account.run(TC_11_Open_PA_Planning_Account:87)
	at com.kms.katalon.core.main.ScriptEngine.run(ScriptEngine.java:194)
	at com.kms.katalon.core.main.ScriptEngine.runScriptAsRawText(ScriptEngine.java:119)
	at com.kms.katalon.core.main.TestCaseExecutor.runScript(TestCaseExecutor.java:321)
	at com.kms.katalon.core.main.TestCaseExecutor.doExecute(TestCaseExecutor.java:312)
	at com.kms.katalon.core.main.TestCaseExecutor.processExecutionPhase(TestCaseExecutor.java:291)
	at com.kms.katalon.core.main.TestCaseExecutor.accessMainPhase(TestCaseExecutor.java:283)
	at com.kms.katalon.core.main.TestCaseExecutor.execute(TestCaseExecutor.java:222)
	at com.kms.katalon.core.main.TestSuiteExecutor.accessTestCaseMainPhase(TestSuiteExecutor.java:129)
	at com.kms.katalon.core.main.TestSuiteExecutor.accessTestSuiteMainPhase(TestSuiteExecutor.java:112)
	at com.kms.katalon.core.main.TestSuiteExecutor.execute(TestSuiteExecutor.java:81)
	at com.kms.katalon.core.main.TestCaseMain.startTestSuite(TestCaseMain.java:149)
	at com.kms.katalon.core.main.TestCaseMain$startTestSuite$0.call(Unknown Source)
	at TempTestSuite1544783619637.run(TempTestSuite1544783619637.groovy:36)
Caused by: java.sql.SQLException: The url cannot be null
	at com.oracledb.regressiontest.verifyPLA(regressiontest.groovy:238)
	at com.oracledb.regressiontest.invokeMethod(regressiontest.groovy)
	at com.kms.katalon.core.main.CustomKeywordDelegatingMetaClass.invokeStaticMethod(CustomKeywordDelegatingMetaClass.java:49)
	at Script1540912045208.run(Script1540912045208.groovy:87)
	... 13 more
"/>
         <system-out><![CDATA[2018-12-14 15:37:29 - [TEST_CASE][ERROR] - Test Cases/Regression_TF_Customer/Create_Record/TC_11_Open_PA_Planning_Account: Test Cases/Regression_TF_Customer/Create_Record/TC_11_Open_PA_Planning_Account FAILED.
Reason:
org.codehaus.groovy.runtime.InvokerInvocationException: java.sql.SQLException: The url cannot be null
	at com.oracledb.regressiontest.invokeMethod(regressiontest.groovy)
	at com.kms.katalon.core.main.CustomKeywordDelegatingMetaClass.invokeStaticMethod(CustomKeywordDelegatingMetaClass.java:49)
	at TC_11_Open_PA_Planning_Account.run(TC_11_Open_PA_Planning_Account:87)
	at com.kms.katalon.core.main.ScriptEngine.run(ScriptEngine.java:194)
	at com.kms.katalon.core.main.ScriptEngine.runScriptAsRawText(ScriptEngine.java:119)
	at com.kms.katalon.core.main.TestCaseExecutor.runScript(TestCaseExecutor.java:321)
	at com.kms.katalon.core.main.TestCaseExecutor.doExecute(TestCaseExecutor.java:312)
	at com.kms.katalon.core.main.TestCaseExecutor.processExecutionPhase(TestCaseExecutor.java:291)
	at com.kms.katalon.core.main.TestCaseExecutor.accessMainPhase(TestCaseExecutor.java:283)
	at com.kms.katalon.core.main.TestCaseExecutor.execute(TestCaseExecutor.java:222)
	at com.kms.katalon.core.main.TestSuiteExecutor.accessTestCaseMainPhase(TestSuiteExecutor.java:129)
	at com.kms.katalon.core.main.TestSuiteExecutor.accessTestSuiteMainPhase(TestSuiteExecutor.java:112)
	at com.kms.katalon.core.main.TestSuiteExecutor.execute(TestSuiteExecutor.java:81)
	at com.kms.katalon.core.main.TestCaseMain.startTestSuite(TestCaseMain.java:149)
	at com.kms.katalon.core.main.TestCaseMain$startTestSuite$0.call(Unknown Source)
	at TempTestSuite1544783619637.run(TempTestSuite1544783619637.groovy:36)
Caused by: java.sql.SQLException: The url cannot be null
	at com.oracledb.regressiontest.verifyPLA(regressiontest.groovy:238)
	at com.oracledb.regressiontest.invokeMethod(regressiontest.groovy)
	at com.kms.katalon.core.main.CustomKeywordDelegatingMetaClass.invokeStaticMethod(CustomKeywordDelegatingMetaClass.java:49)
	at Script1540912045208.run(Script1540912045208.groovy:87)
	... 13 more


2018-12-14 15:37:29 - [TEST_STEP][PASSED] - waitForPageLoad(G_Timeout): Wait for page load successfully

2018-12-14 15:37:29 - [MESSAGE][PASSED] - Wait for page load successfully

2018-12-14 15:37:29 - [TEST_STEP][PASSED] - mouseOver(findTestObject("TF_Customer_Create/1_Menu_Navigation_To_Open_All_Pages/0_Menu_Create_In_Data_View")): Object: 'Object Repository/TF_Customer_Create/1_Menu_Navigation_To_Open_All_Pages/0_Menu_Create_In_Data_View' is hovered

2018-12-14 15:37:29 - [MESSAGE][PASSED] - Object: 'Object Repository/TF_Customer_Create/1_Menu_Navigation_To_Open_All_Pages/0_Menu_Create_In_Data_View' is hovered

2018-12-14 15:37:29 - [TEST_STEP][PASSED] - waitForPageLoad(G_Timeout): Wait for page load successfully

2018-12-14 15:37:29 - [MESSAGE][PASSED] - Wait for page load successfully

2018-12-14 15:37:29 - [TEST_STEP][PASSED] - mouseOver(findTestObject("TF_Customer_Create/1_Menu_Navigation_To_Open_All_Pages/1_Menu_Create_Master_Data")): Object: 'Object Repository/TF_Customer_Create/1_Menu_Navigation_To_Open_All_Pages/1_Menu_Create_Master_Data' is hovered

2018-12-14 15:37:29 - [MESSAGE][PASSED] - Object: 'Object Repository/TF_Customer_Create/1_Menu_Navigation_To_Open_All_Pages/1_Menu_Create_Master_Data' is hovered

2018-12-14 15:37:29 - [TEST_STEP][PASSED] - waitForPageLoad(G_Timeout): Wait for page load successfully

2018-12-14 15:37:29 - [MESSAGE][PASSED] - Wait for page load successfully

2018-12-14 15:37:29 - [TEST_STEP][PASSED] - mouseOver(findTestObject("TF_Customer_Create/1_Menu_Navigation_To_Open_All_Pages/3_Planning_Account_Hoverover_Option")): Object: 'Object Repository/TF_Customer_Create/1_Menu_Navigation_To_Open_All_Pages/3_Planning_Account_Hoverover_Option' is hovered

2018-12-14 15:37:30 - [MESSAGE][PASSED] - Object: 'Object Repository/TF_Customer_Create/1_Menu_Navigation_To_Open_All_Pages/3_Planning_Account_Hoverover_Option' is hovered

2018-12-14 15:37:30 - [TEST_STEP][PASSED] - waitForPageLoad(G_Timeout): Wait for page load successfully

2018-12-14 15:37:30 - [MESSAGE][PASSED] - Wait for page load successfully

2018-12-14 15:37:30 - [TEST_STEP][PASSED] - click(findTestObject("TF_Customer_Create/2_Select_Menu_Options(All)/Planning_Account/td_Planning Account_pad")): Object: 'Object Repository/TF_Customer_Create/2_Select_Menu_Options(All)/Planning_Account/td_Planning Account_pad' is clicked on

2018-12-14 15:37:30 - [MESSAGE][PASSED] - Object: 'Object Repository/TF_Customer_Create/2_Select_Menu_Options(All)/Planning_Account/td_Planning Account_pad' is clicked on

2018-12-14 15:37:30 - [TEST_STEP][PASSED] - waitForPageLoad(G_Timeout): Wait for page load successfully

2018-12-14 15:37:30 - [MESSAGE][PASSED] - Wait for page load successfully

2018-12-14 15:37:30 - [TEST_STEP][PASSED] - delay(3): Delayed 3 second(s)

2018-12-14 15:37:33 - [MESSAGE][PASSED] - Delayed 3 second(s)

2018-12-14 15:37:33 - [TEST_STEP][NOT_RUN] - setText(findTestObject("TF_Customer_Create/4_Create_Objects_And_Save/10_Create_SHL5_Sales_Market/Input_Sales_Market_Code/input_Sales_Market_Cd"), input_Sales_Mkt_Cd): NOT_RUN: setText(findTestObject("TF_Customer_Create/4_Create_Objects_And_Save/10_Create_SHL5_Sales_Market/Input_Sales_Market_Code/input_Sales_Market_Cd"), input_Sales_Mkt_Cd)

2018-12-14 15:37:33 - [MESSAGE][NOT_RUN] - NOT_RUN: setText(findTestObject("TF_Customer_Create/4_Create_Objects_And_Save/10_Create_SHL5_Sales_Market/Input_Sales_Market_Code/input_Sales_Market_Cd"), input_Sales_Mkt_Cd)

2018-12-14 15:37:33 - [TEST_STEP][PASSED] - setText(findTestObject("TF_Customer_Create/4_Create_Objects_And_Save/11_Create_Planning_Account/Input_Planning_Account_Name/input_Planning_Account_Nm"), input_Planning_Acct_Nm): Text 'TEST_PLANNING_ACCT_0012' is set on object 'Object Repository/TF_Customer_Create/4_Create_Objects_And_Save/11_Create_Planning_Account/Input_Planning_Account_Name/input_Planning_Account_Nm'

2018-12-14 15:37:34 - [MESSAGE][PASSED] - Text 'TEST_PLANNING_ACCT_0012' is set on object 'Object Repository/TF_Customer_Create/4_Create_Objects_And_Save/11_Create_Planning_Account/Input_Planning_Account_Name/input_Planning_Account_Nm'

2018-12-14 15:37:34 - [TEST_STEP][PASSED] - setText(findTestObject("TF_Customer_Create/4_Create_Objects_And_Save/Set_Effective_Dates/input_Effective_Start_Date"), input_Eff_Start_Dt): Text '14/Dec/2018' is set on object 'Object Repository/TF_Customer_Create/4_Create_Objects_And_Save/Set_Effective_Dates/input_Effective_Start_Date'

2018-12-14 15:37:34 - [MESSAGE][PASSED] - Text '14/Dec/2018' is set on object 'Object Repository/TF_Customer_Create/4_Create_Objects_And_Save/Set_Effective_Dates/input_Effective_Start_Date'

2018-12-14 15:37:34 - [TEST_STEP][PASSED] - setText(findTestObject("TF_Customer_Create/4_Create_Objects_And_Save/Set_Effective_Dates/input_Effective_End_Date"), input_Eff_End_Dt): Text '31/Dec/9999' is set on object 'Object Repository/TF_Customer_Create/4_Create_Objects_And_Save/Set_Effective_Dates/input_Effective_End_Date'

2018-12-14 15:37:34 - [MESSAGE][PASSED] - Text '31/Dec/9999' is set on object 'Object Repository/TF_Customer_Create/4_Create_Objects_And_Save/Set_Effective_Dates/input_Effective_End_Date'

2018-12-14 15:37:34 - [TEST_STEP][PASSED] - delay(2): Delayed 2 second(s)

2018-12-14 15:37:36 - [MESSAGE][PASSED] - Delayed 2 second(s)

2018-12-14 15:37:36 - [TEST_STEP][PASSED] - click(findTestObject("TF_Customer_Create/3_Common_Action_Buttons/Click_Data_Tab/span_Data_Tab")): Object: 'Object Repository/TF_Customer_Create/3_Common_Action_Buttons/Click_Data_Tab/span_Data_Tab' is clicked on

2018-12-14 15:37:36 - [MESSAGE][PASSED] - Object: 'Object Repository/TF_Customer_Create/3_Common_Action_Buttons/Click_Data_Tab/span_Data_Tab' is clicked on

2018-12-14 15:37:36 - [TEST_STEP][PASSED] - click(findTestObject("TF_Customer_Create/4_Create_Objects_And_Save/Choose_Sales_Org/Click_Sales_Org_DD"), CONTINUE_ON_FAILURE): Object: 'Object Repository/TF_Customer_Create/4_Create_Objects_And_Save/Choose_Sales_Org/Click_Sales_Org_DD' is clicked on

2018-12-14 15:37:36 - [MESSAGE][PASSED] - Object: 'Object Repository/TF_Customer_Create/4_Create_Objects_And_Save/Choose_Sales_Org/Click_Sales_Org_DD' is clicked on

2018-12-14 15:37:36 - [TEST_STEP][PASSED] - click(findTestObject("TF_Customer_Create/4_Create_Objects_And_Save/Choose_Sales_Org/CA_Object"), CONTINUE_ON_FAILURE): Object: 'Object Repository/TF_Customer_Create/4_Create_Objects_And_Save/Choose_Sales_Org/CA_Object' is clicked on

2018-12-14 15:37:36 - [MESSAGE][PASSED] - Object: 'Object Repository/TF_Customer_Create/4_Create_Objects_And_Save/Choose_Sales_Org/CA_Object' is clicked on

2018-12-14 15:37:36 - [TEST_STEP][PASSED] - delay(2): Delayed 2 second(s)

2018-12-14 15:37:38 - [MESSAGE][PASSED] - Delayed 2 second(s)

2018-12-14 15:37:38 - [TEST_STEP][PASSED] - click(findTestObject("TF_Customer_Create/3_Common_Action_Buttons/Click_Apply_Button/td_Apply")): Object: 'Object Repository/TF_Customer_Create/3_Common_Action_Buttons/Click_Apply_Button/td_Apply' is clicked on

2018-12-14 15:37:38 - [MESSAGE][PASSED] - Object: 'Object Repository/TF_Customer_Create/3_Common_Action_Buttons/Click_Apply_Button/td_Apply' is clicked on

2018-12-14 15:37:39 - [TEST_STEP][PASSED] - delay(2): Delayed 2 second(s)

2018-12-14 15:37:41 - [MESSAGE][PASSED] - Delayed 2 second(s)

2018-12-14 15:37:41 - [TEST_STEP][PASSED] - click(findTestObject("TF_Customer_Create/3_Common_Action_Buttons/Click_Save_Button/btn_Save")): Object: 'Object Repository/TF_Customer_Create/3_Common_Action_Buttons/Click_Save_Button/btn_Save' is clicked on

2018-12-14 15:37:41 - [MESSAGE][PASSED] - Object: 'Object Repository/TF_Customer_Create/3_Common_Action_Buttons/Click_Save_Button/btn_Save' is clicked on

2018-12-14 15:37:41 - [TEST_STEP][PASSED] - delay(2): Delayed 2 second(s)

2018-12-14 15:37:43 - [MESSAGE][PASSED] - Delayed 2 second(s)

2018-12-14 15:37:43 - [TEST_STEP][PASSED] - verifyElementText(findTestObject("TF_Customer_Create/3_Common_Action_Buttons/Verify_Success_Message/Success_Message"), "Record has been saved successfully.", CONTINUE_ON_FAILURE): Actual text and expected text of test object 'Object Repository/TF_Customer_Create/3_Common_Action_Buttons/Verify_Success_Message/Success_Message' are matched.

2018-12-14 15:37:44 - [MESSAGE][PASSED] - Actual text and expected text of test object 'Object Repository/TF_Customer_Create/3_Common_Action_Buttons/Verify_Success_Message/Success_Message' are matched.

2018-12-14 15:37:44 - [TEST_STEP][PASSED] - click(findTestObject("TF_Customer_Create/3_Common_Action_Buttons/Click_Data_Tab/span_Data_Tab")): Object: 'Object Repository/TF_Customer_Create/3_Common_Action_Buttons/Click_Data_Tab/span_Data_Tab' is clicked on

2018-12-14 15:37:44 - [MESSAGE][PASSED] - Object: 'Object Repository/TF_Customer_Create/3_Common_Action_Buttons/Click_Data_Tab/span_Data_Tab' is clicked on

2018-12-14 15:37:44 - [TEST_STEP][PASSED] - delay(1): Delayed 1 second(s)

2018-12-14 15:37:45 - [MESSAGE][PASSED] - Delayed 1 second(s)

2018-12-14 15:37:45 - [TEST_STEP][PASSED] - click(findTestObject("TF_Customer_Create/3_Common_Action_Buttons/Click_Close_Button/btn_Close")): Object: 'Object Repository/TF_Customer_Create/3_Common_Action_Buttons/Click_Close_Button/btn_Close' is clicked on

2018-12-14 15:37:45 - [MESSAGE][PASSED] - Object: 'Object Repository/TF_Customer_Create/3_Common_Action_Buttons/Click_Close_Button/btn_Close' is clicked on

2018-12-14 15:37:45 - [TEST_STEP][PASSED] - delay(1): Delayed 1 second(s)

2018-12-14 15:37:46 - [MESSAGE][PASSED] - Delayed 1 second(s)

2018-12-14 15:37:46 - [TEST_STEP][ERROR] - vrfy_PLA = com.oracledb.regressiontest.verifyPLA(ora_connt, ora_usr, ora_psswrd, ora_schema, input_Planning_Acct_Nm): vrfy_PLA = com.oracledb.regressiontest.verifyPLA(ora_connt, ora_usr, ora_psswrd, ora_schema, input_Planning_Acct_Nm) FAILED.
Reason:
org.codehaus.groovy.runtime.InvokerInvocationException: java.sql.SQLException: The url cannot be null
	at com.oracledb.regressiontest.invokeMethod(regressiontest.groovy)
	at com.kms.katalon.core.main.CustomKeywordDelegatingMetaClass.invokeStaticMethod(CustomKeywordDelegatingMetaClass.java:49)
	at TC_11_Open_PA_Planning_Account.run(TC_11_Open_PA_Planning_Account:87)
	at com.kms.katalon.core.main.ScriptEngine.run(ScriptEngine.java:194)
	at com.kms.katalon.core.main.ScriptEngine.runScriptAsRawText(ScriptEngine.java:119)
	at com.kms.katalon.core.main.TestCaseExecutor.runScript(TestCaseExecutor.java:321)
	at com.kms.katalon.core.main.TestCaseExecutor.doExecute(TestCaseExecutor.java:312)
	at com.kms.katalon.core.main.TestCaseExecutor.processExecutionPhase(TestCaseExecutor.java:291)
	at com.kms.katalon.core.main.TestCaseExecutor.accessMainPhase(TestCaseExecutor.java:283)
	at com.kms.katalon.core.main.TestCaseExecutor.execute(TestCaseExecutor.java:222)
	at com.kms.katalon.core.main.TestSuiteExecutor.accessTestCaseMainPhase(TestSuiteExecutor.java:129)
	at com.kms.katalon.core.main.TestSuiteExecutor.accessTestSuiteMainPhase(TestSuiteExecutor.java:112)
	at com.kms.katalon.core.main.TestSuiteExecutor.execute(TestSuiteExecutor.java:81)
	at com.kms.katalon.core.main.TestCaseMain.startTestSuite(TestCaseMain.java:149)
	at com.kms.katalon.core.main.TestCaseMain$startTestSuite$0.call(Unknown Source)
	at TempTestSuite1544783619637.run(TempTestSuite1544783619637.groovy:36)
Caused by: java.sql.SQLException: The url cannot be null
	at com.oracledb.regressiontest.verifyPLA(regressiontest.groovy:238)
	at com.oracledb.regressiontest.invokeMethod(regressiontest.groovy)
	at com.kms.katalon.core.main.CustomKeywordDelegatingMetaClass.invokeStaticMethod(CustomKeywordDelegatingMetaClass.java:49)
	at Script1540912045208.run(Script1540912045208.groovy:87)
	... 13 more


2018-12-14 15:37:46 - [MESSAGE][ERROR] - java.sql.SQLException: The url cannot be null

2018-12-14 15:37:46 - [MESSAGE][ERROR] - vrfy_PLA = com.oracledb.regressiontest.verifyPLA(ora_connt, ora_usr, ora_psswrd, ora_schema, input_Planning_Acct_Nm) FAILED.
Reason:
org.codehaus.groovy.runtime.InvokerInvocationException: java.sql.SQLException: The url cannot be null
	at com.oracledb.regressiontest.invokeMethod(regressiontest.groovy)
	at com.kms.katalon.core.main.CustomKeywordDelegatingMetaClass.invokeStaticMethod(CustomKeywordDelegatingMetaClass.java:49)
	at TC_11_Open_PA_Planning_Account.run(TC_11_Open_PA_Planning_Account:87)
	at com.kms.katalon.core.main.ScriptEngine.run(ScriptEngine.java:194)
	at com.kms.katalon.core.main.ScriptEngine.runScriptAsRawText(ScriptEngine.java:119)
	at com.kms.katalon.core.main.TestCaseExecutor.runScript(TestCaseExecutor.java:321)
	at com.kms.katalon.core.main.TestCaseExecutor.doExecute(TestCaseExecutor.java:312)
	at com.kms.katalon.core.main.TestCaseExecutor.processExecutionPhase(TestCaseExecutor.java:291)
	at com.kms.katalon.core.main.TestCaseExecutor.accessMainPhase(TestCaseExecutor.java:283)
	at com.kms.katalon.core.main.TestCaseExecutor.execute(TestCaseExecutor.java:222)
	at com.kms.katalon.core.main.TestSuiteExecutor.accessTestCaseMainPhase(TestSuiteExecutor.java:129)
	at com.kms.katalon.core.main.TestSuiteExecutor.accessTestSuiteMainPhase(TestSuiteExecutor.java:112)
	at com.kms.katalon.core.main.TestSuiteExecutor.execute(TestSuiteExecutor.java:81)
	at com.kms.katalon.core.main.TestCaseMain.startTestSuite(TestCaseMain.java:149)
	at com.kms.katalon.core.main.TestCaseMain$startTestSuite$0.call(Unknown Source)
	at TempTestSuite1544783619637.run(TempTestSuite1544783619637.groovy:36)
Caused by: java.sql.SQLException: The url cannot be null
	at com.oracledb.regressiontest.verifyPLA(regressiontest.groovy:238)
	at com.oracledb.regressiontest.invokeMethod(regressiontest.groovy)
	at com.kms.katalon.core.main.CustomKeywordDelegatingMetaClass.invokeStaticMethod(CustomKeywordDelegatingMetaClass.java:49)
	at Script1540912045208.run(Script1540912045208.groovy:87)
	... 13 more]]></system-out>
         <system-err><![CDATA[2018-12-14 15:37:29 - [TEST_CASE][ERROR] - Test Cases/Regression_TF_Customer/Create_Record/TC_11_Open_PA_Planning_Account: Test Cases/Regression_TF_Customer/Create_Record/TC_11_Open_PA_Planning_Account FAILED.
Reason:
org.codehaus.groovy.runtime.InvokerInvocationException: java.sql.SQLException: The url cannot be null
	at com.oracledb.regressiontest.invokeMethod(regressiontest.groovy)
	at com.kms.katalon.core.main.CustomKeywordDelegatingMetaClass.invokeStaticMethod(CustomKeywordDelegatingMetaClass.java:49)
	at TC_11_Open_PA_Planning_Account.run(TC_11_Open_PA_Planning_Account:87)
	at com.kms.katalon.core.main.ScriptEngine.run(ScriptEngine.java:194)
	at com.kms.katalon.core.main.ScriptEngine.runScriptAsRawText(ScriptEngine.java:119)
	at com.kms.katalon.core.main.TestCaseExecutor.runScript(TestCaseExecutor.java:321)
	at com.kms.katalon.core.main.TestCaseExecutor.doExecute(TestCaseExecutor.java:312)
	at com.kms.katalon.core.main.TestCaseExecutor.processExecutionPhase(TestCaseExecutor.java:291)
	at com.kms.katalon.core.main.TestCaseExecutor.accessMainPhase(TestCaseExecutor.java:283)
	at com.kms.katalon.core.main.TestCaseExecutor.execute(TestCaseExecutor.java:222)
	at com.kms.katalon.core.main.TestSuiteExecutor.accessTestCaseMainPhase(TestSuiteExecutor.java:129)
	at com.kms.katalon.core.main.TestSuiteExecutor.accessTestSuiteMainPhase(TestSuiteExecutor.java:112)
	at com.kms.katalon.core.main.TestSuiteExecutor.execute(TestSuiteExecutor.java:81)
	at com.kms.katalon.core.main.TestCaseMain.startTestSuite(TestCaseMain.java:149)
	at com.kms.katalon.core.main.TestCaseMain$startTestSuite$0.call(Unknown Source)
	at TempTestSuite1544783619637.run(TempTestSuite1544783619637.groovy:36)
Caused by: java.sql.SQLException: The url cannot be null
	at com.oracledb.regressiontest.verifyPLA(regressiontest.groovy:238)
	at com.oracledb.regressiontest.invokeMethod(regressiontest.groovy)
	at com.kms.katalon.core.main.CustomKeywordDelegatingMetaClass.invokeStaticMethod(CustomKeywordDelegatingMetaClass.java:49)
	at Script1540912045208.run(Script1540912045208.groovy:87)
	... 13 more]]></system-err>
      </testcase>
      <testcase name="Test Cases/Regression_TF_Customer/Create_Record/TC_12_Open_PA_Sub_Planning_Account" classname="Test Cases/Regression_TF_Customer/Create_Record/TC_12_Open_PA_Sub_Planning_Account" status="ERROR">
         <error type="ERROR" message="Test Cases/Regression_TF_Customer/Create_Record/TC_12_Open_PA_Sub_Planning_Account FAILED.
Reason:
org.codehaus.groovy.runtime.InvokerInvocationException: java.sql.SQLException: The url cannot be null
	at com.oracledb.regressiontest.invokeMethod(regressiontest.groovy)
	at com.kms.katalon.core.main.CustomKeywordDelegatingMetaClass.invokeStaticMethod(CustomKeywordDelegatingMetaClass.java:49)
	at TC_12_Open_PA_Sub_Planning_Account.run(TC_12_Open_PA_Sub_Planning_Account:82)
	at com.kms.katalon.core.main.ScriptEngine.run(ScriptEngine.java:194)
	at com.kms.katalon.core.main.ScriptEngine.runScriptAsRawText(ScriptEngine.java:119)
	at com.kms.katalon.core.main.TestCaseExecutor.runScript(TestCaseExecutor.java:321)
	at com.kms.katalon.core.main.TestCaseExecutor.doExecute(TestCaseExecutor.java:312)
	at com.kms.katalon.core.main.TestCaseExecutor.processExecutionPhase(TestCaseExecutor.java:291)
	at com.kms.katalon.core.main.TestCaseExecutor.accessMainPhase(TestCaseExecutor.java:283)
	at com.kms.katalon.core.main.TestCaseExecutor.execute(TestCaseExecutor.java:222)
	at com.kms.katalon.core.main.TestSuiteExecutor.accessTestCaseMainPhase(TestSuiteExecutor.java:129)
	at com.kms.katalon.core.main.TestSuiteExecutor.accessTestSuiteMainPhase(TestSuiteExecutor.java:112)
	at com.kms.katalon.core.main.TestSuiteExecutor.execute(TestSuiteExecutor.java:81)
	at com.kms.katalon.core.main.TestCaseMain.startTestSuite(TestCaseMain.java:149)
	at com.kms.katalon.core.main.TestCaseMain$startTestSuite$0.call(Unknown Source)
	at TempTestSuite1544783619637.run(TempTestSuite1544783619637.groovy:36)
Caused by: java.sql.SQLException: The url cannot be null
	at com.oracledb.regressiontest.verifySPLA(regressiontest.groovy:248)
	at com.oracledb.regressiontest.invokeMethod(regressiontest.groovy)
	at com.kms.katalon.core.main.CustomKeywordDelegatingMetaClass.invokeStaticMethod(CustomKeywordDelegatingMetaClass.java:49)
	at Script1540912045211.run(Script1540912045211.groovy:82)
	... 13 more
"/>
         <system-out><![CDATA[2018-12-14 15:37:46 - [TEST_CASE][ERROR] - Test Cases/Regression_TF_Customer/Create_Record/TC_12_Open_PA_Sub_Planning_Account: Test Cases/Regression_TF_Customer/Create_Record/TC_12_Open_PA_Sub_Planning_Account FAILED.
Reason:
org.codehaus.groovy.runtime.InvokerInvocationException: java.sql.SQLException: The url cannot be null
	at com.oracledb.regressiontest.invokeMethod(regressiontest.groovy)
	at com.kms.katalon.core.main.CustomKeywordDelegatingMetaClass.invokeStaticMethod(CustomKeywordDelegatingMetaClass.java:49)
	at TC_12_Open_PA_Sub_Planning_Account.run(TC_12_Open_PA_Sub_Planning_Account:82)
	at com.kms.katalon.core.main.ScriptEngine.run(ScriptEngine.java:194)
	at com.kms.katalon.core.main.ScriptEngine.runScriptAsRawText(ScriptEngine.java:119)
	at com.kms.katalon.core.main.TestCaseExecutor.runScript(TestCaseExecutor.java:321)
	at com.kms.katalon.core.main.TestCaseExecutor.doExecute(TestCaseExecutor.java:312)
	at com.kms.katalon.core.main.TestCaseExecutor.processExecutionPhase(TestCaseExecutor.java:291)
	at com.kms.katalon.core.main.TestCaseExecutor.accessMainPhase(TestCaseExecutor.java:283)
	at com.kms.katalon.core.main.TestCaseExecutor.execute(TestCaseExecutor.java:222)
	at com.kms.katalon.core.main.TestSuiteExecutor.accessTestCaseMainPhase(TestSuiteExecutor.java:129)
	at com.kms.katalon.core.main.TestSuiteExecutor.accessTestSuiteMainPhase(TestSuiteExecutor.java:112)
	at com.kms.katalon.core.main.TestSuiteExecutor.execute(TestSuiteExecutor.java:81)
	at com.kms.katalon.core.main.TestCaseMain.startTestSuite(TestCaseMain.java:149)
	at com.kms.katalon.core.main.TestCaseMain$startTestSuite$0.call(Unknown Source)
	at TempTestSuite1544783619637.run(TempTestSuite1544783619637.groovy:36)
Caused by: java.sql.SQLException: The url cannot be null
	at com.oracledb.regressiontest.verifySPLA(regressiontest.groovy:248)
	at com.oracledb.regressiontest.invokeMethod(regressiontest.groovy)
	at com.kms.katalon.core.main.CustomKeywordDelegatingMetaClass.invokeStaticMethod(CustomKeywordDelegatingMetaClass.java:49)
	at Script1540912045211.run(Script1540912045211.groovy:82)
	... 13 more


2018-12-14 15:37:47 - [TEST_STEP][PASSED] - waitForPageLoad(G_Timeout): Wait for page load successfully

2018-12-14 15:37:47 - [MESSAGE][PASSED] - Wait for page load successfully

2018-12-14 15:37:47 - [TEST_STEP][PASSED] - mouseOver(findTestObject("TF_Customer_Create/1_Menu_Navigation_To_Open_All_Pages/0_Menu_Create_In_Data_View")): Object: 'Object Repository/TF_Customer_Create/1_Menu_Navigation_To_Open_All_Pages/0_Menu_Create_In_Data_View' is hovered

2018-12-14 15:37:47 - [MESSAGE][PASSED] - Object: 'Object Repository/TF_Customer_Create/1_Menu_Navigation_To_Open_All_Pages/0_Menu_Create_In_Data_View' is hovered

2018-12-14 15:37:47 - [TEST_STEP][PASSED] - waitForPageLoad(G_Timeout): Wait for page load successfully

2018-12-14 15:37:47 - [MESSAGE][PASSED] - Wait for page load successfully

2018-12-14 15:37:47 - [TEST_STEP][PASSED] - mouseOver(findTestObject("TF_Customer_Create/1_Menu_Navigation_To_Open_All_Pages/1_Menu_Create_Master_Data")): Object: 'Object Repository/TF_Customer_Create/1_Menu_Navigation_To_Open_All_Pages/1_Menu_Create_Master_Data' is hovered

2018-12-14 15:37:47 - [MESSAGE][PASSED] - Object: 'Object Repository/TF_Customer_Create/1_Menu_Navigation_To_Open_All_Pages/1_Menu_Create_Master_Data' is hovered

2018-12-14 15:37:47 - [TEST_STEP][PASSED] - waitForPageLoad(G_Timeout): Wait for page load successfully

2018-12-14 15:37:47 - [MESSAGE][PASSED] - Wait for page load successfully

2018-12-14 15:37:47 - [TEST_STEP][PASSED] - mouseOver(findTestObject("TF_Customer_Create/1_Menu_Navigation_To_Open_All_Pages/3_Planning_Account_Hoverover_Option")): Object: 'Object Repository/TF_Customer_Create/1_Menu_Navigation_To_Open_All_Pages/3_Planning_Account_Hoverover_Option' is hovered

2018-12-14 15:37:47 - [MESSAGE][PASSED] - Object: 'Object Repository/TF_Customer_Create/1_Menu_Navigation_To_Open_All_Pages/3_Planning_Account_Hoverover_Option' is hovered

2018-12-14 15:37:47 - [TEST_STEP][PASSED] - waitForPageLoad(G_Timeout): Wait for page load successfully

2018-12-14 15:37:47 - [MESSAGE][PASSED] - Wait for page load successfully

2018-12-14 15:37:47 - [TEST_STEP][PASSED] - click(findTestObject("TF_Customer_Create/2_Select_Menu_Options(All)/Planning_Account/2_Menu_Sub Planning Account")): Object: 'Object Repository/TF_Customer_Create/2_Select_Menu_Options(All)/Planning_Account/2_Menu_Sub Planning Account' is clicked on

2018-12-14 15:37:48 - [MESSAGE][PASSED] - Object: 'Object Repository/TF_Customer_Create/2_Select_Menu_Options(All)/Planning_Account/2_Menu_Sub Planning Account' is clicked on

2018-12-14 15:37:48 - [TEST_STEP][PASSED] - waitForPageLoad(G_Timeout): Wait for page load successfully

2018-12-14 15:37:48 - [MESSAGE][PASSED] - Wait for page load successfully

2018-12-14 15:37:48 - [TEST_STEP][PASSED] - delay(3): Delayed 3 second(s)

2018-12-14 15:37:51 - [MESSAGE][PASSED] - Delayed 3 second(s)

2018-12-14 15:37:51 - [TEST_STEP][PASSED] - setText(findTestObject("TF_Customer_Create/4_Create_Objects_And_Save/12_Create_Sub_Planning_Account/Input_Sub_Planning_Account_Name/input_Sub_Planning_Account_Nm"), input_SPlanning_Acct_Nm): Text 'TEST_SPLANNING_ACCT_0011' is set on object 'Object Repository/TF_Customer_Create/4_Create_Objects_And_Save/12_Create_Sub_Planning_Account/Input_Sub_Planning_Account_Name/input_Sub_Planning_Account_Nm'

2018-12-14 15:37:51 - [MESSAGE][PASSED] - Text 'TEST_SPLANNING_ACCT_0011' is set on object 'Object Repository/TF_Customer_Create/4_Create_Objects_And_Save/12_Create_Sub_Planning_Account/Input_Sub_Planning_Account_Name/input_Sub_Planning_Account_Nm'

2018-12-14 15:37:51 - [TEST_STEP][PASSED] - setText(findTestObject("TF_Customer_Create/4_Create_Objects_And_Save/Set_Effective_Dates/input_Effective_Start_Date"), input_Eff_Start_Dt): Text '14/Dec/2018' is set on object 'Object Repository/TF_Customer_Create/4_Create_Objects_And_Save/Set_Effective_Dates/input_Effective_Start_Date'

2018-12-14 15:37:51 - [MESSAGE][PASSED] - Text '14/Dec/2018' is set on object 'Object Repository/TF_Customer_Create/4_Create_Objects_And_Save/Set_Effective_Dates/input_Effective_Start_Date'

2018-12-14 15:37:51 - [TEST_STEP][PASSED] - setText(findTestObject("TF_Customer_Create/4_Create_Objects_And_Save/Set_Effective_Dates/input_Effective_End_Date"), input_Eff_End_Dt): Text '31/Dec/9999' is set on object 'Object Repository/TF_Customer_Create/4_Create_Objects_And_Save/Set_Effective_Dates/input_Effective_End_Date'

2018-12-14 15:37:51 - [MESSAGE][PASSED] - Text '31/Dec/9999' is set on object 'Object Repository/TF_Customer_Create/4_Create_Objects_And_Save/Set_Effective_Dates/input_Effective_End_Date'

2018-12-14 15:37:51 - [TEST_STEP][PASSED] - delay(2): Delayed 2 second(s)

2018-12-14 15:37:53 - [MESSAGE][PASSED] - Delayed 2 second(s)

2018-12-14 15:37:53 - [TEST_STEP][PASSED] - click(findTestObject("TF_Customer_Create/3_Common_Action_Buttons/Click_Data_Tab/span_Data_Tab")): Object: 'Object Repository/TF_Customer_Create/3_Common_Action_Buttons/Click_Data_Tab/span_Data_Tab' is clicked on

2018-12-14 15:37:54 - [MESSAGE][PASSED] - Object: 'Object Repository/TF_Customer_Create/3_Common_Action_Buttons/Click_Data_Tab/span_Data_Tab' is clicked on

2018-12-14 15:37:54 - [TEST_STEP][PASSED] - click(findTestObject("TF_Customer_Create/4_Create_Objects_And_Save/Choose_Sales_Org/Click_Sales_Org_DD"), STOP_ON_FAILURE): Object: 'Object Repository/TF_Customer_Create/4_Create_Objects_And_Save/Choose_Sales_Org/Click_Sales_Org_DD' is clicked on

2018-12-14 15:37:54 - [MESSAGE][PASSED] - Object: 'Object Repository/TF_Customer_Create/4_Create_Objects_And_Save/Choose_Sales_Org/Click_Sales_Org_DD' is clicked on

2018-12-14 15:37:54 - [TEST_STEP][PASSED] - click(findTestObject("TF_Customer_Create/4_Create_Objects_And_Save/Choose_Sales_Org/CA_Object")): Object: 'Object Repository/TF_Customer_Create/4_Create_Objects_And_Save/Choose_Sales_Org/CA_Object' is clicked on

2018-12-14 15:37:54 - [MESSAGE][PASSED] - Object: 'Object Repository/TF_Customer_Create/4_Create_Objects_And_Save/Choose_Sales_Org/CA_Object' is clicked on

2018-12-14 15:37:54 - [TEST_STEP][PASSED] - delay(2): Delayed 2 second(s)

2018-12-14 15:37:56 - [MESSAGE][PASSED] - Delayed 2 second(s)

2018-12-14 15:37:56 - [TEST_STEP][PASSED] - click(findTestObject("TF_Customer_Create/3_Common_Action_Buttons/Click_Apply_Button/td_Apply")): Object: 'Object Repository/TF_Customer_Create/3_Common_Action_Buttons/Click_Apply_Button/td_Apply' is clicked on

2018-12-14 15:37:56 - [MESSAGE][PASSED] - Object: 'Object Repository/TF_Customer_Create/3_Common_Action_Buttons/Click_Apply_Button/td_Apply' is clicked on

2018-12-14 15:37:56 - [TEST_STEP][PASSED] - delay(2): Delayed 2 second(s)

2018-12-14 15:37:58 - [MESSAGE][PASSED] - Delayed 2 second(s)

2018-12-14 15:37:58 - [TEST_STEP][PASSED] - click(findTestObject("TF_Customer_Create/3_Common_Action_Buttons/Click_Save_Button/btn_Save")): Object: 'Object Repository/TF_Customer_Create/3_Common_Action_Buttons/Click_Save_Button/btn_Save' is clicked on

2018-12-14 15:37:58 - [MESSAGE][PASSED] - Object: 'Object Repository/TF_Customer_Create/3_Common_Action_Buttons/Click_Save_Button/btn_Save' is clicked on

2018-12-14 15:37:58 - [TEST_STEP][PASSED] - delay(2): Delayed 2 second(s)

2018-12-14 15:38:00 - [MESSAGE][PASSED] - Delayed 2 second(s)

2018-12-14 15:38:00 - [TEST_STEP][PASSED] - verifyElementText(findTestObject("TF_Customer_Create/3_Common_Action_Buttons/Verify_Success_Message/Success_Message"), "Record has been saved successfully.", CONTINUE_ON_FAILURE): Actual text and expected text of test object 'Object Repository/TF_Customer_Create/3_Common_Action_Buttons/Verify_Success_Message/Success_Message' are matched.

2018-12-14 15:38:01 - [MESSAGE][PASSED] - Actual text and expected text of test object 'Object Repository/TF_Customer_Create/3_Common_Action_Buttons/Verify_Success_Message/Success_Message' are matched.

2018-12-14 15:38:01 - [TEST_STEP][PASSED] - click(findTestObject("TF_Customer_Create/3_Common_Action_Buttons/Click_Data_Tab/span_Data_Tab")): Object: 'Object Repository/TF_Customer_Create/3_Common_Action_Buttons/Click_Data_Tab/span_Data_Tab' is clicked on

2018-12-14 15:38:01 - [MESSAGE][PASSED] - Object: 'Object Repository/TF_Customer_Create/3_Common_Action_Buttons/Click_Data_Tab/span_Data_Tab' is clicked on

2018-12-14 15:38:01 - [TEST_STEP][PASSED] - delay(1): Delayed 1 second(s)

2018-12-14 15:38:02 - [MESSAGE][PASSED] - Delayed 1 second(s)

2018-12-14 15:38:02 - [TEST_STEP][PASSED] - click(findTestObject("TF_Customer_Create/3_Common_Action_Buttons/Click_Close_Button/btn_Close")): Object: 'Object Repository/TF_Customer_Create/3_Common_Action_Buttons/Click_Close_Button/btn_Close' is clicked on

2018-12-14 15:38:02 - [MESSAGE][PASSED] - Object: 'Object Repository/TF_Customer_Create/3_Common_Action_Buttons/Click_Close_Button/btn_Close' is clicked on

2018-12-14 15:38:02 - [TEST_STEP][PASSED] - delay(1): Delayed 1 second(s)

2018-12-14 15:38:03 - [MESSAGE][PASSED] - Delayed 1 second(s)

2018-12-14 15:38:03 - [TEST_STEP][ERROR] - vrfy_SPLA = com.oracledb.regressiontest.verifySPLA(ora_connt, ora_usr, ora_psswrd, ora_schema, input_SPlanning_Acct_Nm): vrfy_SPLA = com.oracledb.regressiontest.verifySPLA(ora_connt, ora_usr, ora_psswrd, ora_schema, input_SPlanning_Acct_Nm) FAILED.
Reason:
org.codehaus.groovy.runtime.InvokerInvocationException: java.sql.SQLException: The url cannot be null
	at com.oracledb.regressiontest.invokeMethod(regressiontest.groovy)
	at com.kms.katalon.core.main.CustomKeywordDelegatingMetaClass.invokeStaticMethod(CustomKeywordDelegatingMetaClass.java:49)
	at TC_12_Open_PA_Sub_Planning_Account.run(TC_12_Open_PA_Sub_Planning_Account:82)
	at com.kms.katalon.core.main.ScriptEngine.run(ScriptEngine.java:194)
	at com.kms.katalon.core.main.ScriptEngine.runScriptAsRawText(ScriptEngine.java:119)
	at com.kms.katalon.core.main.TestCaseExecutor.runScript(TestCaseExecutor.java:321)
	at com.kms.katalon.core.main.TestCaseExecutor.doExecute(TestCaseExecutor.java:312)
	at com.kms.katalon.core.main.TestCaseExecutor.processExecutionPhase(TestCaseExecutor.java:291)
	at com.kms.katalon.core.main.TestCaseExecutor.accessMainPhase(TestCaseExecutor.java:283)
	at com.kms.katalon.core.main.TestCaseExecutor.execute(TestCaseExecutor.java:222)
	at com.kms.katalon.core.main.TestSuiteExecutor.accessTestCaseMainPhase(TestSuiteExecutor.java:129)
	at com.kms.katalon.core.main.TestSuiteExecutor.accessTestSuiteMainPhase(TestSuiteExecutor.java:112)
	at com.kms.katalon.core.main.TestSuiteExecutor.execute(TestSuiteExecutor.java:81)
	at com.kms.katalon.core.main.TestCaseMain.startTestSuite(TestCaseMain.java:149)
	at com.kms.katalon.core.main.TestCaseMain$startTestSuite$0.call(Unknown Source)
	at TempTestSuite1544783619637.run(TempTestSuite1544783619637.groovy:36)
Caused by: java.sql.SQLException: The url cannot be null
	at com.oracledb.regressiontest.verifySPLA(regressiontest.groovy:248)
	at com.oracledb.regressiontest.invokeMethod(regressiontest.groovy)
	at com.kms.katalon.core.main.CustomKeywordDelegatingMetaClass.invokeStaticMethod(CustomKeywordDelegatingMetaClass.java:49)
	at Script1540912045211.run(Script1540912045211.groovy:82)
	... 13 more


2018-12-14 15:38:03 - [MESSAGE][ERROR] - java.sql.SQLException: The url cannot be null

2018-12-14 15:38:03 - [MESSAGE][ERROR] - vrfy_SPLA = com.oracledb.regressiontest.verifySPLA(ora_connt, ora_usr, ora_psswrd, ora_schema, input_SPlanning_Acct_Nm) FAILED.
Reason:
org.codehaus.groovy.runtime.InvokerInvocationException: java.sql.SQLException: The url cannot be null
	at com.oracledb.regressiontest.invokeMethod(regressiontest.groovy)
	at com.kms.katalon.core.main.CustomKeywordDelegatingMetaClass.invokeStaticMethod(CustomKeywordDelegatingMetaClass.java:49)
	at TC_12_Open_PA_Sub_Planning_Account.run(TC_12_Open_PA_Sub_Planning_Account:82)
	at com.kms.katalon.core.main.ScriptEngine.run(ScriptEngine.java:194)
	at com.kms.katalon.core.main.ScriptEngine.runScriptAsRawText(ScriptEngine.java:119)
	at com.kms.katalon.core.main.TestCaseExecutor.runScript(TestCaseExecutor.java:321)
	at com.kms.katalon.core.main.TestCaseExecutor.doExecute(TestCaseExecutor.java:312)
	at com.kms.katalon.core.main.TestCaseExecutor.processExecutionPhase(TestCaseExecutor.java:291)
	at com.kms.katalon.core.main.TestCaseExecutor.accessMainPhase(TestCaseExecutor.java:283)
	at com.kms.katalon.core.main.TestCaseExecutor.execute(TestCaseExecutor.java:222)
	at com.kms.katalon.core.main.TestSuiteExecutor.accessTestCaseMainPhase(TestSuiteExecutor.java:129)
	at com.kms.katalon.core.main.TestSuiteExecutor.accessTestSuiteMainPhase(TestSuiteExecutor.java:112)
	at com.kms.katalon.core.main.TestSuiteExecutor.execute(TestSuiteExecutor.java:81)
	at com.kms.katalon.core.main.TestCaseMain.startTestSuite(TestCaseMain.java:149)
	at com.kms.katalon.core.main.TestCaseMain$startTestSuite$0.call(Unknown Source)
	at TempTestSuite1544783619637.run(TempTestSuite1544783619637.groovy:36)
Caused by: java.sql.SQLException: The url cannot be null
	at com.oracledb.regressiontest.verifySPLA(regressiontest.groovy:248)
	at com.oracledb.regressiontest.invokeMethod(regressiontest.groovy)
	at com.kms.katalon.core.main.CustomKeywordDelegatingMetaClass.invokeStaticMethod(CustomKeywordDelegatingMetaClass.java:49)
	at Script1540912045211.run(Script1540912045211.groovy:82)
	... 13 more]]></system-out>
         <system-err><![CDATA[2018-12-14 15:37:46 - [TEST_CASE][ERROR] - Test Cases/Regression_TF_Customer/Create_Record/TC_12_Open_PA_Sub_Planning_Account: Test Cases/Regression_TF_Customer/Create_Record/TC_12_Open_PA_Sub_Planning_Account FAILED.
Reason:
org.codehaus.groovy.runtime.InvokerInvocationException: java.sql.SQLException: The url cannot be null
	at com.oracledb.regressiontest.invokeMethod(regressiontest.groovy)
	at com.kms.katalon.core.main.CustomKeywordDelegatingMetaClass.invokeStaticMethod(CustomKeywordDelegatingMetaClass.java:49)
	at TC_12_Open_PA_Sub_Planning_Account.run(TC_12_Open_PA_Sub_Planning_Account:82)
	at com.kms.katalon.core.main.ScriptEngine.run(ScriptEngine.java:194)
	at com.kms.katalon.core.main.ScriptEngine.runScriptAsRawText(ScriptEngine.java:119)
	at com.kms.katalon.core.main.TestCaseExecutor.runScript(TestCaseExecutor.java:321)
	at com.kms.katalon.core.main.TestCaseExecutor.doExecute(TestCaseExecutor.java:312)
	at com.kms.katalon.core.main.TestCaseExecutor.processExecutionPhase(TestCaseExecutor.java:291)
	at com.kms.katalon.core.main.TestCaseExecutor.accessMainPhase(TestCaseExecutor.java:283)
	at com.kms.katalon.core.main.TestCaseExecutor.execute(TestCaseExecutor.java:222)
	at com.kms.katalon.core.main.TestSuiteExecutor.accessTestCaseMainPhase(TestSuiteExecutor.java:129)
	at com.kms.katalon.core.main.TestSuiteExecutor.accessTestSuiteMainPhase(TestSuiteExecutor.java:112)
	at com.kms.katalon.core.main.TestSuiteExecutor.execute(TestSuiteExecutor.java:81)
	at com.kms.katalon.core.main.TestCaseMain.startTestSuite(TestCaseMain.java:149)
	at com.kms.katalon.core.main.TestCaseMain$startTestSuite$0.call(Unknown Source)
	at TempTestSuite1544783619637.run(TempTestSuite1544783619637.groovy:36)
Caused by: java.sql.SQLException: The url cannot be null
	at com.oracledb.regressiontest.verifySPLA(regressiontest.groovy:248)
	at com.oracledb.regressiontest.invokeMethod(regressiontest.groovy)
	at com.kms.katalon.core.main.CustomKeywordDelegatingMetaClass.invokeStaticMethod(CustomKeywordDelegatingMetaClass.java:49)
	at Script1540912045211.run(Script1540912045211.groovy:82)
	... 13 more]]></system-err>
      </testcase>
      <testcase name="Test Cases/General_Login_Logout/Logout" classname="Test Cases/General_Login_Logout/Logout" status="FAILED">
         <failure type="FAILED" message="Test Cases/General_Login_Logout/Logout FAILED.
Reason:
com.kms.katalon.core.exception.StepFailedException: Unable to click on object 'Object Repository/Page_ Login/Btn_LogOut_Spy' (Root cause: com.kms.katalon.core.webui.exception.WebElementNotFoundException: Web element with id: 'Object Repository/Page_ Login/Btn_LogOut_Spy' located by 'By.xpath: //td[(text() = 'Log Out' or . = 'Log Out')]' not found)
	at com.kms.katalon.core.keyword.internal.KeywordMain.stepFailed(KeywordMain.groovy:36)
	at com.kms.katalon.core.webui.keyword.internal.WebUIKeywordMain.stepFailed(WebUIKeywordMain.groovy:65)
	at com.kms.katalon.core.webui.keyword.internal.WebUIKeywordMain.runKeyword(WebUIKeywordMain.groovy:27)
	at com.kms.katalon.core.webui.keyword.builtin.ClickKeyword.click(ClickKeyword.groovy:86)
	at com.kms.katalon.core.webui.keyword.builtin.ClickKeyword.execute(ClickKeyword.groovy:67)
	at com.kms.katalon.core.keyword.internal.KeywordExecutor.executeKeywordForPlatform(KeywordExecutor.groovy:53)
	at com.kms.katalon.core.webui.keyword.WebUiBuiltInKeywords.click(WebUiBuiltInKeywords.groovy:616)
	at com.kms.katalon.core.webui.keyword.WebUiBuiltInKeywords$click$4.call(Unknown Source)
	at com.oracledb.regressiontest.LogoutTFCustomer(regressiontest.groovy:124)
	at com.oracledb.regressiontest.invokeMethod(regressiontest.groovy)
	at com.kms.katalon.core.main.CustomKeywordDelegatingMetaClass.invokeStaticMethod(CustomKeywordDelegatingMetaClass.java:49)
	at Logout.run(Logout:16)
	at com.kms.katalon.core.main.ScriptEngine.run(ScriptEngine.java:194)
	at com.kms.katalon.core.main.ScriptEngine.runScriptAsRawText(ScriptEngine.java:119)
	at com.kms.katalon.core.main.TestCaseExecutor.runScript(TestCaseExecutor.java:321)
	at com.kms.katalon.core.main.TestCaseExecutor.doExecute(TestCaseExecutor.java:312)
	at com.kms.katalon.core.main.TestCaseExecutor.processExecutionPhase(TestCaseExecutor.java:291)
	at com.kms.katalon.core.main.TestCaseExecutor.accessMainPhase(TestCaseExecutor.java:283)
	at com.kms.katalon.core.main.TestCaseExecutor.execute(TestCaseExecutor.java:222)
	at com.kms.katalon.core.main.TestSuiteExecutor.accessTestCaseMainPhase(TestSuiteExecutor.java:129)
	at com.kms.katalon.core.main.TestSuiteExecutor.accessTestSuiteMainPhase(TestSuiteExecutor.java:112)
	at com.kms.katalon.core.main.TestSuiteExecutor.execute(TestSuiteExecutor.java:81)
	at com.kms.katalon.core.main.TestCaseMain.startTestSuite(TestCaseMain.java:149)
	at com.kms.katalon.core.main.TestCaseMain$startTestSuite$0.call(Unknown Source)
	at TempTestSuite1544783619637.run(TempTestSuite1544783619637.groovy:36)
"/>
         <system-out><![CDATA[2018-12-14 15:38:03 - [TEST_CASE][FAILED] - Test Cases/General_Login_Logout/Logout: Test Cases/General_Login_Logout/Logout FAILED.
Reason:
com.kms.katalon.core.exception.StepFailedException: Unable to click on object 'Object Repository/Page_ Login/Btn_LogOut_Spy' (Root cause: com.kms.katalon.core.webui.exception.WebElementNotFoundException: Web element with id: 'Object Repository/Page_ Login/Btn_LogOut_Spy' located by 'By.xpath: //td[(text() = 'Log Out' or . = 'Log Out')]' not found)
	at com.kms.katalon.core.keyword.internal.KeywordMain.stepFailed(KeywordMain.groovy:36)
	at com.kms.katalon.core.webui.keyword.internal.WebUIKeywordMain.stepFailed(WebUIKeywordMain.groovy:65)
	at com.kms.katalon.core.webui.keyword.internal.WebUIKeywordMain.runKeyword(WebUIKeywordMain.groovy:27)
	at com.kms.katalon.core.webui.keyword.builtin.ClickKeyword.click(ClickKeyword.groovy:86)
	at com.kms.katalon.core.webui.keyword.builtin.ClickKeyword.execute(ClickKeyword.groovy:67)
	at com.kms.katalon.core.keyword.internal.KeywordExecutor.executeKeywordForPlatform(KeywordExecutor.groovy:53)
	at com.kms.katalon.core.webui.keyword.WebUiBuiltInKeywords.click(WebUiBuiltInKeywords.groovy:616)
	at com.kms.katalon.core.webui.keyword.WebUiBuiltInKeywords$click$4.call(Unknown Source)
	at com.oracledb.regressiontest.LogoutTFCustomer(regressiontest.groovy:124)
	at com.oracledb.regressiontest.invokeMethod(regressiontest.groovy)
	at com.kms.katalon.core.main.CustomKeywordDelegatingMetaClass.invokeStaticMethod(CustomKeywordDelegatingMetaClass.java:49)
	at Logout.run(Logout:16)
	at com.kms.katalon.core.main.ScriptEngine.run(ScriptEngine.java:194)
	at com.kms.katalon.core.main.ScriptEngine.runScriptAsRawText(ScriptEngine.java:119)
	at com.kms.katalon.core.main.TestCaseExecutor.runScript(TestCaseExecutor.java:321)
	at com.kms.katalon.core.main.TestCaseExecutor.doExecute(TestCaseExecutor.java:312)
	at com.kms.katalon.core.main.TestCaseExecutor.processExecutionPhase(TestCaseExecutor.java:291)
	at com.kms.katalon.core.main.TestCaseExecutor.accessMainPhase(TestCaseExecutor.java:283)
	at com.kms.katalon.core.main.TestCaseExecutor.execute(TestCaseExecutor.java:222)
	at com.kms.katalon.core.main.TestSuiteExecutor.accessTestCaseMainPhase(TestSuiteExecutor.java:129)
	at com.kms.katalon.core.main.TestSuiteExecutor.accessTestSuiteMainPhase(TestSuiteExecutor.java:112)
	at com.kms.katalon.core.main.TestSuiteExecutor.execute(TestSuiteExecutor.java:81)
	at com.kms.katalon.core.main.TestCaseMain.startTestSuite(TestCaseMain.java:149)
	at com.kms.katalon.core.main.TestCaseMain$startTestSuite$0.call(Unknown Source)
	at TempTestSuite1544783619637.run(TempTestSuite1544783619637.groovy:36)


2018-12-14 15:38:03 - [TEST_STEP][FAILED] - com.oracledb.regressiontest.LogoutTFCustomer(): com.oracledb.regressiontest.LogoutTFCustomer() FAILED.
Reason:
com.kms.katalon.core.exception.StepFailedException: Unable to click on object 'Object Repository/Page_ Login/Btn_LogOut_Spy' (Root cause: com.kms.katalon.core.webui.exception.WebElementNotFoundException: Web element with id: 'Object Repository/Page_ Login/Btn_LogOut_Spy' located by 'By.xpath: //td[(text() = 'Log Out' or . = 'Log Out')]' not found)
	at com.kms.katalon.core.keyword.internal.KeywordMain.stepFailed(KeywordMain.groovy:36)
	at com.kms.katalon.core.webui.keyword.internal.WebUIKeywordMain.stepFailed(WebUIKeywordMain.groovy:65)
	at com.kms.katalon.core.webui.keyword.internal.WebUIKeywordMain.runKeyword(WebUIKeywordMain.groovy:27)
	at com.kms.katalon.core.webui.keyword.builtin.ClickKeyword.click(ClickKeyword.groovy:86)
	at com.kms.katalon.core.webui.keyword.builtin.ClickKeyword.execute(ClickKeyword.groovy:67)
	at com.kms.katalon.core.keyword.internal.KeywordExecutor.executeKeywordForPlatform(KeywordExecutor.groovy:53)
	at com.kms.katalon.core.webui.keyword.WebUiBuiltInKeywords.click(WebUiBuiltInKeywords.groovy:616)
	at com.kms.katalon.core.webui.keyword.WebUiBuiltInKeywords$click$4.call(Unknown Source)
	at com.oracledb.regressiontest.LogoutTFCustomer(regressiontest.groovy:124)
	at com.oracledb.regressiontest.invokeMethod(regressiontest.groovy)
	at com.kms.katalon.core.main.CustomKeywordDelegatingMetaClass.invokeStaticMethod(CustomKeywordDelegatingMetaClass.java:49)
	at Logout.run(Logout:16)
	at com.kms.katalon.core.main.ScriptEngine.run(ScriptEngine.java:194)
	at com.kms.katalon.core.main.ScriptEngine.runScriptAsRawText(ScriptEngine.java:119)
	at com.kms.katalon.core.main.TestCaseExecutor.runScript(TestCaseExecutor.java:321)
	at com.kms.katalon.core.main.TestCaseExecutor.doExecute(TestCaseExecutor.java:312)
	at com.kms.katalon.core.main.TestCaseExecutor.processExecutionPhase(TestCaseExecutor.java:291)
	at com.kms.katalon.core.main.TestCaseExecutor.accessMainPhase(TestCaseExecutor.java:283)
	at com.kms.katalon.core.main.TestCaseExecutor.execute(TestCaseExecutor.java:222)
	at com.kms.katalon.core.main.TestSuiteExecutor.accessTestCaseMainPhase(TestSuiteExecutor.java:129)
	at com.kms.katalon.core.main.TestSuiteExecutor.accessTestSuiteMainPhase(TestSuiteExecutor.java:112)
	at com.kms.katalon.core.main.TestSuiteExecutor.execute(TestSuiteExecutor.java:81)
	at com.kms.katalon.core.main.TestCaseMain.startTestSuite(TestCaseMain.java:149)
	at com.kms.katalon.core.main.TestCaseMain$startTestSuite$0.call(Unknown Source)
	at TempTestSuite1544783619637.run(TempTestSuite1544783619637.groovy:36)


2018-12-14 15:38:03 - [MESSAGE][WARNING] - Timeout '0' is invalid. Using default page load timeout: '30'

2018-12-14 15:38:03 - [MESSAGE][PASSED] - Object 'Object Repository/Page_ Login/Btn_Logout' is clickable

2018-12-14 15:38:34 - [MESSAGE][INFO] - Unable to find the element located by 'By.xpath: //td[(text() = 'Log Out' or . = 'Log Out')]'. Please recheck the objects properties to make sure the desired element is located. 

2018-12-14 15:38:35 - [MESSAGE][FAILED] - Unable to click on object 'Object Repository/Page_ Login/Btn_LogOut_Spy' (Root cause: com.kms.katalon.core.webui.exception.WebElementNotFoundException: Web element with id: 'Object Repository/Page_ Login/Btn_LogOut_Spy' located by 'By.xpath: //td[(text() = 'Log Out' or . = 'Log Out')]' not found)
[[ATTACHMENT|D:\\Katalon\\Projects\\Trade_Funds\\TF_Regression\\Reports\\1_Regression_Test\\20181214_153339\\1544783914788.png]]

2018-12-14 15:38:35 - [MESSAGE][FAILED] - Unable to click on object 'Object Repository/Page_ Login/Btn_LogOut_Spy' (Root cause: com.kms.katalon.core.webui.exception.WebElementNotFoundException: Web element with id: 'Object Repository/Page_ Login/Btn_LogOut_Spy' located by 'By.xpath: //td[(text() = 'Log Out' or . = 'Log Out')]' not found)

2018-12-14 15:38:35 - [MESSAGE][FAILED] - com.oracledb.regressiontest.LogoutTFCustomer() FAILED.
Reason:
com.kms.katalon.core.exception.StepFailedException: Unable to click on object 'Object Repository/Page_ Login/Btn_LogOut_Spy' (Root cause: com.kms.katalon.core.webui.exception.WebElementNotFoundException: Web element with id: 'Object Repository/Page_ Login/Btn_LogOut_Spy' located by 'By.xpath: //td[(text() = 'Log Out' or . = 'Log Out')]' not found)
	at com.kms.katalon.core.keyword.internal.KeywordMain.stepFailed(KeywordMain.groovy:36)
	at com.kms.katalon.core.webui.keyword.internal.WebUIKeywordMain.stepFailed(WebUIKeywordMain.groovy:65)
	at com.kms.katalon.core.webui.keyword.internal.WebUIKeywordMain.runKeyword(WebUIKeywordMain.groovy:27)
	at com.kms.katalon.core.webui.keyword.builtin.ClickKeyword.click(ClickKeyword.groovy:86)
	at com.kms.katalon.core.webui.keyword.builtin.ClickKeyword.execute(ClickKeyword.groovy:67)
	at com.kms.katalon.core.keyword.internal.KeywordExecutor.executeKeywordForPlatform(KeywordExecutor.groovy:53)
	at com.kms.katalon.core.webui.keyword.WebUiBuiltInKeywords.click(WebUiBuiltInKeywords.groovy:616)
	at com.kms.katalon.core.webui.keyword.WebUiBuiltInKeywords$click$4.call(Unknown Source)
	at com.oracledb.regressiontest.LogoutTFCustomer(regressiontest.groovy:124)
	at com.oracledb.regressiontest.invokeMethod(regressiontest.groovy)
	at com.kms.katalon.core.main.CustomKeywordDelegatingMetaClass.invokeStaticMethod(CustomKeywordDelegatingMetaClass.java:49)
	at Logout.run(Logout:16)
	at com.kms.katalon.core.main.ScriptEngine.run(ScriptEngine.java:194)
	at com.kms.katalon.core.main.ScriptEngine.runScriptAsRawText(ScriptEngine.java:119)
	at com.kms.katalon.core.main.TestCaseExecutor.runScript(TestCaseExecutor.java:321)
	at com.kms.katalon.core.main.TestCaseExecutor.doExecute(TestCaseExecutor.java:312)
	at com.kms.katalon.core.main.TestCaseExecutor.processExecutionPhase(TestCaseExecutor.java:291)
	at com.kms.katalon.core.main.TestCaseExecutor.accessMainPhase(TestCaseExecutor.java:283)
	at com.kms.katalon.core.main.TestCaseExecutor.execute(TestCaseExecutor.java:222)
	at com.kms.katalon.core.main.TestSuiteExecutor.accessTestCaseMainPhase(TestSuiteExecutor.java:129)
	at com.kms.katalon.core.main.TestSuiteExecutor.accessTestSuiteMainPhase(TestSuiteExecutor.java:112)
	at com.kms.katalon.core.main.TestSuiteExecutor.execute(TestSuiteExecutor.java:81)
	at com.kms.katalon.core.main.TestCaseMain.startTestSuite(TestCaseMain.java:149)
	at com.kms.katalon.core.main.TestCaseMain$startTestSuite$0.call(Unknown Source)
	at TempTestSuite1544783619637.run(TempTestSuite1544783619637.groovy:36)]]></system-out>
         <system-err><![CDATA[2018-12-14 15:38:03 - [TEST_CASE][FAILED] - Test Cases/General_Login_Logout/Logout: Test Cases/General_Login_Logout/Logout FAILED.
Reason:
com.kms.katalon.core.exception.StepFailedException: Unable to click on object 'Object Repository/Page_ Login/Btn_LogOut_Spy' (Root cause: com.kms.katalon.core.webui.exception.WebElementNotFoundException: Web element with id: 'Object Repository/Page_ Login/Btn_LogOut_Spy' located by 'By.xpath: //td[(text() = 'Log Out' or . = 'Log Out')]' not found)
	at com.kms.katalon.core.keyword.internal.KeywordMain.stepFailed(KeywordMain.groovy:36)
	at com.kms.katalon.core.webui.keyword.internal.WebUIKeywordMain.stepFailed(WebUIKeywordMain.groovy:65)
	at com.kms.katalon.core.webui.keyword.internal.WebUIKeywordMain.runKeyword(WebUIKeywordMain.groovy:27)
	at com.kms.katalon.core.webui.keyword.builtin.ClickKeyword.click(ClickKeyword.groovy:86)
	at com.kms.katalon.core.webui.keyword.builtin.ClickKeyword.execute(ClickKeyword.groovy:67)
	at com.kms.katalon.core.keyword.internal.KeywordExecutor.executeKeywordForPlatform(KeywordExecutor.groovy:53)
	at com.kms.katalon.core.webui.keyword.WebUiBuiltInKeywords.click(WebUiBuiltInKeywords.groovy:616)
	at com.kms.katalon.core.webui.keyword.WebUiBuiltInKeywords$click$4.call(Unknown Source)
	at com.oracledb.regressiontest.LogoutTFCustomer(regressiontest.groovy:124)
	at com.oracledb.regressiontest.invokeMethod(regressiontest.groovy)
	at com.kms.katalon.core.main.CustomKeywordDelegatingMetaClass.invokeStaticMethod(CustomKeywordDelegatingMetaClass.java:49)
	at Logout.run(Logout:16)
	at com.kms.katalon.core.main.ScriptEngine.run(ScriptEngine.java:194)
	at com.kms.katalon.core.main.ScriptEngine.runScriptAsRawText(ScriptEngine.java:119)
	at com.kms.katalon.core.main.TestCaseExecutor.runScript(TestCaseExecutor.java:321)
	at com.kms.katalon.core.main.TestCaseExecutor.doExecute(TestCaseExecutor.java:312)
	at com.kms.katalon.core.main.TestCaseExecutor.processExecutionPhase(TestCaseExecutor.java:291)
	at com.kms.katalon.core.main.TestCaseExecutor.accessMainPhase(TestCaseExecutor.java:283)
	at com.kms.katalon.core.main.TestCaseExecutor.execute(TestCaseExecutor.java:222)
	at com.kms.katalon.core.main.TestSuiteExecutor.accessTestCaseMainPhase(TestSuiteExecutor.java:129)
	at com.kms.katalon.core.main.TestSuiteExecutor.accessTestSuiteMainPhase(TestSuiteExecutor.java:112)
	at com.kms.katalon.core.main.TestSuiteExecutor.execute(TestSuiteExecutor.java:81)
	at com.kms.katalon.core.main.TestCaseMain.startTestSuite(TestCaseMain.java:149)
	at com.kms.katalon.core.main.TestCaseMain$startTestSuite$0.call(Unknown Source)
	at TempTestSuite1544783619637.run(TempTestSuite1544783619637.groovy:36)]]></system-err>
      </testcase>
      <system-out><![CDATA[2018-12-14 15:33:41 - [TEST_SUITE][FAILED] - 1_Regression_Test: Test Cases/Regression_TF_Customer/Create_Record/TC_1_Create_Banner FAILED.
Reason:
com.kms.katalon.core.exception.StepFailedException: com.kms.katalon.core.webui.exception.WebElementNotFoundException: Web element with id: 'Object Repository/TF_Customer_Create/3_Common_Action_Buttons/Verify_Success_Message/Success_Message' located by 'By.xpath: //*[@class = 'messageDialogContainer']//span[starts-with(@class,'modalNotificationHeader') and contains (text(),'Record has been saved successfully.')]' not found
	at com.kms.katalon.core.keyword.internal.KeywordMain.stepFailed(KeywordMain.groovy:32)
	at com.kms.katalon.core.webui.keyword.internal.WebUIKeywordMain.stepFailed(WebUIKeywordMain.groovy:65)
	at com.kms.katalon.core.webui.keyword.builtin.VerifyElementTextKeyword$_verifyElementText_closure1.doCall(VerifyElementTextKeyword.groovy:64)
	at com.kms.katalon.core.webui.keyword.builtin.VerifyElementTextKeyword$_verifyElementText_closure1.call(VerifyElementTextKeyword.groovy)
	at com.kms.katalon.core.webui.keyword.internal.WebUIKeywordMain.runKeyword(WebUIKeywordMain.groovy:21)
	at com.kms.katalon.core.webui.keyword.builtin.VerifyElementTextKeyword.verifyElementText(VerifyElementTextKeyword.groovy:72)
	at com.kms.katalon.core.webui.keyword.builtin.VerifyElementTextKeyword.execute(VerifyElementTextKeyword.groovy:40)
	at com.kms.katalon.core.keyword.internal.KeywordExecutor.executeKeywordForPlatform(KeywordExecutor.groovy:53)
	at com.kms.katalon.core.webui.keyword.WebUiBuiltInKeywords.verifyElementText(WebUiBuiltInKeywords.groovy:3647)
	at com.kms.katalon.core.webui.keyword.WebUiBuiltInKeywords$verifyElementText$6.call(Unknown Source)
	at TC_1_Create_Banner.run(TC_1_Create_Banner:53)
	at com.kms.katalon.core.main.ScriptEngine.run(ScriptEngine.java:194)
	at com.kms.katalon.core.main.ScriptEngine.runScriptAsRawText(ScriptEngine.java:119)
	at com.kms.katalon.core.main.TestCaseExecutor.runScript(TestCaseExecutor.java:321)
	at com.kms.katalon.core.main.TestCaseExecutor.doExecute(TestCaseExecutor.java:312)
	at com.kms.katalon.core.main.TestCaseExecutor.processExecutionPhase(TestCaseExecutor.java:291)
	at com.kms.katalon.core.main.TestCaseExecutor.accessMainPhase(TestCaseExecutor.java:283)
	at com.kms.katalon.core.main.TestCaseExecutor.execute(TestCaseExecutor.java:222)
	at com.kms.katalon.core.main.TestSuiteExecutor.accessTestCaseMainPhase(TestSuiteExecutor.java:129)
	at com.kms.katalon.core.main.TestSuiteExecutor.accessTestSuiteMainPhase(TestSuiteExecutor.java:112)
	at com.kms.katalon.core.main.TestSuiteExecutor.execute(TestSuiteExecutor.java:81)
	at com.kms.katalon.core.main.TestCaseMain.startTestSuite(TestCaseMain.java:149)
	at com.kms.katalon.core.main.TestCaseMain$startTestSuite$0.call(Unknown Source)
	at TempTestSuite1544783619637.run(TempTestSuite1544783619637.groovy:36)]]></system-out>
      <system-err><![CDATA[2018-12-14 15:33:41 - [TEST_SUITE][FAILED] - 1_Regression_Test: Test Cases/Regression_TF_Customer/Create_Record/TC_1_Create_Banner FAILED.
Reason:
com.kms.katalon.core.exception.StepFailedException: com.kms.katalon.core.webui.exception.WebElementNotFoundException: Web element with id: 'Object Repository/TF_Customer_Create/3_Common_Action_Buttons/Verify_Success_Message/Success_Message' located by 'By.xpath: //*[@class = 'messageDialogContainer']//span[starts-with(@class,'modalNotificationHeader') and contains (text(),'Record has been saved successfully.')]' not found
	at com.kms.katalon.core.keyword.internal.KeywordMain.stepFailed(KeywordMain.groovy:32)
	at com.kms.katalon.core.webui.keyword.internal.WebUIKeywordMain.stepFailed(WebUIKeywordMain.groovy:65)
	at com.kms.katalon.core.webui.keyword.builtin.VerifyElementTextKeyword$_verifyElementText_closure1.doCall(VerifyElementTextKeyword.groovy:64)
	at com.kms.katalon.core.webui.keyword.builtin.VerifyElementTextKeyword$_verifyElementText_closure1.call(VerifyElementTextKeyword.groovy)
	at com.kms.katalon.core.webui.keyword.internal.WebUIKeywordMain.runKeyword(WebUIKeywordMain.groovy:21)
	at com.kms.katalon.core.webui.keyword.builtin.VerifyElementTextKeyword.verifyElementText(VerifyElementTextKeyword.groovy:72)
	at com.kms.katalon.core.webui.keyword.builtin.VerifyElementTextKeyword.execute(VerifyElementTextKeyword.groovy:40)
	at com.kms.katalon.core.keyword.internal.KeywordExecutor.executeKeywordForPlatform(KeywordExecutor.groovy:53)
	at com.kms.katalon.core.webui.keyword.WebUiBuiltInKeywords.verifyElementText(WebUiBuiltInKeywords.groovy:3647)
	at com.kms.katalon.core.webui.keyword.WebUiBuiltInKeywords$verifyElementText$6.call(Unknown Source)
	at TC_1_Create_Banner.run(TC_1_Create_Banner:53)
	at com.kms.katalon.core.main.ScriptEngine.run(ScriptEngine.java:194)
	at com.kms.katalon.core.main.ScriptEngine.runScriptAsRawText(ScriptEngine.java:119)
	at com.kms.katalon.core.main.TestCaseExecutor.runScript(TestCaseExecutor.java:321)
	at com.kms.katalon.core.main.TestCaseExecutor.doExecute(TestCaseExecutor.java:312)
	at com.kms.katalon.core.main.TestCaseExecutor.processExecutionPhase(TestCaseExecutor.java:291)
	at com.kms.katalon.core.main.TestCaseExecutor.accessMainPhase(TestCaseExecutor.java:283)
	at com.kms.katalon.core.main.TestCaseExecutor.execute(TestCaseExecutor.java:222)
	at com.kms.katalon.core.main.TestSuiteExecutor.accessTestCaseMainPhase(TestSuiteExecutor.java:129)
	at com.kms.katalon.core.main.TestSuiteExecutor.accessTestSuiteMainPhase(TestSuiteExecutor.java:112)
	at com.kms.katalon.core.main.TestSuiteExecutor.execute(TestSuiteExecutor.java:81)
	at com.kms.katalon.core.main.TestCaseMain.startTestSuite(TestCaseMain.java:149)
	at com.kms.katalon.core.main.TestCaseMain$startTestSuite$0.call(Unknown Source)
	at TempTestSuite1544783619637.run(TempTestSuite1544783619637.groovy:36)]]></system-err>
   </testsuite>
</testsuites>
